[9.431s] Invoking command in '/home/willi/battle_ws/build/fire_tracker': PYTHONPATH=/home/willi/battle_ws/build/fire_tracker/prefix_override:/usr/lib/python3/dist-packages/colcon_core/task/python/colcon_distutils_commands:/home/willi/battle_ws/install/fire_tracker/lib/python3.10/site-packages:${PYTHONPATH} /usr/bin/python3 -W ignore:setup.py install is deprecated -W ignore:easy_install command is deprecated setup.py develop --editable --build-directory /home/willi/battle_ws/build/fire_tracker/build --no-deps symlink_data
[10.988s] running develop
[12.787s] running egg_info
[12.787s] creating fire_tracker.egg-info
[12.854s] writing fire_tracker.egg-info/PKG-INFO
[12.855s] writing dependency_links to fire_tracker.egg-info/dependency_links.txt
[12.859s] writing entry points to fire_tracker.egg-info/entry_points.txt
[12.864s] writing requirements to fire_tracker.egg-info/requires.txt
[12.868s] writing top-level names to fire_tracker.egg-info/top_level.txt
[12.869s] writing manifest file 'fire_tracker.egg-info/SOURCES.txt'
[12.971s] reading manifest file 'fire_tracker.egg-info/SOURCES.txt'
[12.972s] writing manifest file 'fire_tracker.egg-info/SOURCES.txt'
[13.025s] running build_ext
[13.026s] Creating /home/willi/battle_ws/install/fire_tracker/lib/python3.10/site-packages/fire-tracker.egg-link (link to .)
[13.032s] Installing tracker_node script to /home/willi/battle_ws/install/fire_tracker/lib/fire_tracker
[13.032s] Installing tracker_node_fp3 script to /home/willi/battle_ws/install/fire_tracker/lib/fire_tracker
[13.033s] 
[13.033s] Installed /home/willi/battle_ws/build/fire_tracker
[13.033s] running symlink_data
[13.034s] creating /home/willi/battle_ws/install/fire_tracker/share/ament_index
[13.034s] creating /home/willi/battle_ws/install/fire_tracker/share/ament_index/resource_index
[13.034s] creating /home/willi/battle_ws/install/fire_tracker/share/ament_index/resource_index/packages
[13.037s] symbolically linking /home/willi/battle_ws/build/fire_tracker/resource/fire_tracker -> /home/willi/battle_ws/install/fire_tracker/share/ament_index/resource_index/packages
[13.038s] symbolically linking /home/willi/battle_ws/build/fire_tracker/package.xml -> /home/willi/battle_ws/install/fire_tracker/share/fire_tracker
[13.190s] Invoked command in '/home/willi/battle_ws/build/fire_tracker' returned '0': PYTHONPATH=/home/willi/battle_ws/build/fire_tracker/prefix_override:/usr/lib/python3/dist-packages/colcon_core/task/python/colcon_distutils_commands:/home/willi/battle_ws/install/fire_tracker/lib/python3.10/site-packages:${PYTHONPATH} /usr/bin/python3 -W ignore:setup.py install is deprecated -W ignore:easy_install command is deprecated setup.py develop --editable --build-directory /home/willi/battle_ws/build/fire_tracker/build --no-deps symlink_data
