[3.169s] Invoking command in '/home/willi/battle_ws/build/fire_platform_3': AMENT_PREFIX_PATH=/home/willi/battle_ws/install/battle_interfaces:${AMENT_PREFIX_PATH} CMAKE_PREFIX_PATH=/home/willi/battle_ws/install/battle_interfaces LD_LIBRARY_PATH=/home/willi/battle_ws/install/battle_interfaces/lib:${LD_LIBRARY_PATH} PYTHONPATH=/home/willi/battle_ws/build/fire_platform_3/prefix_override:/home/willi/battle_ws/.ci-test-env/lib/python3.10/site-packages/colcon_core/task/python/colcon_distutils_commands:/home/willi/battle_ws/install/fire_platform_3/lib/python3.10/site-packages:/home/willi/battle_ws/install/battle_interfaces/lib/python3.10/site-packages:${PYTHONPATH} VIRTUAL_ENV_PROMPT=(.ci-test-env) /home/willi/battle_ws/.ci-test-env/bin/python3 -W ignore:setup.py install is deprecated -W ignore:easy_install command is deprecated setup.py develop --editable --build-directory /home/willi/battle_ws/build/fire_platform_3/build --no-deps symlink_data
[4.674s] running develop
[5.243s] running egg_info
[5.244s] creating fire_platform_3.egg-info
[5.245s] writing fire_platform_3.egg-info/PKG-INFO
[5.245s] writing dependency_links to fire_platform_3.egg-info/dependency_links.txt
[5.245s] writing entry points to fire_platform_3.egg-info/entry_points.txt
[5.246s] writing requirements to fire_platform_3.egg-info/requires.txt
[5.246s] writing top-level names to fire_platform_3.egg-info/top_level.txt
[5.246s] writing manifest file 'fire_platform_3.egg-info/SOURCES.txt'
[5.253s] reading manifest file 'fire_platform_3.egg-info/SOURCES.txt'
[5.255s] writing manifest file 'fire_platform_3.egg-info/SOURCES.txt'
[5.262s] running build_ext
[5.262s] Creating /home/willi/battle_ws/install/fire_platform_3/lib/python3.10/site-packages/fire-platform-3.egg-link (link to .)
[5.265s] Installing fire_node_3 script to /home/willi/battle_ws/install/fire_platform_3/lib/fire_platform_3
[5.267s] 
[5.267s] Installed /home/willi/battle_ws/build/fire_platform_3
[5.267s] running symlink_data
[5.268s] creating /home/willi/battle_ws/install/fire_platform_3/share/ament_index
[5.268s] creating /home/willi/battle_ws/install/fire_platform_3/share/ament_index/resource_index
[5.268s] creating /home/willi/battle_ws/install/fire_platform_3/share/ament_index/resource_index/packages
[5.272s] symbolically linking /home/willi/battle_ws/build/fire_platform_3/resource/fire_platform_3 -> /home/willi/battle_ws/install/fire_platform_3/share/ament_index/resource_index/packages
[5.272s] symbolically linking /home/willi/battle_ws/build/fire_platform_3/package.xml -> /home/willi/battle_ws/install/fire_platform_3/share/fire_platform_3
[5.401s] Invoked command in '/home/willi/battle_ws/build/fire_platform_3' returned '0': AMENT_PREFIX_PATH=/home/willi/battle_ws/install/battle_interfaces:${AMENT_PREFIX_PATH} CMAKE_PREFIX_PATH=/home/willi/battle_ws/install/battle_interfaces LD_LIBRARY_PATH=/home/willi/battle_ws/install/battle_interfaces/lib:${LD_LIBRARY_PATH} PYTHONPATH=/home/willi/battle_ws/build/fire_platform_3/prefix_override:/home/willi/battle_ws/.ci-test-env/lib/python3.10/site-packages/colcon_core/task/python/colcon_distutils_commands:/home/willi/battle_ws/install/fire_platform_3/lib/python3.10/site-packages:/home/willi/battle_ws/install/battle_interfaces/lib/python3.10/site-packages:${PYTHONPATH} VIRTUAL_ENV_PROMPT=(.ci-test-env) /home/willi/battle_ws/.ci-test-env/bin/python3 -W ignore:setup.py install is deprecated -W ignore:easy_install command is deprecated setup.py develop --editable --build-directory /home/willi/battle_ws/build/fire_platform_3/build --no-deps symlink_data
