-- The C compiler identification is GNU 11.4.0
-- The CXX compiler identification is GNU 11.4.0
-- Detecting C compiler ABI info
-- Detecting C compiler ABI info - done
-- Check for working C compiler: /usr/bin/cc - skipped
-- Detecting C compile features
-- Detecting C compile features - done
-- Detecting CXX compiler ABI info
-- Detecting CXX compiler ABI info - done
-- Check for working CXX compiler: /usr/bin/c++ - skipped
-- Detecting CXX compile features
-- Detecting CXX compile features - done
-- Found ament_cmake: 1.3.11 (/opt/ros/humble/share/ament_cmake/cmake)
-- Found Python3: /usr/bin/python3 (found version "3.10.12") found components: Interpreter 
-- Found rosidl_default_generators: 1.2.0 (/opt/ros/humble/share/rosidl_default_generators/cmake)
-- Using all available rosidl_typesupport_c: rosidl_typesupport_fastrtps_c;rosidl_typesupport_introspection_c
-- Found rosidl_adapter: 3.1.6 (/opt/ros/humble/share/rosidl_adapter/cmake)
-- Using all available rosidl_typesupport_cpp: rosidl_typesupport_fastrtps_cpp;rosidl_typesupport_introspection_cpp
-- Found std_msgs: 4.8.0 (/opt/ros/humble/share/std_msgs/cmake)
-- Found ament_cmake_ros: 0.10.0 (/opt/ros/humble/share/ament_cmake_ros/cmake)
-- Using all available rosidl_typesupport_c: rosidl_typesupport_fastrtps_c;rosidl_typesupport_introspection_c
-- Using all available rosidl_typesupport_cpp: rosidl_typesupport_fastrtps_cpp;rosidl_typesupport_introspection_cpp
-- Found PythonInterp: /usr/bin/python3 (found suitable version "3.10.12", minimum required is "3.6") 
-- Found python_cmake_module: 0.10.0 (/opt/ros/humble/share/python_cmake_module/cmake)
-- Found PythonLibs: /usr/lib/x86_64-linux-gnu/libpython3.10.so (found suitable version "3.10.12", minimum required is "3.5") 
-- Using PYTHON_EXECUTABLE: /usr/bin/python3
-- Using PYTHON_INCLUDE_DIRS: /usr/include/python3.10
-- Using PYTHON_LIBRARIES: /usr/lib/x86_64-linux-gnu/libpython3.10.so
-- Found PythonExtra: .so  
-- Found ament_lint_auto: 0.12.12 (/opt/ros/humble/share/ament_lint_auto/cmake)
-- Added test 'copyright' to check source files copyright and LICENSE
-- Added test 'flake8' to check Python code syntax and style conventions
-- Added test 'lint_cmake' to check CMake code style
-- Added test 'pep257' to check Python code against some of the docstring style conventions in PEP 257
-- Added test 'xmllint' to check XML markup files
-- Configuring done
-- Generating done
-- Build files have been written to: /home/willi/battle_ws/build/battle_interfaces
[  1%] [34m[1mGenerating C code for ROS interfaces[0m
[  3%] [34m[1mGenerating C++ code for ROS interfaces[0m
[  3%] Built target ament_cmake_python_copy_battle_interfaces
running egg_info
creating battle_interfaces.egg-info
writing battle_interfaces.egg-info/PKG-INFO
writing dependency_links to battle_interfaces.egg-info/dependency_links.txt
writing top-level names to battle_interfaces.egg-info/top_level.txt
writing manifest file 'battle_interfaces.egg-info/SOURCES.txt'
reading manifest file 'battle_interfaces.egg-info/SOURCES.txt'
writing manifest file 'battle_interfaces.egg-info/SOURCES.txt'
[  3%] Built target ament_cmake_python_build_battle_interfaces_egg
[  5%] [32mBuilding C object CMakeFiles/battle_interfaces__rosidl_generator_c.dir/rosidl_generator_c/battle_interfaces/msg/detail/target__functions.c.o[0m
[  7%] [32mBuilding C object CMakeFiles/battle_interfaces__rosidl_generator_c.dir/rosidl_generator_c/battle_interfaces/msg/detail/target_array__functions.c.o[0m
[  7%] Built target battle_interfaces__cpp
[  9%] [32mBuilding C object CMakeFiles/battle_interfaces__rosidl_generator_c.dir/rosidl_generator_c/battle_interfaces/msg/detail/aim_vector__functions.c.o[0m
[ 10%] [34m[1mGenerating C++ type support dispatch for ROS interfaces[0m
[ 12%] [32mBuilding C object CMakeFiles/battle_interfaces__rosidl_generator_c.dir/rosidl_generator_c/battle_interfaces/srv/detail/pointing__functions.c.o[0m
[ 14%] [34m[1mGenerating C++ type support for eProsima Fast-RTPS[0m
[ 16%] [34m[1mGenerating C++ introspection for ROS interfaces[0m
[ 18%] [32m[1mLinking C shared library libbattle_interfaces__rosidl_generator_c.so[0m
[ 18%] Built target battle_interfaces__rosidl_generator_c
[ 20%] [34m[1mGenerating C type support for eProsima Fast-RTPS[0m
[ 21%] [32mBuilding CXX object CMakeFiles/battle_interfaces__rosidl_typesupport_cpp.dir/rosidl_typesupport_cpp/battle_interfaces/msg/target__type_support.cpp.o[0m
[ 23%] [32mBuilding CXX object CMakeFiles/battle_interfaces__rosidl_typesupport_introspection_cpp.dir/rosidl_typesupport_introspection_cpp/battle_interfaces/msg/detail/target__type_support.cpp.o[0m
[ 25%] [32mBuilding CXX object CMakeFiles/battle_interfaces__rosidl_typesupport_fastrtps_cpp.dir/rosidl_typesupport_fastrtps_cpp/battle_interfaces/msg/detail/dds_fastrtps/target__type_support.cpp.o[0m
[ 27%] [32mBuilding CXX object CMakeFiles/battle_interfaces__rosidl_typesupport_fastrtps_c.dir/rosidl_typesupport_fastrtps_c/battle_interfaces/msg/detail/target__type_support_c.cpp.o[0m
[ 29%] [32mBuilding CXX object CMakeFiles/battle_interfaces__rosidl_typesupport_cpp.dir/rosidl_typesupport_cpp/battle_interfaces/msg/target_array__type_support.cpp.o[0m
[ 30%] [32mBuilding CXX object CMakeFiles/battle_interfaces__rosidl_typesupport_introspection_cpp.dir/rosidl_typesupport_introspection_cpp/battle_interfaces/msg/detail/target_array__type_support.cpp.o[0m
[ 32%] [32mBuilding CXX object CMakeFiles/battle_interfaces__rosidl_typesupport_fastrtps_cpp.dir/rosidl_typesupport_fastrtps_cpp/battle_interfaces/msg/detail/dds_fastrtps/target_array__type_support.cpp.o[0m
[ 34%] [32mBuilding CXX object CMakeFiles/battle_interfaces__rosidl_typesupport_cpp.dir/rosidl_typesupport_cpp/battle_interfaces/msg/aim_vector__type_support.cpp.o[0m
[ 36%] [32mBuilding CXX object CMakeFiles/battle_interfaces__rosidl_typesupport_fastrtps_c.dir/rosidl_typesupport_fastrtps_c/battle_interfaces/msg/detail/target_array__type_support_c.cpp.o[0m
[ 38%] [32mBuilding CXX object CMakeFiles/battle_interfaces__rosidl_typesupport_cpp.dir/rosidl_typesupport_cpp/battle_interfaces/srv/pointing__type_support.cpp.o[0m
[ 40%] [32mBuilding CXX object CMakeFiles/battle_interfaces__rosidl_typesupport_introspection_cpp.dir/rosidl_typesupport_introspection_cpp/battle_interfaces/msg/detail/aim_vector__type_support.cpp.o[0m
[ 41%] [32mBuilding CXX object CMakeFiles/battle_interfaces__rosidl_typesupport_fastrtps_cpp.dir/rosidl_typesupport_fastrtps_cpp/battle_interfaces/msg/detail/dds_fastrtps/aim_vector__type_support.cpp.o[0m
[ 43%] [32mBuilding CXX object CMakeFiles/battle_interfaces__rosidl_typesupport_fastrtps_c.dir/rosidl_typesupport_fastrtps_c/battle_interfaces/msg/detail/aim_vector__type_support_c.cpp.o[0m
[ 45%] [32m[1mLinking CXX shared library libbattle_interfaces__rosidl_typesupport_cpp.so[0m
[ 45%] Built target battle_interfaces__rosidl_typesupport_cpp
[ 47%] [32mBuilding CXX object CMakeFiles/battle_interfaces__rosidl_typesupport_fastrtps_cpp.dir/rosidl_typesupport_fastrtps_cpp/battle_interfaces/srv/detail/dds_fastrtps/pointing__type_support.cpp.o[0m
[ 49%] [32mBuilding CXX object CMakeFiles/battle_interfaces__rosidl_typesupport_introspection_cpp.dir/rosidl_typesupport_introspection_cpp/battle_interfaces/srv/detail/pointing__type_support.cpp.o[0m
[ 50%] [32mBuilding CXX object CMakeFiles/battle_interfaces__rosidl_typesupport_fastrtps_c.dir/rosidl_typesupport_fastrtps_c/battle_interfaces/srv/detail/pointing__type_support_c.cpp.o[0m
[ 52%] [34m[1mGenerating C introspection for ROS interfaces[0m
[ 54%] [32m[1mLinking CXX shared library libbattle_interfaces__rosidl_typesupport_fastrtps_cpp.so[0m
[ 54%] Built target battle_interfaces__rosidl_typesupport_fastrtps_cpp
[ 56%] [34m[1mGenerating C type support dispatch for ROS interfaces[0m
[ 58%] [32m[1mLinking CXX shared library libbattle_interfaces__rosidl_typesupport_introspection_cpp.so[0m
[ 58%] Built target battle_interfaces__rosidl_typesupport_introspection_cpp
[ 60%] [32m[1mLinking CXX shared library libbattle_interfaces__rosidl_typesupport_fastrtps_c.so[0m
[ 60%] Built target battle_interfaces__rosidl_typesupport_fastrtps_c
[ 63%] [32mBuilding C object CMakeFiles/battle_interfaces__rosidl_typesupport_introspection_c.dir/rosidl_typesupport_introspection_c/battle_interfaces/msg/detail/target__type_support.c.o[0m
[ 63%] [32mBuilding C object CMakeFiles/battle_interfaces__rosidl_typesupport_introspection_c.dir/rosidl_typesupport_introspection_c/battle_interfaces/msg/detail/aim_vector__type_support.c.o[0m
[ 65%] [32mBuilding C object CMakeFiles/battle_interfaces__rosidl_typesupport_introspection_c.dir/rosidl_typesupport_introspection_c/battle_interfaces/msg/detail/target_array__type_support.c.o[0m
[ 67%] [32mBuilding C object CMakeFiles/battle_interfaces__rosidl_typesupport_introspection_c.dir/rosidl_typesupport_introspection_c/battle_interfaces/srv/detail/pointing__type_support.c.o[0m
[ 69%] [32m[1mLinking C shared library libbattle_interfaces__rosidl_typesupport_introspection_c.so[0m
[ 69%] Built target battle_interfaces__rosidl_typesupport_introspection_c
[ 74%] [32mBuilding CXX object CMakeFiles/battle_interfaces__rosidl_typesupport_c.dir/rosidl_typesupport_c/battle_interfaces/msg/target_array__type_support.cpp.o[0m
[ 74%] [32mBuilding CXX object CMakeFiles/battle_interfaces__rosidl_typesupport_c.dir/rosidl_typesupport_c/battle_interfaces/srv/pointing__type_support.cpp.o[0m
[ 74%] [32mBuilding CXX object CMakeFiles/battle_interfaces__rosidl_typesupport_c.dir/rosidl_typesupport_c/battle_interfaces/msg/target__type_support.cpp.o[0m
[ 76%] [32mBuilding CXX object CMakeFiles/battle_interfaces__rosidl_typesupport_c.dir/rosidl_typesupport_c/battle_interfaces/msg/aim_vector__type_support.cpp.o[0m
[ 78%] [32m[1mLinking CXX shared library libbattle_interfaces__rosidl_typesupport_c.so[0m
[ 78%] Built target battle_interfaces__rosidl_typesupport_c
[ 78%] Built target battle_interfaces
[ 80%] [34m[1mGenerating Python code for ROS interfaces[0m
[ 80%] Built target battle_interfaces__py
[ 83%] [32mBuilding C object CMakeFiles/battle_interfaces__rosidl_generator_py.dir/rosidl_generator_py/battle_interfaces/msg/_target_array_s.c.o[0m
[ 83%] [32mBuilding C object CMakeFiles/battle_interfaces__rosidl_generator_py.dir/rosidl_generator_py/battle_interfaces/msg/_target_s.c.o[0m
[ 85%] [32mBuilding C object CMakeFiles/battle_interfaces__rosidl_generator_py.dir/rosidl_generator_py/battle_interfaces/srv/_pointing_s.c.o[0m
[ 87%] [32mBuilding C object CMakeFiles/battle_interfaces__rosidl_generator_py.dir/rosidl_generator_py/battle_interfaces/msg/_aim_vector_s.c.o[0m
[ 89%] [32m[1mLinking C shared library rosidl_generator_py/battle_interfaces/libbattle_interfaces__rosidl_generator_py.so[0m
[ 89%] Built target battle_interfaces__rosidl_generator_py
[ 90%] [32mBuilding C object CMakeFiles/battle_interfaces__rosidl_typesupport_fastrtps_c__pyext.dir/rosidl_generator_py/battle_interfaces/_battle_interfaces_s.ep.rosidl_typesupport_fastrtps_c.c.o[0m
[ 94%] [32mBuilding C object CMakeFiles/battle_interfaces__rosidl_typesupport_introspection_c__pyext.dir/rosidl_generator_py/battle_interfaces/_battle_interfaces_s.ep.rosidl_typesupport_introspection_c.c.o[0m
[ 94%] [32mBuilding C object CMakeFiles/battle_interfaces__rosidl_typesupport_c__pyext.dir/rosidl_generator_py/battle_interfaces/_battle_interfaces_s.ep.rosidl_typesupport_c.c.o[0m
[ 96%] [32m[1mLinking C shared library rosidl_generator_py/battle_interfaces/battle_interfaces_s__rosidl_typesupport_c.cpython-310-x86_64-linux-gnu.so[0m
[ 96%] Built target battle_interfaces__rosidl_typesupport_c__pyext
[ 98%] [32m[1mLinking C shared library rosidl_generator_py/battle_interfaces/battle_interfaces_s__rosidl_typesupport_introspection_c.cpython-310-x86_64-linux-gnu.so[0m
[100%] [32m[1mLinking C shared library rosidl_generator_py/battle_interfaces/battle_interfaces_s__rosidl_typesupport_fastrtps_c.cpython-310-x86_64-linux-gnu.so[0m
[100%] Built target battle_interfaces__rosidl_typesupport_introspection_c__pyext
[100%] Built target battle_interfaces__rosidl_typesupport_fastrtps_c__pyext
-- Install configuration: ""
-- Installing: /home/willi/battle_ws/install/battle_interfaces/share/ament_index/resource_index/rosidl_interfaces/battle_interfaces
-- Installing: /home/willi/battle_ws/install/battle_interfaces/include/battle_interfaces/battle_interfaces
-- Installing: /home/willi/battle_ws/install/battle_interfaces/include/battle_interfaces/battle_interfaces/srv
-- Installing: /home/willi/battle_ws/install/battle_interfaces/include/battle_interfaces/battle_interfaces/srv/detail
-- Installing: /home/willi/battle_ws/install/battle_interfaces/include/battle_interfaces/battle_interfaces/srv/detail/pointing__type_support.h
-- Installing: /home/willi/battle_ws/install/battle_interfaces/include/battle_interfaces/battle_interfaces/srv/detail/pointing__struct.h
-- Installing: /home/willi/battle_ws/install/battle_interfaces/include/battle_interfaces/battle_interfaces/srv/detail/pointing__functions.h
-- Installing: /home/willi/battle_ws/install/battle_interfaces/include/battle_interfaces/battle_interfaces/srv/detail/pointing__functions.c
-- Installing: /home/willi/battle_ws/install/battle_interfaces/include/battle_interfaces/battle_interfaces/srv/pointing.h
-- Installing: /home/willi/battle_ws/install/battle_interfaces/include/battle_interfaces/battle_interfaces/msg
-- Installing: /home/willi/battle_ws/install/battle_interfaces/include/battle_interfaces/battle_interfaces/msg/aim_vector.h
-- Installing: /home/willi/battle_ws/install/battle_interfaces/include/battle_interfaces/battle_interfaces/msg/target_array.h
-- Installing: /home/willi/battle_ws/install/battle_interfaces/include/battle_interfaces/battle_interfaces/msg/rosidl_generator_c__visibility_control.h
-- Installing: /home/willi/battle_ws/install/battle_interfaces/include/battle_interfaces/battle_interfaces/msg/detail
-- Installing: /home/willi/battle_ws/install/battle_interfaces/include/battle_interfaces/battle_interfaces/msg/detail/target_array__functions.h
-- Installing: /home/willi/battle_ws/install/battle_interfaces/include/battle_interfaces/battle_interfaces/msg/detail/target_array__type_support.h
-- Installing: /home/willi/battle_ws/install/battle_interfaces/include/battle_interfaces/battle_interfaces/msg/detail/target__functions.h
-- Installing: /home/willi/battle_ws/install/battle_interfaces/include/battle_interfaces/battle_interfaces/msg/detail/target_array__functions.c
-- Installing: /home/willi/battle_ws/install/battle_interfaces/include/battle_interfaces/battle_interfaces/msg/detail/aim_vector__type_support.h
-- Installing: /home/willi/battle_ws/install/battle_interfaces/include/battle_interfaces/battle_interfaces/msg/detail/aim_vector__functions.h
-- Installing: /home/willi/battle_ws/install/battle_interfaces/include/battle_interfaces/battle_interfaces/msg/detail/aim_vector__struct.h
-- Installing: /home/willi/battle_ws/install/battle_interfaces/include/battle_interfaces/battle_interfaces/msg/detail/target__struct.h
-- Installing: /home/willi/battle_ws/install/battle_interfaces/include/battle_interfaces/battle_interfaces/msg/detail/target__type_support.h
-- Installing: /home/willi/battle_ws/install/battle_interfaces/include/battle_interfaces/battle_interfaces/msg/detail/target_array__struct.h
-- Installing: /home/willi/battle_ws/install/battle_interfaces/include/battle_interfaces/battle_interfaces/msg/detail/target__functions.c
-- Installing: /home/willi/battle_ws/install/battle_interfaces/include/battle_interfaces/battle_interfaces/msg/detail/aim_vector__functions.c
-- Installing: /home/willi/battle_ws/install/battle_interfaces/include/battle_interfaces/battle_interfaces/msg/target.h
-- Installing: /home/willi/battle_ws/install/battle_interfaces/share/battle_interfaces/environment/library_path.sh
-- Installing: /home/willi/battle_ws/install/battle_interfaces/share/battle_interfaces/environment/library_path.dsv
-- Installing: /home/willi/battle_ws/install/battle_interfaces/lib/libbattle_interfaces__rosidl_generator_c.so
-- Set runtime path of "/home/willi/battle_ws/install/battle_interfaces/lib/libbattle_interfaces__rosidl_generator_c.so" to ""
-- Up-to-date: /home/willi/battle_ws/install/battle_interfaces/include/battle_interfaces/battle_interfaces
-- Up-to-date: /home/willi/battle_ws/install/battle_interfaces/include/battle_interfaces/battle_interfaces/srv
-- Up-to-date: /home/willi/battle_ws/install/battle_interfaces/include/battle_interfaces/battle_interfaces/srv/detail
-- Installing: /home/willi/battle_ws/install/battle_interfaces/include/battle_interfaces/battle_interfaces/srv/detail/pointing__rosidl_typesupport_fastrtps_c.h
-- Up-to-date: /home/willi/battle_ws/install/battle_interfaces/include/battle_interfaces/battle_interfaces/msg
-- Installing: /home/willi/battle_ws/install/battle_interfaces/include/battle_interfaces/battle_interfaces/msg/rosidl_typesupport_fastrtps_c__visibility_control.h
-- Up-to-date: /home/willi/battle_ws/install/battle_interfaces/include/battle_interfaces/battle_interfaces/msg/detail
-- Installing: /home/willi/battle_ws/install/battle_interfaces/include/battle_interfaces/battle_interfaces/msg/detail/target_array__rosidl_typesupport_fastrtps_c.h
-- Installing: /home/willi/battle_ws/install/battle_interfaces/include/battle_interfaces/battle_interfaces/msg/detail/aim_vector__rosidl_typesupport_fastrtps_c.h
-- Installing: /home/willi/battle_ws/install/battle_interfaces/include/battle_interfaces/battle_interfaces/msg/detail/target__rosidl_typesupport_fastrtps_c.h
-- Installing: /home/willi/battle_ws/install/battle_interfaces/lib/libbattle_interfaces__rosidl_typesupport_fastrtps_c.so
-- Set runtime path of "/home/willi/battle_ws/install/battle_interfaces/lib/libbattle_interfaces__rosidl_typesupport_fastrtps_c.so" to ""
-- Up-to-date: /home/willi/battle_ws/install/battle_interfaces/include/battle_interfaces/battle_interfaces
-- Up-to-date: /home/willi/battle_ws/install/battle_interfaces/include/battle_interfaces/battle_interfaces/srv
-- Up-to-date: /home/willi/battle_ws/install/battle_interfaces/include/battle_interfaces/battle_interfaces/srv/detail
-- Installing: /home/willi/battle_ws/install/battle_interfaces/include/battle_interfaces/battle_interfaces/srv/detail/pointing__type_support.c
-- Installing: /home/willi/battle_ws/install/battle_interfaces/include/battle_interfaces/battle_interfaces/srv/detail/pointing__rosidl_typesupport_introspection_c.h
-- Up-to-date: /home/willi/battle_ws/install/battle_interfaces/include/battle_interfaces/battle_interfaces/msg
-- Up-to-date: /home/willi/battle_ws/install/battle_interfaces/include/battle_interfaces/battle_interfaces/msg/detail
-- Installing: /home/willi/battle_ws/install/battle_interfaces/include/battle_interfaces/battle_interfaces/msg/detail/target_array__type_support.c
-- Installing: /home/willi/battle_ws/install/battle_interfaces/include/battle_interfaces/battle_interfaces/msg/detail/aim_vector__type_support.c
-- Installing: /home/willi/battle_ws/install/battle_interfaces/include/battle_interfaces/battle_interfaces/msg/detail/aim_vector__rosidl_typesupport_introspection_c.h
-- Installing: /home/willi/battle_ws/install/battle_interfaces/include/battle_interfaces/battle_interfaces/msg/detail/target_array__rosidl_typesupport_introspection_c.h
-- Installing: /home/willi/battle_ws/install/battle_interfaces/include/battle_interfaces/battle_interfaces/msg/detail/target__type_support.c
-- Installing: /home/willi/battle_ws/install/battle_interfaces/include/battle_interfaces/battle_interfaces/msg/detail/target__rosidl_typesupport_introspection_c.h
-- Installing: /home/willi/battle_ws/install/battle_interfaces/include/battle_interfaces/battle_interfaces/msg/rosidl_typesupport_introspection_c__visibility_control.h
-- Installing: /home/willi/battle_ws/install/battle_interfaces/lib/libbattle_interfaces__rosidl_typesupport_introspection_c.so
-- Set runtime path of "/home/willi/battle_ws/install/battle_interfaces/lib/libbattle_interfaces__rosidl_typesupport_introspection_c.so" to ""
-- Installing: /home/willi/battle_ws/install/battle_interfaces/lib/libbattle_interfaces__rosidl_typesupport_c.so
-- Set runtime path of "/home/willi/battle_ws/install/battle_interfaces/lib/libbattle_interfaces__rosidl_typesupport_c.so" to ""
-- Up-to-date: /home/willi/battle_ws/install/battle_interfaces/include/battle_interfaces/battle_interfaces
-- Up-to-date: /home/willi/battle_ws/install/battle_interfaces/include/battle_interfaces/battle_interfaces/srv
-- Up-to-date: /home/willi/battle_ws/install/battle_interfaces/include/battle_interfaces/battle_interfaces/srv/detail
-- Installing: /home/willi/battle_ws/install/battle_interfaces/include/battle_interfaces/battle_interfaces/srv/detail/pointing__builder.hpp
-- Installing: /home/willi/battle_ws/install/battle_interfaces/include/battle_interfaces/battle_interfaces/srv/detail/pointing__type_support.hpp
-- Installing: /home/willi/battle_ws/install/battle_interfaces/include/battle_interfaces/battle_interfaces/srv/detail/pointing__traits.hpp
-- Installing: /home/willi/battle_ws/install/battle_interfaces/include/battle_interfaces/battle_interfaces/srv/detail/pointing__struct.hpp
-- Installing: /home/willi/battle_ws/install/battle_interfaces/include/battle_interfaces/battle_interfaces/srv/pointing.hpp
-- Up-to-date: /home/willi/battle_ws/install/battle_interfaces/include/battle_interfaces/battle_interfaces/msg
-- Installing: /home/willi/battle_ws/install/battle_interfaces/include/battle_interfaces/battle_interfaces/msg/target_array.hpp
-- Installing: /home/willi/battle_ws/install/battle_interfaces/include/battle_interfaces/battle_interfaces/msg/aim_vector.hpp
-- Up-to-date: /home/willi/battle_ws/install/battle_interfaces/include/battle_interfaces/battle_interfaces/msg/detail
-- Installing: /home/willi/battle_ws/install/battle_interfaces/include/battle_interfaces/battle_interfaces/msg/detail/target_array__traits.hpp
-- Installing: /home/willi/battle_ws/install/battle_interfaces/include/battle_interfaces/battle_interfaces/msg/detail/target_array__type_support.hpp
-- Installing: /home/willi/battle_ws/install/battle_interfaces/include/battle_interfaces/battle_interfaces/msg/detail/aim_vector__type_support.hpp
-- Installing: /home/willi/battle_ws/install/battle_interfaces/include/battle_interfaces/battle_interfaces/msg/detail/target__struct.hpp
-- Installing: /home/willi/battle_ws/install/battle_interfaces/include/battle_interfaces/battle_interfaces/msg/detail/target_array__builder.hpp
-- Installing: /home/willi/battle_ws/install/battle_interfaces/include/battle_interfaces/battle_interfaces/msg/detail/aim_vector__builder.hpp
-- Installing: /home/willi/battle_ws/install/battle_interfaces/include/battle_interfaces/battle_interfaces/msg/detail/target_array__struct.hpp
-- Installing: /home/willi/battle_ws/install/battle_interfaces/include/battle_interfaces/battle_interfaces/msg/detail/aim_vector__struct.hpp
-- Installing: /home/willi/battle_ws/install/battle_interfaces/include/battle_interfaces/battle_interfaces/msg/detail/target__type_support.hpp
-- Installing: /home/willi/battle_ws/install/battle_interfaces/include/battle_interfaces/battle_interfaces/msg/detail/aim_vector__traits.hpp
-- Installing: /home/willi/battle_ws/install/battle_interfaces/include/battle_interfaces/battle_interfaces/msg/detail/target__traits.hpp
-- Installing: /home/willi/battle_ws/install/battle_interfaces/include/battle_interfaces/battle_interfaces/msg/detail/target__builder.hpp
-- Installing: /home/willi/battle_ws/install/battle_interfaces/include/battle_interfaces/battle_interfaces/msg/target.hpp
-- Installing: /home/willi/battle_ws/install/battle_interfaces/include/battle_interfaces/battle_interfaces/msg/rosidl_generator_cpp__visibility_control.hpp
-- Up-to-date: /home/willi/battle_ws/install/battle_interfaces/include/battle_interfaces/battle_interfaces
-- Up-to-date: /home/willi/battle_ws/install/battle_interfaces/include/battle_interfaces/battle_interfaces/srv
-- Up-to-date: /home/willi/battle_ws/install/battle_interfaces/include/battle_interfaces/battle_interfaces/srv/detail
-- Installing: /home/willi/battle_ws/install/battle_interfaces/include/battle_interfaces/battle_interfaces/srv/detail/pointing__rosidl_typesupport_fastrtps_cpp.hpp
-- Installing: /home/willi/battle_ws/install/battle_interfaces/include/battle_interfaces/battle_interfaces/srv/detail/dds_fastrtps
-- Up-to-date: /home/willi/battle_ws/install/battle_interfaces/include/battle_interfaces/battle_interfaces/msg
-- Installing: /home/willi/battle_ws/install/battle_interfaces/include/battle_interfaces/battle_interfaces/msg/rosidl_typesupport_fastrtps_cpp__visibility_control.h
-- Up-to-date: /home/willi/battle_ws/install/battle_interfaces/include/battle_interfaces/battle_interfaces/msg/detail
-- Installing: /home/willi/battle_ws/install/battle_interfaces/include/battle_interfaces/battle_interfaces/msg/detail/target_array__rosidl_typesupport_fastrtps_cpp.hpp
-- Installing: /home/willi/battle_ws/install/battle_interfaces/include/battle_interfaces/battle_interfaces/msg/detail/aim_vector__rosidl_typesupport_fastrtps_cpp.hpp
-- Installing: /home/willi/battle_ws/install/battle_interfaces/include/battle_interfaces/battle_interfaces/msg/detail/target__rosidl_typesupport_fastrtps_cpp.hpp
-- Installing: /home/willi/battle_ws/install/battle_interfaces/include/battle_interfaces/battle_interfaces/msg/detail/dds_fastrtps
-- Installing: /home/willi/battle_ws/install/battle_interfaces/lib/libbattle_interfaces__rosidl_typesupport_fastrtps_cpp.so
-- Set runtime path of "/home/willi/battle_ws/install/battle_interfaces/lib/libbattle_interfaces__rosidl_typesupport_fastrtps_cpp.so" to ""
-- Up-to-date: /home/willi/battle_ws/install/battle_interfaces/include/battle_interfaces/battle_interfaces
-- Up-to-date: /home/willi/battle_ws/install/battle_interfaces/include/battle_interfaces/battle_interfaces/srv
-- Up-to-date: /home/willi/battle_ws/install/battle_interfaces/include/battle_interfaces/battle_interfaces/srv/detail
-- Installing: /home/willi/battle_ws/install/battle_interfaces/include/battle_interfaces/battle_interfaces/srv/detail/pointing__rosidl_typesupport_introspection_cpp.hpp
-- Installing: /home/willi/battle_ws/install/battle_interfaces/include/battle_interfaces/battle_interfaces/srv/detail/pointing__type_support.cpp
-- Up-to-date: /home/willi/battle_ws/install/battle_interfaces/include/battle_interfaces/battle_interfaces/msg
-- Up-to-date: /home/willi/battle_ws/install/battle_interfaces/include/battle_interfaces/battle_interfaces/msg/detail
-- Installing: /home/willi/battle_ws/install/battle_interfaces/include/battle_interfaces/battle_interfaces/msg/detail/target_array__type_support.cpp
-- Installing: /home/willi/battle_ws/install/battle_interfaces/include/battle_interfaces/battle_interfaces/msg/detail/target__type_support.cpp
-- Installing: /home/willi/battle_ws/install/battle_interfaces/include/battle_interfaces/battle_interfaces/msg/detail/target_array__rosidl_typesupport_introspection_cpp.hpp
-- Installing: /home/willi/battle_ws/install/battle_interfaces/include/battle_interfaces/battle_interfaces/msg/detail/aim_vector__rosidl_typesupport_introspection_cpp.hpp
-- Installing: /home/willi/battle_ws/install/battle_interfaces/include/battle_interfaces/battle_interfaces/msg/detail/target__rosidl_typesupport_introspection_cpp.hpp
-- Installing: /home/willi/battle_ws/install/battle_interfaces/include/battle_interfaces/battle_interfaces/msg/detail/aim_vector__type_support.cpp
-- Installing: /home/willi/battle_ws/install/battle_interfaces/lib/libbattle_interfaces__rosidl_typesupport_introspection_cpp.so
-- Set runtime path of "/home/willi/battle_ws/install/battle_interfaces/lib/libbattle_interfaces__rosidl_typesupport_introspection_cpp.so" to ""
-- Installing: /home/willi/battle_ws/install/battle_interfaces/lib/libbattle_interfaces__rosidl_typesupport_cpp.so
-- Set runtime path of "/home/willi/battle_ws/install/battle_interfaces/lib/libbattle_interfaces__rosidl_typesupport_cpp.so" to ""
-- Installing: /home/willi/battle_ws/install/battle_interfaces/share/battle_interfaces/environment/pythonpath.sh
-- Installing: /home/willi/battle_ws/install/battle_interfaces/share/battle_interfaces/environment/pythonpath.dsv
-- Installing: /home/willi/battle_ws/install/battle_interfaces/local/lib/python3.10/dist-packages/battle_interfaces-0.0.2-py3.10.egg-info
-- Installing: /home/willi/battle_ws/install/battle_interfaces/local/lib/python3.10/dist-packages/battle_interfaces-0.0.2-py3.10.egg-info/SOURCES.txt
-- Installing: /home/willi/battle_ws/install/battle_interfaces/local/lib/python3.10/dist-packages/battle_interfaces-0.0.2-py3.10.egg-info/top_level.txt
-- Installing: /home/willi/battle_ws/install/battle_interfaces/local/lib/python3.10/dist-packages/battle_interfaces-0.0.2-py3.10.egg-info/dependency_links.txt
-- Installing: /home/willi/battle_ws/install/battle_interfaces/local/lib/python3.10/dist-packages/battle_interfaces-0.0.2-py3.10.egg-info/PKG-INFO
-- Installing: /home/willi/battle_ws/install/battle_interfaces/local/lib/python3.10/dist-packages/battle_interfaces
-- Installing: /home/willi/battle_ws/install/battle_interfaces/local/lib/python3.10/dist-packages/battle_interfaces/srv
-- Installing: /home/willi/battle_ws/install/battle_interfaces/local/lib/python3.10/dist-packages/battle_interfaces/srv/_pointing_s.c
-- Installing: /home/willi/battle_ws/install/battle_interfaces/local/lib/python3.10/dist-packages/battle_interfaces/srv/__init__.py
-- Installing: /home/willi/battle_ws/install/battle_interfaces/local/lib/python3.10/dist-packages/battle_interfaces/srv/_pointing.py
-- Installing: /home/willi/battle_ws/install/battle_interfaces/local/lib/python3.10/dist-packages/battle_interfaces/battle_interfaces_s__rosidl_typesupport_c.cpython-310-x86_64-linux-gnu.so
-- Installing: /home/willi/battle_ws/install/battle_interfaces/local/lib/python3.10/dist-packages/battle_interfaces/_battle_interfaces_s.ep.rosidl_typesupport_c.c
-- Installing: /home/willi/battle_ws/install/battle_interfaces/local/lib/python3.10/dist-packages/battle_interfaces/msg
-- Installing: /home/willi/battle_ws/install/battle_interfaces/local/lib/python3.10/dist-packages/battle_interfaces/msg/_aim_vector_s.c
-- Installing: /home/willi/battle_ws/install/battle_interfaces/local/lib/python3.10/dist-packages/battle_interfaces/msg/_aim_vector.py
-- Installing: /home/willi/battle_ws/install/battle_interfaces/local/lib/python3.10/dist-packages/battle_interfaces/msg/_target_array.py
-- Installing: /home/willi/battle_ws/install/battle_interfaces/local/lib/python3.10/dist-packages/battle_interfaces/msg/_target_array_s.c
-- Installing: /home/willi/battle_ws/install/battle_interfaces/local/lib/python3.10/dist-packages/battle_interfaces/msg/__init__.py
-- Installing: /home/willi/battle_ws/install/battle_interfaces/local/lib/python3.10/dist-packages/battle_interfaces/msg/_target.py
-- Installing: /home/willi/battle_ws/install/battle_interfaces/local/lib/python3.10/dist-packages/battle_interfaces/msg/_target_s.c
-- Installing: /home/willi/battle_ws/install/battle_interfaces/local/lib/python3.10/dist-packages/battle_interfaces/_battle_interfaces_s.ep.rosidl_typesupport_introspection_c.c
-- Installing: /home/willi/battle_ws/install/battle_interfaces/local/lib/python3.10/dist-packages/battle_interfaces/battle_interfaces_s__rosidl_typesupport_introspection_c.cpython-310-x86_64-linux-gnu.so
-- Installing: /home/willi/battle_ws/install/battle_interfaces/local/lib/python3.10/dist-packages/battle_interfaces/_battle_interfaces_s.ep.rosidl_typesupport_fastrtps_c.c
-- Installing: /home/willi/battle_ws/install/battle_interfaces/local/lib/python3.10/dist-packages/battle_interfaces/__init__.py
-- Installing: /home/willi/battle_ws/install/battle_interfaces/local/lib/python3.10/dist-packages/battle_interfaces/libbattle_interfaces__rosidl_generator_py.so
-- Installing: /home/willi/battle_ws/install/battle_interfaces/local/lib/python3.10/dist-packages/battle_interfaces/battle_interfaces_s__rosidl_typesupport_fastrtps_c.cpython-310-x86_64-linux-gnu.so
Listing '/home/willi/battle_ws/install/battle_interfaces/local/lib/python3.10/dist-packages/battle_interfaces'...
Compiling '/home/willi/battle_ws/install/battle_interfaces/local/lib/python3.10/dist-packages/battle_interfaces/__init__.py'...
Listing '/home/willi/battle_ws/install/battle_interfaces/local/lib/python3.10/dist-packages/battle_interfaces/msg'...
Compiling '/home/willi/battle_ws/install/battle_interfaces/local/lib/python3.10/dist-packages/battle_interfaces/msg/__init__.py'...
Compiling '/home/willi/battle_ws/install/battle_interfaces/local/lib/python3.10/dist-packages/battle_interfaces/msg/_aim_vector.py'...
Compiling '/home/willi/battle_ws/install/battle_interfaces/local/lib/python3.10/dist-packages/battle_interfaces/msg/_target.py'...
Compiling '/home/willi/battle_ws/install/battle_interfaces/local/lib/python3.10/dist-packages/battle_interfaces/msg/_target_array.py'...
Listing '/home/willi/battle_ws/install/battle_interfaces/local/lib/python3.10/dist-packages/battle_interfaces/srv'...
Compiling '/home/willi/battle_ws/install/battle_interfaces/local/lib/python3.10/dist-packages/battle_interfaces/srv/__init__.py'...
Compiling '/home/willi/battle_ws/install/battle_interfaces/local/lib/python3.10/dist-packages/battle_interfaces/srv/_pointing.py'...
-- Installing: /home/willi/battle_ws/install/battle_interfaces/local/lib/python3.10/dist-packages/battle_interfaces/battle_interfaces_s__rosidl_typesupport_fastrtps_c.cpython-310-x86_64-linux-gnu.so
-- Set runtime path of "/home/willi/battle_ws/install/battle_interfaces/local/lib/python3.10/dist-packages/battle_interfaces/battle_interfaces_s__rosidl_typesupport_fastrtps_c.cpython-310-x86_64-linux-gnu.so" to ""
-- Installing: /home/willi/battle_ws/install/battle_interfaces/local/lib/python3.10/dist-packages/battle_interfaces/battle_interfaces_s__rosidl_typesupport_introspection_c.cpython-310-x86_64-linux-gnu.so
-- Set runtime path of "/home/willi/battle_ws/install/battle_interfaces/local/lib/python3.10/dist-packages/battle_interfaces/battle_interfaces_s__rosidl_typesupport_introspection_c.cpython-310-x86_64-linux-gnu.so" to ""
-- Installing: /home/willi/battle_ws/install/battle_interfaces/local/lib/python3.10/dist-packages/battle_interfaces/battle_interfaces_s__rosidl_typesupport_c.cpython-310-x86_64-linux-gnu.so
-- Set runtime path of "/home/willi/battle_ws/install/battle_interfaces/local/lib/python3.10/dist-packages/battle_interfaces/battle_interfaces_s__rosidl_typesupport_c.cpython-310-x86_64-linux-gnu.so" to ""
-- Installing: /home/willi/battle_ws/install/battle_interfaces/lib/libbattle_interfaces__rosidl_generator_py.so
-- Set runtime path of "/home/willi/battle_ws/install/battle_interfaces/lib/libbattle_interfaces__rosidl_generator_py.so" to ""
-- Installing: /home/willi/battle_ws/install/battle_interfaces/share/battle_interfaces/msg/Target.idl
-- Installing: /home/willi/battle_ws/install/battle_interfaces/share/battle_interfaces/msg/TargetArray.idl
-- Installing: /home/willi/battle_ws/install/battle_interfaces/share/battle_interfaces/msg/AimVector.idl
-- Installing: /home/willi/battle_ws/install/battle_interfaces/share/battle_interfaces/srv/Pointing.idl
-- Installing: /home/willi/battle_ws/install/battle_interfaces/share/battle_interfaces/msg/Target.msg
-- Installing: /home/willi/battle_ws/install/battle_interfaces/share/battle_interfaces/msg/TargetArray.msg
-- Installing: /home/willi/battle_ws/install/battle_interfaces/share/battle_interfaces/msg/AimVector.msg
-- Installing: /home/willi/battle_ws/install/battle_interfaces/share/battle_interfaces/srv/Pointing.srv
-- Installing: /home/willi/battle_ws/install/battle_interfaces/share/battle_interfaces/srv/Pointing_Request.msg
-- Installing: /home/willi/battle_ws/install/battle_interfaces/share/battle_interfaces/srv/Pointing_Response.msg
-- Installing: /home/willi/battle_ws/install/battle_interfaces/share/ament_index/resource_index/package_run_dependencies/battle_interfaces
-- Installing: /home/willi/battle_ws/install/battle_interfaces/share/ament_index/resource_index/parent_prefix_path/battle_interfaces
-- Installing: /home/willi/battle_ws/install/battle_interfaces/share/battle_interfaces/environment/ament_prefix_path.sh
-- Installing: /home/willi/battle_ws/install/battle_interfaces/share/battle_interfaces/environment/ament_prefix_path.dsv
-- Installing: /home/willi/battle_ws/install/battle_interfaces/share/battle_interfaces/environment/path.sh
-- Installing: /home/willi/battle_ws/install/battle_interfaces/share/battle_interfaces/environment/path.dsv
-- Installing: /home/willi/battle_ws/install/battle_interfaces/share/battle_interfaces/local_setup.bash
-- Installing: /home/willi/battle_ws/install/battle_interfaces/share/battle_interfaces/local_setup.sh
-- Installing: /home/willi/battle_ws/install/battle_interfaces/share/battle_interfaces/local_setup.zsh
-- Installing: /home/willi/battle_ws/install/battle_interfaces/share/battle_interfaces/local_setup.dsv
-- Installing: /home/willi/battle_ws/install/battle_interfaces/share/battle_interfaces/package.dsv
-- Installing: /home/willi/battle_ws/install/battle_interfaces/share/ament_index/resource_index/packages/battle_interfaces
-- Installing: /home/willi/battle_ws/install/battle_interfaces/share/battle_interfaces/cmake/export_battle_interfaces__rosidl_generator_cExport.cmake
-- Installing: /home/willi/battle_ws/install/battle_interfaces/share/battle_interfaces/cmake/export_battle_interfaces__rosidl_generator_cExport-noconfig.cmake
-- Installing: /home/willi/battle_ws/install/battle_interfaces/share/battle_interfaces/cmake/export_battle_interfaces__rosidl_typesupport_fastrtps_cExport.cmake
-- Installing: /home/willi/battle_ws/install/battle_interfaces/share/battle_interfaces/cmake/export_battle_interfaces__rosidl_typesupport_fastrtps_cExport-noconfig.cmake
-- Installing: /home/willi/battle_ws/install/battle_interfaces/share/battle_interfaces/cmake/battle_interfaces__rosidl_typesupport_introspection_cExport.cmake
-- Installing: /home/willi/battle_ws/install/battle_interfaces/share/battle_interfaces/cmake/battle_interfaces__rosidl_typesupport_introspection_cExport-noconfig.cmake
-- Installing: /home/willi/battle_ws/install/battle_interfaces/share/battle_interfaces/cmake/battle_interfaces__rosidl_typesupport_cExport.cmake
-- Installing: /home/willi/battle_ws/install/battle_interfaces/share/battle_interfaces/cmake/battle_interfaces__rosidl_typesupport_cExport-noconfig.cmake
-- Installing: /home/willi/battle_ws/install/battle_interfaces/share/battle_interfaces/cmake/export_battle_interfaces__rosidl_generator_cppExport.cmake
-- Installing: /home/willi/battle_ws/install/battle_interfaces/share/battle_interfaces/cmake/export_battle_interfaces__rosidl_typesupport_fastrtps_cppExport.cmake
-- Installing: /home/willi/battle_ws/install/battle_interfaces/share/battle_interfaces/cmake/export_battle_interfaces__rosidl_typesupport_fastrtps_cppExport-noconfig.cmake
-- Installing: /home/willi/battle_ws/install/battle_interfaces/share/battle_interfaces/cmake/battle_interfaces__rosidl_typesupport_introspection_cppExport.cmake
-- Installing: /home/willi/battle_ws/install/battle_interfaces/share/battle_interfaces/cmake/battle_interfaces__rosidl_typesupport_introspection_cppExport-noconfig.cmake
-- Installing: /home/willi/battle_ws/install/battle_interfaces/share/battle_interfaces/cmake/battle_interfaces__rosidl_typesupport_cppExport.cmake
-- Installing: /home/willi/battle_ws/install/battle_interfaces/share/battle_interfaces/cmake/battle_interfaces__rosidl_typesupport_cppExport-noconfig.cmake
-- Installing: /home/willi/battle_ws/install/battle_interfaces/share/battle_interfaces/cmake/export_battle_interfaces__rosidl_generator_pyExport.cmake
-- Installing: /home/willi/battle_ws/install/battle_interfaces/share/battle_interfaces/cmake/export_battle_interfaces__rosidl_generator_pyExport-noconfig.cmake
-- Installing: /home/willi/battle_ws/install/battle_interfaces/share/battle_interfaces/cmake/rosidl_cmake-extras.cmake
-- Installing: /home/willi/battle_ws/install/battle_interfaces/share/battle_interfaces/cmake/ament_cmake_export_dependencies-extras.cmake
-- Installing: /home/willi/battle_ws/install/battle_interfaces/share/battle_interfaces/cmake/ament_cmake_export_include_directories-extras.cmake
-- Installing: /home/willi/battle_ws/install/battle_interfaces/share/battle_interfaces/cmake/ament_cmake_export_libraries-extras.cmake
-- Installing: /home/willi/battle_ws/install/battle_interfaces/share/battle_interfaces/cmake/ament_cmake_export_targets-extras.cmake
-- Installing: /home/willi/battle_ws/install/battle_interfaces/share/battle_interfaces/cmake/rosidl_cmake_export_typesupport_targets-extras.cmake
-- Installing: /home/willi/battle_ws/install/battle_interfaces/share/battle_interfaces/cmake/rosidl_cmake_export_typesupport_libraries-extras.cmake
-- Installing: /home/willi/battle_ws/install/battle_interfaces/share/battle_interfaces/cmake/battle_interfacesConfig.cmake
-- Installing: /home/willi/battle_ws/install/battle_interfaces/share/battle_interfaces/cmake/battle_interfacesConfig-version.cmake
-- Installing: /home/willi/battle_ws/install/battle_interfaces/share/battle_interfaces/package.xml
