[0.022s] Invoking command in '/home/willi/battle_ws/build/battle_interfaces': CMAKE_PREFIX_PATH=${CMAKE_PREFIX_PATH}:/home/willi/battle_ws/install/fire_platform_3:/home/willi/battle_ws/install/fire_platform:/home/willi/battle_ws/install/fire_platform_description:/opt/ros/humble /usr/bin/cmake /home/willi/battle_ws/src/battle_interfaces -DCMAKE_INSTALL_PREFIX=/home/willi/battle_ws/install/battle_interfaces
[0.099s] -- The C compiler identification is GNU 11.4.0
[0.199s] -- The CXX compiler identification is GNU 11.4.0
[0.210s] -- Detecting C compiler ABI info
[0.313s] -- Detecting C compiler ABI info - done
[0.325s] -- Check for working C compiler: /usr/bin/cc - skipped
[0.326s] -- Detecting C compile features
[0.327s] -- Detecting C compile features - done
[0.332s] -- Detecting CXX compiler ABI info
[0.441s] -- Detecting CXX compiler ABI info - done
[0.463s] -- Check for working CXX compiler: /usr/bin/c++ - skipped
[0.464s] -- Detecting CXX compile features
[0.465s] -- Detecting CXX compile features - done
[0.469s] -- Found ament_cmake: 1.3.11 (/opt/ros/humble/share/ament_cmake/cmake)
[1.589s] -- Found Python3: /usr/bin/python3 (found version "3.10.12") found components: Interpreter 
[1.732s] -- Found rosidl_default_generators: 1.2.0 (/opt/ros/humble/share/rosidl_default_generators/cmake)
[1.736s] -- Using all available rosidl_typesupport_c: rosidl_typesupport_fastrtps_c;rosidl_typesupport_introspection_c
[1.745s] -- Found rosidl_adapter: 3.1.6 (/opt/ros/humble/share/rosidl_adapter/cmake)
[1.805s] -- Using all available rosidl_typesupport_cpp: rosidl_typesupport_fastrtps_cpp;rosidl_typesupport_introspection_cpp
[1.858s] -- Found std_msgs: 4.8.0 (/opt/ros/humble/share/std_msgs/cmake)
[2.366s] -- Found ament_cmake_ros: 0.10.0 (/opt/ros/humble/share/ament_cmake_ros/cmake)
[2.726s] -- Using all available rosidl_typesupport_c: rosidl_typesupport_fastrtps_c;rosidl_typesupport_introspection_c
[3.292s] -- Using all available rosidl_typesupport_cpp: rosidl_typesupport_fastrtps_cpp;rosidl_typesupport_introspection_cpp
[3.333s] -- Found PythonInterp: /usr/bin/python3 (found suitable version "3.10.12", minimum required is "3.6") 
[3.337s] -- Found python_cmake_module: 0.10.0 (/opt/ros/humble/share/python_cmake_module/cmake)
[3.389s] -- Found PythonLibs: /usr/lib/x86_64-linux-gnu/libpython3.10.so (found suitable version "3.10.12", minimum required is "3.5") 
[3.390s] -- Using PYTHON_EXECUTABLE: /usr/bin/python3
[3.390s] -- Using PYTHON_INCLUDE_DIRS: /usr/include/python3.10
[3.391s] -- Using PYTHON_LIBRARIES: /usr/lib/x86_64-linux-gnu/libpython3.10.so
[3.431s] -- Found PythonExtra: .so  
[3.556s] -- Found ament_lint_auto: 0.12.12 (/opt/ros/humble/share/ament_lint_auto/cmake)
[3.589s] -- Added test 'copyright' to check source files copyright and LICENSE
[3.593s] -- Added test 'flake8' to check Python code syntax and style conventions
[3.595s] -- Added test 'lint_cmake' to check CMake code style
[3.596s] -- Added test 'pep257' to check Python code against some of the docstring style conventions in PEP 257
[3.598s] -- Added test 'xmllint' to check XML markup files
[3.602s] -- Configuring done
[3.659s] -- Generating done
[3.677s] -- Build files have been written to: /home/willi/battle_ws/build/battle_interfaces
[3.687s] Invoked command in '/home/willi/battle_ws/build/battle_interfaces' returned '0': CMAKE_PREFIX_PATH=${CMAKE_PREFIX_PATH}:/home/willi/battle_ws/install/fire_platform_3:/home/willi/battle_ws/install/fire_platform:/home/willi/battle_ws/install/fire_platform_description:/opt/ros/humble /usr/bin/cmake /home/willi/battle_ws/src/battle_interfaces -DCMAKE_INSTALL_PREFIX=/home/willi/battle_ws/install/battle_interfaces
[3.692s] Invoking command in '/home/willi/battle_ws/build/battle_interfaces': CMAKE_PREFIX_PATH=${CMAKE_PREFIX_PATH}:/home/willi/battle_ws/install/fire_platform_3:/home/willi/battle_ws/install/fire_platform:/home/willi/battle_ws/install/fire_platform_description:/opt/ros/humble /usr/bin/cmake --build /home/willi/battle_ws/build/battle_interfaces -- -j4 -l4
[3.754s] [  1%] [34m[1mGenerating C code for ROS interfaces[0m
[3.767s] [  3%] [34m[1mGenerating C++ code for ROS interfaces[0m
[3.783s] [  3%] Built target ament_cmake_python_copy_battle_interfaces
[4.414s] running egg_info
[4.416s] creating battle_interfaces.egg-info
[4.443s] writing battle_interfaces.egg-info/PKG-INFO
[4.443s] writing dependency_links to battle_interfaces.egg-info/dependency_links.txt
[4.443s] writing top-level names to battle_interfaces.egg-info/top_level.txt
[4.444s] writing manifest file 'battle_interfaces.egg-info/SOURCES.txt'
[4.522s] reading manifest file 'battle_interfaces.egg-info/SOURCES.txt'
[4.524s] writing manifest file 'battle_interfaces.egg-info/SOURCES.txt'
[4.624s] [  3%] Built target ament_cmake_python_build_battle_interfaces_egg
[4.980s] [  5%] [32mBuilding C object CMakeFiles/battle_interfaces__rosidl_generator_c.dir/rosidl_generator_c/battle_interfaces/msg/detail/target__functions.c.o[0m
[4.985s] [  7%] [32mBuilding C object CMakeFiles/battle_interfaces__rosidl_generator_c.dir/rosidl_generator_c/battle_interfaces/msg/detail/target_array__functions.c.o[0m
[4.995s] [  7%] Built target battle_interfaces__cpp
[4.995s] [  9%] [32mBuilding C object CMakeFiles/battle_interfaces__rosidl_generator_c.dir/rosidl_generator_c/battle_interfaces/msg/detail/aim_vector__functions.c.o[0m
[5.047s] [ 10%] [34m[1mGenerating C++ type support dispatch for ROS interfaces[0m
[5.110s] [ 12%] [32mBuilding C object CMakeFiles/battle_interfaces__rosidl_generator_c.dir/rosidl_generator_c/battle_interfaces/srv/detail/pointing__functions.c.o[0m
[5.115s] [ 14%] [34m[1mGenerating C++ type support for eProsima Fast-RTPS[0m
[5.130s] [ 16%] [34m[1mGenerating C++ introspection for ROS interfaces[0m
[5.383s] [ 18%] [32m[1mLinking C shared library libbattle_interfaces__rosidl_generator_c.so[0m
[5.468s] [ 18%] Built target battle_interfaces__rosidl_generator_c
[5.488s] [ 20%] [34m[1mGenerating C type support for eProsima Fast-RTPS[0m
[6.219s] [ 21%] [32mBuilding CXX object CMakeFiles/battle_interfaces__rosidl_typesupport_cpp.dir/rosidl_typesupport_cpp/battle_interfaces/msg/target__type_support.cpp.o[0m
[6.422s] [ 23%] [32mBuilding CXX object CMakeFiles/battle_interfaces__rosidl_typesupport_introspection_cpp.dir/rosidl_typesupport_introspection_cpp/battle_interfaces/msg/detail/target__type_support.cpp.o[0m
[6.485s] [ 25%] [32mBuilding CXX object CMakeFiles/battle_interfaces__rosidl_typesupport_fastrtps_cpp.dir/rosidl_typesupport_fastrtps_cpp/battle_interfaces/msg/detail/dds_fastrtps/target__type_support.cpp.o[0m
[6.830s] [ 27%] [32mBuilding CXX object CMakeFiles/battle_interfaces__rosidl_typesupport_fastrtps_c.dir/rosidl_typesupport_fastrtps_c/battle_interfaces/msg/detail/target__type_support_c.cpp.o[0m
[6.974s] [ 29%] [32mBuilding CXX object CMakeFiles/battle_interfaces__rosidl_typesupport_cpp.dir/rosidl_typesupport_cpp/battle_interfaces/msg/target_array__type_support.cpp.o[0m
[7.424s] [ 30%] [32mBuilding CXX object CMakeFiles/battle_interfaces__rosidl_typesupport_introspection_cpp.dir/rosidl_typesupport_introspection_cpp/battle_interfaces/msg/detail/target_array__type_support.cpp.o[0m
[7.542s] [ 32%] [32mBuilding CXX object CMakeFiles/battle_interfaces__rosidl_typesupport_fastrtps_cpp.dir/rosidl_typesupport_fastrtps_cpp/battle_interfaces/msg/detail/dds_fastrtps/target_array__type_support.cpp.o[0m
[7.678s] [ 34%] [32mBuilding CXX object CMakeFiles/battle_interfaces__rosidl_typesupport_cpp.dir/rosidl_typesupport_cpp/battle_interfaces/msg/aim_vector__type_support.cpp.o[0m
[7.791s] [ 36%] [32mBuilding CXX object CMakeFiles/battle_interfaces__rosidl_typesupport_fastrtps_c.dir/rosidl_typesupport_fastrtps_c/battle_interfaces/msg/detail/target_array__type_support_c.cpp.o[0m
[8.375s] [ 38%] [32mBuilding CXX object CMakeFiles/battle_interfaces__rosidl_typesupport_cpp.dir/rosidl_typesupport_cpp/battle_interfaces/srv/pointing__type_support.cpp.o[0m
[8.547s] [ 40%] [32mBuilding CXX object CMakeFiles/battle_interfaces__rosidl_typesupport_introspection_cpp.dir/rosidl_typesupport_introspection_cpp/battle_interfaces/msg/detail/aim_vector__type_support.cpp.o[0m
[8.761s] [ 41%] [32mBuilding CXX object CMakeFiles/battle_interfaces__rosidl_typesupport_fastrtps_cpp.dir/rosidl_typesupport_fastrtps_cpp/battle_interfaces/msg/detail/dds_fastrtps/aim_vector__type_support.cpp.o[0m
[8.772s] [ 43%] [32mBuilding CXX object CMakeFiles/battle_interfaces__rosidl_typesupport_fastrtps_c.dir/rosidl_typesupport_fastrtps_c/battle_interfaces/msg/detail/aim_vector__type_support_c.cpp.o[0m
[9.109s] [ 45%] [32m[1mLinking CXX shared library libbattle_interfaces__rosidl_typesupport_cpp.so[0m
[9.201s] [ 45%] Built target battle_interfaces__rosidl_typesupport_cpp
[9.221s] [ 47%] [32mBuilding CXX object CMakeFiles/battle_interfaces__rosidl_typesupport_fastrtps_cpp.dir/rosidl_typesupport_fastrtps_cpp/battle_interfaces/srv/detail/dds_fastrtps/pointing__type_support.cpp.o[0m
[9.579s] [ 49%] [32mBuilding CXX object CMakeFiles/battle_interfaces__rosidl_typesupport_introspection_cpp.dir/rosidl_typesupport_introspection_cpp/battle_interfaces/srv/detail/pointing__type_support.cpp.o[0m
[9.841s] [ 50%] [32mBuilding CXX object CMakeFiles/battle_interfaces__rosidl_typesupport_fastrtps_c.dir/rosidl_typesupport_fastrtps_c/battle_interfaces/srv/detail/pointing__type_support_c.cpp.o[0m
[9.956s] [ 52%] [34m[1mGenerating C introspection for ROS interfaces[0m
[10.344s] [ 54%] [32m[1mLinking CXX shared library libbattle_interfaces__rosidl_typesupport_fastrtps_cpp.so[0m
[10.527s] [ 54%] Built target battle_interfaces__rosidl_typesupport_fastrtps_cpp
[10.546s] [ 56%] [34m[1mGenerating C type support dispatch for ROS interfaces[0m
[10.640s] [ 58%] [32m[1mLinking CXX shared library libbattle_interfaces__rosidl_typesupport_introspection_cpp.so[0m
[10.831s] [ 58%] Built target battle_interfaces__rosidl_typesupport_introspection_cpp
[10.866s] [ 60%] [32m[1mLinking CXX shared library libbattle_interfaces__rosidl_typesupport_fastrtps_c.so[0m
[11.052s] [ 60%] Built target battle_interfaces__rosidl_typesupport_fastrtps_c
[11.079s] [ 63%] [32mBuilding C object CMakeFiles/battle_interfaces__rosidl_typesupport_introspection_c.dir/rosidl_typesupport_introspection_c/battle_interfaces/msg/detail/target__type_support.c.o[0m
[11.081s] [ 63%] [32mBuilding C object CMakeFiles/battle_interfaces__rosidl_typesupport_introspection_c.dir/rosidl_typesupport_introspection_c/battle_interfaces/msg/detail/aim_vector__type_support.c.o[0m
[11.081s] [ 65%] [32mBuilding C object CMakeFiles/battle_interfaces__rosidl_typesupport_introspection_c.dir/rosidl_typesupport_introspection_c/battle_interfaces/msg/detail/target_array__type_support.c.o[0m
[11.146s] [ 67%] [32mBuilding C object CMakeFiles/battle_interfaces__rosidl_typesupport_introspection_c.dir/rosidl_typesupport_introspection_c/battle_interfaces/srv/detail/pointing__type_support.c.o[0m
[11.195s] [ 69%] [32m[1mLinking C shared library libbattle_interfaces__rosidl_typesupport_introspection_c.so[0m
[11.238s] [ 69%] Built target battle_interfaces__rosidl_typesupport_introspection_c
[11.335s] [ 74%] [32mBuilding CXX object CMakeFiles/battle_interfaces__rosidl_typesupport_c.dir/rosidl_typesupport_c/battle_interfaces/msg/target_array__type_support.cpp.o[0m
[11.335s] [ 74%] [32mBuilding CXX object CMakeFiles/battle_interfaces__rosidl_typesupport_c.dir/rosidl_typesupport_c/battle_interfaces/srv/pointing__type_support.cpp.o[0m
[11.335s] [ 74%] [32mBuilding CXX object CMakeFiles/battle_interfaces__rosidl_typesupport_c.dir/rosidl_typesupport_c/battle_interfaces/msg/target__type_support.cpp.o[0m
[11.335s] [ 76%] [32mBuilding CXX object CMakeFiles/battle_interfaces__rosidl_typesupport_c.dir/rosidl_typesupport_c/battle_interfaces/msg/aim_vector__type_support.cpp.o[0m
[11.394s] [ 78%] [32m[1mLinking CXX shared library libbattle_interfaces__rosidl_typesupport_c.so[0m
[11.450s] [ 78%] Built target battle_interfaces__rosidl_typesupport_c
[11.480s] [ 78%] Built target battle_interfaces
[11.512s] [ 80%] [34m[1mGenerating Python code for ROS interfaces[0m
[12.550s] [ 80%] Built target battle_interfaces__py
[12.583s] [ 83%] [32mBuilding C object CMakeFiles/battle_interfaces__rosidl_generator_py.dir/rosidl_generator_py/battle_interfaces/msg/_target_array_s.c.o[0m
[12.583s] [ 83%] [32mBuilding C object CMakeFiles/battle_interfaces__rosidl_generator_py.dir/rosidl_generator_py/battle_interfaces/msg/_target_s.c.o[0m
[12.583s] [ 85%] [32mBuilding C object CMakeFiles/battle_interfaces__rosidl_generator_py.dir/rosidl_generator_py/battle_interfaces/srv/_pointing_s.c.o[0m
[12.585s] [ 87%] [32mBuilding C object CMakeFiles/battle_interfaces__rosidl_generator_py.dir/rosidl_generator_py/battle_interfaces/msg/_aim_vector_s.c.o[0m
[12.858s] [ 89%] [32m[1mLinking C shared library rosidl_generator_py/battle_interfaces/libbattle_interfaces__rosidl_generator_py.so[0m
[12.945s] [ 89%] Built target battle_interfaces__rosidl_generator_py
[12.986s] [ 90%] [32mBuilding C object CMakeFiles/battle_interfaces__rosidl_typesupport_fastrtps_c__pyext.dir/rosidl_generator_py/battle_interfaces/_battle_interfaces_s.ep.rosidl_typesupport_fastrtps_c.c.o[0m
[12.990s] [ 94%] [32mBuilding C object CMakeFiles/battle_interfaces__rosidl_typesupport_introspection_c__pyext.dir/rosidl_generator_py/battle_interfaces/_battle_interfaces_s.ep.rosidl_typesupport_introspection_c.c.o[0m
[12.991s] [ 94%] [32mBuilding C object CMakeFiles/battle_interfaces__rosidl_typesupport_c__pyext.dir/rosidl_generator_py/battle_interfaces/_battle_interfaces_s.ep.rosidl_typesupport_c.c.o[0m
[13.180s] [ 96%] [32m[1mLinking C shared library rosidl_generator_py/battle_interfaces/battle_interfaces_s__rosidl_typesupport_c.cpython-310-x86_64-linux-gnu.so[0m
[13.237s] [ 96%] Built target battle_interfaces__rosidl_typesupport_c__pyext
[13.244s] [ 98%] [32m[1mLinking C shared library rosidl_generator_py/battle_interfaces/battle_interfaces_s__rosidl_typesupport_introspection_c.cpython-310-x86_64-linux-gnu.so[0m
[13.259s] [100%] [32m[1mLinking C shared library rosidl_generator_py/battle_interfaces/battle_interfaces_s__rosidl_typesupport_fastrtps_c.cpython-310-x86_64-linux-gnu.so[0m
[13.305s] [100%] Built target battle_interfaces__rosidl_typesupport_introspection_c__pyext
[13.325s] [100%] Built target battle_interfaces__rosidl_typesupport_fastrtps_c__pyext
[13.341s] Invoked command in '/home/willi/battle_ws/build/battle_interfaces' returned '0': CMAKE_PREFIX_PATH=${CMAKE_PREFIX_PATH}:/home/willi/battle_ws/install/fire_platform_3:/home/willi/battle_ws/install/fire_platform:/home/willi/battle_ws/install/fire_platform_description:/opt/ros/humble /usr/bin/cmake --build /home/willi/battle_ws/build/battle_interfaces -- -j4 -l4
[13.353s] Invoking command in '/home/willi/battle_ws/build/battle_interfaces': CMAKE_PREFIX_PATH=${CMAKE_PREFIX_PATH}:/home/willi/battle_ws/install/fire_platform_3:/home/willi/battle_ws/install/fire_platform:/home/willi/battle_ws/install/fire_platform_description:/opt/ros/humble /usr/bin/cmake --install /home/willi/battle_ws/build/battle_interfaces
[13.365s] -- Install configuration: ""
[13.365s] -- Installing: /home/willi/battle_ws/install/battle_interfaces/share/ament_index/resource_index/rosidl_interfaces/battle_interfaces
[13.365s] -- Installing: /home/willi/battle_ws/install/battle_interfaces/include/battle_interfaces/battle_interfaces
[13.365s] -- Installing: /home/willi/battle_ws/install/battle_interfaces/include/battle_interfaces/battle_interfaces/srv
[13.365s] -- Installing: /home/willi/battle_ws/install/battle_interfaces/include/battle_interfaces/battle_interfaces/srv/detail
[13.366s] -- Installing: /home/willi/battle_ws/install/battle_interfaces/include/battle_interfaces/battle_interfaces/srv/detail/pointing__type_support.h
[13.366s] -- Installing: /home/willi/battle_ws/install/battle_interfaces/include/battle_interfaces/battle_interfaces/srv/detail/pointing__struct.h
[13.366s] -- Installing: /home/willi/battle_ws/install/battle_interfaces/include/battle_interfaces/battle_interfaces/srv/detail/pointing__functions.h
[13.366s] -- Installing: /home/willi/battle_ws/install/battle_interfaces/include/battle_interfaces/battle_interfaces/srv/detail/pointing__functions.c
[13.366s] -- Installing: /home/willi/battle_ws/install/battle_interfaces/include/battle_interfaces/battle_interfaces/srv/pointing.h
[13.367s] -- Installing: /home/willi/battle_ws/install/battle_interfaces/include/battle_interfaces/battle_interfaces/msg
[13.367s] -- Installing: /home/willi/battle_ws/install/battle_interfaces/include/battle_interfaces/battle_interfaces/msg/aim_vector.h
[13.367s] -- Installing: /home/willi/battle_ws/install/battle_interfaces/include/battle_interfaces/battle_interfaces/msg/target_array.h
[13.367s] -- Installing: /home/willi/battle_ws/install/battle_interfaces/include/battle_interfaces/battle_interfaces/msg/rosidl_generator_c__visibility_control.h
[13.367s] -- Installing: /home/willi/battle_ws/install/battle_interfaces/include/battle_interfaces/battle_interfaces/msg/detail
[13.367s] -- Installing: /home/willi/battle_ws/install/battle_interfaces/include/battle_interfaces/battle_interfaces/msg/detail/target_array__functions.h
[13.367s] -- Installing: /home/willi/battle_ws/install/battle_interfaces/include/battle_interfaces/battle_interfaces/msg/detail/target_array__type_support.h
[13.368s] -- Installing: /home/willi/battle_ws/install/battle_interfaces/include/battle_interfaces/battle_interfaces/msg/detail/target__functions.h
[13.368s] -- Installing: /home/willi/battle_ws/install/battle_interfaces/include/battle_interfaces/battle_interfaces/msg/detail/target_array__functions.c
[13.368s] -- Installing: /home/willi/battle_ws/install/battle_interfaces/include/battle_interfaces/battle_interfaces/msg/detail/aim_vector__type_support.h
[13.368s] -- Installing: /home/willi/battle_ws/install/battle_interfaces/include/battle_interfaces/battle_interfaces/msg/detail/aim_vector__functions.h
[13.368s] -- Installing: /home/willi/battle_ws/install/battle_interfaces/include/battle_interfaces/battle_interfaces/msg/detail/aim_vector__struct.h
[13.368s] -- Installing: /home/willi/battle_ws/install/battle_interfaces/include/battle_interfaces/battle_interfaces/msg/detail/target__struct.h
[13.369s] -- Installing: /home/willi/battle_ws/install/battle_interfaces/include/battle_interfaces/battle_interfaces/msg/detail/target__type_support.h
[13.369s] -- Installing: /home/willi/battle_ws/install/battle_interfaces/include/battle_interfaces/battle_interfaces/msg/detail/target_array__struct.h
[13.369s] -- Installing: /home/willi/battle_ws/install/battle_interfaces/include/battle_interfaces/battle_interfaces/msg/detail/target__functions.c
[13.369s] -- Installing: /home/willi/battle_ws/install/battle_interfaces/include/battle_interfaces/battle_interfaces/msg/detail/aim_vector__functions.c
[13.369s] -- Installing: /home/willi/battle_ws/install/battle_interfaces/include/battle_interfaces/battle_interfaces/msg/target.h
[13.369s] -- Installing: /home/willi/battle_ws/install/battle_interfaces/share/battle_interfaces/environment/library_path.sh
[13.370s] -- Installing: /home/willi/battle_ws/install/battle_interfaces/share/battle_interfaces/environment/library_path.dsv
[13.370s] -- Installing: /home/willi/battle_ws/install/battle_interfaces/lib/libbattle_interfaces__rosidl_generator_c.so
[13.370s] -- Set runtime path of "/home/willi/battle_ws/install/battle_interfaces/lib/libbattle_interfaces__rosidl_generator_c.so" to ""
[13.370s] -- Up-to-date: /home/willi/battle_ws/install/battle_interfaces/include/battle_interfaces/battle_interfaces
[13.371s] -- Up-to-date: /home/willi/battle_ws/install/battle_interfaces/include/battle_interfaces/battle_interfaces/srv
[13.371s] -- Up-to-date: /home/willi/battle_ws/install/battle_interfaces/include/battle_interfaces/battle_interfaces/srv/detail
[13.371s] -- Installing: /home/willi/battle_ws/install/battle_interfaces/include/battle_interfaces/battle_interfaces/srv/detail/pointing__rosidl_typesupport_fastrtps_c.h
[13.371s] -- Up-to-date: /home/willi/battle_ws/install/battle_interfaces/include/battle_interfaces/battle_interfaces/msg
[13.371s] -- Installing: /home/willi/battle_ws/install/battle_interfaces/include/battle_interfaces/battle_interfaces/msg/rosidl_typesupport_fastrtps_c__visibility_control.h
[13.371s] -- Up-to-date: /home/willi/battle_ws/install/battle_interfaces/include/battle_interfaces/battle_interfaces/msg/detail
[13.372s] -- Installing: /home/willi/battle_ws/install/battle_interfaces/include/battle_interfaces/battle_interfaces/msg/detail/target_array__rosidl_typesupport_fastrtps_c.h
[13.372s] -- Installing: /home/willi/battle_ws/install/battle_interfaces/include/battle_interfaces/battle_interfaces/msg/detail/aim_vector__rosidl_typesupport_fastrtps_c.h
[13.372s] -- Installing: /home/willi/battle_ws/install/battle_interfaces/include/battle_interfaces/battle_interfaces/msg/detail/target__rosidl_typesupport_fastrtps_c.h
[13.372s] -- Installing: /home/willi/battle_ws/install/battle_interfaces/lib/libbattle_interfaces__rosidl_typesupport_fastrtps_c.so
[13.372s] -- Set runtime path of "/home/willi/battle_ws/install/battle_interfaces/lib/libbattle_interfaces__rosidl_typesupport_fastrtps_c.so" to ""
[13.373s] -- Up-to-date: /home/willi/battle_ws/install/battle_interfaces/include/battle_interfaces/battle_interfaces
[13.373s] -- Up-to-date: /home/willi/battle_ws/install/battle_interfaces/include/battle_interfaces/battle_interfaces/srv
[13.373s] -- Up-to-date: /home/willi/battle_ws/install/battle_interfaces/include/battle_interfaces/battle_interfaces/srv/detail
[13.373s] -- Installing: /home/willi/battle_ws/install/battle_interfaces/include/battle_interfaces/battle_interfaces/srv/detail/pointing__type_support.c
[13.373s] -- Installing: /home/willi/battle_ws/install/battle_interfaces/include/battle_interfaces/battle_interfaces/srv/detail/pointing__rosidl_typesupport_introspection_c.h
[13.373s] -- Up-to-date: /home/willi/battle_ws/install/battle_interfaces/include/battle_interfaces/battle_interfaces/msg
[13.374s] -- Up-to-date: /home/willi/battle_ws/install/battle_interfaces/include/battle_interfaces/battle_interfaces/msg/detail
[13.374s] -- Installing: /home/willi/battle_ws/install/battle_interfaces/include/battle_interfaces/battle_interfaces/msg/detail/target_array__type_support.c
[13.374s] -- Installing: /home/willi/battle_ws/install/battle_interfaces/include/battle_interfaces/battle_interfaces/msg/detail/aim_vector__type_support.c
[13.374s] -- Installing: /home/willi/battle_ws/install/battle_interfaces/include/battle_interfaces/battle_interfaces/msg/detail/aim_vector__rosidl_typesupport_introspection_c.h
[13.374s] -- Installing: /home/willi/battle_ws/install/battle_interfaces/include/battle_interfaces/battle_interfaces/msg/detail/target_array__rosidl_typesupport_introspection_c.h
[13.375s] -- Installing: /home/willi/battle_ws/install/battle_interfaces/include/battle_interfaces/battle_interfaces/msg/detail/target__type_support.c
[13.375s] -- Installing: /home/willi/battle_ws/install/battle_interfaces/include/battle_interfaces/battle_interfaces/msg/detail/target__rosidl_typesupport_introspection_c.h
[13.375s] -- Installing: /home/willi/battle_ws/install/battle_interfaces/include/battle_interfaces/battle_interfaces/msg/rosidl_typesupport_introspection_c__visibility_control.h
[13.375s] -- Installing: /home/willi/battle_ws/install/battle_interfaces/lib/libbattle_interfaces__rosidl_typesupport_introspection_c.so
[13.375s] -- Set runtime path of "/home/willi/battle_ws/install/battle_interfaces/lib/libbattle_interfaces__rosidl_typesupport_introspection_c.so" to ""
[13.375s] -- Installing: /home/willi/battle_ws/install/battle_interfaces/lib/libbattle_interfaces__rosidl_typesupport_c.so
[13.376s] -- Set runtime path of "/home/willi/battle_ws/install/battle_interfaces/lib/libbattle_interfaces__rosidl_typesupport_c.so" to ""
[13.376s] -- Up-to-date: /home/willi/battle_ws/install/battle_interfaces/include/battle_interfaces/battle_interfaces
[13.376s] -- Up-to-date: /home/willi/battle_ws/install/battle_interfaces/include/battle_interfaces/battle_interfaces/srv
[13.377s] -- Up-to-date: /home/willi/battle_ws/install/battle_interfaces/include/battle_interfaces/battle_interfaces/srv/detail
[13.377s] -- Installing: /home/willi/battle_ws/install/battle_interfaces/include/battle_interfaces/battle_interfaces/srv/detail/pointing__builder.hpp
[13.377s] -- Installing: /home/willi/battle_ws/install/battle_interfaces/include/battle_interfaces/battle_interfaces/srv/detail/pointing__type_support.hpp
[13.377s] -- Installing: /home/willi/battle_ws/install/battle_interfaces/include/battle_interfaces/battle_interfaces/srv/detail/pointing__traits.hpp
[13.377s] -- Installing: /home/willi/battle_ws/install/battle_interfaces/include/battle_interfaces/battle_interfaces/srv/detail/pointing__struct.hpp
[13.378s] -- Installing: /home/willi/battle_ws/install/battle_interfaces/include/battle_interfaces/battle_interfaces/srv/pointing.hpp
[13.378s] -- Up-to-date: /home/willi/battle_ws/install/battle_interfaces/include/battle_interfaces/battle_interfaces/msg
[13.378s] -- Installing: /home/willi/battle_ws/install/battle_interfaces/include/battle_interfaces/battle_interfaces/msg/target_array.hpp
[13.378s] -- Installing: /home/willi/battle_ws/install/battle_interfaces/include/battle_interfaces/battle_interfaces/msg/aim_vector.hpp
[13.378s] -- Up-to-date: /home/willi/battle_ws/install/battle_interfaces/include/battle_interfaces/battle_interfaces/msg/detail
[13.378s] -- Installing: /home/willi/battle_ws/install/battle_interfaces/include/battle_interfaces/battle_interfaces/msg/detail/target_array__traits.hpp
[13.379s] -- Installing: /home/willi/battle_ws/install/battle_interfaces/include/battle_interfaces/battle_interfaces/msg/detail/target_array__type_support.hpp
[13.379s] -- Installing: /home/willi/battle_ws/install/battle_interfaces/include/battle_interfaces/battle_interfaces/msg/detail/aim_vector__type_support.hpp
[13.379s] -- Installing: /home/willi/battle_ws/install/battle_interfaces/include/battle_interfaces/battle_interfaces/msg/detail/target__struct.hpp
[13.379s] -- Installing: /home/willi/battle_ws/install/battle_interfaces/include/battle_interfaces/battle_interfaces/msg/detail/target_array__builder.hpp
[13.379s] -- Installing: /home/willi/battle_ws/install/battle_interfaces/include/battle_interfaces/battle_interfaces/msg/detail/aim_vector__builder.hpp
[13.379s] -- Installing: /home/willi/battle_ws/install/battle_interfaces/include/battle_interfaces/battle_interfaces/msg/detail/target_array__struct.hpp
[13.379s] -- Installing: /home/willi/battle_ws/install/battle_interfaces/include/battle_interfaces/battle_interfaces/msg/detail/aim_vector__struct.hpp
[13.380s] -- Installing: /home/willi/battle_ws/install/battle_interfaces/include/battle_interfaces/battle_interfaces/msg/detail/target__type_support.hpp
[13.380s] -- Installing: /home/willi/battle_ws/install/battle_interfaces/include/battle_interfaces/battle_interfaces/msg/detail/aim_vector__traits.hpp
[13.380s] -- Installing: /home/willi/battle_ws/install/battle_interfaces/include/battle_interfaces/battle_interfaces/msg/detail/target__traits.hpp
[13.380s] -- Installing: /home/willi/battle_ws/install/battle_interfaces/include/battle_interfaces/battle_interfaces/msg/detail/target__builder.hpp
[13.380s] -- Installing: /home/willi/battle_ws/install/battle_interfaces/include/battle_interfaces/battle_interfaces/msg/target.hpp
[13.381s] -- Installing: /home/willi/battle_ws/install/battle_interfaces/include/battle_interfaces/battle_interfaces/msg/rosidl_generator_cpp__visibility_control.hpp
[13.381s] -- Up-to-date: /home/willi/battle_ws/install/battle_interfaces/include/battle_interfaces/battle_interfaces
[13.381s] -- Up-to-date: /home/willi/battle_ws/install/battle_interfaces/include/battle_interfaces/battle_interfaces/srv
[13.381s] -- Up-to-date: /home/willi/battle_ws/install/battle_interfaces/include/battle_interfaces/battle_interfaces/srv/detail
[13.381s] -- Installing: /home/willi/battle_ws/install/battle_interfaces/include/battle_interfaces/battle_interfaces/srv/detail/pointing__rosidl_typesupport_fastrtps_cpp.hpp
[13.381s] -- Installing: /home/willi/battle_ws/install/battle_interfaces/include/battle_interfaces/battle_interfaces/srv/detail/dds_fastrtps
[13.381s] -- Up-to-date: /home/willi/battle_ws/install/battle_interfaces/include/battle_interfaces/battle_interfaces/msg
[13.381s] -- Installing: /home/willi/battle_ws/install/battle_interfaces/include/battle_interfaces/battle_interfaces/msg/rosidl_typesupport_fastrtps_cpp__visibility_control.h
[13.381s] -- Up-to-date: /home/willi/battle_ws/install/battle_interfaces/include/battle_interfaces/battle_interfaces/msg/detail
[13.382s] -- Installing: /home/willi/battle_ws/install/battle_interfaces/include/battle_interfaces/battle_interfaces/msg/detail/target_array__rosidl_typesupport_fastrtps_cpp.hpp
[13.382s] -- Installing: /home/willi/battle_ws/install/battle_interfaces/include/battle_interfaces/battle_interfaces/msg/detail/aim_vector__rosidl_typesupport_fastrtps_cpp.hpp
[13.382s] -- Installing: /home/willi/battle_ws/install/battle_interfaces/include/battle_interfaces/battle_interfaces/msg/detail/target__rosidl_typesupport_fastrtps_cpp.hpp
[13.382s] -- Installing: /home/willi/battle_ws/install/battle_interfaces/include/battle_interfaces/battle_interfaces/msg/detail/dds_fastrtps
[13.382s] -- Installing: /home/willi/battle_ws/install/battle_interfaces/lib/libbattle_interfaces__rosidl_typesupport_fastrtps_cpp.so
[13.382s] -- Set runtime path of "/home/willi/battle_ws/install/battle_interfaces/lib/libbattle_interfaces__rosidl_typesupport_fastrtps_cpp.so" to ""
[13.383s] -- Up-to-date: /home/willi/battle_ws/install/battle_interfaces/include/battle_interfaces/battle_interfaces
[13.383s] -- Up-to-date: /home/willi/battle_ws/install/battle_interfaces/include/battle_interfaces/battle_interfaces/srv
[13.383s] -- Up-to-date: /home/willi/battle_ws/install/battle_interfaces/include/battle_interfaces/battle_interfaces/srv/detail
[13.383s] -- Installing: /home/willi/battle_ws/install/battle_interfaces/include/battle_interfaces/battle_interfaces/srv/detail/pointing__rosidl_typesupport_introspection_cpp.hpp
[13.383s] -- Installing: /home/willi/battle_ws/install/battle_interfaces/include/battle_interfaces/battle_interfaces/srv/detail/pointing__type_support.cpp
[13.383s] -- Up-to-date: /home/willi/battle_ws/install/battle_interfaces/include/battle_interfaces/battle_interfaces/msg
[13.384s] -- Up-to-date: /home/willi/battle_ws/install/battle_interfaces/include/battle_interfaces/battle_interfaces/msg/detail
[13.384s] -- Installing: /home/willi/battle_ws/install/battle_interfaces/include/battle_interfaces/battle_interfaces/msg/detail/target_array__type_support.cpp
[13.384s] -- Installing: /home/willi/battle_ws/install/battle_interfaces/include/battle_interfaces/battle_interfaces/msg/detail/target__type_support.cpp
[13.384s] -- Installing: /home/willi/battle_ws/install/battle_interfaces/include/battle_interfaces/battle_interfaces/msg/detail/target_array__rosidl_typesupport_introspection_cpp.hpp
[13.384s] -- Installing: /home/willi/battle_ws/install/battle_interfaces/include/battle_interfaces/battle_interfaces/msg/detail/aim_vector__rosidl_typesupport_introspection_cpp.hpp
[13.384s] -- Installing: /home/willi/battle_ws/install/battle_interfaces/include/battle_interfaces/battle_interfaces/msg/detail/target__rosidl_typesupport_introspection_cpp.hpp
[13.385s] -- Installing: /home/willi/battle_ws/install/battle_interfaces/include/battle_interfaces/battle_interfaces/msg/detail/aim_vector__type_support.cpp
[13.385s] -- Installing: /home/willi/battle_ws/install/battle_interfaces/lib/libbattle_interfaces__rosidl_typesupport_introspection_cpp.so
[13.385s] -- Set runtime path of "/home/willi/battle_ws/install/battle_interfaces/lib/libbattle_interfaces__rosidl_typesupport_introspection_cpp.so" to ""
[13.386s] -- Installing: /home/willi/battle_ws/install/battle_interfaces/lib/libbattle_interfaces__rosidl_typesupport_cpp.so
[13.386s] -- Set runtime path of "/home/willi/battle_ws/install/battle_interfaces/lib/libbattle_interfaces__rosidl_typesupport_cpp.so" to ""
[13.386s] -- Installing: /home/willi/battle_ws/install/battle_interfaces/share/battle_interfaces/environment/pythonpath.sh
[13.386s] -- Installing: /home/willi/battle_ws/install/battle_interfaces/share/battle_interfaces/environment/pythonpath.dsv
[13.386s] -- Installing: /home/willi/battle_ws/install/battle_interfaces/local/lib/python3.10/dist-packages/battle_interfaces-0.0.2-py3.10.egg-info
[13.386s] -- Installing: /home/willi/battle_ws/install/battle_interfaces/local/lib/python3.10/dist-packages/battle_interfaces-0.0.2-py3.10.egg-info/SOURCES.txt
[13.387s] -- Installing: /home/willi/battle_ws/install/battle_interfaces/local/lib/python3.10/dist-packages/battle_interfaces-0.0.2-py3.10.egg-info/top_level.txt
[13.387s] -- Installing: /home/willi/battle_ws/install/battle_interfaces/local/lib/python3.10/dist-packages/battle_interfaces-0.0.2-py3.10.egg-info/dependency_links.txt
[13.387s] -- Installing: /home/willi/battle_ws/install/battle_interfaces/local/lib/python3.10/dist-packages/battle_interfaces-0.0.2-py3.10.egg-info/PKG-INFO
[13.387s] -- Installing: /home/willi/battle_ws/install/battle_interfaces/local/lib/python3.10/dist-packages/battle_interfaces
[13.387s] -- Installing: /home/willi/battle_ws/install/battle_interfaces/local/lib/python3.10/dist-packages/battle_interfaces/srv
[13.387s] -- Installing: /home/willi/battle_ws/install/battle_interfaces/local/lib/python3.10/dist-packages/battle_interfaces/srv/_pointing_s.c
[13.387s] -- Installing: /home/willi/battle_ws/install/battle_interfaces/local/lib/python3.10/dist-packages/battle_interfaces/srv/__init__.py
[13.388s] -- Installing: /home/willi/battle_ws/install/battle_interfaces/local/lib/python3.10/dist-packages/battle_interfaces/srv/_pointing.py
[13.388s] -- Installing: /home/willi/battle_ws/install/battle_interfaces/local/lib/python3.10/dist-packages/battle_interfaces/battle_interfaces_s__rosidl_typesupport_c.cpython-310-x86_64-linux-gnu.so
[13.388s] -- Installing: /home/willi/battle_ws/install/battle_interfaces/local/lib/python3.10/dist-packages/battle_interfaces/_battle_interfaces_s.ep.rosidl_typesupport_c.c
[13.388s] -- Installing: /home/willi/battle_ws/install/battle_interfaces/local/lib/python3.10/dist-packages/battle_interfaces/msg
[13.388s] -- Installing: /home/willi/battle_ws/install/battle_interfaces/local/lib/python3.10/dist-packages/battle_interfaces/msg/_aim_vector_s.c
[13.389s] -- Installing: /home/willi/battle_ws/install/battle_interfaces/local/lib/python3.10/dist-packages/battle_interfaces/msg/_aim_vector.py
[13.389s] -- Installing: /home/willi/battle_ws/install/battle_interfaces/local/lib/python3.10/dist-packages/battle_interfaces/msg/_target_array.py
[13.389s] -- Installing: /home/willi/battle_ws/install/battle_interfaces/local/lib/python3.10/dist-packages/battle_interfaces/msg/_target_array_s.c
[13.389s] -- Installing: /home/willi/battle_ws/install/battle_interfaces/local/lib/python3.10/dist-packages/battle_interfaces/msg/__init__.py
[13.389s] -- Installing: /home/willi/battle_ws/install/battle_interfaces/local/lib/python3.10/dist-packages/battle_interfaces/msg/_target.py
[13.390s] -- Installing: /home/willi/battle_ws/install/battle_interfaces/local/lib/python3.10/dist-packages/battle_interfaces/msg/_target_s.c
[13.390s] -- Installing: /home/willi/battle_ws/install/battle_interfaces/local/lib/python3.10/dist-packages/battle_interfaces/_battle_interfaces_s.ep.rosidl_typesupport_introspection_c.c
[13.390s] -- Installing: /home/willi/battle_ws/install/battle_interfaces/local/lib/python3.10/dist-packages/battle_interfaces/battle_interfaces_s__rosidl_typesupport_introspection_c.cpython-310-x86_64-linux-gnu.so
[13.390s] -- Installing: /home/willi/battle_ws/install/battle_interfaces/local/lib/python3.10/dist-packages/battle_interfaces/_battle_interfaces_s.ep.rosidl_typesupport_fastrtps_c.c
[13.390s] -- Installing: /home/willi/battle_ws/install/battle_interfaces/local/lib/python3.10/dist-packages/battle_interfaces/__init__.py
[13.391s] -- Installing: /home/willi/battle_ws/install/battle_interfaces/local/lib/python3.10/dist-packages/battle_interfaces/libbattle_interfaces__rosidl_generator_py.so
[13.391s] -- Installing: /home/willi/battle_ws/install/battle_interfaces/local/lib/python3.10/dist-packages/battle_interfaces/battle_interfaces_s__rosidl_typesupport_fastrtps_c.cpython-310-x86_64-linux-gnu.so
[13.448s] Listing '/home/willi/battle_ws/install/battle_interfaces/local/lib/python3.10/dist-packages/battle_interfaces'...
[13.448s] Compiling '/home/willi/battle_ws/install/battle_interfaces/local/lib/python3.10/dist-packages/battle_interfaces/__init__.py'...
[13.448s] Listing '/home/willi/battle_ws/install/battle_interfaces/local/lib/python3.10/dist-packages/battle_interfaces/msg'...
[13.448s] Compiling '/home/willi/battle_ws/install/battle_interfaces/local/lib/python3.10/dist-packages/battle_interfaces/msg/__init__.py'...
[13.448s] Compiling '/home/willi/battle_ws/install/battle_interfaces/local/lib/python3.10/dist-packages/battle_interfaces/msg/_aim_vector.py'...
[13.449s] Compiling '/home/willi/battle_ws/install/battle_interfaces/local/lib/python3.10/dist-packages/battle_interfaces/msg/_target.py'...
[13.449s] Compiling '/home/willi/battle_ws/install/battle_interfaces/local/lib/python3.10/dist-packages/battle_interfaces/msg/_target_array.py'...
[13.449s] Listing '/home/willi/battle_ws/install/battle_interfaces/local/lib/python3.10/dist-packages/battle_interfaces/srv'...
[13.449s] Compiling '/home/willi/battle_ws/install/battle_interfaces/local/lib/python3.10/dist-packages/battle_interfaces/srv/__init__.py'...
[13.449s] Compiling '/home/willi/battle_ws/install/battle_interfaces/local/lib/python3.10/dist-packages/battle_interfaces/srv/_pointing.py'...
[13.456s] -- Installing: /home/willi/battle_ws/install/battle_interfaces/local/lib/python3.10/dist-packages/battle_interfaces/battle_interfaces_s__rosidl_typesupport_fastrtps_c.cpython-310-x86_64-linux-gnu.so
[13.456s] -- Set runtime path of "/home/willi/battle_ws/install/battle_interfaces/local/lib/python3.10/dist-packages/battle_interfaces/battle_interfaces_s__rosidl_typesupport_fastrtps_c.cpython-310-x86_64-linux-gnu.so" to ""
[13.456s] -- Installing: /home/willi/battle_ws/install/battle_interfaces/local/lib/python3.10/dist-packages/battle_interfaces/battle_interfaces_s__rosidl_typesupport_introspection_c.cpython-310-x86_64-linux-gnu.so
[13.457s] -- Set runtime path of "/home/willi/battle_ws/install/battle_interfaces/local/lib/python3.10/dist-packages/battle_interfaces/battle_interfaces_s__rosidl_typesupport_introspection_c.cpython-310-x86_64-linux-gnu.so" to ""
[13.457s] -- Installing: /home/willi/battle_ws/install/battle_interfaces/local/lib/python3.10/dist-packages/battle_interfaces/battle_interfaces_s__rosidl_typesupport_c.cpython-310-x86_64-linux-gnu.so
[13.458s] -- Set runtime path of "/home/willi/battle_ws/install/battle_interfaces/local/lib/python3.10/dist-packages/battle_interfaces/battle_interfaces_s__rosidl_typesupport_c.cpython-310-x86_64-linux-gnu.so" to ""
[13.458s] -- Installing: /home/willi/battle_ws/install/battle_interfaces/lib/libbattle_interfaces__rosidl_generator_py.so
[13.459s] -- Set runtime path of "/home/willi/battle_ws/install/battle_interfaces/lib/libbattle_interfaces__rosidl_generator_py.so" to ""
[13.459s] -- Installing: /home/willi/battle_ws/install/battle_interfaces/share/battle_interfaces/msg/Target.idl
[13.460s] -- Installing: /home/willi/battle_ws/install/battle_interfaces/share/battle_interfaces/msg/TargetArray.idl
[13.460s] -- Installing: /home/willi/battle_ws/install/battle_interfaces/share/battle_interfaces/msg/AimVector.idl
[13.460s] -- Installing: /home/willi/battle_ws/install/battle_interfaces/share/battle_interfaces/srv/Pointing.idl
[13.460s] -- Installing: /home/willi/battle_ws/install/battle_interfaces/share/battle_interfaces/msg/Target.msg
[13.461s] -- Installing: /home/willi/battle_ws/install/battle_interfaces/share/battle_interfaces/msg/TargetArray.msg
[13.461s] -- Installing: /home/willi/battle_ws/install/battle_interfaces/share/battle_interfaces/msg/AimVector.msg
[13.461s] -- Installing: /home/willi/battle_ws/install/battle_interfaces/share/battle_interfaces/srv/Pointing.srv
[13.461s] -- Installing: /home/willi/battle_ws/install/battle_interfaces/share/battle_interfaces/srv/Pointing_Request.msg
[13.462s] -- Installing: /home/willi/battle_ws/install/battle_interfaces/share/battle_interfaces/srv/Pointing_Response.msg
[13.462s] -- Installing: /home/willi/battle_ws/install/battle_interfaces/share/ament_index/resource_index/package_run_dependencies/battle_interfaces
[13.462s] -- Installing: /home/willi/battle_ws/install/battle_interfaces/share/ament_index/resource_index/parent_prefix_path/battle_interfaces
[13.462s] -- Installing: /home/willi/battle_ws/install/battle_interfaces/share/battle_interfaces/environment/ament_prefix_path.sh
[13.463s] -- Installing: /home/willi/battle_ws/install/battle_interfaces/share/battle_interfaces/environment/ament_prefix_path.dsv
[13.463s] -- Installing: /home/willi/battle_ws/install/battle_interfaces/share/battle_interfaces/environment/path.sh
[13.463s] -- Installing: /home/willi/battle_ws/install/battle_interfaces/share/battle_interfaces/environment/path.dsv
[13.463s] -- Installing: /home/willi/battle_ws/install/battle_interfaces/share/battle_interfaces/local_setup.bash
[13.464s] -- Installing: /home/willi/battle_ws/install/battle_interfaces/share/battle_interfaces/local_setup.sh
[13.464s] -- Installing: /home/willi/battle_ws/install/battle_interfaces/share/battle_interfaces/local_setup.zsh
[13.464s] -- Installing: /home/willi/battle_ws/install/battle_interfaces/share/battle_interfaces/local_setup.dsv
[13.464s] -- Installing: /home/willi/battle_ws/install/battle_interfaces/share/battle_interfaces/package.dsv
[13.465s] -- Installing: /home/willi/battle_ws/install/battle_interfaces/share/ament_index/resource_index/packages/battle_interfaces
[13.465s] -- Installing: /home/willi/battle_ws/install/battle_interfaces/share/battle_interfaces/cmake/export_battle_interfaces__rosidl_generator_cExport.cmake
[13.465s] -- Installing: /home/willi/battle_ws/install/battle_interfaces/share/battle_interfaces/cmake/export_battle_interfaces__rosidl_generator_cExport-noconfig.cmake
[13.465s] -- Installing: /home/willi/battle_ws/install/battle_interfaces/share/battle_interfaces/cmake/export_battle_interfaces__rosidl_typesupport_fastrtps_cExport.cmake
[13.466s] -- Installing: /home/willi/battle_ws/install/battle_interfaces/share/battle_interfaces/cmake/export_battle_interfaces__rosidl_typesupport_fastrtps_cExport-noconfig.cmake
[13.466s] -- Installing: /home/willi/battle_ws/install/battle_interfaces/share/battle_interfaces/cmake/battle_interfaces__rosidl_typesupport_introspection_cExport.cmake
[13.466s] -- Installing: /home/willi/battle_ws/install/battle_interfaces/share/battle_interfaces/cmake/battle_interfaces__rosidl_typesupport_introspection_cExport-noconfig.cmake
[13.466s] -- Installing: /home/willi/battle_ws/install/battle_interfaces/share/battle_interfaces/cmake/battle_interfaces__rosidl_typesupport_cExport.cmake
[13.467s] -- Installing: /home/willi/battle_ws/install/battle_interfaces/share/battle_interfaces/cmake/battle_interfaces__rosidl_typesupport_cExport-noconfig.cmake
[13.467s] -- Installing: /home/willi/battle_ws/install/battle_interfaces/share/battle_interfaces/cmake/export_battle_interfaces__rosidl_generator_cppExport.cmake
[13.467s] -- Installing: /home/willi/battle_ws/install/battle_interfaces/share/battle_interfaces/cmake/export_battle_interfaces__rosidl_typesupport_fastrtps_cppExport.cmake
[13.467s] -- Installing: /home/willi/battle_ws/install/battle_interfaces/share/battle_interfaces/cmake/export_battle_interfaces__rosidl_typesupport_fastrtps_cppExport-noconfig.cmake
[13.468s] -- Installing: /home/willi/battle_ws/install/battle_interfaces/share/battle_interfaces/cmake/battle_interfaces__rosidl_typesupport_introspection_cppExport.cmake
[13.468s] -- Installing: /home/willi/battle_ws/install/battle_interfaces/share/battle_interfaces/cmake/battle_interfaces__rosidl_typesupport_introspection_cppExport-noconfig.cmake
[13.468s] -- Installing: /home/willi/battle_ws/install/battle_interfaces/share/battle_interfaces/cmake/battle_interfaces__rosidl_typesupport_cppExport.cmake
[13.468s] -- Installing: /home/willi/battle_ws/install/battle_interfaces/share/battle_interfaces/cmake/battle_interfaces__rosidl_typesupport_cppExport-noconfig.cmake
[13.469s] -- Installing: /home/willi/battle_ws/install/battle_interfaces/share/battle_interfaces/cmake/export_battle_interfaces__rosidl_generator_pyExport.cmake
[13.469s] -- Installing: /home/willi/battle_ws/install/battle_interfaces/share/battle_interfaces/cmake/export_battle_interfaces__rosidl_generator_pyExport-noconfig.cmake
[13.469s] -- Installing: /home/willi/battle_ws/install/battle_interfaces/share/battle_interfaces/cmake/rosidl_cmake-extras.cmake
[13.470s] -- Installing: /home/willi/battle_ws/install/battle_interfaces/share/battle_interfaces/cmake/ament_cmake_export_dependencies-extras.cmake
[13.470s] -- Installing: /home/willi/battle_ws/install/battle_interfaces/share/battle_interfaces/cmake/ament_cmake_export_include_directories-extras.cmake
[13.470s] -- Installing: /home/willi/battle_ws/install/battle_interfaces/share/battle_interfaces/cmake/ament_cmake_export_libraries-extras.cmake
[13.470s] -- Installing: /home/willi/battle_ws/install/battle_interfaces/share/battle_interfaces/cmake/ament_cmake_export_targets-extras.cmake
[13.470s] -- Installing: /home/willi/battle_ws/install/battle_interfaces/share/battle_interfaces/cmake/rosidl_cmake_export_typesupport_targets-extras.cmake
[13.471s] -- Installing: /home/willi/battle_ws/install/battle_interfaces/share/battle_interfaces/cmake/rosidl_cmake_export_typesupport_libraries-extras.cmake
[13.471s] -- Installing: /home/willi/battle_ws/install/battle_interfaces/share/battle_interfaces/cmake/battle_interfacesConfig.cmake
[13.471s] -- Installing: /home/willi/battle_ws/install/battle_interfaces/share/battle_interfaces/cmake/battle_interfacesConfig-version.cmake
[13.471s] -- Installing: /home/willi/battle_ws/install/battle_interfaces/share/battle_interfaces/package.xml
[13.477s] Invoked command in '/home/willi/battle_ws/build/battle_interfaces' returned '0': CMAKE_PREFIX_PATH=${CMAKE_PREFIX_PATH}:/home/willi/battle_ws/install/fire_platform_3:/home/willi/battle_ws/install/fire_platform:/home/willi/battle_ws/install/fire_platform_description:/opt/ros/humble /usr/bin/cmake --install /home/willi/battle_ws/build/battle_interfaces
