running egg_info
creating ../../build/operator_interface/operator_interface.egg-info
writing ../../build/operator_interface/operator_interface.egg-info/PKG-INFO
writing dependency_links to ../../build/operator_interface/operator_interface.egg-info/dependency_links.txt
writing requirements to ../../build/operator_interface/operator_interface.egg-info/requires.txt
writing top-level names to ../../build/operator_interface/operator_interface.egg-info/top_level.txt
writing manifest file '../../build/operator_interface/operator_interface.egg-info/SOURCES.txt'
reading manifest file '../../build/operator_interface/operator_interface.egg-info/SOURCES.txt'
writing manifest file '../../build/operator_interface/operator_interface.egg-info/SOURCES.txt'
running build
running build_py
creating /home/willi/battle_ws/build/operator_interface/build
creating /home/willi/battle_ws/build/operator_interface/build/lib
creating /home/willi/battle_ws/build/operator_interface/build/lib/operator_interface
copying operator_interface/__init__.py -> /home/willi/battle_ws/build/operator_interface/build/lib/operator_interface
running install
running install_lib
creating /home/willi/battle_ws/install/operator_interface/lib/python3.10/site-packages/operator_interface
copying /home/willi/battle_ws/build/operator_interface/build/lib/operator_interface/__init__.py -> /home/willi/battle_ws/install/operator_interface/lib/python3.10/site-packages/operator_interface
byte-compiling /home/willi/battle_ws/install/operator_interface/lib/python3.10/site-packages/operator_interface/__init__.py to __init__.cpython-310.pyc
running install_data
creating /home/willi/battle_ws/install/operator_interface/share
creating /home/willi/battle_ws/install/operator_interface/share/ament_index
creating /home/willi/battle_ws/install/operator_interface/share/ament_index/resource_index
creating /home/willi/battle_ws/install/operator_interface/share/ament_index/resource_index/packages
copying resource/operator_interface -> /home/willi/battle_ws/install/operator_interface/share/ament_index/resource_index/packages
creating /home/willi/battle_ws/install/operator_interface/share/operator_interface
copying package.xml -> /home/willi/battle_ws/install/operator_interface/share/operator_interface
running install_egg_info
Copying ../../build/operator_interface/operator_interface.egg-info to /home/willi/battle_ws/install/operator_interface/lib/python3.10/site-packages/operator_interface-0.0.0-py3.10.egg-info
running install_scripts
writing list of installed files to '/home/willi/battle_ws/build/operator_interface/install.log'
