[1.562s] Invoking command in '/home/willi/battle_ws/src/operator_interface': PYTHONPATH=/home/willi/battle_ws/build/operator_interface/prefix_override:/usr/lib/python3/dist-packages/colcon_core/task/python/colcon_distutils_commands:/home/willi/battle_ws/install/operator_interface/lib/python3.10/site-packages:${PYTHONPATH} /usr/bin/python3 -W ignore:setup.py install is deprecated -W ignore:easy_install command is deprecated setup.py egg_info --egg-base ../../build/operator_interface build --build-base /home/willi/battle_ws/build/operator_interface/build install --record /home/willi/battle_ws/build/operator_interface/install.log --single-version-externally-managed install_data
[2.137s] running egg_info
[2.137s] creating ../../build/operator_interface/operator_interface.egg-info
[2.161s] writing ../../build/operator_interface/operator_interface.egg-info/PKG-INFO
[2.161s] writing dependency_links to ../../build/operator_interface/operator_interface.egg-info/dependency_links.txt
[2.162s] writing requirements to ../../build/operator_interface/operator_interface.egg-info/requires.txt
[2.162s] writing top-level names to ../../build/operator_interface/operator_interface.egg-info/top_level.txt
[2.162s] writing manifest file '../../build/operator_interface/operator_interface.egg-info/SOURCES.txt'
[2.223s] reading manifest file '../../build/operator_interface/operator_interface.egg-info/SOURCES.txt'
[2.224s] writing manifest file '../../build/operator_interface/operator_interface.egg-info/SOURCES.txt'
[2.224s] running build
[2.225s] running build_py
[2.225s] creating /home/willi/battle_ws/build/operator_interface/build
[2.225s] creating /home/willi/battle_ws/build/operator_interface/build/lib
[2.225s] creating /home/willi/battle_ws/build/operator_interface/build/lib/operator_interface
[2.225s] copying operator_interface/__init__.py -> /home/willi/battle_ws/build/operator_interface/build/lib/operator_interface
[2.225s] running install
[2.232s] running install_lib
[2.256s] creating /home/willi/battle_ws/install/operator_interface/lib/python3.10/site-packages/operator_interface
[2.256s] copying /home/willi/battle_ws/build/operator_interface/build/lib/operator_interface/__init__.py -> /home/willi/battle_ws/install/operator_interface/lib/python3.10/site-packages/operator_interface
[2.257s] byte-compiling /home/willi/battle_ws/install/operator_interface/lib/python3.10/site-packages/operator_interface/__init__.py to __init__.cpython-310.pyc
[2.257s] running install_data
[2.258s] creating /home/willi/battle_ws/install/operator_interface/share
[2.258s] creating /home/willi/battle_ws/install/operator_interface/share/ament_index
[2.258s] creating /home/willi/battle_ws/install/operator_interface/share/ament_index/resource_index
[2.258s] creating /home/willi/battle_ws/install/operator_interface/share/ament_index/resource_index/packages
[2.258s] copying resource/operator_interface -> /home/willi/battle_ws/install/operator_interface/share/ament_index/resource_index/packages
[2.259s] creating /home/willi/battle_ws/install/operator_interface/share/operator_interface
[2.259s] copying package.xml -> /home/willi/battle_ws/install/operator_interface/share/operator_interface
[2.259s] running install_egg_info
[2.285s] Copying ../../build/operator_interface/operator_interface.egg-info to /home/willi/battle_ws/install/operator_interface/lib/python3.10/site-packages/operator_interface-0.0.0-py3.10.egg-info
[2.286s] running install_scripts
[2.381s] writing list of installed files to '/home/willi/battle_ws/build/operator_interface/install.log'
[2.448s] Invoked command in '/home/willi/battle_ws/src/operator_interface' returned '0': PYTHONPATH=/home/willi/battle_ws/build/operator_interface/prefix_override:/usr/lib/python3/dist-packages/colcon_core/task/python/colcon_distutils_commands:/home/willi/battle_ws/install/operator_interface/lib/python3.10/site-packages:${PYTHONPATH} /usr/bin/python3 -W ignore:setup.py install is deprecated -W ignore:easy_install command is deprecated setup.py egg_info --egg-base ../../build/operator_interface build --build-base /home/willi/battle_ws/build/operator_interface/build install --record /home/willi/battle_ws/build/operator_interface/install.log --single-version-externally-managed install_data
