[0.159s] DEBUG:colcon:Command line arguments: ['/usr/bin/colcon', 'build', '--packages-select', 'battle_interfaces']
[0.159s] DEBUG:colcon:Parsed command line arguments: Namespace(log_base=None, log_level=None, verb_name='build', build_base='build', install_base='install', merge_install=False, symlink_install=False, test_result_base=None, continue_on_error=False, executor='parallel', parallel_workers=4, event_handlers=None, ignore_user_meta=False, metas=['./colcon.meta'], base_paths=['.'], packages_ignore=None, packages_ignore_regex=None, paths=None, packages_up_to=None, packages_up_to_regex=None, packages_above=None, packages_above_and_dependencies=None, packages_above_depth=None, packages_select_by_dep=None, packages_skip_by_dep=None, packages_skip_up_to=None, packages_select_build_failed=False, packages_skip_build_finished=False, packages_select_test_failures=False, packages_skip_test_passed=False, packages_select=['battle_interfaces'], packages_skip=None, packages_select_regex=None, packages_skip_regex=None, packages_start=None, packages_end=None, allow_overriding=[], cmake_args=None, cmake_target=None, cmake_target_skip_unavailable=False, cmake_clean_cache=False, cmake_clean_first=False, cmake_force_configure=False, ament_cmake_args=None, catkin_cmake_args=None, catkin_skip_building_tests=False, verb_parser=<colcon_defaults.argument_parser.defaults.DefaultArgumentsDecorator object at 0x71b7bd7510f0>, verb_extension=<colcon_core.verb.build.BuildVerb object at 0x71b7bd750be0>, main=<bound method BuildVerb.main of <colcon_core.verb.build.BuildVerb object at 0x71b7bd750be0>>)
[0.537s] Level 1:colcon.colcon_core.package_discovery:discover_packages(colcon_meta) check parameters
[0.537s] Level 1:colcon.colcon_core.package_discovery:discover_packages(recursive) check parameters
[0.537s] Level 1:colcon.colcon_core.package_discovery:discover_packages(ignore) check parameters
[0.537s] Level 1:colcon.colcon_core.package_discovery:discover_packages(path) check parameters
[0.537s] Level 1:colcon.colcon_core.package_discovery:discover_packages(colcon_meta) discover
[0.537s] Level 1:colcon.colcon_core.package_discovery:discover_packages(recursive) discover
[0.537s] INFO:colcon.colcon_core.package_discovery:Crawling recursively for packages in '/home/willi/battle_ws'
[0.538s] Level 1:colcon.colcon_core.package_identification:_identify(.) by extensions ['ignore', 'ignore_ament_install']
[0.538s] Level 1:colcon.colcon_core.package_identification:_identify(.) by extension 'ignore'
[0.538s] Level 1:colcon.colcon_core.package_identification:_identify(.) by extension 'ignore_ament_install'
[0.538s] Level 1:colcon.colcon_core.package_identification:_identify(.) by extensions ['colcon_pkg']
[0.538s] Level 1:colcon.colcon_core.package_identification:_identify(.) by extension 'colcon_pkg'
[0.538s] Level 1:colcon.colcon_core.package_identification:_identify(.) by extensions ['colcon_meta']
[0.538s] Level 1:colcon.colcon_core.package_identification:_identify(.) by extension 'colcon_meta'
[0.539s] Level 1:colcon.colcon_core.package_identification:_identify(.) by extensions ['ros']
[0.539s] Level 1:colcon.colcon_core.package_identification:_identify(.) by extension 'ros'
[0.560s] Level 1:colcon.colcon_core.package_identification:_identify(.) by extensions ['cmake', 'python']
[0.560s] Level 1:colcon.colcon_core.package_identification:_identify(.) by extension 'cmake'
[0.561s] Level 1:colcon.colcon_core.package_identification:_identify(.) by extension 'python'
[0.561s] Level 1:colcon.colcon_core.package_identification:_identify(.) by extensions ['python_setup_py']
[0.561s] Level 1:colcon.colcon_core.package_identification:_identify(.) by extension 'python_setup_py'
[0.561s] Level 1:colcon.colcon_core.package_identification:_identify(build) by extensions ['ignore', 'ignore_ament_install']
[0.561s] Level 1:colcon.colcon_core.package_identification:_identify(build) by extension 'ignore'
[0.561s] Level 1:colcon.colcon_core.package_identification:_identify(build) ignored
[0.562s] Level 1:colcon.colcon_core.package_identification:_identify(docs) by extensions ['ignore', 'ignore_ament_install']
[0.562s] Level 1:colcon.colcon_core.package_identification:_identify(docs) by extension 'ignore'
[0.562s] Level 1:colcon.colcon_core.package_identification:_identify(docs) by extension 'ignore_ament_install'
[0.562s] Level 1:colcon.colcon_core.package_identification:_identify(docs) by extensions ['colcon_pkg']
[0.562s] Level 1:colcon.colcon_core.package_identification:_identify(docs) by extension 'colcon_pkg'
[0.562s] Level 1:colcon.colcon_core.package_identification:_identify(docs) by extensions ['colcon_meta']
[0.562s] Level 1:colcon.colcon_core.package_identification:_identify(docs) by extension 'colcon_meta'
[0.562s] Level 1:colcon.colcon_core.package_identification:_identify(docs) by extensions ['ros']
[0.562s] Level 1:colcon.colcon_core.package_identification:_identify(docs) by extension 'ros'
[0.563s] Level 1:colcon.colcon_core.package_identification:_identify(docs) by extensions ['cmake', 'python']
[0.563s] Level 1:colcon.colcon_core.package_identification:_identify(docs) by extension 'cmake'
[0.563s] Level 1:colcon.colcon_core.package_identification:_identify(docs) by extension 'python'
[0.563s] Level 1:colcon.colcon_core.package_identification:_identify(docs) by extensions ['python_setup_py']
[0.563s] Level 1:colcon.colcon_core.package_identification:_identify(docs) by extension 'python_setup_py'
[0.563s] Level 1:colcon.colcon_core.package_identification:_identify(install) by extensions ['ignore', 'ignore_ament_install']
[0.563s] Level 1:colcon.colcon_core.package_identification:_identify(install) by extension 'ignore'
[0.563s] Level 1:colcon.colcon_core.package_identification:_identify(install) ignored
[0.564s] Level 1:colcon.colcon_core.package_identification:_identify(log) by extensions ['ignore', 'ignore_ament_install']
[0.564s] Level 1:colcon.colcon_core.package_identification:_identify(log) by extension 'ignore'
[0.564s] Level 1:colcon.colcon_core.package_identification:_identify(log) ignored
[0.564s] Level 1:colcon.colcon_core.package_identification:_identify(src) by extensions ['ignore', 'ignore_ament_install']
[0.564s] Level 1:colcon.colcon_core.package_identification:_identify(src) by extension 'ignore'
[0.564s] Level 1:colcon.colcon_core.package_identification:_identify(src) by extension 'ignore_ament_install'
[0.564s] Level 1:colcon.colcon_core.package_identification:_identify(src) by extensions ['colcon_pkg']
[0.564s] Level 1:colcon.colcon_core.package_identification:_identify(src) by extension 'colcon_pkg'
[0.565s] Level 1:colcon.colcon_core.package_identification:_identify(src) by extensions ['colcon_meta']
[0.565s] Level 1:colcon.colcon_core.package_identification:_identify(src) by extension 'colcon_meta'
[0.565s] Level 1:colcon.colcon_core.package_identification:_identify(src) by extensions ['ros']
[0.565s] Level 1:colcon.colcon_core.package_identification:_identify(src) by extension 'ros'
[0.565s] Level 1:colcon.colcon_core.package_identification:_identify(src) by extensions ['cmake', 'python']
[0.565s] Level 1:colcon.colcon_core.package_identification:_identify(src) by extension 'cmake'
[0.565s] Level 1:colcon.colcon_core.package_identification:_identify(src) by extension 'python'
[0.565s] Level 1:colcon.colcon_core.package_identification:_identify(src) by extensions ['python_setup_py']
[0.565s] Level 1:colcon.colcon_core.package_identification:_identify(src) by extension 'python_setup_py'
[0.565s] Level 1:colcon.colcon_core.package_identification:_identify(src/battle_interfaces) by extensions ['ignore', 'ignore_ament_install']
[0.565s] Level 1:colcon.colcon_core.package_identification:_identify(src/battle_interfaces) by extension 'ignore'
[0.565s] Level 1:colcon.colcon_core.package_identification:_identify(src/battle_interfaces) by extension 'ignore_ament_install'
[0.566s] Level 1:colcon.colcon_core.package_identification:_identify(src/battle_interfaces) by extensions ['colcon_pkg']
[0.566s] Level 1:colcon.colcon_core.package_identification:_identify(src/battle_interfaces) by extension 'colcon_pkg'
[0.566s] Level 1:colcon.colcon_core.package_identification:_identify(src/battle_interfaces) by extensions ['colcon_meta']
[0.566s] Level 1:colcon.colcon_core.package_identification:_identify(src/battle_interfaces) by extension 'colcon_meta'
[0.566s] Level 1:colcon.colcon_core.package_identification:_identify(src/battle_interfaces) by extensions ['ros']
[0.566s] Level 1:colcon.colcon_core.package_identification:_identify(src/battle_interfaces) by extension 'ros'
[0.570s] DEBUG:colcon.colcon_core.package_identification:Package 'src/battle_interfaces' with type 'ros.ament_cmake' and name 'battle_interfaces'
[0.570s] Level 1:colcon.colcon_core.package_identification:_identify(src/central_hub) by extensions ['ignore', 'ignore_ament_install']
[0.570s] Level 1:colcon.colcon_core.package_identification:_identify(src/central_hub) by extension 'ignore'
[0.570s] Level 1:colcon.colcon_core.package_identification:_identify(src/central_hub) by extension 'ignore_ament_install'
[0.570s] Level 1:colcon.colcon_core.package_identification:_identify(src/central_hub) by extensions ['colcon_pkg']
[0.570s] Level 1:colcon.colcon_core.package_identification:_identify(src/central_hub) by extension 'colcon_pkg'
[0.570s] Level 1:colcon.colcon_core.package_identification:_identify(src/central_hub) by extensions ['colcon_meta']
[0.570s] Level 1:colcon.colcon_core.package_identification:_identify(src/central_hub) by extension 'colcon_meta'
[0.571s] Level 1:colcon.colcon_core.package_identification:_identify(src/central_hub) by extensions ['ros']
[0.571s] Level 1:colcon.colcon_core.package_identification:_identify(src/central_hub) by extension 'ros'
[0.572s] DEBUG:colcon.colcon_core.package_identification:Package 'src/central_hub' with type 'ros.ament_python' and name 'central_hub'
[0.572s] Level 1:colcon.colcon_core.package_identification:_identify(src/combat_platform) by extensions ['ignore', 'ignore_ament_install']
[0.572s] Level 1:colcon.colcon_core.package_identification:_identify(src/combat_platform) by extension 'ignore'
[0.572s] Level 1:colcon.colcon_core.package_identification:_identify(src/combat_platform) by extension 'ignore_ament_install'
[0.572s] Level 1:colcon.colcon_core.package_identification:_identify(src/combat_platform) by extensions ['colcon_pkg']
[0.572s] Level 1:colcon.colcon_core.package_identification:_identify(src/combat_platform) by extension 'colcon_pkg'
[0.572s] Level 1:colcon.colcon_core.package_identification:_identify(src/combat_platform) by extensions ['colcon_meta']
[0.572s] Level 1:colcon.colcon_core.package_identification:_identify(src/combat_platform) by extension 'colcon_meta'
[0.572s] Level 1:colcon.colcon_core.package_identification:_identify(src/combat_platform) by extensions ['ros']
[0.572s] Level 1:colcon.colcon_core.package_identification:_identify(src/combat_platform) by extension 'ros'
[0.573s] DEBUG:colcon.colcon_core.package_identification:Package 'src/combat_platform' with type 'ros.ament_python' and name 'combat_platform'
[0.574s] Level 1:colcon.colcon_core.package_identification:_identify(src/command_center) by extensions ['ignore', 'ignore_ament_install']
[0.574s] Level 1:colcon.colcon_core.package_identification:_identify(src/command_center) by extension 'ignore'
[0.574s] Level 1:colcon.colcon_core.package_identification:_identify(src/command_center) by extension 'ignore_ament_install'
[0.574s] Level 1:colcon.colcon_core.package_identification:_identify(src/command_center) by extensions ['colcon_pkg']
[0.574s] Level 1:colcon.colcon_core.package_identification:_identify(src/command_center) by extension 'colcon_pkg'
[0.574s] Level 1:colcon.colcon_core.package_identification:_identify(src/command_center) by extensions ['colcon_meta']
[0.574s] Level 1:colcon.colcon_core.package_identification:_identify(src/command_center) by extension 'colcon_meta'
[0.574s] Level 1:colcon.colcon_core.package_identification:_identify(src/command_center) by extensions ['ros']
[0.574s] Level 1:colcon.colcon_core.package_identification:_identify(src/command_center) by extension 'ros'
[0.575s] DEBUG:colcon.colcon_core.package_identification:Package 'src/command_center' with type 'ros.ament_python' and name 'command_center'
[0.575s] Level 1:colcon.colcon_core.package_identification:_identify(src/common_msgs) by extensions ['ignore', 'ignore_ament_install']
[0.575s] Level 1:colcon.colcon_core.package_identification:_identify(src/common_msgs) by extension 'ignore'
[0.576s] Level 1:colcon.colcon_core.package_identification:_identify(src/common_msgs) by extension 'ignore_ament_install'
[0.576s] Level 1:colcon.colcon_core.package_identification:_identify(src/common_msgs) by extensions ['colcon_pkg']
[0.576s] Level 1:colcon.colcon_core.package_identification:_identify(src/common_msgs) by extension 'colcon_pkg'
[0.576s] Level 1:colcon.colcon_core.package_identification:_identify(src/common_msgs) by extensions ['colcon_meta']
[0.576s] Level 1:colcon.colcon_core.package_identification:_identify(src/common_msgs) by extension 'colcon_meta'
[0.576s] Level 1:colcon.colcon_core.package_identification:_identify(src/common_msgs) by extensions ['ros']
[0.576s] Level 1:colcon.colcon_core.package_identification:_identify(src/common_msgs) by extension 'ros'
[0.577s] DEBUG:colcon.colcon_core.package_identification:Package 'src/common_msgs' with type 'ros.catkin' and name 'common_msgs'
[0.577s] Level 1:colcon.colcon_core.package_identification:_identify(src/fire_platform) by extensions ['ignore', 'ignore_ament_install']
[0.577s] Level 1:colcon.colcon_core.package_identification:_identify(src/fire_platform) by extension 'ignore'
[0.577s] Level 1:colcon.colcon_core.package_identification:_identify(src/fire_platform) by extension 'ignore_ament_install'
[0.577s] Level 1:colcon.colcon_core.package_identification:_identify(src/fire_platform) by extensions ['colcon_pkg']
[0.577s] Level 1:colcon.colcon_core.package_identification:_identify(src/fire_platform) by extension 'colcon_pkg'
[0.577s] Level 1:colcon.colcon_core.package_identification:_identify(src/fire_platform) by extensions ['colcon_meta']
[0.577s] Level 1:colcon.colcon_core.package_identification:_identify(src/fire_platform) by extension 'colcon_meta'
[0.578s] Level 1:colcon.colcon_core.package_identification:_identify(src/fire_platform) by extensions ['ros']
[0.578s] Level 1:colcon.colcon_core.package_identification:_identify(src/fire_platform) by extension 'ros'
[0.579s] DEBUG:colcon.colcon_core.package_identification:Package 'src/fire_platform' with type 'ros.ament_python' and name 'fire_platform'
[0.579s] Level 1:colcon.colcon_core.package_identification:_identify(src/fire_platform_3) by extensions ['ignore', 'ignore_ament_install']
[0.579s] Level 1:colcon.colcon_core.package_identification:_identify(src/fire_platform_3) by extension 'ignore'
[0.579s] Level 1:colcon.colcon_core.package_identification:_identify(src/fire_platform_3) by extension 'ignore_ament_install'
[0.579s] Level 1:colcon.colcon_core.package_identification:_identify(src/fire_platform_3) by extensions ['colcon_pkg']
[0.579s] Level 1:colcon.colcon_core.package_identification:_identify(src/fire_platform_3) by extension 'colcon_pkg'
[0.579s] Level 1:colcon.colcon_core.package_identification:_identify(src/fire_platform_3) by extensions ['colcon_meta']
[0.579s] Level 1:colcon.colcon_core.package_identification:_identify(src/fire_platform_3) by extension 'colcon_meta'
[0.580s] Level 1:colcon.colcon_core.package_identification:_identify(src/fire_platform_3) by extensions ['ros']
[0.580s] Level 1:colcon.colcon_core.package_identification:_identify(src/fire_platform_3) by extension 'ros'
[0.581s] DEBUG:colcon.colcon_core.package_identification:Package 'src/fire_platform_3' with type 'ros.ament_python' and name 'fire_platform_3'
[0.581s] Level 1:colcon.colcon_core.package_identification:_identify(src/fire_tracker) by extensions ['ignore', 'ignore_ament_install']
[0.581s] Level 1:colcon.colcon_core.package_identification:_identify(src/fire_tracker) by extension 'ignore'
[0.581s] Level 1:colcon.colcon_core.package_identification:_identify(src/fire_tracker) by extension 'ignore_ament_install'
[0.581s] Level 1:colcon.colcon_core.package_identification:_identify(src/fire_tracker) by extensions ['colcon_pkg']
[0.581s] Level 1:colcon.colcon_core.package_identification:_identify(src/fire_tracker) by extension 'colcon_pkg'
[0.582s] Level 1:colcon.colcon_core.package_identification:_identify(src/fire_tracker) by extensions ['colcon_meta']
[0.582s] Level 1:colcon.colcon_core.package_identification:_identify(src/fire_tracker) by extension 'colcon_meta'
[0.582s] Level 1:colcon.colcon_core.package_identification:_identify(src/fire_tracker) by extensions ['ros']
[0.582s] Level 1:colcon.colcon_core.package_identification:_identify(src/fire_tracker) by extension 'ros'
[0.583s] DEBUG:colcon.colcon_core.package_identification:Package 'src/fire_tracker' with type 'ros.ament_python' and name 'fire_tracker'
[0.583s] Level 1:colcon.colcon_core.package_identification:_identify(src/operator_interface) by extensions ['ignore', 'ignore_ament_install']
[0.583s] Level 1:colcon.colcon_core.package_identification:_identify(src/operator_interface) by extension 'ignore'
[0.583s] Level 1:colcon.colcon_core.package_identification:_identify(src/operator_interface) by extension 'ignore_ament_install'
[0.584s] Level 1:colcon.colcon_core.package_identification:_identify(src/operator_interface) by extensions ['colcon_pkg']
[0.584s] Level 1:colcon.colcon_core.package_identification:_identify(src/operator_interface) by extension 'colcon_pkg'
[0.584s] Level 1:colcon.colcon_core.package_identification:_identify(src/operator_interface) by extensions ['colcon_meta']
[0.584s] Level 1:colcon.colcon_core.package_identification:_identify(src/operator_interface) by extension 'colcon_meta'
[0.584s] Level 1:colcon.colcon_core.package_identification:_identify(src/operator_interface) by extensions ['ros']
[0.584s] Level 1:colcon.colcon_core.package_identification:_identify(src/operator_interface) by extension 'ros'
[0.585s] DEBUG:colcon.colcon_core.package_identification:Failed to parse potential ROS package manifest in'src/operator_interface': Error(s) in package 'src/operator_interface/package.xml':
The manifest contains invalid XML:
junk after document element: line 19, column 0
[0.585s] Level 1:colcon.colcon_core.package_identification:_identify(src/operator_interface) by extensions ['cmake', 'python']
[0.585s] Level 1:colcon.colcon_core.package_identification:_identify(src/operator_interface) by extension 'cmake'
[0.585s] Level 1:colcon.colcon_core.package_identification:_identify(src/operator_interface) by extension 'python'
[0.585s] DEBUG:colcon.colcon_core.package_identification:Python package in 'src/operator_interface' passes arguments to the setup() function which requires a different identification extension than 'python'
[0.585s] Level 1:colcon.colcon_core.package_identification:_identify(src/operator_interface) by extensions ['python_setup_py']
[0.585s] Level 1:colcon.colcon_core.package_identification:_identify(src/operator_interface) by extension 'python_setup_py'
[1.158s] DEBUG:colcon.colcon_core.package_identification:Package 'src/operator_interface' with type 'python' and name 'operator_interface'
[1.159s] Level 1:colcon.colcon_core.package_identification:_identify(src/positioning) by extensions ['ignore', 'ignore_ament_install']
[1.159s] Level 1:colcon.colcon_core.package_identification:_identify(src/positioning) by extension 'ignore'
[1.159s] Level 1:colcon.colcon_core.package_identification:_identify(src/positioning) by extension 'ignore_ament_install'
[1.159s] Level 1:colcon.colcon_core.package_identification:_identify(src/positioning) by extensions ['colcon_pkg']
[1.159s] Level 1:colcon.colcon_core.package_identification:_identify(src/positioning) by extension 'colcon_pkg'
[1.160s] Level 1:colcon.colcon_core.package_identification:_identify(src/positioning) by extensions ['colcon_meta']
[1.160s] Level 1:colcon.colcon_core.package_identification:_identify(src/positioning) by extension 'colcon_meta'
[1.160s] Level 1:colcon.colcon_core.package_identification:_identify(src/positioning) by extensions ['ros']
[1.160s] Level 1:colcon.colcon_core.package_identification:_identify(src/positioning) by extension 'ros'
[1.161s] DEBUG:colcon.colcon_core.package_identification:Package 'src/positioning' with type 'ros.ament_python' and name 'positioning'
[1.161s] Level 1:colcon.colcon_core.package_identification:_identify(src/scan_platform_deprecated) by extensions ['ignore', 'ignore_ament_install']
[1.161s] Level 1:colcon.colcon_core.package_identification:_identify(src/scan_platform_deprecated) by extension 'ignore'
[1.162s] Level 1:colcon.colcon_core.package_identification:_identify(src/scan_platform_deprecated) by extension 'ignore_ament_install'
[1.162s] Level 1:colcon.colcon_core.package_identification:_identify(src/scan_platform_deprecated) by extensions ['colcon_pkg']
[1.162s] Level 1:colcon.colcon_core.package_identification:_identify(src/scan_platform_deprecated) by extension 'colcon_pkg'
[1.162s] Level 1:colcon.colcon_core.package_identification:_identify(src/scan_platform_deprecated) by extensions ['colcon_meta']
[1.162s] Level 1:colcon.colcon_core.package_identification:_identify(src/scan_platform_deprecated) by extension 'colcon_meta'
[1.162s] Level 1:colcon.colcon_core.package_identification:_identify(src/scan_platform_deprecated) by extensions ['ros']
[1.162s] Level 1:colcon.colcon_core.package_identification:_identify(src/scan_platform_deprecated) by extension 'ros'
[1.164s] DEBUG:colcon.colcon_core.package_identification:Package 'src/scan_platform_deprecated' with type 'ros.ament_python' and name 'scan_platform'
[1.164s] Level 1:colcon.colcon_core.package_identification:_identify(src/scanner_platform) by extensions ['ignore', 'ignore_ament_install']
[1.164s] Level 1:colcon.colcon_core.package_identification:_identify(src/scanner_platform) by extension 'ignore'
[1.164s] Level 1:colcon.colcon_core.package_identification:_identify(src/scanner_platform) by extension 'ignore_ament_install'
[1.164s] Level 1:colcon.colcon_core.package_identification:_identify(src/scanner_platform) by extensions ['colcon_pkg']
[1.164s] Level 1:colcon.colcon_core.package_identification:_identify(src/scanner_platform) by extension 'colcon_pkg'
[1.165s] Level 1:colcon.colcon_core.package_identification:_identify(src/scanner_platform) by extensions ['colcon_meta']
[1.165s] Level 1:colcon.colcon_core.package_identification:_identify(src/scanner_platform) by extension 'colcon_meta'
[1.165s] Level 1:colcon.colcon_core.package_identification:_identify(src/scanner_platform) by extensions ['ros']
[1.165s] Level 1:colcon.colcon_core.package_identification:_identify(src/scanner_platform) by extension 'ros'
[1.166s] DEBUG:colcon.colcon_core.package_identification:Failed to parse potential ROS package manifest in'src/scanner_platform': Error(s) in package 'src/scanner_platform/package.xml':
The manifest contains invalid XML:
no element found: line 27, column 0
[1.166s] Level 1:colcon.colcon_core.package_identification:_identify(src/scanner_platform) by extensions ['cmake', 'python']
[1.166s] Level 1:colcon.colcon_core.package_identification:_identify(src/scanner_platform) by extension 'cmake'
[1.166s] Level 1:colcon.colcon_core.package_identification:_identify(src/scanner_platform) by extension 'python'
[1.166s] DEBUG:colcon.colcon_core.package_identification:Python package in 'src/scanner_platform' passes arguments to the setup() function which requires a different identification extension than 'python'
[1.166s] Level 1:colcon.colcon_core.package_identification:_identify(src/scanner_platform) by extensions ['python_setup_py']
[1.166s] Level 1:colcon.colcon_core.package_identification:_identify(src/scanner_platform) by extension 'python_setup_py'
[1.758s] DEBUG:colcon.colcon_core.package_identification:Package 'src/scanner_platform' with type 'python' and name 'scanner_platform'
[1.758s] Level 1:colcon.colcon_core.package_discovery:discover_packages(recursive) using defaults
[1.758s] Level 1:colcon.colcon_core.package_discovery:discover_packages(ignore) discover
[1.758s] Level 1:colcon.colcon_core.package_discovery:discover_packages(ignore) using defaults
[1.759s] Level 1:colcon.colcon_core.package_discovery:discover_packages(path) discover
[1.759s] Level 1:colcon.colcon_core.package_discovery:discover_packages(path) using defaults
[1.811s] INFO:colcon.colcon_core.package_selection:Skipping not selected package 'common_msgs' in 'src/common_msgs'
[1.811s] INFO:colcon.colcon_core.package_selection:Skipping not selected package 'operator_interface' in 'src/operator_interface'
[1.811s] INFO:colcon.colcon_core.package_selection:Skipping not selected package 'positioning' in 'src/positioning'
[1.811s] INFO:colcon.colcon_core.package_selection:Skipping not selected package 'scanner_platform' in 'src/scanner_platform'
[1.811s] INFO:colcon.colcon_core.package_selection:Skipping not selected package 'central_hub' in 'src/central_hub'
[1.812s] INFO:colcon.colcon_core.package_selection:Skipping not selected package 'combat_platform' in 'src/combat_platform'
[1.812s] INFO:colcon.colcon_core.package_selection:Skipping not selected package 'command_center' in 'src/command_center'
[1.812s] INFO:colcon.colcon_core.package_selection:Skipping not selected package 'fire_platform' in 'src/fire_platform'
[1.812s] INFO:colcon.colcon_core.package_selection:Skipping not selected package 'fire_platform_3' in 'src/fire_platform_3'
[1.812s] INFO:colcon.colcon_core.package_selection:Skipping not selected package 'fire_tracker' in 'src/fire_tracker'
[1.812s] INFO:colcon.colcon_core.package_selection:Skipping not selected package 'scan_platform' in 'src/scan_platform_deprecated'
[1.813s] Level 1:colcon.colcon_core.package_discovery:discover_packages(prefix_path) check parameters
[1.813s] Level 1:colcon.colcon_core.package_discovery:discover_packages(prefix_path) discover
[1.817s] DEBUG:colcon.colcon_installed_package_information.package_discovery:Found 0 installed packages in /home/willi/battle_ws/install
[1.819s] DEBUG:colcon.colcon_installed_package_information.package_discovery:Found 279 installed packages in /opt/ros/humble
[1.823s] Level 1:colcon.colcon_core.package_discovery:discover_packages(prefix_path) using defaults
[1.889s] Level 5:colcon.colcon_core.verb:set package 'battle_interfaces' build argument 'cmake_args' from command line to 'None'
[1.889s] Level 5:colcon.colcon_core.verb:set package 'battle_interfaces' build argument 'cmake_target' from command line to 'None'
[1.889s] Level 5:colcon.colcon_core.verb:set package 'battle_interfaces' build argument 'cmake_target_skip_unavailable' from command line to 'False'
[1.889s] Level 5:colcon.colcon_core.verb:set package 'battle_interfaces' build argument 'cmake_clean_cache' from command line to 'False'
[1.889s] Level 5:colcon.colcon_core.verb:set package 'battle_interfaces' build argument 'cmake_clean_first' from command line to 'False'
[1.889s] Level 5:colcon.colcon_core.verb:set package 'battle_interfaces' build argument 'cmake_force_configure' from command line to 'False'
[1.889s] Level 5:colcon.colcon_core.verb:set package 'battle_interfaces' build argument 'ament_cmake_args' from command line to 'None'
[1.889s] Level 5:colcon.colcon_core.verb:set package 'battle_interfaces' build argument 'catkin_cmake_args' from command line to 'None'
[1.889s] Level 5:colcon.colcon_core.verb:set package 'battle_interfaces' build argument 'catkin_skip_building_tests' from command line to 'False'
[1.889s] DEBUG:colcon.colcon_core.verb:Building package 'battle_interfaces' with the following arguments: {'ament_cmake_args': None, 'build_base': '/home/willi/battle_ws/build/battle_interfaces', 'catkin_cmake_args': None, 'catkin_skip_building_tests': False, 'cmake_args': None, 'cmake_clean_cache': False, 'cmake_clean_first': False, 'cmake_force_configure': False, 'cmake_target': None, 'cmake_target_skip_unavailable': False, 'install_base': '/home/willi/battle_ws/install/battle_interfaces', 'merge_install': False, 'path': '/home/willi/battle_ws/src/battle_interfaces', 'symlink_install': False, 'test_result_base': None}
[1.890s] INFO:colcon.colcon_core.executor:Executing jobs using 'parallel' executor
[1.891s] DEBUG:colcon.colcon_parallel_executor.executor.parallel:run_until_complete
[1.892s] INFO:colcon.colcon_ros.task.ament_cmake.build:Building ROS package in '/home/willi/battle_ws/src/battle_interfaces' with build type 'ament_cmake'
[1.892s] INFO:colcon.colcon_cmake.task.cmake.build:Building CMake package in '/home/willi/battle_ws/src/battle_interfaces'
[1.896s] INFO:colcon.colcon_core.plugin_system:Skipping extension 'colcon_core.shell.bat': Not used on non-Windows systems
[1.897s] INFO:colcon.colcon_core.shell:Skip shell extension 'powershell' for command environment: Not usable outside of PowerShell
[1.897s] DEBUG:colcon.colcon_core.shell:Skip shell extension 'dsv' for command environment
[1.909s] DEBUG:colcon.colcon_core.event_handler.log_command:Invoking command in '/home/willi/battle_ws/build/battle_interfaces': CMAKE_PREFIX_PATH=/opt/ros/humble /usr/bin/cmake /home/willi/battle_ws/src/battle_interfaces -DCMAKE_INSTALL_PREFIX=/home/willi/battle_ws/install/battle_interfaces
[5.639s] DEBUG:colcon.colcon_core.event_handler.log_command:Invoked command in '/home/willi/battle_ws/build/battle_interfaces' returned '0': CMAKE_PREFIX_PATH=/opt/ros/humble /usr/bin/cmake /home/willi/battle_ws/src/battle_interfaces -DCMAKE_INSTALL_PREFIX=/home/willi/battle_ws/install/battle_interfaces
[5.643s] DEBUG:colcon.colcon_core.event_handler.log_command:Invoking command in '/home/willi/battle_ws/build/battle_interfaces': CMAKE_PREFIX_PATH=/opt/ros/humble /usr/bin/cmake --build /home/willi/battle_ws/build/battle_interfaces -- -j4 -l4
[15.478s] DEBUG:colcon.colcon_core.event_handler.log_command:Invoked command in '/home/willi/battle_ws/build/battle_interfaces' returned '0': CMAKE_PREFIX_PATH=/opt/ros/humble /usr/bin/cmake --build /home/willi/battle_ws/build/battle_interfaces -- -j4 -l4
[15.496s] DEBUG:colcon.colcon_core.event_handler.log_command:Invoking command in '/home/willi/battle_ws/build/battle_interfaces': CMAKE_PREFIX_PATH=/opt/ros/humble /usr/bin/cmake --install /home/willi/battle_ws/build/battle_interfaces
[15.624s] Level 1:colcon.colcon_core.environment:create_environment_scripts_only(battle_interfaces)
[15.625s] DEBUG:colcon.colcon_core.event_handler.log_command:Invoked command in '/home/willi/battle_ws/build/battle_interfaces' returned '0': CMAKE_PREFIX_PATH=/opt/ros/humble /usr/bin/cmake --install /home/willi/battle_ws/build/battle_interfaces
[15.628s] Level 1:colcon.colcon_core.environment:checking '/home/willi/battle_ws/install/battle_interfaces' for CMake module files
[15.629s] Level 1:colcon.colcon_core.environment:checking '/home/willi/battle_ws/install/battle_interfaces' for CMake config files
[15.631s] Level 1:colcon.colcon_core.shell:create_environment_hook('battle_interfaces', 'cmake_prefix_path')
[15.631s] INFO:colcon.colcon_core.shell:Creating environment hook '/home/willi/battle_ws/install/battle_interfaces/share/battle_interfaces/hook/cmake_prefix_path.ps1'
[15.632s] INFO:colcon.colcon_core.shell:Creating environment descriptor '/home/willi/battle_ws/install/battle_interfaces/share/battle_interfaces/hook/cmake_prefix_path.dsv'
[15.633s] INFO:colcon.colcon_core.shell:Creating environment hook '/home/willi/battle_ws/install/battle_interfaces/share/battle_interfaces/hook/cmake_prefix_path.sh'
[15.634s] Level 1:colcon.colcon_core.environment:checking '/home/willi/battle_ws/install/battle_interfaces/lib'
[15.634s] Level 1:colcon.colcon_core.shell:create_environment_hook('battle_interfaces', 'ld_library_path_lib')
[15.635s] INFO:colcon.colcon_core.shell:Creating environment hook '/home/willi/battle_ws/install/battle_interfaces/share/battle_interfaces/hook/ld_library_path_lib.ps1'
[15.635s] INFO:colcon.colcon_core.shell:Creating environment descriptor '/home/willi/battle_ws/install/battle_interfaces/share/battle_interfaces/hook/ld_library_path_lib.dsv'
[15.636s] INFO:colcon.colcon_core.shell:Creating environment hook '/home/willi/battle_ws/install/battle_interfaces/share/battle_interfaces/hook/ld_library_path_lib.sh'
[15.636s] Level 1:colcon.colcon_core.environment:checking '/home/willi/battle_ws/install/battle_interfaces/bin'
[15.636s] Level 1:colcon.colcon_core.environment:checking '/home/willi/battle_ws/install/battle_interfaces/lib/pkgconfig/battle_interfaces.pc'
[15.637s] Level 1:colcon.colcon_core.environment:checking '/home/willi/battle_ws/install/battle_interfaces/lib/python3.10/site-packages'
[15.637s] Level 1:colcon.colcon_core.environment:checking '/home/willi/battle_ws/install/battle_interfaces/bin'
[15.638s] INFO:colcon.colcon_core.shell:Creating package script '/home/willi/battle_ws/install/battle_interfaces/share/battle_interfaces/package.ps1'
[15.639s] INFO:colcon.colcon_core.shell:Creating package descriptor '/home/willi/battle_ws/install/battle_interfaces/share/battle_interfaces/package.dsv'
[15.640s] INFO:colcon.colcon_core.shell:Creating package script '/home/willi/battle_ws/install/battle_interfaces/share/battle_interfaces/package.sh'
[15.641s] INFO:colcon.colcon_core.shell:Creating package script '/home/willi/battle_ws/install/battle_interfaces/share/battle_interfaces/package.bash'
[15.642s] INFO:colcon.colcon_core.shell:Creating package script '/home/willi/battle_ws/install/battle_interfaces/share/battle_interfaces/package.zsh'
[15.643s] Level 1:colcon.colcon_core.environment:create_file_with_runtime_dependencies(/home/willi/battle_ws/install/battle_interfaces/share/colcon-core/packages/battle_interfaces)
[15.644s] Level 1:colcon.colcon_core.environment:create_environment_scripts_only(battle_interfaces)
[15.644s] Level 1:colcon.colcon_core.environment:checking '/home/willi/battle_ws/install/battle_interfaces' for CMake module files
[15.646s] Level 1:colcon.colcon_core.environment:checking '/home/willi/battle_ws/install/battle_interfaces' for CMake config files
[15.647s] Level 1:colcon.colcon_core.shell:create_environment_hook('battle_interfaces', 'cmake_prefix_path')
[15.647s] INFO:colcon.colcon_core.shell:Creating environment hook '/home/willi/battle_ws/install/battle_interfaces/share/battle_interfaces/hook/cmake_prefix_path.ps1'
[15.648s] INFO:colcon.colcon_core.shell:Creating environment descriptor '/home/willi/battle_ws/install/battle_interfaces/share/battle_interfaces/hook/cmake_prefix_path.dsv'
[15.649s] INFO:colcon.colcon_core.shell:Creating environment hook '/home/willi/battle_ws/install/battle_interfaces/share/battle_interfaces/hook/cmake_prefix_path.sh'
[15.649s] Level 1:colcon.colcon_core.environment:checking '/home/willi/battle_ws/install/battle_interfaces/lib'
[15.650s] Level 1:colcon.colcon_core.shell:create_environment_hook('battle_interfaces', 'ld_library_path_lib')
[15.650s] INFO:colcon.colcon_core.shell:Creating environment hook '/home/willi/battle_ws/install/battle_interfaces/share/battle_interfaces/hook/ld_library_path_lib.ps1'
[15.651s] INFO:colcon.colcon_core.shell:Creating environment descriptor '/home/willi/battle_ws/install/battle_interfaces/share/battle_interfaces/hook/ld_library_path_lib.dsv'
[15.651s] INFO:colcon.colcon_core.shell:Creating environment hook '/home/willi/battle_ws/install/battle_interfaces/share/battle_interfaces/hook/ld_library_path_lib.sh'
[15.652s] Level 1:colcon.colcon_core.environment:checking '/home/willi/battle_ws/install/battle_interfaces/bin'
[15.652s] Level 1:colcon.colcon_core.environment:checking '/home/willi/battle_ws/install/battle_interfaces/lib/pkgconfig/battle_interfaces.pc'
[15.653s] Level 1:colcon.colcon_core.environment:checking '/home/willi/battle_ws/install/battle_interfaces/lib/python3.10/site-packages'
[15.653s] Level 1:colcon.colcon_core.environment:checking '/home/willi/battle_ws/install/battle_interfaces/bin'
[15.654s] INFO:colcon.colcon_core.shell:Creating package script '/home/willi/battle_ws/install/battle_interfaces/share/battle_interfaces/package.ps1'
[15.654s] INFO:colcon.colcon_core.shell:Creating package descriptor '/home/willi/battle_ws/install/battle_interfaces/share/battle_interfaces/package.dsv'
[15.655s] INFO:colcon.colcon_core.shell:Creating package script '/home/willi/battle_ws/install/battle_interfaces/share/battle_interfaces/package.sh'
[15.656s] INFO:colcon.colcon_core.shell:Creating package script '/home/willi/battle_ws/install/battle_interfaces/share/battle_interfaces/package.bash'
[15.657s] INFO:colcon.colcon_core.shell:Creating package script '/home/willi/battle_ws/install/battle_interfaces/share/battle_interfaces/package.zsh'
[15.657s] Level 1:colcon.colcon_core.environment:create_file_with_runtime_dependencies(/home/willi/battle_ws/install/battle_interfaces/share/colcon-core/packages/battle_interfaces)
[15.658s] DEBUG:colcon.colcon_parallel_executor.executor.parallel:closing loop
[15.658s] DEBUG:colcon.colcon_parallel_executor.executor.parallel:loop closed
[15.659s] DEBUG:colcon.colcon_parallel_executor.executor.parallel:run_until_complete finished with '0'
[15.659s] DEBUG:colcon.colcon_core.event_reactor:joining thread
[15.672s] INFO:colcon.colcon_core.plugin_system:Skipping extension 'colcon_notification.desktop_notification.terminal_notifier': Not used on non-Darwin systems
[15.672s] INFO:colcon.colcon_core.plugin_system:Skipping extension 'colcon_notification.desktop_notification.win32': Not used on non-Windows systems
[15.672s] INFO:colcon.colcon_notification.desktop_notification:Sending desktop notification using 'notify2'
[15.690s] DEBUG:colcon.colcon_core.event_reactor:joined thread
[15.690s] INFO:colcon.colcon_core.shell:Creating prefix script '/home/willi/battle_ws/install/local_setup.ps1'
[15.692s] INFO:colcon.colcon_core.shell:Creating prefix util module '/home/willi/battle_ws/install/_local_setup_util_ps1.py'
[15.694s] INFO:colcon.colcon_core.shell:Creating prefix chain script '/home/willi/battle_ws/install/setup.ps1'
[15.695s] INFO:colcon.colcon_core.shell:Creating prefix script '/home/willi/battle_ws/install/local_setup.sh'
[15.696s] INFO:colcon.colcon_core.shell:Creating prefix util module '/home/willi/battle_ws/install/_local_setup_util_sh.py'
[15.698s] INFO:colcon.colcon_core.shell:Creating prefix chain script '/home/willi/battle_ws/install/setup.sh'
[15.699s] INFO:colcon.colcon_core.shell:Creating prefix script '/home/willi/battle_ws/install/local_setup.bash'
[15.700s] INFO:colcon.colcon_core.shell:Creating prefix chain script '/home/willi/battle_ws/install/setup.bash'
[15.701s] INFO:colcon.colcon_core.shell:Creating prefix script '/home/willi/battle_ws/install/local_setup.zsh'
[15.702s] INFO:colcon.colcon_core.shell:Creating prefix chain script '/home/willi/battle_ws/install/setup.zsh'
