running egg_info
creating ../../build/fire_platform/fire_platform.egg-info
writing ../../build/fire_platform/fire_platform.egg-info/PKG-INFO
writing dependency_links to ../../build/fire_platform/fire_platform.egg-info/dependency_links.txt
writing entry points to ../../build/fire_platform/fire_platform.egg-info/entry_points.txt
writing requirements to ../../build/fire_platform/fire_platform.egg-info/requires.txt
writing top-level names to ../../build/fire_platform/fire_platform.egg-info/top_level.txt
writing manifest file '../../build/fire_platform/fire_platform.egg-info/SOURCES.txt'
reading manifest file '../../build/fire_platform/fire_platform.egg-info/SOURCES.txt'
writing manifest file '../../build/fire_platform/fire_platform.egg-info/SOURCES.txt'
running build
running build_py
creating /home/willi/battle_ws/build/fire_platform/build
creating /home/willi/battle_ws/build/fire_platform/build/lib
creating /home/willi/battle_ws/build/fire_platform/build/lib/fire_platform
copying fire_platform/__init__.py -> /home/willi/battle_ws/build/fire_platform/build/lib/fire_platform
copying fire_platform/fire_node.py -> /home/willi/battle_ws/build/fire_platform/build/lib/fire_platform
creating /home/willi/battle_ws/build/fire_platform/build/lib/test
copying test/__init__.py -> /home/willi/battle_ws/build/fire_platform/build/lib/test
copying test/test_tf_target.py -> /home/willi/battle_ws/build/fire_platform/build/lib/test
running install
running install_lib
creating /home/willi/battle_ws/install/fire_platform/lib/python3.10/site-packages/fire_platform
copying /home/willi/battle_ws/build/fire_platform/build/lib/fire_platform/__init__.py -> /home/willi/battle_ws/install/fire_platform/lib/python3.10/site-packages/fire_platform
copying /home/willi/battle_ws/build/fire_platform/build/lib/fire_platform/fire_node.py -> /home/willi/battle_ws/install/fire_platform/lib/python3.10/site-packages/fire_platform
creating /home/willi/battle_ws/install/fire_platform/lib/python3.10/site-packages/test
copying /home/willi/battle_ws/build/fire_platform/build/lib/test/__init__.py -> /home/willi/battle_ws/install/fire_platform/lib/python3.10/site-packages/test
copying /home/willi/battle_ws/build/fire_platform/build/lib/test/test_tf_target.py -> /home/willi/battle_ws/install/fire_platform/lib/python3.10/site-packages/test
byte-compiling /home/willi/battle_ws/install/fire_platform/lib/python3.10/site-packages/fire_platform/__init__.py to __init__.cpython-310.pyc
byte-compiling /home/willi/battle_ws/install/fire_platform/lib/python3.10/site-packages/fire_platform/fire_node.py to fire_node.cpython-310.pyc
byte-compiling /home/willi/battle_ws/install/fire_platform/lib/python3.10/site-packages/test/__init__.py to __init__.cpython-310.pyc
byte-compiling /home/willi/battle_ws/install/fire_platform/lib/python3.10/site-packages/test/test_tf_target.py to test_tf_target.cpython-310.pyc
running install_data
creating /home/willi/battle_ws/install/fire_platform/share/ament_index
creating /home/willi/battle_ws/install/fire_platform/share/ament_index/resource_index
creating /home/willi/battle_ws/install/fire_platform/share/ament_index/resource_index/packages
copying resource/fire_platform -> /home/willi/battle_ws/install/fire_platform/share/ament_index/resource_index/packages
copying package.xml -> /home/willi/battle_ws/install/fire_platform/share/fire_platform
creating /home/willi/battle_ws/install/fire_platform/share/fire_platform/launch
copying launch/platform_tf.launch.py -> /home/willi/battle_ws/install/fire_platform/share/fire_platform/launch
running install_egg_info
Copying ../../build/fire_platform/fire_platform.egg-info to /home/willi/battle_ws/install/fire_platform/lib/python3.10/site-packages/fire_platform-0.0.0-py3.10.egg-info
running install_scripts
Installing fire_node script to /home/willi/battle_ws/install/fire_platform/lib/fire_platform
Installing test_tf_target script to /home/willi/battle_ws/install/fire_platform/lib/fire_platform
writing list of installed files to '/home/willi/battle_ws/build/fire_platform/install.log'
