[2.163s] Invoking command in '/home/willi/battle_ws/src/fire_platform': AMENT_PREFIX_PATH=/home/willi/battle_ws/install/fire_platform_description:/home/willi/battle_ws/install/fire_platform_3:/home/willi/battle_ws/install/fire_platform:/home/willi/battle_ws/install/battle_interfaces:/opt/ros/humble PYTHONPATH=/home/willi/battle_ws/build/fire_platform/prefix_override:/usr/lib/python3/dist-packages/colcon_core/task/python/colcon_distutils_commands:/home/willi/battle_ws/install/fire_platform/lib/python3.10/site-packages:/home/willi/battle_ws/install/fire_platform_description/lib/python3.10/site-packages:/home/willi/battle_ws/install/fire_platform_3/lib/python3.10/site-packages:/home/willi/battle_ws/install/fire_platform/lib/python3.10/site-packages:/home/willi/battle_ws/install/battle_interfaces/local/lib/python3.10/dist-packages:/home/willi/battle_ws/install/operator_interface/lib/python3.10/site-packages:/opt/ros/humble/lib/python3.10/site-packages:/opt/ros/humble/local/lib/python3.10/dist-packages /usr/bin/python3 -W ignore:setup.py install is deprecated -W ignore:easy_install command is deprecated setup.py egg_info --egg-base ../../build/fire_platform build --build-base /home/willi/battle_ws/build/fire_platform/build install --record /home/willi/battle_ws/build/fire_platform/install.log --single-version-externally-managed install_data
[2.868s] running egg_info
[2.869s] creating ../../build/fire_platform/fire_platform.egg-info
[2.894s] writing ../../build/fire_platform/fire_platform.egg-info/PKG-INFO
[2.894s] writing dependency_links to ../../build/fire_platform/fire_platform.egg-info/dependency_links.txt
[2.894s] writing entry points to ../../build/fire_platform/fire_platform.egg-info/entry_points.txt
[2.895s] writing requirements to ../../build/fire_platform/fire_platform.egg-info/requires.txt
[2.895s] writing top-level names to ../../build/fire_platform/fire_platform.egg-info/top_level.txt
[2.895s] writing manifest file '../../build/fire_platform/fire_platform.egg-info/SOURCES.txt'
[2.949s] reading manifest file '../../build/fire_platform/fire_platform.egg-info/SOURCES.txt'
[2.950s] writing manifest file '../../build/fire_platform/fire_platform.egg-info/SOURCES.txt'
[2.951s] running build
[2.951s] running build_py
[2.951s] creating /home/willi/battle_ws/build/fire_platform/build
[2.951s] creating /home/willi/battle_ws/build/fire_platform/build/lib
[2.952s] creating /home/willi/battle_ws/build/fire_platform/build/lib/fire_platform
[2.952s] copying fire_platform/__init__.py -> /home/willi/battle_ws/build/fire_platform/build/lib/fire_platform
[2.952s] copying fire_platform/fire_node.py -> /home/willi/battle_ws/build/fire_platform/build/lib/fire_platform
[2.952s] creating /home/willi/battle_ws/build/fire_platform/build/lib/test
[2.953s] copying test/__init__.py -> /home/willi/battle_ws/build/fire_platform/build/lib/test
[2.953s] copying test/test_tf_target.py -> /home/willi/battle_ws/build/fire_platform/build/lib/test
[2.953s] running install
[2.962s] running install_lib
[3.001s] creating /home/willi/battle_ws/install/fire_platform/lib/python3.10/site-packages/fire_platform
[3.001s] copying /home/willi/battle_ws/build/fire_platform/build/lib/fire_platform/__init__.py -> /home/willi/battle_ws/install/fire_platform/lib/python3.10/site-packages/fire_platform
[3.001s] copying /home/willi/battle_ws/build/fire_platform/build/lib/fire_platform/fire_node.py -> /home/willi/battle_ws/install/fire_platform/lib/python3.10/site-packages/fire_platform
[3.002s] creating /home/willi/battle_ws/install/fire_platform/lib/python3.10/site-packages/test
[3.002s] copying /home/willi/battle_ws/build/fire_platform/build/lib/test/__init__.py -> /home/willi/battle_ws/install/fire_platform/lib/python3.10/site-packages/test
[3.002s] copying /home/willi/battle_ws/build/fire_platform/build/lib/test/test_tf_target.py -> /home/willi/battle_ws/install/fire_platform/lib/python3.10/site-packages/test
[3.003s] byte-compiling /home/willi/battle_ws/install/fire_platform/lib/python3.10/site-packages/fire_platform/__init__.py to __init__.cpython-310.pyc
[3.003s] byte-compiling /home/willi/battle_ws/install/fire_platform/lib/python3.10/site-packages/fire_platform/fire_node.py to fire_node.cpython-310.pyc
[3.004s] byte-compiling /home/willi/battle_ws/install/fire_platform/lib/python3.10/site-packages/test/__init__.py to __init__.cpython-310.pyc
[3.004s] byte-compiling /home/willi/battle_ws/install/fire_platform/lib/python3.10/site-packages/test/test_tf_target.py to test_tf_target.cpython-310.pyc
[3.005s] running install_data
[3.006s] creating /home/willi/battle_ws/install/fire_platform/share/ament_index
[3.006s] creating /home/willi/battle_ws/install/fire_platform/share/ament_index/resource_index
[3.006s] creating /home/willi/battle_ws/install/fire_platform/share/ament_index/resource_index/packages
[3.006s] copying resource/fire_platform -> /home/willi/battle_ws/install/fire_platform/share/ament_index/resource_index/packages
[3.007s] copying package.xml -> /home/willi/battle_ws/install/fire_platform/share/fire_platform
[3.007s] creating /home/willi/battle_ws/install/fire_platform/share/fire_platform/launch
[3.007s] copying launch/platform_tf.launch.py -> /home/willi/battle_ws/install/fire_platform/share/fire_platform/launch
[3.007s] running install_egg_info
[3.034s] Copying ../../build/fire_platform/fire_platform.egg-info to /home/willi/battle_ws/install/fire_platform/lib/python3.10/site-packages/fire_platform-0.0.0-py3.10.egg-info
[3.035s] running install_scripts
[3.141s] Installing fire_node script to /home/willi/battle_ws/install/fire_platform/lib/fire_platform
[3.142s] Installing test_tf_target script to /home/willi/battle_ws/install/fire_platform/lib/fire_platform
[3.142s] writing list of installed files to '/home/willi/battle_ws/build/fire_platform/install.log'
[3.216s] Invoked command in '/home/willi/battle_ws/src/fire_platform' returned '0': AMENT_PREFIX_PATH=/home/willi/battle_ws/install/fire_platform_description:/home/willi/battle_ws/install/fire_platform_3:/home/willi/battle_ws/install/fire_platform:/home/willi/battle_ws/install/battle_interfaces:/opt/ros/humble PYTHONPATH=/home/willi/battle_ws/build/fire_platform/prefix_override:/usr/lib/python3/dist-packages/colcon_core/task/python/colcon_distutils_commands:/home/willi/battle_ws/install/fire_platform/lib/python3.10/site-packages:/home/willi/battle_ws/install/fire_platform_description/lib/python3.10/site-packages:/home/willi/battle_ws/install/fire_platform_3/lib/python3.10/site-packages:/home/willi/battle_ws/install/fire_platform/lib/python3.10/site-packages:/home/willi/battle_ws/install/battle_interfaces/local/lib/python3.10/dist-packages:/home/willi/battle_ws/install/operator_interface/lib/python3.10/site-packages:/opt/ros/humble/lib/python3.10/site-packages:/opt/ros/humble/local/lib/python3.10/dist-packages /usr/bin/python3 -W ignore:setup.py install is deprecated -W ignore:easy_install command is deprecated setup.py egg_info --egg-base ../../build/fire_platform build --build-base /home/willi/battle_ws/build/fire_platform/build install --record /home/willi/battle_ws/build/fire_platform/install.log --single-version-externally-managed install_data
