[0.022s] Invoking command in '/home/willi/battle_ws/build/battle_interfaces': CMAKE_PREFIX_PATH=${CMAKE_PREFIX_PATH}:/home/willi/battle_ws/install/fire_tracker:/opt/ros/humble /usr/bin/cmake /home/willi/battle_ws/src/battle_interfaces -DAMENT_CMAKE_SYMLINK_INSTALL=1 -DCMAKE_INSTALL_PREFIX=/home/willi/battle_ws/install/battle_interfaces
[0.178s] -- The C compiler identification is GNU 11.4.0
[0.317s] -- The CXX compiler identification is GNU 11.4.0
[0.334s] -- Detecting C compiler ABI info
[0.505s] -- Detecting C compiler ABI info - done
[0.530s] -- Check for working C compiler: /usr/bin/cc - skipped
[0.531s] -- Detecting C compile features
[0.532s] -- Detecting C compile features - done
[0.541s] -- Detecting CXX compiler ABI info
[0.787s] -- Detecting CXX compiler ABI info - done
[0.815s] -- Check for working CXX compiler: /usr/bin/c++ - skipped
[0.816s] -- Detecting CXX compile features
[0.819s] -- Detecting CXX compile features - done
[0.820s] -- Found ament_cmake: 1.3.11 (/opt/ros/humble/share/ament_cmake/cmake)
[2.217s] -- Found Python3: /usr/bin/python3 (found version "3.10.12") found components: Interpreter 
[2.324s] -- Override CMake install command with custom implementation using symlinks instead of copying resources
[2.361s] -- Found rosidl_default_generators: 1.2.0 (/opt/ros/humble/share/rosidl_default_generators/cmake)
[2.365s] -- Using all available rosidl_typesupport_c: rosidl_typesupport_fastrtps_c;rosidl_typesupport_introspection_c
[2.374s] -- Found rosidl_adapter: 3.1.6 (/opt/ros/humble/share/rosidl_adapter/cmake)
[2.436s] -- Using all available rosidl_typesupport_cpp: rosidl_typesupport_fastrtps_cpp;rosidl_typesupport_introspection_cpp
[2.489s] -- Found std_msgs: 4.8.0 (/opt/ros/humble/share/std_msgs/cmake)
[3.070s] -- Found ament_cmake_ros: 0.10.0 (/opt/ros/humble/share/ament_cmake_ros/cmake)
[3.501s] -- Using all available rosidl_typesupport_c: rosidl_typesupport_fastrtps_c;rosidl_typesupport_introspection_c
[4.141s] -- Using all available rosidl_typesupport_cpp: rosidl_typesupport_fastrtps_cpp;rosidl_typesupport_introspection_cpp
[4.185s] -- Found PythonInterp: /usr/bin/python3 (found suitable version "3.10.12", minimum required is "3.6") 
[4.187s] -- Found python_cmake_module: 0.10.0 (/opt/ros/humble/share/python_cmake_module/cmake)
[4.225s] -- Found PythonLibs: /usr/lib/x86_64-linux-gnu/libpython3.10.so (found suitable version "3.10.12", minimum required is "3.5") 
[4.226s] -- Using PYTHON_EXECUTABLE: /usr/bin/python3
[4.226s] -- Using PYTHON_INCLUDE_DIRS: /usr/include/python3.10
[4.226s] -- Using PYTHON_LIBRARIES: /usr/lib/x86_64-linux-gnu/libpython3.10.so
[4.267s] -- Found PythonExtra: .so  
[4.364s] -- Found ament_lint_auto: 0.12.12 (/opt/ros/humble/share/ament_lint_auto/cmake)
[4.391s] -- Added test 'copyright' to check source files copyright and LICENSE
[4.397s] -- Added test 'lint_cmake' to check CMake code style
[4.399s] -- Added test 'xmllint' to check XML markup files
[4.405s] -- Configuring done
[4.474s] -- Generating done
[4.493s] -- Build files have been written to: /home/willi/battle_ws/build/battle_interfaces
[4.502s] Invoked command in '/home/willi/battle_ws/build/battle_interfaces' returned '0': CMAKE_PREFIX_PATH=${CMAKE_PREFIX_PATH}:/home/willi/battle_ws/install/fire_tracker:/opt/ros/humble /usr/bin/cmake /home/willi/battle_ws/src/battle_interfaces -DAMENT_CMAKE_SYMLINK_INSTALL=1 -DCMAKE_INSTALL_PREFIX=/home/willi/battle_ws/install/battle_interfaces
[4.505s] Invoking command in '/home/willi/battle_ws/build/battle_interfaces': CMAKE_PREFIX_PATH=${CMAKE_PREFIX_PATH}:/home/willi/battle_ws/install/fire_tracker:/opt/ros/humble /usr/bin/cmake --build /home/willi/battle_ws/build/battle_interfaces -- -j4 -l4
[4.574s] [  1%] [34m[1mGenerating C code for ROS interfaces[0m
[4.596s] [  3%] [34m[1mGenerating C++ code for ROS interfaces[0m
[4.638s] [  3%] Built target ament_cmake_python_symlink_battle_interfaces
[5.590s] running egg_info
[5.592s] creating battle_interfaces.egg-info
[5.624s] writing battle_interfaces.egg-info/PKG-INFO
[5.624s] writing dependency_links to battle_interfaces.egg-info/dependency_links.txt
[5.624s] writing top-level names to battle_interfaces.egg-info/top_level.txt
[5.624s] writing manifest file 'battle_interfaces.egg-info/SOURCES.txt'
[5.718s] reading manifest file 'battle_interfaces.egg-info/SOURCES.txt'
[5.719s] writing manifest file 'battle_interfaces.egg-info/SOURCES.txt'
[5.853s] [  3%] Built target ament_cmake_python_build_battle_interfaces_egg
[5.958s] [  5%] [32mBuilding C object CMakeFiles/battle_interfaces__rosidl_generator_c.dir/rosidl_generator_c/battle_interfaces/msg/detail/target__functions.c.o[0m
[5.977s] [  7%] [32mBuilding C object CMakeFiles/battle_interfaces__rosidl_generator_c.dir/rosidl_generator_c/battle_interfaces/msg/detail/target_array__functions.c.o[0m
[5.993s] [  9%] [32mBuilding C object CMakeFiles/battle_interfaces__rosidl_generator_c.dir/rosidl_generator_c/battle_interfaces/msg/detail/aim_vector__functions.c.o[0m
[6.095s] [ 10%] [32mBuilding C object CMakeFiles/battle_interfaces__rosidl_generator_c.dir/rosidl_generator_c/battle_interfaces/srv/detail/pointing__functions.c.o[0m
[6.128s] [ 10%] Built target battle_interfaces__cpp
[6.149s] [ 12%] [34m[1mGenerating C++ type support dispatch for ROS interfaces[0m
[6.153s] [ 16%] [34m[1mGenerating C++ introspection for ROS interfaces[0m
[6.153s] [ 16%] [34m[1mGenerating C++ type support for eProsima Fast-RTPS[0m
[6.240s] [ 18%] [32m[1mLinking C shared library libbattle_interfaces__rosidl_generator_c.so[0m
[6.384s] [ 18%] Built target battle_interfaces__rosidl_generator_c
[6.409s] [ 20%] [34m[1mGenerating C type support for eProsima Fast-RTPS[0m
[7.580s] [ 21%] [32mBuilding CXX object CMakeFiles/battle_interfaces__rosidl_typesupport_cpp.dir/rosidl_typesupport_cpp/battle_interfaces/msg/target__type_support.cpp.o[0m
[7.621s] [ 23%] [32mBuilding CXX object CMakeFiles/battle_interfaces__rosidl_typesupport_introspection_cpp.dir/rosidl_typesupport_introspection_cpp/battle_interfaces/msg/detail/target__type_support.cpp.o[0m
[8.126s] [ 25%] [32mBuilding CXX object CMakeFiles/battle_interfaces__rosidl_typesupport_fastrtps_cpp.dir/rosidl_typesupport_fastrtps_cpp/battle_interfaces/msg/detail/dds_fastrtps/target__type_support.cpp.o[0m
[8.140s] [ 27%] [32mBuilding CXX object CMakeFiles/battle_interfaces__rosidl_typesupport_fastrtps_c.dir/rosidl_typesupport_fastrtps_c/battle_interfaces/msg/detail/target__type_support_c.cpp.o[0m
[8.686s] [ 29%] [32mBuilding CXX object CMakeFiles/battle_interfaces__rosidl_typesupport_cpp.dir/rosidl_typesupport_cpp/battle_interfaces/msg/target_array__type_support.cpp.o[0m
[9.525s] [ 30%] [32mBuilding CXX object CMakeFiles/battle_interfaces__rosidl_typesupport_fastrtps_c.dir/rosidl_typesupport_fastrtps_c/battle_interfaces/msg/detail/target_array__type_support_c.cpp.o[0m
[9.877s] [ 32%] [32mBuilding CXX object CMakeFiles/battle_interfaces__rosidl_typesupport_introspection_cpp.dir/rosidl_typesupport_introspection_cpp/battle_interfaces/msg/detail/target_array__type_support.cpp.o[0m
[9.900s] [ 34%] [32mBuilding CXX object CMakeFiles/battle_interfaces__rosidl_typesupport_cpp.dir/rosidl_typesupport_cpp/battle_interfaces/msg/aim_vector__type_support.cpp.o[0m
[10.238s] [ 36%] [32mBuilding CXX object CMakeFiles/battle_interfaces__rosidl_typesupport_fastrtps_cpp.dir/rosidl_typesupport_fastrtps_cpp/battle_interfaces/msg/detail/dds_fastrtps/target_array__type_support.cpp.o[0m
[10.754s] [ 38%] [32mBuilding CXX object CMakeFiles/battle_interfaces__rosidl_typesupport_fastrtps_c.dir/rosidl_typesupport_fastrtps_c/battle_interfaces/msg/detail/aim_vector__type_support_c.cpp.o[0m
[11.354s] [ 40%] [32mBuilding CXX object CMakeFiles/battle_interfaces__rosidl_typesupport_cpp.dir/rosidl_typesupport_cpp/battle_interfaces/srv/pointing__type_support.cpp.o[0m
[11.722s] [ 41%] [32mBuilding CXX object CMakeFiles/battle_interfaces__rosidl_typesupport_introspection_cpp.dir/rosidl_typesupport_introspection_cpp/battle_interfaces/msg/detail/aim_vector__type_support.cpp.o[0m
[12.234s] [ 43%] [32mBuilding CXX object CMakeFiles/battle_interfaces__rosidl_typesupport_fastrtps_cpp.dir/rosidl_typesupport_fastrtps_cpp/battle_interfaces/msg/detail/dds_fastrtps/aim_vector__type_support.cpp.o[0m
[12.397s] [ 45%] [32mBuilding CXX object CMakeFiles/battle_interfaces__rosidl_typesupport_fastrtps_c.dir/rosidl_typesupport_fastrtps_c/battle_interfaces/srv/detail/pointing__type_support_c.cpp.o[0m
[12.510s] [ 47%] [32m[1mLinking CXX shared library libbattle_interfaces__rosidl_typesupport_cpp.so[0m
[12.636s] [ 47%] Built target battle_interfaces__rosidl_typesupport_cpp
[12.663s] [ 49%] [32mBuilding CXX object CMakeFiles/battle_interfaces__rosidl_typesupport_fastrtps_cpp.dir/rosidl_typesupport_fastrtps_cpp/battle_interfaces/srv/detail/dds_fastrtps/pointing__type_support.cpp.o[0m
[13.119s] [ 50%] [32mBuilding CXX object CMakeFiles/battle_interfaces__rosidl_typesupport_introspection_cpp.dir/rosidl_typesupport_introspection_cpp/battle_interfaces/srv/detail/pointing__type_support.cpp.o[0m
[13.465s] [ 52%] [32m[1mLinking CXX shared library libbattle_interfaces__rosidl_typesupport_fastrtps_c.so[0m
[13.647s] [ 54%] [34m[1mGenerating C introspection for ROS interfaces[0m
[13.679s] [ 54%] Built target battle_interfaces__rosidl_typesupport_fastrtps_c
[13.705s] [ 56%] [34m[1mGenerating C type support dispatch for ROS interfaces[0m
[14.062s] [ 58%] [32m[1mLinking CXX shared library libbattle_interfaces__rosidl_typesupport_fastrtps_cpp.so[0m
[14.330s] [ 58%] Built target battle_interfaces__rosidl_typesupport_fastrtps_cpp
[14.447s] [ 60%] [32m[1mLinking CXX shared library libbattle_interfaces__rosidl_typesupport_introspection_cpp.so[0m
[14.643s] [ 60%] Built target battle_interfaces__rosidl_typesupport_introspection_cpp
[14.765s] [ 61%] [32mBuilding CXX object CMakeFiles/battle_interfaces__rosidl_typesupport_c.dir/rosidl_typesupport_c/battle_interfaces/msg/target_array__type_support.cpp.o[0m
[14.766s] [ 63%] [32mBuilding CXX object CMakeFiles/battle_interfaces__rosidl_typesupport_c.dir/rosidl_typesupport_c/battle_interfaces/msg/aim_vector__type_support.cpp.o[0m
[14.766s] [ 65%] [32mBuilding CXX object CMakeFiles/battle_interfaces__rosidl_typesupport_c.dir/rosidl_typesupport_c/battle_interfaces/msg/target__type_support.cpp.o[0m
[14.841s] [ 67%] [32mBuilding CXX object CMakeFiles/battle_interfaces__rosidl_typesupport_c.dir/rosidl_typesupport_c/battle_interfaces/srv/pointing__type_support.cpp.o[0m
[14.911s] [ 69%] [32m[1mLinking CXX shared library libbattle_interfaces__rosidl_typesupport_c.so[0m
[14.931s] [ 70%] [32mBuilding C object CMakeFiles/battle_interfaces__rosidl_typesupport_introspection_c.dir/rosidl_typesupport_introspection_c/battle_interfaces/msg/detail/target_array__type_support.c.o[0m
[14.931s] [ 72%] [32mBuilding C object CMakeFiles/battle_interfaces__rosidl_typesupport_introspection_c.dir/rosidl_typesupport_introspection_c/battle_interfaces/msg/detail/target__type_support.c.o[0m
[14.931s] [ 74%] [32mBuilding C object CMakeFiles/battle_interfaces__rosidl_typesupport_introspection_c.dir/rosidl_typesupport_introspection_c/battle_interfaces/msg/detail/aim_vector__type_support.c.o[0m
[15.009s] [ 74%] Built target battle_interfaces__rosidl_typesupport_c
[15.011s] [ 76%] [32mBuilding C object CMakeFiles/battle_interfaces__rosidl_typesupport_introspection_c.dir/rosidl_typesupport_introspection_c/battle_interfaces/srv/detail/pointing__type_support.c.o[0m
[15.064s] [ 78%] [32m[1mLinking C shared library libbattle_interfaces__rosidl_typesupport_introspection_c.so[0m
[15.116s] [ 78%] Built target battle_interfaces__rosidl_typesupport_introspection_c
[15.145s] [ 78%] Built target battle_interfaces
[15.173s] [ 80%] [34m[1mGenerating Python code for ROS interfaces[0m
[16.357s] [ 80%] Built target battle_interfaces__py
[16.390s] [ 83%] [32mBuilding C object CMakeFiles/battle_interfaces__rosidl_generator_py.dir/rosidl_generator_py/battle_interfaces/msg/_target_array_s.c.o[0m
[16.396s] [ 85%] [32mBuilding C object CMakeFiles/battle_interfaces__rosidl_generator_py.dir/rosidl_generator_py/battle_interfaces/msg/_target_s.c.o[0m
[16.396s] [ 83%] [32mBuilding C object CMakeFiles/battle_interfaces__rosidl_generator_py.dir/rosidl_generator_py/battle_interfaces/srv/_pointing_s.c.o[0m
[16.399s] [ 87%] [32mBuilding C object CMakeFiles/battle_interfaces__rosidl_generator_py.dir/rosidl_generator_py/battle_interfaces/msg/_aim_vector_s.c.o[0m
[16.753s] [ 89%] [32m[1mLinking C shared library rosidl_generator_py/battle_interfaces/libbattle_interfaces__rosidl_generator_py.so[0m
[16.823s] [ 89%] Built target battle_interfaces__rosidl_generator_py
[16.859s] [ 90%] [32mBuilding C object CMakeFiles/battle_interfaces__rosidl_typesupport_introspection_c__pyext.dir/rosidl_generator_py/battle_interfaces/_battle_interfaces_s.ep.rosidl_typesupport_introspection_c.c.o[0m
[16.861s] [ 92%] [32mBuilding C object CMakeFiles/battle_interfaces__rosidl_typesupport_fastrtps_c__pyext.dir/rosidl_generator_py/battle_interfaces/_battle_interfaces_s.ep.rosidl_typesupport_fastrtps_c.c.o[0m
[16.861s] [ 94%] [32mBuilding C object CMakeFiles/battle_interfaces__rosidl_typesupport_c__pyext.dir/rosidl_generator_py/battle_interfaces/_battle_interfaces_s.ep.rosidl_typesupport_c.c.o[0m
[17.085s] [ 96%] [32m[1mLinking C shared library rosidl_generator_py/battle_interfaces/battle_interfaces_s__rosidl_typesupport_introspection_c.cpython-310-x86_64-linux-gnu.so[0m
[17.156s] [ 98%] [32m[1mLinking C shared library rosidl_generator_py/battle_interfaces/battle_interfaces_s__rosidl_typesupport_fastrtps_c.cpython-310-x86_64-linux-gnu.so[0m
[17.159s] [100%] [32m[1mLinking C shared library rosidl_generator_py/battle_interfaces/battle_interfaces_s__rosidl_typesupport_c.cpython-310-x86_64-linux-gnu.so[0m
[17.175s] [100%] Built target battle_interfaces__rosidl_typesupport_introspection_c__pyext
[17.227s] [100%] Built target battle_interfaces__rosidl_typesupport_c__pyext
[17.229s] [100%] Built target battle_interfaces__rosidl_typesupport_fastrtps_c__pyext
[17.248s] Invoked command in '/home/willi/battle_ws/build/battle_interfaces' returned '0': CMAKE_PREFIX_PATH=${CMAKE_PREFIX_PATH}:/home/willi/battle_ws/install/fire_tracker:/opt/ros/humble /usr/bin/cmake --build /home/willi/battle_ws/build/battle_interfaces -- -j4 -l4
[17.262s] Invoking command in '/home/willi/battle_ws/build/battle_interfaces': CMAKE_PREFIX_PATH=${CMAKE_PREFIX_PATH}:/home/willi/battle_ws/install/fire_tracker:/opt/ros/humble /usr/bin/cmake --install /home/willi/battle_ws/build/battle_interfaces
[17.272s] -- Install configuration: ""
[17.273s] -- Execute custom install script
[17.274s] -- Symlinking: /home/willi/battle_ws/install/battle_interfaces/share/ament_index/resource_index/rosidl_interfaces/battle_interfaces
[17.286s] -- Symlinking: /home/willi/battle_ws/install/battle_interfaces/include/battle_interfaces/battle_interfaces/msg/aim_vector.h
[17.300s] -- Symlinking: /home/willi/battle_ws/install/battle_interfaces/include/battle_interfaces/battle_interfaces/msg/detail/aim_vector__functions.h
[17.316s] -- Symlinking: /home/willi/battle_ws/install/battle_interfaces/include/battle_interfaces/battle_interfaces/msg/detail/aim_vector__struct.h
[17.329s] -- Symlinking: /home/willi/battle_ws/install/battle_interfaces/include/battle_interfaces/battle_interfaces/msg/detail/aim_vector__type_support.h
[17.340s] -- Symlinking: /home/willi/battle_ws/install/battle_interfaces/include/battle_interfaces/battle_interfaces/msg/detail/target__functions.h
[17.352s] -- Symlinking: /home/willi/battle_ws/install/battle_interfaces/include/battle_interfaces/battle_interfaces/msg/detail/target__struct.h
[17.364s] -- Symlinking: /home/willi/battle_ws/install/battle_interfaces/include/battle_interfaces/battle_interfaces/msg/detail/target__type_support.h
[17.376s] -- Symlinking: /home/willi/battle_ws/install/battle_interfaces/include/battle_interfaces/battle_interfaces/msg/detail/target_array__functions.h
[17.388s] -- Symlinking: /home/willi/battle_ws/install/battle_interfaces/include/battle_interfaces/battle_interfaces/msg/detail/target_array__struct.h
[17.405s] -- Symlinking: /home/willi/battle_ws/install/battle_interfaces/include/battle_interfaces/battle_interfaces/msg/detail/target_array__type_support.h
[17.420s] -- Symlinking: /home/willi/battle_ws/install/battle_interfaces/include/battle_interfaces/battle_interfaces/msg/rosidl_generator_c__visibility_control.h
[17.433s] -- Symlinking: /home/willi/battle_ws/install/battle_interfaces/include/battle_interfaces/battle_interfaces/msg/target.h
[17.444s] -- Symlinking: /home/willi/battle_ws/install/battle_interfaces/include/battle_interfaces/battle_interfaces/msg/target_array.h
[17.457s] -- Symlinking: /home/willi/battle_ws/install/battle_interfaces/include/battle_interfaces/battle_interfaces/srv/detail/pointing__functions.h
[17.470s] -- Symlinking: /home/willi/battle_ws/install/battle_interfaces/include/battle_interfaces/battle_interfaces/srv/detail/pointing__struct.h
[17.481s] -- Symlinking: /home/willi/battle_ws/install/battle_interfaces/include/battle_interfaces/battle_interfaces/srv/detail/pointing__type_support.h
[17.492s] -- Symlinking: /home/willi/battle_ws/install/battle_interfaces/include/battle_interfaces/battle_interfaces/srv/pointing.h
[17.510s] -- Symlinking: /home/willi/battle_ws/install/battle_interfaces/share/battle_interfaces/environment/library_path.sh
[17.525s] -- Symlinking: /home/willi/battle_ws/install/battle_interfaces/share/battle_interfaces/environment/library_path.dsv
[17.539s] -- Symlinking: /home/willi/battle_ws/install/battle_interfaces/include/battle_interfaces/battle_interfaces/msg/detail/aim_vector__rosidl_typesupport_fastrtps_c.h
[17.552s] -- Symlinking: /home/willi/battle_ws/install/battle_interfaces/include/battle_interfaces/battle_interfaces/msg/detail/target__rosidl_typesupport_fastrtps_c.h
[17.564s] -- Symlinking: /home/willi/battle_ws/install/battle_interfaces/include/battle_interfaces/battle_interfaces/msg/detail/target_array__rosidl_typesupport_fastrtps_c.h
[17.578s] -- Symlinking: /home/willi/battle_ws/install/battle_interfaces/include/battle_interfaces/battle_interfaces/msg/rosidl_typesupport_fastrtps_c__visibility_control.h
[17.593s] -- Symlinking: /home/willi/battle_ws/install/battle_interfaces/include/battle_interfaces/battle_interfaces/srv/detail/pointing__rosidl_typesupport_fastrtps_c.h
[17.610s] -- Symlinking: /home/willi/battle_ws/install/battle_interfaces/include/battle_interfaces/battle_interfaces/msg/detail/aim_vector__rosidl_typesupport_introspection_c.h
[17.624s] -- Symlinking: /home/willi/battle_ws/install/battle_interfaces/include/battle_interfaces/battle_interfaces/msg/detail/target__rosidl_typesupport_introspection_c.h
[17.638s] -- Symlinking: /home/willi/battle_ws/install/battle_interfaces/include/battle_interfaces/battle_interfaces/msg/detail/target_array__rosidl_typesupport_introspection_c.h
[17.651s] -- Symlinking: /home/willi/battle_ws/install/battle_interfaces/include/battle_interfaces/battle_interfaces/msg/rosidl_typesupport_introspection_c__visibility_control.h
[17.664s] -- Symlinking: /home/willi/battle_ws/install/battle_interfaces/include/battle_interfaces/battle_interfaces/srv/detail/pointing__rosidl_typesupport_introspection_c.h
[17.679s] -- Symlinking: /home/willi/battle_ws/install/battle_interfaces/include/battle_interfaces/battle_interfaces/msg/aim_vector.hpp
[17.691s] -- Symlinking: /home/willi/battle_ws/install/battle_interfaces/include/battle_interfaces/battle_interfaces/msg/detail/aim_vector__builder.hpp
[17.706s] -- Symlinking: /home/willi/battle_ws/install/battle_interfaces/include/battle_interfaces/battle_interfaces/msg/detail/aim_vector__struct.hpp
[17.721s] -- Symlinking: /home/willi/battle_ws/install/battle_interfaces/include/battle_interfaces/battle_interfaces/msg/detail/aim_vector__traits.hpp
[17.735s] -- Symlinking: /home/willi/battle_ws/install/battle_interfaces/include/battle_interfaces/battle_interfaces/msg/detail/aim_vector__type_support.hpp
[17.748s] -- Symlinking: /home/willi/battle_ws/install/battle_interfaces/include/battle_interfaces/battle_interfaces/msg/detail/target__builder.hpp
[17.760s] -- Symlinking: /home/willi/battle_ws/install/battle_interfaces/include/battle_interfaces/battle_interfaces/msg/detail/target__struct.hpp
[17.773s] -- Symlinking: /home/willi/battle_ws/install/battle_interfaces/include/battle_interfaces/battle_interfaces/msg/detail/target__traits.hpp
[17.785s] -- Symlinking: /home/willi/battle_ws/install/battle_interfaces/include/battle_interfaces/battle_interfaces/msg/detail/target__type_support.hpp
[17.800s] -- Symlinking: /home/willi/battle_ws/install/battle_interfaces/include/battle_interfaces/battle_interfaces/msg/detail/target_array__builder.hpp
[17.818s] -- Symlinking: /home/willi/battle_ws/install/battle_interfaces/include/battle_interfaces/battle_interfaces/msg/detail/target_array__struct.hpp
[17.832s] -- Symlinking: /home/willi/battle_ws/install/battle_interfaces/include/battle_interfaces/battle_interfaces/msg/detail/target_array__traits.hpp
[17.844s] -- Symlinking: /home/willi/battle_ws/install/battle_interfaces/include/battle_interfaces/battle_interfaces/msg/detail/target_array__type_support.hpp
[17.856s] -- Symlinking: /home/willi/battle_ws/install/battle_interfaces/include/battle_interfaces/battle_interfaces/msg/rosidl_generator_cpp__visibility_control.hpp
[17.867s] -- Symlinking: /home/willi/battle_ws/install/battle_interfaces/include/battle_interfaces/battle_interfaces/msg/target.hpp
[17.881s] -- Symlinking: /home/willi/battle_ws/install/battle_interfaces/include/battle_interfaces/battle_interfaces/msg/target_array.hpp
[17.892s] -- Symlinking: /home/willi/battle_ws/install/battle_interfaces/include/battle_interfaces/battle_interfaces/srv/detail/pointing__builder.hpp
[17.909s] -- Symlinking: /home/willi/battle_ws/install/battle_interfaces/include/battle_interfaces/battle_interfaces/srv/detail/pointing__struct.hpp
[17.923s] -- Symlinking: /home/willi/battle_ws/install/battle_interfaces/include/battle_interfaces/battle_interfaces/srv/detail/pointing__traits.hpp
[17.936s] -- Symlinking: /home/willi/battle_ws/install/battle_interfaces/include/battle_interfaces/battle_interfaces/srv/detail/pointing__type_support.hpp
[17.949s] -- Symlinking: /home/willi/battle_ws/install/battle_interfaces/include/battle_interfaces/battle_interfaces/srv/pointing.hpp
[17.961s] -- Symlinking: /home/willi/battle_ws/install/battle_interfaces/include/battle_interfaces/battle_interfaces/msg/detail/aim_vector__rosidl_typesupport_fastrtps_cpp.hpp
[17.973s] -- Symlinking: /home/willi/battle_ws/install/battle_interfaces/include/battle_interfaces/battle_interfaces/msg/detail/target__rosidl_typesupport_fastrtps_cpp.hpp
[17.984s] -- Symlinking: /home/willi/battle_ws/install/battle_interfaces/include/battle_interfaces/battle_interfaces/msg/detail/target_array__rosidl_typesupport_fastrtps_cpp.hpp
[17.997s] -- Symlinking: /home/willi/battle_ws/install/battle_interfaces/include/battle_interfaces/battle_interfaces/msg/rosidl_typesupport_fastrtps_cpp__visibility_control.h
[18.014s] -- Symlinking: /home/willi/battle_ws/install/battle_interfaces/include/battle_interfaces/battle_interfaces/srv/detail/pointing__rosidl_typesupport_fastrtps_cpp.hpp
[18.029s] -- Symlinking: /home/willi/battle_ws/install/battle_interfaces/include/battle_interfaces/battle_interfaces/msg/detail/aim_vector__rosidl_typesupport_introspection_cpp.hpp
[18.043s] -- Symlinking: /home/willi/battle_ws/install/battle_interfaces/include/battle_interfaces/battle_interfaces/msg/detail/target__rosidl_typesupport_introspection_cpp.hpp
[18.055s] -- Symlinking: /home/willi/battle_ws/install/battle_interfaces/include/battle_interfaces/battle_interfaces/msg/detail/target_array__rosidl_typesupport_introspection_cpp.hpp
[18.069s] -- Symlinking: /home/willi/battle_ws/install/battle_interfaces/include/battle_interfaces/battle_interfaces/srv/detail/pointing__rosidl_typesupport_introspection_cpp.hpp
[18.082s] -- Symlinking: /home/willi/battle_ws/install/battle_interfaces/share/battle_interfaces/environment/pythonpath.sh
[18.095s] -- Symlinking: /home/willi/battle_ws/install/battle_interfaces/share/battle_interfaces/environment/pythonpath.dsv
[18.117s] -- Symlinking: /home/willi/battle_ws/install/battle_interfaces/local/lib/python3.10/dist-packages/battle_interfaces-0.0.2-py3.10.egg-info/PKG-INFO
[18.137s] -- Symlinking: /home/willi/battle_ws/install/battle_interfaces/local/lib/python3.10/dist-packages/battle_interfaces-0.0.2-py3.10.egg-info/SOURCES.txt
[18.159s] -- Symlinking: /home/willi/battle_ws/install/battle_interfaces/local/lib/python3.10/dist-packages/battle_interfaces-0.0.2-py3.10.egg-info/dependency_links.txt
[18.183s] -- Symlinking: /home/willi/battle_ws/install/battle_interfaces/local/lib/python3.10/dist-packages/battle_interfaces-0.0.2-py3.10.egg-info/top_level.txt
[18.210s] -- Symlinking: /home/willi/battle_ws/install/battle_interfaces/local/lib/python3.10/dist-packages/battle_interfaces/__init__.py
[18.232s] -- Symlinking: /home/willi/battle_ws/install/battle_interfaces/local/lib/python3.10/dist-packages/battle_interfaces/_battle_interfaces_s.ep.rosidl_typesupport_c.c
[18.254s] -- Symlinking: /home/willi/battle_ws/install/battle_interfaces/local/lib/python3.10/dist-packages/battle_interfaces/_battle_interfaces_s.ep.rosidl_typesupport_fastrtps_c.c
[18.274s] -- Symlinking: /home/willi/battle_ws/install/battle_interfaces/local/lib/python3.10/dist-packages/battle_interfaces/_battle_interfaces_s.ep.rosidl_typesupport_introspection_c.c
[18.294s] -- Symlinking: /home/willi/battle_ws/install/battle_interfaces/local/lib/python3.10/dist-packages/battle_interfaces/battle_interfaces_s__rosidl_typesupport_c.cpython-310-x86_64-linux-gnu.so
[18.314s] -- Symlinking: /home/willi/battle_ws/install/battle_interfaces/local/lib/python3.10/dist-packages/battle_interfaces/battle_interfaces_s__rosidl_typesupport_fastrtps_c.cpython-310-x86_64-linux-gnu.so
[18.340s] -- Symlinking: /home/willi/battle_ws/install/battle_interfaces/local/lib/python3.10/dist-packages/battle_interfaces/battle_interfaces_s__rosidl_typesupport_introspection_c.cpython-310-x86_64-linux-gnu.so
[18.357s] -- Symlinking: /home/willi/battle_ws/install/battle_interfaces/local/lib/python3.10/dist-packages/battle_interfaces/libbattle_interfaces__rosidl_generator_py.so
[18.378s] -- Symlinking: /home/willi/battle_ws/install/battle_interfaces/local/lib/python3.10/dist-packages/battle_interfaces/msg/__init__.py
[18.397s] -- Symlinking: /home/willi/battle_ws/install/battle_interfaces/local/lib/python3.10/dist-packages/battle_interfaces/msg/_aim_vector.py
[18.413s] -- Symlinking: /home/willi/battle_ws/install/battle_interfaces/local/lib/python3.10/dist-packages/battle_interfaces/msg/_aim_vector_s.c
[18.432s] -- Symlinking: /home/willi/battle_ws/install/battle_interfaces/local/lib/python3.10/dist-packages/battle_interfaces/msg/_target.py
[18.452s] -- Symlinking: /home/willi/battle_ws/install/battle_interfaces/local/lib/python3.10/dist-packages/battle_interfaces/msg/_target_array.py
[18.471s] -- Symlinking: /home/willi/battle_ws/install/battle_interfaces/local/lib/python3.10/dist-packages/battle_interfaces/msg/_target_array_s.c
[18.489s] -- Symlinking: /home/willi/battle_ws/install/battle_interfaces/local/lib/python3.10/dist-packages/battle_interfaces/msg/_target_s.c
[18.506s] -- Symlinking: /home/willi/battle_ws/install/battle_interfaces/local/lib/python3.10/dist-packages/battle_interfaces/srv/__init__.py
[18.526s] -- Symlinking: /home/willi/battle_ws/install/battle_interfaces/local/lib/python3.10/dist-packages/battle_interfaces/srv/_pointing.py
[18.548s] -- Symlinking: /home/willi/battle_ws/install/battle_interfaces/local/lib/python3.10/dist-packages/battle_interfaces/srv/_pointing_s.c
[18.568s] -- Up-to-date symlink: /home/willi/battle_ws/install/battle_interfaces/local/lib/python3.10/dist-packages/battle_interfaces/battle_interfaces_s__rosidl_typesupport_fastrtps_c.cpython-310-x86_64-linux-gnu.so
[18.568s] -- Up-to-date symlink: /home/willi/battle_ws/install/battle_interfaces/local/lib/python3.10/dist-packages/battle_interfaces/battle_interfaces_s__rosidl_typesupport_introspection_c.cpython-310-x86_64-linux-gnu.so
[18.570s] -- Up-to-date symlink: /home/willi/battle_ws/install/battle_interfaces/local/lib/python3.10/dist-packages/battle_interfaces/battle_interfaces_s__rosidl_typesupport_c.cpython-310-x86_64-linux-gnu.so
[18.571s] -- Symlinking: /home/willi/battle_ws/install/battle_interfaces/share/battle_interfaces/msg/Target.idl
[18.589s] -- Symlinking: /home/willi/battle_ws/install/battle_interfaces/share/battle_interfaces/msg/TargetArray.idl
[18.606s] -- Symlinking: /home/willi/battle_ws/install/battle_interfaces/share/battle_interfaces/msg/AimVector.idl
[18.628s] -- Symlinking: /home/willi/battle_ws/install/battle_interfaces/share/battle_interfaces/srv/Pointing.idl
[18.647s] -- Symlinking: /home/willi/battle_ws/install/battle_interfaces/share/battle_interfaces/msg/Target.msg
[18.664s] -- Symlinking: /home/willi/battle_ws/install/battle_interfaces/share/battle_interfaces/msg/TargetArray.msg
[18.686s] -- Symlinking: /home/willi/battle_ws/install/battle_interfaces/share/battle_interfaces/msg/AimVector.msg
[18.707s] -- Symlinking: /home/willi/battle_ws/install/battle_interfaces/share/battle_interfaces/srv/Pointing.srv
[18.729s] -- Symlinking: /home/willi/battle_ws/install/battle_interfaces/share/battle_interfaces/srv/Pointing_Request.msg
[18.752s] -- Symlinking: /home/willi/battle_ws/install/battle_interfaces/share/battle_interfaces/srv/Pointing_Response.msg
[18.771s] -- Symlinking: /home/willi/battle_ws/install/battle_interfaces/share/ament_index/resource_index/package_run_dependencies/battle_interfaces
[18.795s] -- Symlinking: /home/willi/battle_ws/install/battle_interfaces/share/ament_index/resource_index/parent_prefix_path/battle_interfaces
[18.816s] -- Symlinking: /home/willi/battle_ws/install/battle_interfaces/share/battle_interfaces/environment/ament_prefix_path.sh
[18.838s] -- Symlinking: /home/willi/battle_ws/install/battle_interfaces/share/battle_interfaces/environment/ament_prefix_path.dsv
[18.859s] -- Symlinking: /home/willi/battle_ws/install/battle_interfaces/share/battle_interfaces/environment/path.sh
[18.878s] -- Symlinking: /home/willi/battle_ws/install/battle_interfaces/share/battle_interfaces/environment/path.dsv
[18.900s] -- Symlinking: /home/willi/battle_ws/install/battle_interfaces/share/battle_interfaces/local_setup.bash
[18.920s] -- Symlinking: /home/willi/battle_ws/install/battle_interfaces/share/battle_interfaces/local_setup.sh
[18.941s] -- Symlinking: /home/willi/battle_ws/install/battle_interfaces/share/battle_interfaces/local_setup.zsh
[18.965s] -- Symlinking: /home/willi/battle_ws/install/battle_interfaces/share/battle_interfaces/local_setup.dsv
[18.983s] -- Symlinking: /home/willi/battle_ws/install/battle_interfaces/share/battle_interfaces/package.dsv
[19.006s] -- Symlinking: /home/willi/battle_ws/install/battle_interfaces/share/ament_index/resource_index/packages/battle_interfaces
[19.029s] -- Symlinking: /home/willi/battle_ws/install/battle_interfaces/share/battle_interfaces/cmake/rosidl_cmake-extras.cmake
[19.050s] -- Symlinking: /home/willi/battle_ws/install/battle_interfaces/share/battle_interfaces/cmake/ament_cmake_export_dependencies-extras.cmake
[19.067s] -- Symlinking: /home/willi/battle_ws/install/battle_interfaces/share/battle_interfaces/cmake/ament_cmake_export_include_directories-extras.cmake
[19.084s] -- Symlinking: /home/willi/battle_ws/install/battle_interfaces/share/battle_interfaces/cmake/ament_cmake_export_libraries-extras.cmake
[19.101s] -- Symlinking: /home/willi/battle_ws/install/battle_interfaces/share/battle_interfaces/cmake/ament_cmake_export_targets-extras.cmake
[19.118s] -- Symlinking: /home/willi/battle_ws/install/battle_interfaces/share/battle_interfaces/cmake/rosidl_cmake_export_typesupport_targets-extras.cmake
[19.136s] -- Symlinking: /home/willi/battle_ws/install/battle_interfaces/share/battle_interfaces/cmake/rosidl_cmake_export_typesupport_libraries-extras.cmake
[19.154s] -- Symlinking: /home/willi/battle_ws/install/battle_interfaces/share/battle_interfaces/cmake/battle_interfacesConfig.cmake
[19.169s] -- Symlinking: /home/willi/battle_ws/install/battle_interfaces/share/battle_interfaces/cmake/battle_interfacesConfig-version.cmake
[19.186s] -- Symlinking: /home/willi/battle_ws/install/battle_interfaces/share/battle_interfaces/package.xml
[19.204s] -- Installing: /home/willi/battle_ws/install/battle_interfaces/lib/libbattle_interfaces__rosidl_generator_c.so
[19.206s] -- Set runtime path of "/home/willi/battle_ws/install/battle_interfaces/lib/libbattle_interfaces__rosidl_generator_c.so" to ""
[19.206s] -- Installing: /home/willi/battle_ws/install/battle_interfaces/lib/libbattle_interfaces__rosidl_typesupport_fastrtps_c.so
[19.207s] -- Set runtime path of "/home/willi/battle_ws/install/battle_interfaces/lib/libbattle_interfaces__rosidl_typesupport_fastrtps_c.so" to ""
[19.207s] -- Installing: /home/willi/battle_ws/install/battle_interfaces/lib/libbattle_interfaces__rosidl_typesupport_introspection_c.so
[19.210s] -- Set runtime path of "/home/willi/battle_ws/install/battle_interfaces/lib/libbattle_interfaces__rosidl_typesupport_introspection_c.so" to ""
[19.210s] -- Installing: /home/willi/battle_ws/install/battle_interfaces/lib/libbattle_interfaces__rosidl_typesupport_c.so
[19.210s] -- Set runtime path of "/home/willi/battle_ws/install/battle_interfaces/lib/libbattle_interfaces__rosidl_typesupport_c.so" to ""
[19.211s] -- Installing: /home/willi/battle_ws/install/battle_interfaces/lib/libbattle_interfaces__rosidl_typesupport_fastrtps_cpp.so
[19.211s] -- Set runtime path of "/home/willi/battle_ws/install/battle_interfaces/lib/libbattle_interfaces__rosidl_typesupport_fastrtps_cpp.so" to ""
[19.211s] -- Installing: /home/willi/battle_ws/install/battle_interfaces/lib/libbattle_interfaces__rosidl_typesupport_introspection_cpp.so
[19.213s] -- Set runtime path of "/home/willi/battle_ws/install/battle_interfaces/lib/libbattle_interfaces__rosidl_typesupport_introspection_cpp.so" to ""
[19.213s] -- Installing: /home/willi/battle_ws/install/battle_interfaces/lib/libbattle_interfaces__rosidl_typesupport_cpp.so
[19.213s] -- Set runtime path of "/home/willi/battle_ws/install/battle_interfaces/lib/libbattle_interfaces__rosidl_typesupport_cpp.so" to ""
[19.308s] Listing '/home/willi/battle_ws/install/battle_interfaces/local/lib/python3.10/dist-packages/battle_interfaces'...
[19.309s] Compiling '/home/willi/battle_ws/install/battle_interfaces/local/lib/python3.10/dist-packages/battle_interfaces/__init__.py'...
[19.309s] Listing '/home/willi/battle_ws/install/battle_interfaces/local/lib/python3.10/dist-packages/battle_interfaces/msg'...
[19.309s] Compiling '/home/willi/battle_ws/install/battle_interfaces/local/lib/python3.10/dist-packages/battle_interfaces/msg/__init__.py'...
[19.310s] Compiling '/home/willi/battle_ws/install/battle_interfaces/local/lib/python3.10/dist-packages/battle_interfaces/msg/_aim_vector.py'...
[19.310s] Compiling '/home/willi/battle_ws/install/battle_interfaces/local/lib/python3.10/dist-packages/battle_interfaces/msg/_target.py'...
[19.310s] Compiling '/home/willi/battle_ws/install/battle_interfaces/local/lib/python3.10/dist-packages/battle_interfaces/msg/_target_array.py'...
[19.310s] Listing '/home/willi/battle_ws/install/battle_interfaces/local/lib/python3.10/dist-packages/battle_interfaces/srv'...
[19.310s] Compiling '/home/willi/battle_ws/install/battle_interfaces/local/lib/python3.10/dist-packages/battle_interfaces/srv/__init__.py'...
[19.311s] Compiling '/home/willi/battle_ws/install/battle_interfaces/local/lib/python3.10/dist-packages/battle_interfaces/srv/_pointing.py'...
[19.324s] -- Installing: /home/willi/battle_ws/install/battle_interfaces/lib/libbattle_interfaces__rosidl_generator_py.so
[19.325s] -- Set runtime path of "/home/willi/battle_ws/install/battle_interfaces/lib/libbattle_interfaces__rosidl_generator_py.so" to ""
[19.326s] -- Installing: /home/willi/battle_ws/install/battle_interfaces/share/battle_interfaces/cmake/export_battle_interfaces__rosidl_generator_cExport.cmake
[19.326s] -- Installing: /home/willi/battle_ws/install/battle_interfaces/share/battle_interfaces/cmake/export_battle_interfaces__rosidl_generator_cExport-noconfig.cmake
[19.327s] -- Installing: /home/willi/battle_ws/install/battle_interfaces/share/battle_interfaces/cmake/export_battle_interfaces__rosidl_typesupport_fastrtps_cExport.cmake
[19.327s] -- Installing: /home/willi/battle_ws/install/battle_interfaces/share/battle_interfaces/cmake/export_battle_interfaces__rosidl_typesupport_fastrtps_cExport-noconfig.cmake
[19.328s] -- Installing: /home/willi/battle_ws/install/battle_interfaces/share/battle_interfaces/cmake/battle_interfaces__rosidl_typesupport_introspection_cExport.cmake
[19.329s] -- Installing: /home/willi/battle_ws/install/battle_interfaces/share/battle_interfaces/cmake/battle_interfaces__rosidl_typesupport_introspection_cExport-noconfig.cmake
[19.329s] -- Installing: /home/willi/battle_ws/install/battle_interfaces/share/battle_interfaces/cmake/battle_interfaces__rosidl_typesupport_cExport.cmake
[19.329s] -- Installing: /home/willi/battle_ws/install/battle_interfaces/share/battle_interfaces/cmake/battle_interfaces__rosidl_typesupport_cExport-noconfig.cmake
[19.330s] -- Installing: /home/willi/battle_ws/install/battle_interfaces/share/battle_interfaces/cmake/export_battle_interfaces__rosidl_generator_cppExport.cmake
[19.331s] -- Installing: /home/willi/battle_ws/install/battle_interfaces/share/battle_interfaces/cmake/export_battle_interfaces__rosidl_typesupport_fastrtps_cppExport.cmake
[19.331s] -- Installing: /home/willi/battle_ws/install/battle_interfaces/share/battle_interfaces/cmake/export_battle_interfaces__rosidl_typesupport_fastrtps_cppExport-noconfig.cmake
[19.333s] -- Installing: /home/willi/battle_ws/install/battle_interfaces/share/battle_interfaces/cmake/battle_interfaces__rosidl_typesupport_introspection_cppExport.cmake
[19.333s] -- Installing: /home/willi/battle_ws/install/battle_interfaces/share/battle_interfaces/cmake/battle_interfaces__rosidl_typesupport_introspection_cppExport-noconfig.cmake
[19.333s] -- Installing: /home/willi/battle_ws/install/battle_interfaces/share/battle_interfaces/cmake/battle_interfaces__rosidl_typesupport_cppExport.cmake
[19.333s] -- Installing: /home/willi/battle_ws/install/battle_interfaces/share/battle_interfaces/cmake/battle_interfaces__rosidl_typesupport_cppExport-noconfig.cmake
[19.334s] -- Installing: /home/willi/battle_ws/install/battle_interfaces/share/battle_interfaces/cmake/export_battle_interfaces__rosidl_generator_pyExport.cmake
[19.334s] -- Installing: /home/willi/battle_ws/install/battle_interfaces/share/battle_interfaces/cmake/export_battle_interfaces__rosidl_generator_pyExport-noconfig.cmake
[19.336s] Invoked command in '/home/willi/battle_ws/build/battle_interfaces' returned '0': CMAKE_PREFIX_PATH=${CMAKE_PREFIX_PATH}:/home/willi/battle_ws/install/fire_tracker:/opt/ros/humble /usr/bin/cmake --install /home/willi/battle_ws/build/battle_interfaces
