[1.622s] Invoking command in '/home/willi/battle_ws/src/fire_platform': PYTHONPATH=/home/willi/battle_ws/build/fire_platform/prefix_override:/usr/lib/python3/dist-packages/colcon_core/task/python/colcon_distutils_commands:/home/willi/battle_ws/install/fire_platform/lib/python3.10/site-packages:${PYTHONPATH} /usr/bin/python3 -W ignore:setup.py install is deprecated -W ignore:easy_install command is deprecated setup.py egg_info --egg-base ../../build/fire_platform build --build-base /home/willi/battle_ws/build/fire_platform/build install --record /home/willi/battle_ws/build/fire_platform/install.log --single-version-externally-managed install_data
[2.233s] running egg_info
[2.235s] creating ../../build/fire_platform/fire_platform.egg-info
[2.259s] writing ../../build/fire_platform/fire_platform.egg-info/PKG-INFO
[2.259s] writing dependency_links to ../../build/fire_platform/fire_platform.egg-info/dependency_links.txt
[2.260s] writing entry points to ../../build/fire_platform/fire_platform.egg-info/entry_points.txt
[2.260s] writing requirements to ../../build/fire_platform/fire_platform.egg-info/requires.txt
[2.260s] writing top-level names to ../../build/fire_platform/fire_platform.egg-info/top_level.txt
[2.260s] writing manifest file '../../build/fire_platform/fire_platform.egg-info/SOURCES.txt'
[2.309s] reading manifest file '../../build/fire_platform/fire_platform.egg-info/SOURCES.txt'
[2.310s] writing manifest file '../../build/fire_platform/fire_platform.egg-info/SOURCES.txt'
[2.311s] running build
[2.311s] running build_py
[2.311s] creating /home/willi/battle_ws/build/fire_platform/build
[2.311s] creating /home/willi/battle_ws/build/fire_platform/build/lib
[2.311s] creating /home/willi/battle_ws/build/fire_platform/build/lib/fire_platform
[2.312s] copying fire_platform/__init__.py -> /home/willi/battle_ws/build/fire_platform/build/lib/fire_platform
[2.312s] copying fire_platform/fire_node.py -> /home/willi/battle_ws/build/fire_platform/build/lib/fire_platform
[2.312s] creating /home/willi/battle_ws/build/fire_platform/build/lib/test
[2.312s] copying test/__init__.py -> /home/willi/battle_ws/build/fire_platform/build/lib/test
[2.313s] copying test/test_tf_target.py -> /home/willi/battle_ws/build/fire_platform/build/lib/test
[2.313s] running install
[2.321s] running install_lib
[2.345s] creating /home/willi/battle_ws/install/fire_platform/lib/python3.10/site-packages/fire_platform
[2.345s] copying /home/willi/battle_ws/build/fire_platform/build/lib/fire_platform/__init__.py -> /home/willi/battle_ws/install/fire_platform/lib/python3.10/site-packages/fire_platform
[2.345s] copying /home/willi/battle_ws/build/fire_platform/build/lib/fire_platform/fire_node.py -> /home/willi/battle_ws/install/fire_platform/lib/python3.10/site-packages/fire_platform
[2.345s] creating /home/willi/battle_ws/install/fire_platform/lib/python3.10/site-packages/test
[2.345s] copying /home/willi/battle_ws/build/fire_platform/build/lib/test/__init__.py -> /home/willi/battle_ws/install/fire_platform/lib/python3.10/site-packages/test
[2.346s] copying /home/willi/battle_ws/build/fire_platform/build/lib/test/test_tf_target.py -> /home/willi/battle_ws/install/fire_platform/lib/python3.10/site-packages/test
[2.346s] byte-compiling /home/willi/battle_ws/install/fire_platform/lib/python3.10/site-packages/fire_platform/__init__.py to __init__.cpython-310.pyc
[2.347s] byte-compiling /home/willi/battle_ws/install/fire_platform/lib/python3.10/site-packages/fire_platform/fire_node.py to fire_node.cpython-310.pyc
[2.348s] byte-compiling /home/willi/battle_ws/install/fire_platform/lib/python3.10/site-packages/test/__init__.py to __init__.cpython-310.pyc
[2.348s] byte-compiling /home/willi/battle_ws/install/fire_platform/lib/python3.10/site-packages/test/test_tf_target.py to test_tf_target.cpython-310.pyc
[2.349s] running install_data
[2.349s] creating /home/willi/battle_ws/install/fire_platform/share/ament_index
[2.350s] creating /home/willi/battle_ws/install/fire_platform/share/ament_index/resource_index
[2.350s] creating /home/willi/battle_ws/install/fire_platform/share/ament_index/resource_index/packages
[2.350s] copying resource/fire_platform -> /home/willi/battle_ws/install/fire_platform/share/ament_index/resource_index/packages
[2.350s] copying package.xml -> /home/willi/battle_ws/install/fire_platform/share/fire_platform
[2.351s] creating /home/willi/battle_ws/install/fire_platform/share/fire_platform/launch
[2.351s] copying launch/platform_tf.launch.py -> /home/willi/battle_ws/install/fire_platform/share/fire_platform/launch
[2.352s] creating /home/willi/battle_ws/install/fire_platform/share/fire_platform/urdf
[2.352s] copying urdf/fire_platform.urdf.xacro -> /home/willi/battle_ws/install/fire_platform/share/fire_platform/urdf
[2.352s] running install_egg_info
[2.390s] Copying ../../build/fire_platform/fire_platform.egg-info to /home/willi/battle_ws/install/fire_platform/lib/python3.10/site-packages/fire_platform-0.0.0-py3.10.egg-info
[2.392s] running install_scripts
[2.487s] Installing fire_node script to /home/willi/battle_ws/install/fire_platform/lib/fire_platform
[2.488s] Installing test_tf_target script to /home/willi/battle_ws/install/fire_platform/lib/fire_platform
[2.488s] writing list of installed files to '/home/willi/battle_ws/build/fire_platform/install.log'
[2.560s] Invoked command in '/home/willi/battle_ws/src/fire_platform' returned '0': PYTHONPATH=/home/willi/battle_ws/build/fire_platform/prefix_override:/usr/lib/python3/dist-packages/colcon_core/task/python/colcon_distutils_commands:/home/willi/battle_ws/install/fire_platform/lib/python3.10/site-packages:${PYTHONPATH} /usr/bin/python3 -W ignore:setup.py install is deprecated -W ignore:easy_install command is deprecated setup.py egg_info --egg-base ../../build/fire_platform build --build-base /home/willi/battle_ws/build/fire_platform/build install --record /home/willi/battle_ws/build/fire_platform/install.log --single-version-externally-managed install_data
