[0.015s] Invoking command in '/home/willi/battle_ws/build/battle_interfaces': CMAKE_PREFIX_PATH=/opt/ros/humble /usr/bin/cmake /home/willi/battle_ws/src/battle_interfaces -DCMAKE_INSTALL_PREFIX=/home/willi/battle_ws/install/battle_interfaces
[0.090s] -- The C compiler identification is GNU 11.4.0
[0.180s] -- The CXX compiler identification is GNU 11.4.0
[0.197s] -- Detecting C compiler ABI info
[0.300s] -- Detecting C compiler ABI info - done
[0.327s] -- Check for working C compiler: /usr/bin/cc - skipped
[0.328s] -- Detecting C compile features
[0.330s] -- Detecting C compile features - done
[0.338s] -- Detecting CXX compiler ABI info
[0.456s] -- Detecting CXX compiler ABI info - done
[0.474s] -- Check for working CXX compiler: /usr/bin/c++ - skipped
[0.474s] -- Detecting CXX compile features
[0.475s] -- Detecting CXX compile features - done
[0.479s] -- Found ament_cmake: 1.3.11 (/opt/ros/humble/share/ament_cmake/cmake)
[1.552s] -- Found Python3: /usr/bin/python3 (found version "3.10.12") found components: Interpreter 
[1.711s] -- Found rosidl_default_generators: 1.2.0 (/opt/ros/humble/share/rosidl_default_generators/cmake)
[1.718s] -- Using all available rosidl_typesupport_c: rosidl_typesupport_fastrtps_c;rosidl_typesupport_introspection_c
[1.732s] -- Found rosidl_adapter: 3.1.6 (/opt/ros/humble/share/rosidl_adapter/cmake)
[1.793s] -- Using all available rosidl_typesupport_cpp: rosidl_typesupport_fastrtps_cpp;rosidl_typesupport_introspection_cpp
[1.842s] -- Found std_msgs: 4.8.0 (/opt/ros/humble/share/std_msgs/cmake)
[2.373s] -- Found ament_cmake_ros: 0.10.0 (/opt/ros/humble/share/ament_cmake_ros/cmake)
[2.775s] -- Using all available rosidl_typesupport_c: rosidl_typesupport_fastrtps_c;rosidl_typesupport_introspection_c
[3.346s] -- Using all available rosidl_typesupport_cpp: rosidl_typesupport_fastrtps_cpp;rosidl_typesupport_introspection_cpp
[3.385s] -- Found PythonInterp: /usr/bin/python3 (found suitable version "3.10.12", minimum required is "3.6") 
[3.387s] -- Found python_cmake_module: 0.10.0 (/opt/ros/humble/share/python_cmake_module/cmake)
[3.438s] -- Found PythonLibs: /usr/lib/x86_64-linux-gnu/libpython3.10.so (found suitable version "3.10.12", minimum required is "3.5") 
[3.438s] -- Using PYTHON_EXECUTABLE: /usr/bin/python3
[3.439s] -- Using PYTHON_INCLUDE_DIRS: /usr/include/python3.10
[3.439s] -- Using PYTHON_LIBRARIES: /usr/lib/x86_64-linux-gnu/libpython3.10.so
[3.479s] -- Found PythonExtra: .so  
[3.594s] -- Found ament_lint_auto: 0.12.12 (/opt/ros/humble/share/ament_lint_auto/cmake)
[3.628s] -- Added test 'copyright' to check source files copyright and LICENSE
[3.633s] -- Added test 'flake8' to check Python code syntax and style conventions
[3.635s] -- Added test 'lint_cmake' to check CMake code style
[3.636s] -- Added test 'pep257' to check Python code against some of the docstring style conventions in PEP 257
[3.638s] -- Added test 'xmllint' to check XML markup files
[3.643s] -- Configuring done
[3.713s] -- Generating done
[3.736s] -- Build files have been written to: /home/willi/battle_ws/build/battle_interfaces
[3.745s] Invoked command in '/home/willi/battle_ws/build/battle_interfaces' returned '0': CMAKE_PREFIX_PATH=/opt/ros/humble /usr/bin/cmake /home/willi/battle_ws/src/battle_interfaces -DCMAKE_INSTALL_PREFIX=/home/willi/battle_ws/install/battle_interfaces
[3.749s] Invoking command in '/home/willi/battle_ws/build/battle_interfaces': CMAKE_PREFIX_PATH=/opt/ros/humble /usr/bin/cmake --build /home/willi/battle_ws/build/battle_interfaces -- -j4 -l4
[3.809s] [  1%] [34m[1mGenerating C code for ROS interfaces[0m
[3.819s] [  3%] [34m[1mGenerating C++ code for ROS interfaces[0m
[3.843s] [  3%] Built target ament_cmake_python_copy_battle_interfaces
[4.767s] running egg_info
[4.767s] creating battle_interfaces.egg-info
[4.813s] writing battle_interfaces.egg-info/PKG-INFO
[4.814s] writing dependency_links to battle_interfaces.egg-info/dependency_links.txt
[4.814s] writing top-level names to battle_interfaces.egg-info/top_level.txt
[4.814s] writing manifest file 'battle_interfaces.egg-info/SOURCES.txt'
[4.827s] [  5%] [32mBuilding C object CMakeFiles/battle_interfaces__rosidl_generator_c.dir/rosidl_generator_c/battle_interfaces/msg/detail/target__functions.c.o[0m
[4.842s] [  7%] [32mBuilding C object CMakeFiles/battle_interfaces__rosidl_generator_c.dir/rosidl_generator_c/battle_interfaces/msg/detail/target_array__functions.c.o[0m
[4.948s] [  9%] [32mBuilding C object CMakeFiles/battle_interfaces__rosidl_generator_c.dir/rosidl_generator_c/battle_interfaces/msg/detail/aim_vector__functions.c.o[0m
[4.952s] [ 10%] [32mBuilding C object CMakeFiles/battle_interfaces__rosidl_generator_c.dir/rosidl_generator_c/battle_interfaces/srv/detail/pointing__functions.c.o[0m
[4.960s] reading manifest file 'battle_interfaces.egg-info/SOURCES.txt'
[4.961s] writing manifest file 'battle_interfaces.egg-info/SOURCES.txt'
[5.058s] [ 10%] Built target ament_cmake_python_build_battle_interfaces_egg
[5.080s] [ 12%] [32m[1mLinking C shared library libbattle_interfaces__rosidl_generator_c.so[0m
[5.161s] [ 12%] Built target battle_interfaces__rosidl_generator_c
[5.186s] [ 14%] [34m[1mGenerating C type support for eProsima Fast-RTPS[0m
[5.191s] [ 16%] [34m[1mGenerating C introspection for ROS interfaces[0m
[5.198s] [ 18%] [34m[1mGenerating C type support dispatch for ROS interfaces[0m
[5.277s] [ 18%] Built target battle_interfaces__cpp
[5.298s] [ 20%] [34m[1mGenerating C++ type support dispatch for ROS interfaces[0m
[6.212s] [ 21%] [32mBuilding CXX object CMakeFiles/battle_interfaces__rosidl_typesupport_c.dir/rosidl_typesupport_c/battle_interfaces/msg/target__type_support.cpp.o[0m
[6.278s] [ 23%] [32mBuilding CXX object CMakeFiles/battle_interfaces__rosidl_typesupport_c.dir/rosidl_typesupport_c/battle_interfaces/msg/target_array__type_support.cpp.o[0m
[6.345s] [ 25%] [32mBuilding CXX object CMakeFiles/battle_interfaces__rosidl_typesupport_c.dir/rosidl_typesupport_c/battle_interfaces/msg/aim_vector__type_support.cpp.o[0m
[6.412s] [ 27%] [32mBuilding CXX object CMakeFiles/battle_interfaces__rosidl_typesupport_c.dir/rosidl_typesupport_c/battle_interfaces/srv/pointing__type_support.cpp.o[0m
[6.413s] [ 29%] [32mBuilding CXX object CMakeFiles/battle_interfaces__rosidl_typesupport_cpp.dir/rosidl_typesupport_cpp/battle_interfaces/msg/target__type_support.cpp.o[0m
[6.483s] [ 30%] [32m[1mLinking CXX shared library libbattle_interfaces__rosidl_typesupport_c.so[0m
[6.493s] [ 32%] [32mBuilding C object CMakeFiles/battle_interfaces__rosidl_typesupport_introspection_c.dir/rosidl_typesupport_introspection_c/battle_interfaces/msg/detail/target__type_support.c.o[0m
[6.561s] [ 34%] [32mBuilding C object CMakeFiles/battle_interfaces__rosidl_typesupport_introspection_c.dir/rosidl_typesupport_introspection_c/battle_interfaces/msg/detail/target_array__type_support.c.o[0m
[6.585s] [ 34%] Built target battle_interfaces__rosidl_typesupport_c
[6.607s] [ 36%] [32mBuilding C object CMakeFiles/battle_interfaces__rosidl_typesupport_introspection_c.dir/rosidl_typesupport_introspection_c/battle_interfaces/msg/detail/aim_vector__type_support.c.o[0m
[6.630s] [ 38%] [32mBuilding CXX object CMakeFiles/battle_interfaces__rosidl_typesupport_fastrtps_c.dir/rosidl_typesupport_fastrtps_c/battle_interfaces/msg/detail/target__type_support_c.cpp.o[0m
[6.648s] [ 40%] [32mBuilding CXX object CMakeFiles/battle_interfaces__rosidl_typesupport_fastrtps_c.dir/rosidl_typesupport_fastrtps_c/battle_interfaces/msg/detail/target_array__type_support_c.cpp.o[0m
[6.682s] [ 41%] [32mBuilding C object CMakeFiles/battle_interfaces__rosidl_typesupport_introspection_c.dir/rosidl_typesupport_introspection_c/battle_interfaces/srv/detail/pointing__type_support.c.o[0m
[6.762s] [ 43%] [32m[1mLinking C shared library libbattle_interfaces__rosidl_typesupport_introspection_c.so[0m
[6.836s] [ 43%] Built target battle_interfaces__rosidl_typesupport_introspection_c
[6.854s] [ 45%] [32mBuilding CXX object CMakeFiles/battle_interfaces__rosidl_typesupport_fastrtps_c.dir/rosidl_typesupport_fastrtps_c/battle_interfaces/msg/detail/aim_vector__type_support_c.cpp.o[0m
[7.180s] [ 47%] [32mBuilding CXX object CMakeFiles/battle_interfaces__rosidl_typesupport_cpp.dir/rosidl_typesupport_cpp/battle_interfaces/msg/target_array__type_support.cpp.o[0m
[7.577s] [ 49%] [32mBuilding CXX object CMakeFiles/battle_interfaces__rosidl_typesupport_cpp.dir/rosidl_typesupport_cpp/battle_interfaces/msg/aim_vector__type_support.cpp.o[0m
[7.600s] [ 50%] [32mBuilding CXX object CMakeFiles/battle_interfaces__rosidl_typesupport_cpp.dir/rosidl_typesupport_cpp/battle_interfaces/srv/pointing__type_support.cpp.o[0m
[7.739s] [ 52%] [32mBuilding CXX object CMakeFiles/battle_interfaces__rosidl_typesupport_fastrtps_c.dir/rosidl_typesupport_fastrtps_c/battle_interfaces/srv/detail/pointing__type_support_c.cpp.o[0m
[7.916s] [ 54%] [34m[1mGenerating C++ type support for eProsima Fast-RTPS[0m
[8.360s] [ 56%] [34m[1mGenerating C++ introspection for ROS interfaces[0m
[8.391s] [ 58%] [32m[1mLinking CXX shared library libbattle_interfaces__rosidl_typesupport_cpp.so[0m
[8.493s] [ 58%] Built target battle_interfaces__rosidl_typesupport_cpp
[8.685s] [ 60%] [32m[1mLinking CXX shared library libbattle_interfaces__rosidl_typesupport_fastrtps_c.so[0m
[8.931s] [ 60%] Built target battle_interfaces__rosidl_typesupport_fastrtps_c
[9.048s] [ 61%] [32mBuilding CXX object CMakeFiles/battle_interfaces__rosidl_typesupport_fastrtps_cpp.dir/rosidl_typesupport_fastrtps_cpp/battle_interfaces/msg/detail/dds_fastrtps/target_array__type_support.cpp.o[0m
[9.049s] [ 63%] [32mBuilding CXX object CMakeFiles/battle_interfaces__rosidl_typesupport_fastrtps_cpp.dir/rosidl_typesupport_fastrtps_cpp/battle_interfaces/msg/detail/dds_fastrtps/aim_vector__type_support.cpp.o[0m
[9.050s] [ 65%] [32mBuilding CXX object CMakeFiles/battle_interfaces__rosidl_typesupport_fastrtps_cpp.dir/rosidl_typesupport_fastrtps_cpp/battle_interfaces/msg/detail/dds_fastrtps/target__type_support.cpp.o[0m
[9.564s] [ 67%] [32mBuilding CXX object CMakeFiles/battle_interfaces__rosidl_typesupport_introspection_cpp.dir/rosidl_typesupport_introspection_cpp/battle_interfaces/msg/detail/target__type_support.cpp.o[0m
[10.144s] [ 69%] [32mBuilding CXX object CMakeFiles/battle_interfaces__rosidl_typesupport_fastrtps_cpp.dir/rosidl_typesupport_fastrtps_cpp/battle_interfaces/srv/detail/dds_fastrtps/pointing__type_support.cpp.o[0m
[10.223s] [ 70%] [32mBuilding CXX object CMakeFiles/battle_interfaces__rosidl_typesupport_introspection_cpp.dir/rosidl_typesupport_introspection_cpp/battle_interfaces/msg/detail/target_array__type_support.cpp.o[0m
[10.319s] [ 72%] [32mBuilding CXX object CMakeFiles/battle_interfaces__rosidl_typesupport_introspection_cpp.dir/rosidl_typesupport_introspection_cpp/battle_interfaces/msg/detail/aim_vector__type_support.cpp.o[0m
[10.634s] [ 74%] [32mBuilding CXX object CMakeFiles/battle_interfaces__rosidl_typesupport_introspection_cpp.dir/rosidl_typesupport_introspection_cpp/battle_interfaces/srv/detail/pointing__type_support.cpp.o[0m
[11.304s] [ 76%] [32m[1mLinking CXX shared library libbattle_interfaces__rosidl_typesupport_fastrtps_cpp.so[0m
[11.452s] [ 76%] Built target battle_interfaces__rosidl_typesupport_fastrtps_cpp
[11.570s] [ 78%] [32m[1mLinking CXX shared library libbattle_interfaces__rosidl_typesupport_introspection_cpp.so[0m
[11.688s] [ 78%] Built target battle_interfaces__rosidl_typesupport_introspection_cpp
[11.715s] [ 78%] Built target battle_interfaces
[11.744s] [ 80%] [34m[1mGenerating Python code for ROS interfaces[0m
[12.842s] [ 80%] Built target battle_interfaces__py
[12.879s] [ 83%] [32mBuilding C object CMakeFiles/battle_interfaces__rosidl_generator_py.dir/rosidl_generator_py/battle_interfaces/msg/_target_array_s.c.o[0m
[12.879s] [ 85%] [32mBuilding C object CMakeFiles/battle_interfaces__rosidl_generator_py.dir/rosidl_generator_py/battle_interfaces/msg/_aim_vector_s.c.o[0m
[12.879s] [ 83%] [32mBuilding C object CMakeFiles/battle_interfaces__rosidl_generator_py.dir/rosidl_generator_py/battle_interfaces/msg/_target_s.c.o[0m
[12.880s] [ 87%] [32mBuilding C object CMakeFiles/battle_interfaces__rosidl_generator_py.dir/rosidl_generator_py/battle_interfaces/srv/_pointing_s.c.o[0m
[13.145s] [ 89%] [32m[1mLinking C shared library rosidl_generator_py/battle_interfaces/libbattle_interfaces__rosidl_generator_py.so[0m
[13.205s] [ 89%] Built target battle_interfaces__rosidl_generator_py
[13.236s] [ 90%] [32mBuilding C object CMakeFiles/battle_interfaces__rosidl_typesupport_introspection_c__pyext.dir/rosidl_generator_py/battle_interfaces/_battle_interfaces_s.ep.rosidl_typesupport_introspection_c.c.o[0m
[13.243s] [ 94%] [32mBuilding C object CMakeFiles/battle_interfaces__rosidl_typesupport_fastrtps_c__pyext.dir/rosidl_generator_py/battle_interfaces/_battle_interfaces_s.ep.rosidl_typesupport_fastrtps_c.c.o[0m
[13.244s] [ 94%] [32mBuilding C object CMakeFiles/battle_interfaces__rosidl_typesupport_c__pyext.dir/rosidl_generator_py/battle_interfaces/_battle_interfaces_s.ep.rosidl_typesupport_c.c.o[0m
[13.420s] [ 96%] [32m[1mLinking C shared library rosidl_generator_py/battle_interfaces/battle_interfaces_s__rosidl_typesupport_fastrtps_c.cpython-310-x86_64-linux-gnu.so[0m
[13.488s] [ 96%] Built target battle_interfaces__rosidl_typesupport_fastrtps_c__pyext
[13.501s] [ 98%] [32m[1mLinking C shared library rosidl_generator_py/battle_interfaces/battle_interfaces_s__rosidl_typesupport_introspection_c.cpython-310-x86_64-linux-gnu.so[0m
[13.511s] [100%] [32m[1mLinking C shared library rosidl_generator_py/battle_interfaces/battle_interfaces_s__rosidl_typesupport_c.cpython-310-x86_64-linux-gnu.so[0m
[13.555s] [100%] Built target battle_interfaces__rosidl_typesupport_introspection_c__pyext
[13.566s] [100%] Built target battle_interfaces__rosidl_typesupport_c__pyext
[13.584s] Invoked command in '/home/willi/battle_ws/build/battle_interfaces' returned '0': CMAKE_PREFIX_PATH=/opt/ros/humble /usr/bin/cmake --build /home/willi/battle_ws/build/battle_interfaces -- -j4 -l4
[13.602s] Invoking command in '/home/willi/battle_ws/build/battle_interfaces': CMAKE_PREFIX_PATH=/opt/ros/humble /usr/bin/cmake --install /home/willi/battle_ws/build/battle_interfaces
[13.614s] -- Install configuration: ""
[13.614s] -- Installing: /home/willi/battle_ws/install/battle_interfaces/share/ament_index/resource_index/rosidl_interfaces/battle_interfaces
[13.614s] -- Installing: /home/willi/battle_ws/install/battle_interfaces/include/battle_interfaces/battle_interfaces
[13.615s] -- Installing: /home/willi/battle_ws/install/battle_interfaces/include/battle_interfaces/battle_interfaces/srv
[13.616s] -- Installing: /home/willi/battle_ws/install/battle_interfaces/include/battle_interfaces/battle_interfaces/srv/detail
[13.616s] -- Installing: /home/willi/battle_ws/install/battle_interfaces/include/battle_interfaces/battle_interfaces/srv/detail/pointing__type_support.h
[13.617s] -- Installing: /home/willi/battle_ws/install/battle_interfaces/include/battle_interfaces/battle_interfaces/srv/detail/pointing__struct.h
[13.617s] -- Installing: /home/willi/battle_ws/install/battle_interfaces/include/battle_interfaces/battle_interfaces/srv/detail/pointing__functions.h
[13.618s] -- Installing: /home/willi/battle_ws/install/battle_interfaces/include/battle_interfaces/battle_interfaces/srv/detail/pointing__functions.c
[13.618s] -- Installing: /home/willi/battle_ws/install/battle_interfaces/include/battle_interfaces/battle_interfaces/srv/pointing.h
[13.618s] -- Installing: /home/willi/battle_ws/install/battle_interfaces/include/battle_interfaces/battle_interfaces/msg
[13.618s] -- Installing: /home/willi/battle_ws/install/battle_interfaces/include/battle_interfaces/battle_interfaces/msg/aim_vector.h
[13.619s] -- Installing: /home/willi/battle_ws/install/battle_interfaces/include/battle_interfaces/battle_interfaces/msg/target_array.h
[13.619s] -- Installing: /home/willi/battle_ws/install/battle_interfaces/include/battle_interfaces/battle_interfaces/msg/rosidl_generator_c__visibility_control.h
[13.619s] -- Installing: /home/willi/battle_ws/install/battle_interfaces/include/battle_interfaces/battle_interfaces/msg/detail
[13.619s] -- Installing: /home/willi/battle_ws/install/battle_interfaces/include/battle_interfaces/battle_interfaces/msg/detail/target_array__functions.h
[13.619s] -- Installing: /home/willi/battle_ws/install/battle_interfaces/include/battle_interfaces/battle_interfaces/msg/detail/target_array__type_support.h
[13.620s] -- Installing: /home/willi/battle_ws/install/battle_interfaces/include/battle_interfaces/battle_interfaces/msg/detail/target__functions.h
[13.620s] -- Installing: /home/willi/battle_ws/install/battle_interfaces/include/battle_interfaces/battle_interfaces/msg/detail/target_array__functions.c
[13.620s] -- Installing: /home/willi/battle_ws/install/battle_interfaces/include/battle_interfaces/battle_interfaces/msg/detail/aim_vector__type_support.h
[13.620s] -- Installing: /home/willi/battle_ws/install/battle_interfaces/include/battle_interfaces/battle_interfaces/msg/detail/aim_vector__functions.h
[13.620s] -- Installing: /home/willi/battle_ws/install/battle_interfaces/include/battle_interfaces/battle_interfaces/msg/detail/aim_vector__struct.h
[13.621s] -- Installing: /home/willi/battle_ws/install/battle_interfaces/include/battle_interfaces/battle_interfaces/msg/detail/target__struct.h
[13.621s] -- Installing: /home/willi/battle_ws/install/battle_interfaces/include/battle_interfaces/battle_interfaces/msg/detail/target__type_support.h
[13.621s] -- Installing: /home/willi/battle_ws/install/battle_interfaces/include/battle_interfaces/battle_interfaces/msg/detail/target_array__struct.h
[13.621s] -- Installing: /home/willi/battle_ws/install/battle_interfaces/include/battle_interfaces/battle_interfaces/msg/detail/target__functions.c
[13.621s] -- Installing: /home/willi/battle_ws/install/battle_interfaces/include/battle_interfaces/battle_interfaces/msg/detail/aim_vector__functions.c
[13.621s] -- Installing: /home/willi/battle_ws/install/battle_interfaces/include/battle_interfaces/battle_interfaces/msg/target.h
[13.622s] -- Installing: /home/willi/battle_ws/install/battle_interfaces/share/battle_interfaces/environment/library_path.sh
[13.622s] -- Installing: /home/willi/battle_ws/install/battle_interfaces/share/battle_interfaces/environment/library_path.dsv
[13.622s] -- Installing: /home/willi/battle_ws/install/battle_interfaces/lib/libbattle_interfaces__rosidl_generator_c.so
[13.622s] -- Set runtime path of "/home/willi/battle_ws/install/battle_interfaces/lib/libbattle_interfaces__rosidl_generator_c.so" to ""
[13.623s] -- Up-to-date: /home/willi/battle_ws/install/battle_interfaces/include/battle_interfaces/battle_interfaces
[13.623s] -- Up-to-date: /home/willi/battle_ws/install/battle_interfaces/include/battle_interfaces/battle_interfaces/srv
[13.623s] -- Up-to-date: /home/willi/battle_ws/install/battle_interfaces/include/battle_interfaces/battle_interfaces/srv/detail
[13.623s] -- Installing: /home/willi/battle_ws/install/battle_interfaces/include/battle_interfaces/battle_interfaces/srv/detail/pointing__rosidl_typesupport_fastrtps_c.h
[13.623s] -- Up-to-date: /home/willi/battle_ws/install/battle_interfaces/include/battle_interfaces/battle_interfaces/msg
[13.623s] -- Installing: /home/willi/battle_ws/install/battle_interfaces/include/battle_interfaces/battle_interfaces/msg/rosidl_typesupport_fastrtps_c__visibility_control.h
[13.623s] -- Up-to-date: /home/willi/battle_ws/install/battle_interfaces/include/battle_interfaces/battle_interfaces/msg/detail
[13.624s] -- Installing: /home/willi/battle_ws/install/battle_interfaces/include/battle_interfaces/battle_interfaces/msg/detail/target_array__rosidl_typesupport_fastrtps_c.h
[13.624s] -- Installing: /home/willi/battle_ws/install/battle_interfaces/include/battle_interfaces/battle_interfaces/msg/detail/aim_vector__rosidl_typesupport_fastrtps_c.h
[13.624s] -- Installing: /home/willi/battle_ws/install/battle_interfaces/include/battle_interfaces/battle_interfaces/msg/detail/target__rosidl_typesupport_fastrtps_c.h
[13.624s] -- Installing: /home/willi/battle_ws/install/battle_interfaces/lib/libbattle_interfaces__rosidl_typesupport_fastrtps_c.so
[13.624s] -- Set runtime path of "/home/willi/battle_ws/install/battle_interfaces/lib/libbattle_interfaces__rosidl_typesupport_fastrtps_c.so" to ""
[13.625s] -- Up-to-date: /home/willi/battle_ws/install/battle_interfaces/include/battle_interfaces/battle_interfaces
[13.625s] -- Up-to-date: /home/willi/battle_ws/install/battle_interfaces/include/battle_interfaces/battle_interfaces/srv
[13.625s] -- Up-to-date: /home/willi/battle_ws/install/battle_interfaces/include/battle_interfaces/battle_interfaces/srv/detail
[13.625s] -- Installing: /home/willi/battle_ws/install/battle_interfaces/include/battle_interfaces/battle_interfaces/srv/detail/pointing__type_support.c
[13.625s] -- Installing: /home/willi/battle_ws/install/battle_interfaces/include/battle_interfaces/battle_interfaces/srv/detail/pointing__rosidl_typesupport_introspection_c.h
[13.625s] -- Up-to-date: /home/willi/battle_ws/install/battle_interfaces/include/battle_interfaces/battle_interfaces/msg
[13.626s] -- Up-to-date: /home/willi/battle_ws/install/battle_interfaces/include/battle_interfaces/battle_interfaces/msg/detail
[13.626s] -- Installing: /home/willi/battle_ws/install/battle_interfaces/include/battle_interfaces/battle_interfaces/msg/detail/target_array__type_support.c
[13.626s] -- Installing: /home/willi/battle_ws/install/battle_interfaces/include/battle_interfaces/battle_interfaces/msg/detail/aim_vector__type_support.c
[13.626s] -- Installing: /home/willi/battle_ws/install/battle_interfaces/include/battle_interfaces/battle_interfaces/msg/detail/aim_vector__rosidl_typesupport_introspection_c.h
[13.626s] -- Installing: /home/willi/battle_ws/install/battle_interfaces/include/battle_interfaces/battle_interfaces/msg/detail/target_array__rosidl_typesupport_introspection_c.h
[13.627s] -- Installing: /home/willi/battle_ws/install/battle_interfaces/include/battle_interfaces/battle_interfaces/msg/detail/target__type_support.c
[13.627s] -- Installing: /home/willi/battle_ws/install/battle_interfaces/include/battle_interfaces/battle_interfaces/msg/detail/target__rosidl_typesupport_introspection_c.h
[13.627s] -- Installing: /home/willi/battle_ws/install/battle_interfaces/include/battle_interfaces/battle_interfaces/msg/rosidl_typesupport_introspection_c__visibility_control.h
[13.628s] -- Installing: /home/willi/battle_ws/install/battle_interfaces/lib/libbattle_interfaces__rosidl_typesupport_introspection_c.so
[13.628s] -- Set runtime path of "/home/willi/battle_ws/install/battle_interfaces/lib/libbattle_interfaces__rosidl_typesupport_introspection_c.so" to ""
[13.629s] -- Installing: /home/willi/battle_ws/install/battle_interfaces/lib/libbattle_interfaces__rosidl_typesupport_c.so
[13.629s] -- Set runtime path of "/home/willi/battle_ws/install/battle_interfaces/lib/libbattle_interfaces__rosidl_typesupport_c.so" to ""
[13.629s] -- Up-to-date: /home/willi/battle_ws/install/battle_interfaces/include/battle_interfaces/battle_interfaces
[13.629s] -- Up-to-date: /home/willi/battle_ws/install/battle_interfaces/include/battle_interfaces/battle_interfaces/srv
[13.629s] -- Up-to-date: /home/willi/battle_ws/install/battle_interfaces/include/battle_interfaces/battle_interfaces/srv/detail
[13.630s] -- Installing: /home/willi/battle_ws/install/battle_interfaces/include/battle_interfaces/battle_interfaces/srv/detail/pointing__builder.hpp
[13.630s] -- Installing: /home/willi/battle_ws/install/battle_interfaces/include/battle_interfaces/battle_interfaces/srv/detail/pointing__type_support.hpp
[13.630s] -- Installing: /home/willi/battle_ws/install/battle_interfaces/include/battle_interfaces/battle_interfaces/srv/detail/pointing__traits.hpp
[13.631s] -- Installing: /home/willi/battle_ws/install/battle_interfaces/include/battle_interfaces/battle_interfaces/srv/detail/pointing__struct.hpp
[13.631s] -- Installing: /home/willi/battle_ws/install/battle_interfaces/include/battle_interfaces/battle_interfaces/srv/pointing.hpp
[13.631s] -- Up-to-date: /home/willi/battle_ws/install/battle_interfaces/include/battle_interfaces/battle_interfaces/msg
[13.631s] -- Installing: /home/willi/battle_ws/install/battle_interfaces/include/battle_interfaces/battle_interfaces/msg/target_array.hpp
[13.631s] -- Installing: /home/willi/battle_ws/install/battle_interfaces/include/battle_interfaces/battle_interfaces/msg/aim_vector.hpp
[13.632s] -- Up-to-date: /home/willi/battle_ws/install/battle_interfaces/include/battle_interfaces/battle_interfaces/msg/detail
[13.632s] -- Installing: /home/willi/battle_ws/install/battle_interfaces/include/battle_interfaces/battle_interfaces/msg/detail/target_array__traits.hpp
[13.632s] -- Installing: /home/willi/battle_ws/install/battle_interfaces/include/battle_interfaces/battle_interfaces/msg/detail/target_array__type_support.hpp
[13.632s] -- Installing: /home/willi/battle_ws/install/battle_interfaces/include/battle_interfaces/battle_interfaces/msg/detail/aim_vector__type_support.hpp
[13.633s] -- Installing: /home/willi/battle_ws/install/battle_interfaces/include/battle_interfaces/battle_interfaces/msg/detail/target__struct.hpp
[13.633s] -- Installing: /home/willi/battle_ws/install/battle_interfaces/include/battle_interfaces/battle_interfaces/msg/detail/target_array__builder.hpp
[13.633s] -- Installing: /home/willi/battle_ws/install/battle_interfaces/include/battle_interfaces/battle_interfaces/msg/detail/aim_vector__builder.hpp
[13.633s] -- Installing: /home/willi/battle_ws/install/battle_interfaces/include/battle_interfaces/battle_interfaces/msg/detail/target_array__struct.hpp
[13.633s] -- Installing: /home/willi/battle_ws/install/battle_interfaces/include/battle_interfaces/battle_interfaces/msg/detail/aim_vector__struct.hpp
[13.634s] -- Installing: /home/willi/battle_ws/install/battle_interfaces/include/battle_interfaces/battle_interfaces/msg/detail/target__type_support.hpp
[13.634s] -- Installing: /home/willi/battle_ws/install/battle_interfaces/include/battle_interfaces/battle_interfaces/msg/detail/aim_vector__traits.hpp
[13.634s] -- Installing: /home/willi/battle_ws/install/battle_interfaces/include/battle_interfaces/battle_interfaces/msg/detail/target__traits.hpp
[13.634s] -- Installing: /home/willi/battle_ws/install/battle_interfaces/include/battle_interfaces/battle_interfaces/msg/detail/target__builder.hpp
[13.634s] -- Installing: /home/willi/battle_ws/install/battle_interfaces/include/battle_interfaces/battle_interfaces/msg/target.hpp
[13.635s] -- Installing: /home/willi/battle_ws/install/battle_interfaces/include/battle_interfaces/battle_interfaces/msg/rosidl_generator_cpp__visibility_control.hpp
[13.635s] -- Up-to-date: /home/willi/battle_ws/install/battle_interfaces/include/battle_interfaces/battle_interfaces
[13.635s] -- Up-to-date: /home/willi/battle_ws/install/battle_interfaces/include/battle_interfaces/battle_interfaces/srv
[13.635s] -- Up-to-date: /home/willi/battle_ws/install/battle_interfaces/include/battle_interfaces/battle_interfaces/srv/detail
[13.635s] -- Installing: /home/willi/battle_ws/install/battle_interfaces/include/battle_interfaces/battle_interfaces/srv/detail/pointing__rosidl_typesupport_fastrtps_cpp.hpp
[13.636s] -- Installing: /home/willi/battle_ws/install/battle_interfaces/include/battle_interfaces/battle_interfaces/srv/detail/dds_fastrtps
[13.636s] -- Up-to-date: /home/willi/battle_ws/install/battle_interfaces/include/battle_interfaces/battle_interfaces/msg
[13.636s] -- Installing: /home/willi/battle_ws/install/battle_interfaces/include/battle_interfaces/battle_interfaces/msg/rosidl_typesupport_fastrtps_cpp__visibility_control.h
[13.637s] -- Up-to-date: /home/willi/battle_ws/install/battle_interfaces/include/battle_interfaces/battle_interfaces/msg/detail
[13.637s] -- Installing: /home/willi/battle_ws/install/battle_interfaces/include/battle_interfaces/battle_interfaces/msg/detail/target_array__rosidl_typesupport_fastrtps_cpp.hpp
[13.637s] -- Installing: /home/willi/battle_ws/install/battle_interfaces/include/battle_interfaces/battle_interfaces/msg/detail/aim_vector__rosidl_typesupport_fastrtps_cpp.hpp
[13.637s] -- Installing: /home/willi/battle_ws/install/battle_interfaces/include/battle_interfaces/battle_interfaces/msg/detail/target__rosidl_typesupport_fastrtps_cpp.hpp
[13.637s] -- Installing: /home/willi/battle_ws/install/battle_interfaces/include/battle_interfaces/battle_interfaces/msg/detail/dds_fastrtps
[13.638s] -- Installing: /home/willi/battle_ws/install/battle_interfaces/lib/libbattle_interfaces__rosidl_typesupport_fastrtps_cpp.so
[13.638s] -- Set runtime path of "/home/willi/battle_ws/install/battle_interfaces/lib/libbattle_interfaces__rosidl_typesupport_fastrtps_cpp.so" to ""
[13.638s] -- Up-to-date: /home/willi/battle_ws/install/battle_interfaces/include/battle_interfaces/battle_interfaces
[13.638s] -- Up-to-date: /home/willi/battle_ws/install/battle_interfaces/include/battle_interfaces/battle_interfaces/srv
[13.638s] -- Up-to-date: /home/willi/battle_ws/install/battle_interfaces/include/battle_interfaces/battle_interfaces/srv/detail
[13.638s] -- Installing: /home/willi/battle_ws/install/battle_interfaces/include/battle_interfaces/battle_interfaces/srv/detail/pointing__rosidl_typesupport_introspection_cpp.hpp
[13.638s] -- Installing: /home/willi/battle_ws/install/battle_interfaces/include/battle_interfaces/battle_interfaces/srv/detail/pointing__type_support.cpp
[13.638s] -- Up-to-date: /home/willi/battle_ws/install/battle_interfaces/include/battle_interfaces/battle_interfaces/msg
[13.639s] -- Up-to-date: /home/willi/battle_ws/install/battle_interfaces/include/battle_interfaces/battle_interfaces/msg/detail
[13.639s] -- Installing: /home/willi/battle_ws/install/battle_interfaces/include/battle_interfaces/battle_interfaces/msg/detail/target_array__type_support.cpp
[13.639s] -- Installing: /home/willi/battle_ws/install/battle_interfaces/include/battle_interfaces/battle_interfaces/msg/detail/target__type_support.cpp
[13.639s] -- Installing: /home/willi/battle_ws/install/battle_interfaces/include/battle_interfaces/battle_interfaces/msg/detail/target_array__rosidl_typesupport_introspection_cpp.hpp
[13.639s] -- Installing: /home/willi/battle_ws/install/battle_interfaces/include/battle_interfaces/battle_interfaces/msg/detail/aim_vector__rosidl_typesupport_introspection_cpp.hpp
[13.639s] -- Installing: /home/willi/battle_ws/install/battle_interfaces/include/battle_interfaces/battle_interfaces/msg/detail/target__rosidl_typesupport_introspection_cpp.hpp
[13.639s] -- Installing: /home/willi/battle_ws/install/battle_interfaces/include/battle_interfaces/battle_interfaces/msg/detail/aim_vector__type_support.cpp
[13.640s] -- Installing: /home/willi/battle_ws/install/battle_interfaces/lib/libbattle_interfaces__rosidl_typesupport_introspection_cpp.so
[13.640s] -- Set runtime path of "/home/willi/battle_ws/install/battle_interfaces/lib/libbattle_interfaces__rosidl_typesupport_introspection_cpp.so" to ""
[13.640s] -- Installing: /home/willi/battle_ws/install/battle_interfaces/lib/libbattle_interfaces__rosidl_typesupport_cpp.so
[13.640s] -- Set runtime path of "/home/willi/battle_ws/install/battle_interfaces/lib/libbattle_interfaces__rosidl_typesupport_cpp.so" to ""
[13.640s] -- Installing: /home/willi/battle_ws/install/battle_interfaces/share/battle_interfaces/environment/pythonpath.sh
[13.640s] -- Installing: /home/willi/battle_ws/install/battle_interfaces/share/battle_interfaces/environment/pythonpath.dsv
[13.641s] -- Installing: /home/willi/battle_ws/install/battle_interfaces/local/lib/python3.10/dist-packages/battle_interfaces-0.0.2-py3.10.egg-info
[13.641s] -- Installing: /home/willi/battle_ws/install/battle_interfaces/local/lib/python3.10/dist-packages/battle_interfaces-0.0.2-py3.10.egg-info/SOURCES.txt
[13.641s] -- Installing: /home/willi/battle_ws/install/battle_interfaces/local/lib/python3.10/dist-packages/battle_interfaces-0.0.2-py3.10.egg-info/top_level.txt
[13.641s] -- Installing: /home/willi/battle_ws/install/battle_interfaces/local/lib/python3.10/dist-packages/battle_interfaces-0.0.2-py3.10.egg-info/dependency_links.txt
[13.641s] -- Installing: /home/willi/battle_ws/install/battle_interfaces/local/lib/python3.10/dist-packages/battle_interfaces-0.0.2-py3.10.egg-info/PKG-INFO
[13.642s] -- Installing: /home/willi/battle_ws/install/battle_interfaces/local/lib/python3.10/dist-packages/battle_interfaces
[13.642s] -- Installing: /home/willi/battle_ws/install/battle_interfaces/local/lib/python3.10/dist-packages/battle_interfaces/srv
[13.642s] -- Installing: /home/willi/battle_ws/install/battle_interfaces/local/lib/python3.10/dist-packages/battle_interfaces/srv/_pointing_s.c
[13.642s] -- Installing: /home/willi/battle_ws/install/battle_interfaces/local/lib/python3.10/dist-packages/battle_interfaces/srv/__init__.py
[13.642s] -- Installing: /home/willi/battle_ws/install/battle_interfaces/local/lib/python3.10/dist-packages/battle_interfaces/srv/_pointing.py
[13.642s] -- Installing: /home/willi/battle_ws/install/battle_interfaces/local/lib/python3.10/dist-packages/battle_interfaces/battle_interfaces_s__rosidl_typesupport_c.cpython-310-x86_64-linux-gnu.so
[13.643s] -- Installing: /home/willi/battle_ws/install/battle_interfaces/local/lib/python3.10/dist-packages/battle_interfaces/_battle_interfaces_s.ep.rosidl_typesupport_c.c
[13.643s] -- Installing: /home/willi/battle_ws/install/battle_interfaces/local/lib/python3.10/dist-packages/battle_interfaces/msg
[13.643s] -- Installing: /home/willi/battle_ws/install/battle_interfaces/local/lib/python3.10/dist-packages/battle_interfaces/msg/_aim_vector_s.c
[13.643s] -- Installing: /home/willi/battle_ws/install/battle_interfaces/local/lib/python3.10/dist-packages/battle_interfaces/msg/_aim_vector.py
[13.643s] -- Installing: /home/willi/battle_ws/install/battle_interfaces/local/lib/python3.10/dist-packages/battle_interfaces/msg/_target_array.py
[13.644s] -- Installing: /home/willi/battle_ws/install/battle_interfaces/local/lib/python3.10/dist-packages/battle_interfaces/msg/_target_array_s.c
[13.644s] -- Installing: /home/willi/battle_ws/install/battle_interfaces/local/lib/python3.10/dist-packages/battle_interfaces/msg/__init__.py
[13.644s] -- Installing: /home/willi/battle_ws/install/battle_interfaces/local/lib/python3.10/dist-packages/battle_interfaces/msg/_target.py
[13.644s] -- Installing: /home/willi/battle_ws/install/battle_interfaces/local/lib/python3.10/dist-packages/battle_interfaces/msg/_target_s.c
[13.645s] -- Installing: /home/willi/battle_ws/install/battle_interfaces/local/lib/python3.10/dist-packages/battle_interfaces/_battle_interfaces_s.ep.rosidl_typesupport_introspection_c.c
[13.645s] -- Installing: /home/willi/battle_ws/install/battle_interfaces/local/lib/python3.10/dist-packages/battle_interfaces/battle_interfaces_s__rosidl_typesupport_introspection_c.cpython-310-x86_64-linux-gnu.so
[13.645s] -- Installing: /home/willi/battle_ws/install/battle_interfaces/local/lib/python3.10/dist-packages/battle_interfaces/_battle_interfaces_s.ep.rosidl_typesupport_fastrtps_c.c
[13.645s] -- Installing: /home/willi/battle_ws/install/battle_interfaces/local/lib/python3.10/dist-packages/battle_interfaces/__init__.py
[13.646s] -- Installing: /home/willi/battle_ws/install/battle_interfaces/local/lib/python3.10/dist-packages/battle_interfaces/libbattle_interfaces__rosidl_generator_py.so
[13.646s] -- Installing: /home/willi/battle_ws/install/battle_interfaces/local/lib/python3.10/dist-packages/battle_interfaces/battle_interfaces_s__rosidl_typesupport_fastrtps_c.cpython-310-x86_64-linux-gnu.so
[13.704s] Listing '/home/willi/battle_ws/install/battle_interfaces/local/lib/python3.10/dist-packages/battle_interfaces'...
[13.704s] Compiling '/home/willi/battle_ws/install/battle_interfaces/local/lib/python3.10/dist-packages/battle_interfaces/__init__.py'...
[13.705s] Listing '/home/willi/battle_ws/install/battle_interfaces/local/lib/python3.10/dist-packages/battle_interfaces/msg'...
[13.705s] Compiling '/home/willi/battle_ws/install/battle_interfaces/local/lib/python3.10/dist-packages/battle_interfaces/msg/__init__.py'...
[13.705s] Compiling '/home/willi/battle_ws/install/battle_interfaces/local/lib/python3.10/dist-packages/battle_interfaces/msg/_aim_vector.py'...
[13.705s] Compiling '/home/willi/battle_ws/install/battle_interfaces/local/lib/python3.10/dist-packages/battle_interfaces/msg/_target.py'...
[13.705s] Compiling '/home/willi/battle_ws/install/battle_interfaces/local/lib/python3.10/dist-packages/battle_interfaces/msg/_target_array.py'...
[13.705s] Listing '/home/willi/battle_ws/install/battle_interfaces/local/lib/python3.10/dist-packages/battle_interfaces/srv'...
[13.706s] Compiling '/home/willi/battle_ws/install/battle_interfaces/local/lib/python3.10/dist-packages/battle_interfaces/srv/__init__.py'...
[13.706s] Compiling '/home/willi/battle_ws/install/battle_interfaces/local/lib/python3.10/dist-packages/battle_interfaces/srv/_pointing.py'...
[13.712s] -- Installing: /home/willi/battle_ws/install/battle_interfaces/local/lib/python3.10/dist-packages/battle_interfaces/battle_interfaces_s__rosidl_typesupport_fastrtps_c.cpython-310-x86_64-linux-gnu.so
[13.712s] -- Set runtime path of "/home/willi/battle_ws/install/battle_interfaces/local/lib/python3.10/dist-packages/battle_interfaces/battle_interfaces_s__rosidl_typesupport_fastrtps_c.cpython-310-x86_64-linux-gnu.so" to ""
[13.713s] -- Installing: /home/willi/battle_ws/install/battle_interfaces/local/lib/python3.10/dist-packages/battle_interfaces/battle_interfaces_s__rosidl_typesupport_introspection_c.cpython-310-x86_64-linux-gnu.so
[13.713s] -- Set runtime path of "/home/willi/battle_ws/install/battle_interfaces/local/lib/python3.10/dist-packages/battle_interfaces/battle_interfaces_s__rosidl_typesupport_introspection_c.cpython-310-x86_64-linux-gnu.so" to ""
[13.714s] -- Installing: /home/willi/battle_ws/install/battle_interfaces/local/lib/python3.10/dist-packages/battle_interfaces/battle_interfaces_s__rosidl_typesupport_c.cpython-310-x86_64-linux-gnu.so
[13.714s] -- Set runtime path of "/home/willi/battle_ws/install/battle_interfaces/local/lib/python3.10/dist-packages/battle_interfaces/battle_interfaces_s__rosidl_typesupport_c.cpython-310-x86_64-linux-gnu.so" to ""
[13.714s] -- Installing: /home/willi/battle_ws/install/battle_interfaces/lib/libbattle_interfaces__rosidl_generator_py.so
[13.715s] -- Set runtime path of "/home/willi/battle_ws/install/battle_interfaces/lib/libbattle_interfaces__rosidl_generator_py.so" to ""
[13.715s] -- Installing: /home/willi/battle_ws/install/battle_interfaces/share/battle_interfaces/msg/Target.idl
[13.715s] -- Installing: /home/willi/battle_ws/install/battle_interfaces/share/battle_interfaces/msg/TargetArray.idl
[13.716s] -- Installing: /home/willi/battle_ws/install/battle_interfaces/share/battle_interfaces/msg/AimVector.idl
[13.717s] -- Installing: /home/willi/battle_ws/install/battle_interfaces/share/battle_interfaces/srv/Pointing.idl
[13.717s] -- Installing: /home/willi/battle_ws/install/battle_interfaces/share/battle_interfaces/msg/Target.msg
[13.717s] -- Installing: /home/willi/battle_ws/install/battle_interfaces/share/battle_interfaces/msg/TargetArray.msg
[13.717s] -- Installing: /home/willi/battle_ws/install/battle_interfaces/share/battle_interfaces/msg/AimVector.msg
[13.717s] -- Installing: /home/willi/battle_ws/install/battle_interfaces/share/battle_interfaces/srv/Pointing.srv
[13.718s] -- Installing: /home/willi/battle_ws/install/battle_interfaces/share/battle_interfaces/srv/Pointing_Request.msg
[13.718s] -- Installing: /home/willi/battle_ws/install/battle_interfaces/share/battle_interfaces/srv/Pointing_Response.msg
[13.718s] -- Installing: /home/willi/battle_ws/install/battle_interfaces/share/ament_index/resource_index/package_run_dependencies/battle_interfaces
[13.718s] -- Installing: /home/willi/battle_ws/install/battle_interfaces/share/ament_index/resource_index/parent_prefix_path/battle_interfaces
[13.718s] -- Installing: /home/willi/battle_ws/install/battle_interfaces/share/battle_interfaces/environment/ament_prefix_path.sh
[13.719s] -- Installing: /home/willi/battle_ws/install/battle_interfaces/share/battle_interfaces/environment/ament_prefix_path.dsv
[13.719s] -- Installing: /home/willi/battle_ws/install/battle_interfaces/share/battle_interfaces/environment/path.sh
[13.719s] -- Installing: /home/willi/battle_ws/install/battle_interfaces/share/battle_interfaces/environment/path.dsv
[13.719s] -- Installing: /home/willi/battle_ws/install/battle_interfaces/share/battle_interfaces/local_setup.bash
[13.720s] -- Installing: /home/willi/battle_ws/install/battle_interfaces/share/battle_interfaces/local_setup.sh
[13.721s] -- Installing: /home/willi/battle_ws/install/battle_interfaces/share/battle_interfaces/local_setup.zsh
[13.721s] -- Installing: /home/willi/battle_ws/install/battle_interfaces/share/battle_interfaces/local_setup.dsv
[13.721s] -- Installing: /home/willi/battle_ws/install/battle_interfaces/share/battle_interfaces/package.dsv
[13.721s] -- Installing: /home/willi/battle_ws/install/battle_interfaces/share/ament_index/resource_index/packages/battle_interfaces
[13.722s] -- Installing: /home/willi/battle_ws/install/battle_interfaces/share/battle_interfaces/cmake/export_battle_interfaces__rosidl_generator_cExport.cmake
[13.722s] -- Installing: /home/willi/battle_ws/install/battle_interfaces/share/battle_interfaces/cmake/export_battle_interfaces__rosidl_generator_cExport-noconfig.cmake
[13.722s] -- Installing: /home/willi/battle_ws/install/battle_interfaces/share/battle_interfaces/cmake/export_battle_interfaces__rosidl_typesupport_fastrtps_cExport.cmake
[13.722s] -- Installing: /home/willi/battle_ws/install/battle_interfaces/share/battle_interfaces/cmake/export_battle_interfaces__rosidl_typesupport_fastrtps_cExport-noconfig.cmake
[13.722s] -- Installing: /home/willi/battle_ws/install/battle_interfaces/share/battle_interfaces/cmake/battle_interfaces__rosidl_typesupport_introspection_cExport.cmake
[13.723s] -- Installing: /home/willi/battle_ws/install/battle_interfaces/share/battle_interfaces/cmake/battle_interfaces__rosidl_typesupport_introspection_cExport-noconfig.cmake
[13.723s] -- Installing: /home/willi/battle_ws/install/battle_interfaces/share/battle_interfaces/cmake/battle_interfaces__rosidl_typesupport_cExport.cmake
[13.723s] -- Installing: /home/willi/battle_ws/install/battle_interfaces/share/battle_interfaces/cmake/battle_interfaces__rosidl_typesupport_cExport-noconfig.cmake
[13.723s] -- Installing: /home/willi/battle_ws/install/battle_interfaces/share/battle_interfaces/cmake/export_battle_interfaces__rosidl_generator_cppExport.cmake
[13.723s] -- Installing: /home/willi/battle_ws/install/battle_interfaces/share/battle_interfaces/cmake/export_battle_interfaces__rosidl_typesupport_fastrtps_cppExport.cmake
[13.724s] -- Installing: /home/willi/battle_ws/install/battle_interfaces/share/battle_interfaces/cmake/export_battle_interfaces__rosidl_typesupport_fastrtps_cppExport-noconfig.cmake
[13.724s] -- Installing: /home/willi/battle_ws/install/battle_interfaces/share/battle_interfaces/cmake/battle_interfaces__rosidl_typesupport_introspection_cppExport.cmake
[13.724s] -- Installing: /home/willi/battle_ws/install/battle_interfaces/share/battle_interfaces/cmake/battle_interfaces__rosidl_typesupport_introspection_cppExport-noconfig.cmake
[13.724s] -- Installing: /home/willi/battle_ws/install/battle_interfaces/share/battle_interfaces/cmake/battle_interfaces__rosidl_typesupport_cppExport.cmake
[13.724s] -- Installing: /home/willi/battle_ws/install/battle_interfaces/share/battle_interfaces/cmake/battle_interfaces__rosidl_typesupport_cppExport-noconfig.cmake
[13.725s] -- Installing: /home/willi/battle_ws/install/battle_interfaces/share/battle_interfaces/cmake/export_battle_interfaces__rosidl_generator_pyExport.cmake
[13.725s] -- Installing: /home/willi/battle_ws/install/battle_interfaces/share/battle_interfaces/cmake/export_battle_interfaces__rosidl_generator_pyExport-noconfig.cmake
[13.725s] -- Installing: /home/willi/battle_ws/install/battle_interfaces/share/battle_interfaces/cmake/rosidl_cmake-extras.cmake
[13.725s] -- Installing: /home/willi/battle_ws/install/battle_interfaces/share/battle_interfaces/cmake/ament_cmake_export_dependencies-extras.cmake
[13.725s] -- Installing: /home/willi/battle_ws/install/battle_interfaces/share/battle_interfaces/cmake/ament_cmake_export_include_directories-extras.cmake
[13.726s] -- Installing: /home/willi/battle_ws/install/battle_interfaces/share/battle_interfaces/cmake/ament_cmake_export_libraries-extras.cmake
[13.726s] -- Installing: /home/willi/battle_ws/install/battle_interfaces/share/battle_interfaces/cmake/ament_cmake_export_targets-extras.cmake
[13.726s] -- Installing: /home/willi/battle_ws/install/battle_interfaces/share/battle_interfaces/cmake/rosidl_cmake_export_typesupport_targets-extras.cmake
[13.726s] -- Installing: /home/willi/battle_ws/install/battle_interfaces/share/battle_interfaces/cmake/rosidl_cmake_export_typesupport_libraries-extras.cmake
[13.727s] -- Installing: /home/willi/battle_ws/install/battle_interfaces/share/battle_interfaces/cmake/battle_interfacesConfig.cmake
[13.727s] -- Installing: /home/willi/battle_ws/install/battle_interfaces/share/battle_interfaces/cmake/battle_interfacesConfig-version.cmake
[13.727s] -- Installing: /home/willi/battle_ws/install/battle_interfaces/share/battle_interfaces/package.xml
[13.730s] Invoked command in '/home/willi/battle_ws/build/battle_interfaces' returned '0': CMAKE_PREFIX_PATH=/opt/ros/humble /usr/bin/cmake --install /home/willi/battle_ws/build/battle_interfaces
