running develop
running egg_info
creating scanner_platform.egg-info
writing scanner_platform.egg-info/PKG-INFO
writing dependency_links to scanner_platform.egg-info/dependency_links.txt
writing entry points to scanner_platform.egg-info/entry_points.txt
writing requirements to scanner_platform.egg-info/requires.txt
writing top-level names to scanner_platform.egg-info/top_level.txt
writing manifest file 'scanner_platform.egg-info/SOURCES.txt'
reading manifest file 'scanner_platform.egg-info/SOURCES.txt'
writing manifest file 'scanner_platform.egg-info/SOURCES.txt'
running build_ext
Creating /home/willi/battle_ws/install/scanner_platform/lib/python3.10/site-packages/scanner-platform.egg-link (link to .)
Installing scan_node script to /home/willi/battle_ws/install/scanner_platform/lib/scanner_platform

Installed /home/willi/battle_ws/build/scanner_platform
running symlink_data
creating /home/willi/battle_ws/install/scanner_platform/share/scanner_platform/launch
symbolically linking /home/willi/battle_ws/build/scanner_platform/scanner_platform/launch/platform_tf.launch.py -> /home/willi/battle_ws/install/scanner_platform/share/scanner_platform/launch
creating /home/willi/battle_ws/install/scanner_platform/share/scanner_platform/urdf
symbolically linking /home/willi/battle_ws/build/scanner_platform/scanner_platform/urdf/scanner.urdf.xacro -> /home/willi/battle_ws/install/scanner_platform/share/scanner_platform/urdf
