[0.147s] DEBUG:colcon:Command line arguments: ['/usr/bin/colcon', 'build', '--packages-up-to', 'operator_interface']
[0.147s] DEBUG:colcon:Parsed command line arguments: Namespace(log_base=None, log_level=None, verb_name='build', build_base='build', install_base='install', merge_install=False, symlink_install=False, test_result_base=None, continue_on_error=False, executor='parallel', parallel_workers=4, event_handlers=None, ignore_user_meta=False, metas=['./colcon.meta'], base_paths=['.'], packages_ignore=None, packages_ignore_regex=None, paths=None, packages_up_to=['operator_interface'], packages_up_to_regex=None, packages_above=None, packages_above_and_dependencies=None, packages_above_depth=None, packages_select_by_dep=None, packages_skip_by_dep=None, packages_skip_up_to=None, packages_select_build_failed=False, packages_skip_build_finished=False, packages_select_test_failures=False, packages_skip_test_passed=False, packages_select=None, packages_skip=None, packages_select_regex=None, packages_skip_regex=None, packages_start=None, packages_end=None, allow_overriding=[], cmake_args=None, cmake_target=None, cmake_target_skip_unavailable=False, cmake_clean_cache=False, cmake_clean_first=False, cmake_force_configure=False, ament_cmake_args=None, catkin_cmake_args=None, catkin_skip_building_tests=False, verb_parser=<colcon_defaults.argument_parser.defaults.DefaultArgumentsDecorator object at 0x7f4e15349450>, verb_extension=<colcon_core.verb.build.BuildVerb object at 0x7f4e15348f40>, main=<bound method BuildVerb.main of <colcon_core.verb.build.BuildVerb object at 0x7f4e15348f40>>)
[0.506s] Level 1:colcon.colcon_core.package_discovery:discover_packages(colcon_meta) check parameters
[0.506s] Level 1:colcon.colcon_core.package_discovery:discover_packages(recursive) check parameters
[0.506s] Level 1:colcon.colcon_core.package_discovery:discover_packages(ignore) check parameters
[0.506s] Level 1:colcon.colcon_core.package_discovery:discover_packages(path) check parameters
[0.506s] Level 1:colcon.colcon_core.package_discovery:discover_packages(colcon_meta) discover
[0.506s] Level 1:colcon.colcon_core.package_discovery:discover_packages(recursive) discover
[0.507s] INFO:colcon.colcon_core.package_discovery:Crawling recursively for packages in '/home/willi/battle_ws'
[0.507s] Level 1:colcon.colcon_core.package_identification:_identify(.) by extensions ['ignore', 'ignore_ament_install']
[0.507s] Level 1:colcon.colcon_core.package_identification:_identify(.) by extension 'ignore'
[0.507s] Level 1:colcon.colcon_core.package_identification:_identify(.) by extension 'ignore_ament_install'
[0.507s] Level 1:colcon.colcon_core.package_identification:_identify(.) by extensions ['colcon_pkg']
[0.507s] Level 1:colcon.colcon_core.package_identification:_identify(.) by extension 'colcon_pkg'
[0.507s] Level 1:colcon.colcon_core.package_identification:_identify(.) by extensions ['colcon_meta']
[0.507s] Level 1:colcon.colcon_core.package_identification:_identify(.) by extension 'colcon_meta'
[0.507s] Level 1:colcon.colcon_core.package_identification:_identify(.) by extensions ['ros']
[0.507s] Level 1:colcon.colcon_core.package_identification:_identify(.) by extension 'ros'
[0.526s] Level 1:colcon.colcon_core.package_identification:_identify(.) by extensions ['cmake', 'python']
[0.526s] Level 1:colcon.colcon_core.package_identification:_identify(.) by extension 'cmake'
[0.526s] Level 1:colcon.colcon_core.package_identification:_identify(.) by extension 'python'
[0.526s] Level 1:colcon.colcon_core.package_identification:_identify(.) by extensions ['python_setup_py']
[0.526s] Level 1:colcon.colcon_core.package_identification:_identify(.) by extension 'python_setup_py'
[0.527s] Level 1:colcon.colcon_core.package_identification:_identify(build) by extensions ['ignore', 'ignore_ament_install']
[0.527s] Level 1:colcon.colcon_core.package_identification:_identify(build) by extension 'ignore'
[0.527s] Level 1:colcon.colcon_core.package_identification:_identify(build) ignored
[0.527s] Level 1:colcon.colcon_core.package_identification:_identify(docs) by extensions ['ignore', 'ignore_ament_install']
[0.527s] Level 1:colcon.colcon_core.package_identification:_identify(docs) by extension 'ignore'
[0.527s] Level 1:colcon.colcon_core.package_identification:_identify(docs) by extension 'ignore_ament_install'
[0.527s] Level 1:colcon.colcon_core.package_identification:_identify(docs) by extensions ['colcon_pkg']
[0.527s] Level 1:colcon.colcon_core.package_identification:_identify(docs) by extension 'colcon_pkg'
[0.527s] Level 1:colcon.colcon_core.package_identification:_identify(docs) by extensions ['colcon_meta']
[0.527s] Level 1:colcon.colcon_core.package_identification:_identify(docs) by extension 'colcon_meta'
[0.527s] Level 1:colcon.colcon_core.package_identification:_identify(docs) by extensions ['ros']
[0.527s] Level 1:colcon.colcon_core.package_identification:_identify(docs) by extension 'ros'
[0.528s] Level 1:colcon.colcon_core.package_identification:_identify(docs) by extensions ['cmake', 'python']
[0.528s] Level 1:colcon.colcon_core.package_identification:_identify(docs) by extension 'cmake'
[0.528s] Level 1:colcon.colcon_core.package_identification:_identify(docs) by extension 'python'
[0.528s] Level 1:colcon.colcon_core.package_identification:_identify(docs) by extensions ['python_setup_py']
[0.528s] Level 1:colcon.colcon_core.package_identification:_identify(docs) by extension 'python_setup_py'
[0.528s] Level 1:colcon.colcon_core.package_identification:_identify(install) by extensions ['ignore', 'ignore_ament_install']
[0.528s] Level 1:colcon.colcon_core.package_identification:_identify(install) by extension 'ignore'
[0.528s] Level 1:colcon.colcon_core.package_identification:_identify(install) ignored
[0.528s] Level 1:colcon.colcon_core.package_identification:_identify(log) by extensions ['ignore', 'ignore_ament_install']
[0.528s] Level 1:colcon.colcon_core.package_identification:_identify(log) by extension 'ignore'
[0.528s] Level 1:colcon.colcon_core.package_identification:_identify(log) ignored
[0.528s] Level 1:colcon.colcon_core.package_identification:_identify(src) by extensions ['ignore', 'ignore_ament_install']
[0.529s] Level 1:colcon.colcon_core.package_identification:_identify(src) by extension 'ignore'
[0.529s] Level 1:colcon.colcon_core.package_identification:_identify(src) by extension 'ignore_ament_install'
[0.529s] Level 1:colcon.colcon_core.package_identification:_identify(src) by extensions ['colcon_pkg']
[0.529s] Level 1:colcon.colcon_core.package_identification:_identify(src) by extension 'colcon_pkg'
[0.529s] Level 1:colcon.colcon_core.package_identification:_identify(src) by extensions ['colcon_meta']
[0.529s] Level 1:colcon.colcon_core.package_identification:_identify(src) by extension 'colcon_meta'
[0.529s] Level 1:colcon.colcon_core.package_identification:_identify(src) by extensions ['ros']
[0.529s] Level 1:colcon.colcon_core.package_identification:_identify(src) by extension 'ros'
[0.529s] Level 1:colcon.colcon_core.package_identification:_identify(src) by extensions ['cmake', 'python']
[0.529s] Level 1:colcon.colcon_core.package_identification:_identify(src) by extension 'cmake'
[0.529s] Level 1:colcon.colcon_core.package_identification:_identify(src) by extension 'python'
[0.529s] Level 1:colcon.colcon_core.package_identification:_identify(src) by extensions ['python_setup_py']
[0.529s] Level 1:colcon.colcon_core.package_identification:_identify(src) by extension 'python_setup_py'
[0.529s] Level 1:colcon.colcon_core.package_identification:_identify(src/battle_interfaces) by extensions ['ignore', 'ignore_ament_install']
[0.529s] Level 1:colcon.colcon_core.package_identification:_identify(src/battle_interfaces) by extension 'ignore'
[0.530s] Level 1:colcon.colcon_core.package_identification:_identify(src/battle_interfaces) by extension 'ignore_ament_install'
[0.530s] Level 1:colcon.colcon_core.package_identification:_identify(src/battle_interfaces) by extensions ['colcon_pkg']
[0.530s] Level 1:colcon.colcon_core.package_identification:_identify(src/battle_interfaces) by extension 'colcon_pkg'
[0.530s] Level 1:colcon.colcon_core.package_identification:_identify(src/battle_interfaces) by extensions ['colcon_meta']
[0.530s] Level 1:colcon.colcon_core.package_identification:_identify(src/battle_interfaces) by extension 'colcon_meta'
[0.530s] Level 1:colcon.colcon_core.package_identification:_identify(src/battle_interfaces) by extensions ['ros']
[0.530s] Level 1:colcon.colcon_core.package_identification:_identify(src/battle_interfaces) by extension 'ros'
[0.533s] DEBUG:colcon.colcon_core.package_identification:Package 'src/battle_interfaces' with type 'ros.ament_cmake' and name 'battle_interfaces'
[0.534s] Level 1:colcon.colcon_core.package_identification:_identify(src/central_hub) by extensions ['ignore', 'ignore_ament_install']
[0.534s] Level 1:colcon.colcon_core.package_identification:_identify(src/central_hub) by extension 'ignore'
[0.534s] Level 1:colcon.colcon_core.package_identification:_identify(src/central_hub) by extension 'ignore_ament_install'
[0.534s] Level 1:colcon.colcon_core.package_identification:_identify(src/central_hub) by extensions ['colcon_pkg']
[0.534s] Level 1:colcon.colcon_core.package_identification:_identify(src/central_hub) by extension 'colcon_pkg'
[0.534s] Level 1:colcon.colcon_core.package_identification:_identify(src/central_hub) by extensions ['colcon_meta']
[0.534s] Level 1:colcon.colcon_core.package_identification:_identify(src/central_hub) by extension 'colcon_meta'
[0.534s] Level 1:colcon.colcon_core.package_identification:_identify(src/central_hub) by extensions ['ros']
[0.534s] Level 1:colcon.colcon_core.package_identification:_identify(src/central_hub) by extension 'ros'
[0.535s] DEBUG:colcon.colcon_core.package_identification:Package 'src/central_hub' with type 'ros.ament_python' and name 'central_hub'
[0.535s] Level 1:colcon.colcon_core.package_identification:_identify(src/combat_platform) by extensions ['ignore', 'ignore_ament_install']
[0.535s] Level 1:colcon.colcon_core.package_identification:_identify(src/combat_platform) by extension 'ignore'
[0.535s] Level 1:colcon.colcon_core.package_identification:_identify(src/combat_platform) by extension 'ignore_ament_install'
[0.535s] Level 1:colcon.colcon_core.package_identification:_identify(src/combat_platform) by extensions ['colcon_pkg']
[0.535s] Level 1:colcon.colcon_core.package_identification:_identify(src/combat_platform) by extension 'colcon_pkg'
[0.536s] Level 1:colcon.colcon_core.package_identification:_identify(src/combat_platform) by extensions ['colcon_meta']
[0.536s] Level 1:colcon.colcon_core.package_identification:_identify(src/combat_platform) by extension 'colcon_meta'
[0.536s] Level 1:colcon.colcon_core.package_identification:_identify(src/combat_platform) by extensions ['ros']
[0.536s] Level 1:colcon.colcon_core.package_identification:_identify(src/combat_platform) by extension 'ros'
[0.537s] DEBUG:colcon.colcon_core.package_identification:Package 'src/combat_platform' with type 'ros.ament_python' and name 'combat_platform'
[0.537s] Level 1:colcon.colcon_core.package_identification:_identify(src/command_center) by extensions ['ignore', 'ignore_ament_install']
[0.537s] Level 1:colcon.colcon_core.package_identification:_identify(src/command_center) by extension 'ignore'
[0.537s] Level 1:colcon.colcon_core.package_identification:_identify(src/command_center) by extension 'ignore_ament_install'
[0.537s] Level 1:colcon.colcon_core.package_identification:_identify(src/command_center) by extensions ['colcon_pkg']
[0.537s] Level 1:colcon.colcon_core.package_identification:_identify(src/command_center) by extension 'colcon_pkg'
[0.537s] Level 1:colcon.colcon_core.package_identification:_identify(src/command_center) by extensions ['colcon_meta']
[0.537s] Level 1:colcon.colcon_core.package_identification:_identify(src/command_center) by extension 'colcon_meta'
[0.537s] Level 1:colcon.colcon_core.package_identification:_identify(src/command_center) by extensions ['ros']
[0.537s] Level 1:colcon.colcon_core.package_identification:_identify(src/command_center) by extension 'ros'
[0.538s] DEBUG:colcon.colcon_core.package_identification:Package 'src/command_center' with type 'ros.ament_python' and name 'command_center'
[0.538s] Level 1:colcon.colcon_core.package_identification:_identify(src/common_msgs) by extensions ['ignore', 'ignore_ament_install']
[0.538s] Level 1:colcon.colcon_core.package_identification:_identify(src/common_msgs) by extension 'ignore'
[0.538s] Level 1:colcon.colcon_core.package_identification:_identify(src/common_msgs) by extension 'ignore_ament_install'
[0.538s] Level 1:colcon.colcon_core.package_identification:_identify(src/common_msgs) by extensions ['colcon_pkg']
[0.538s] Level 1:colcon.colcon_core.package_identification:_identify(src/common_msgs) by extension 'colcon_pkg'
[0.538s] Level 1:colcon.colcon_core.package_identification:_identify(src/common_msgs) by extensions ['colcon_meta']
[0.539s] Level 1:colcon.colcon_core.package_identification:_identify(src/common_msgs) by extension 'colcon_meta'
[0.539s] Level 1:colcon.colcon_core.package_identification:_identify(src/common_msgs) by extensions ['ros']
[0.539s] Level 1:colcon.colcon_core.package_identification:_identify(src/common_msgs) by extension 'ros'
[0.539s] DEBUG:colcon.colcon_core.package_identification:Package 'src/common_msgs' with type 'ros.catkin' and name 'common_msgs'
[0.539s] Level 1:colcon.colcon_core.package_identification:_identify(src/fire_platform) by extensions ['ignore', 'ignore_ament_install']
[0.540s] Level 1:colcon.colcon_core.package_identification:_identify(src/fire_platform) by extension 'ignore'
[0.540s] Level 1:colcon.colcon_core.package_identification:_identify(src/fire_platform) by extension 'ignore_ament_install'
[0.540s] Level 1:colcon.colcon_core.package_identification:_identify(src/fire_platform) by extensions ['colcon_pkg']
[0.540s] Level 1:colcon.colcon_core.package_identification:_identify(src/fire_platform) by extension 'colcon_pkg'
[0.540s] Level 1:colcon.colcon_core.package_identification:_identify(src/fire_platform) by extensions ['colcon_meta']
[0.540s] Level 1:colcon.colcon_core.package_identification:_identify(src/fire_platform) by extension 'colcon_meta'
[0.540s] Level 1:colcon.colcon_core.package_identification:_identify(src/fire_platform) by extensions ['ros']
[0.540s] Level 1:colcon.colcon_core.package_identification:_identify(src/fire_platform) by extension 'ros'
[0.541s] DEBUG:colcon.colcon_core.package_identification:Package 'src/fire_platform' with type 'ros.ament_python' and name 'fire_platform'
[0.541s] Level 1:colcon.colcon_core.package_identification:_identify(src/fire_platform_3) by extensions ['ignore', 'ignore_ament_install']
[0.541s] Level 1:colcon.colcon_core.package_identification:_identify(src/fire_platform_3) by extension 'ignore'
[0.541s] Level 1:colcon.colcon_core.package_identification:_identify(src/fire_platform_3) by extension 'ignore_ament_install'
[0.541s] Level 1:colcon.colcon_core.package_identification:_identify(src/fire_platform_3) by extensions ['colcon_pkg']
[0.541s] Level 1:colcon.colcon_core.package_identification:_identify(src/fire_platform_3) by extension 'colcon_pkg'
[0.541s] Level 1:colcon.colcon_core.package_identification:_identify(src/fire_platform_3) by extensions ['colcon_meta']
[0.541s] Level 1:colcon.colcon_core.package_identification:_identify(src/fire_platform_3) by extension 'colcon_meta'
[0.542s] Level 1:colcon.colcon_core.package_identification:_identify(src/fire_platform_3) by extensions ['ros']
[0.542s] Level 1:colcon.colcon_core.package_identification:_identify(src/fire_platform_3) by extension 'ros'
[0.542s] DEBUG:colcon.colcon_core.package_identification:Package 'src/fire_platform_3' with type 'ros.ament_python' and name 'fire_platform_3'
[0.542s] Level 1:colcon.colcon_core.package_identification:_identify(src/fire_tracker) by extensions ['ignore', 'ignore_ament_install']
[0.543s] Level 1:colcon.colcon_core.package_identification:_identify(src/fire_tracker) by extension 'ignore'
[0.543s] Level 1:colcon.colcon_core.package_identification:_identify(src/fire_tracker) by extension 'ignore_ament_install'
[0.543s] Level 1:colcon.colcon_core.package_identification:_identify(src/fire_tracker) by extensions ['colcon_pkg']
[0.543s] Level 1:colcon.colcon_core.package_identification:_identify(src/fire_tracker) by extension 'colcon_pkg'
[0.543s] Level 1:colcon.colcon_core.package_identification:_identify(src/fire_tracker) by extensions ['colcon_meta']
[0.543s] Level 1:colcon.colcon_core.package_identification:_identify(src/fire_tracker) by extension 'colcon_meta'
[0.543s] Level 1:colcon.colcon_core.package_identification:_identify(src/fire_tracker) by extensions ['ros']
[0.543s] Level 1:colcon.colcon_core.package_identification:_identify(src/fire_tracker) by extension 'ros'
[0.544s] DEBUG:colcon.colcon_core.package_identification:Package 'src/fire_tracker' with type 'ros.ament_python' and name 'fire_tracker'
[0.544s] Level 1:colcon.colcon_core.package_identification:_identify(src/operator_interface) by extensions ['ignore', 'ignore_ament_install']
[0.544s] Level 1:colcon.colcon_core.package_identification:_identify(src/operator_interface) by extension 'ignore'
[0.544s] Level 1:colcon.colcon_core.package_identification:_identify(src/operator_interface) by extension 'ignore_ament_install'
[0.544s] Level 1:colcon.colcon_core.package_identification:_identify(src/operator_interface) by extensions ['colcon_pkg']
[0.544s] Level 1:colcon.colcon_core.package_identification:_identify(src/operator_interface) by extension 'colcon_pkg'
[0.544s] Level 1:colcon.colcon_core.package_identification:_identify(src/operator_interface) by extensions ['colcon_meta']
[0.544s] Level 1:colcon.colcon_core.package_identification:_identify(src/operator_interface) by extension 'colcon_meta'
[0.544s] Level 1:colcon.colcon_core.package_identification:_identify(src/operator_interface) by extensions ['ros']
[0.544s] Level 1:colcon.colcon_core.package_identification:_identify(src/operator_interface) by extension 'ros'
[0.545s] DEBUG:colcon.colcon_core.package_identification:Failed to parse potential ROS package manifest in'src/operator_interface': Error(s) in package 'src/operator_interface/package.xml':
The manifest contains invalid XML:
junk after document element: line 19, column 0
[0.545s] Level 1:colcon.colcon_core.package_identification:_identify(src/operator_interface) by extensions ['cmake', 'python']
[0.545s] Level 1:colcon.colcon_core.package_identification:_identify(src/operator_interface) by extension 'cmake'
[0.545s] Level 1:colcon.colcon_core.package_identification:_identify(src/operator_interface) by extension 'python'
[0.545s] DEBUG:colcon.colcon_core.package_identification:Python package in 'src/operator_interface' passes arguments to the setup() function which requires a different identification extension than 'python'
[0.545s] Level 1:colcon.colcon_core.package_identification:_identify(src/operator_interface) by extensions ['python_setup_py']
[0.545s] Level 1:colcon.colcon_core.package_identification:_identify(src/operator_interface) by extension 'python_setup_py'
[1.090s] DEBUG:colcon.colcon_core.package_identification:Package 'src/operator_interface' with type 'python' and name 'operator_interface'
[1.090s] Level 1:colcon.colcon_core.package_identification:_identify(src/positioning) by extensions ['ignore', 'ignore_ament_install']
[1.090s] Level 1:colcon.colcon_core.package_identification:_identify(src/positioning) by extension 'ignore'
[1.090s] Level 1:colcon.colcon_core.package_identification:_identify(src/positioning) by extension 'ignore_ament_install'
[1.090s] Level 1:colcon.colcon_core.package_identification:_identify(src/positioning) by extensions ['colcon_pkg']
[1.090s] Level 1:colcon.colcon_core.package_identification:_identify(src/positioning) by extension 'colcon_pkg'
[1.091s] Level 1:colcon.colcon_core.package_identification:_identify(src/positioning) by extensions ['colcon_meta']
[1.091s] Level 1:colcon.colcon_core.package_identification:_identify(src/positioning) by extension 'colcon_meta'
[1.091s] Level 1:colcon.colcon_core.package_identification:_identify(src/positioning) by extensions ['ros']
[1.091s] Level 1:colcon.colcon_core.package_identification:_identify(src/positioning) by extension 'ros'
[1.092s] DEBUG:colcon.colcon_core.package_identification:Package 'src/positioning' with type 'ros.ament_python' and name 'positioning'
[1.092s] Level 1:colcon.colcon_core.package_identification:_identify(src/scan_platform_deprecated) by extensions ['ignore', 'ignore_ament_install']
[1.092s] Level 1:colcon.colcon_core.package_identification:_identify(src/scan_platform_deprecated) by extension 'ignore'
[1.092s] Level 1:colcon.colcon_core.package_identification:_identify(src/scan_platform_deprecated) by extension 'ignore_ament_install'
[1.092s] Level 1:colcon.colcon_core.package_identification:_identify(src/scan_platform_deprecated) by extensions ['colcon_pkg']
[1.092s] Level 1:colcon.colcon_core.package_identification:_identify(src/scan_platform_deprecated) by extension 'colcon_pkg'
[1.092s] Level 1:colcon.colcon_core.package_identification:_identify(src/scan_platform_deprecated) by extensions ['colcon_meta']
[1.092s] Level 1:colcon.colcon_core.package_identification:_identify(src/scan_platform_deprecated) by extension 'colcon_meta'
[1.092s] Level 1:colcon.colcon_core.package_identification:_identify(src/scan_platform_deprecated) by extensions ['ros']
[1.092s] Level 1:colcon.colcon_core.package_identification:_identify(src/scan_platform_deprecated) by extension 'ros'
[1.093s] DEBUG:colcon.colcon_core.package_identification:Package 'src/scan_platform_deprecated' with type 'ros.ament_python' and name 'scan_platform'
[1.093s] Level 1:colcon.colcon_core.package_identification:_identify(src/scanner_platform) by extensions ['ignore', 'ignore_ament_install']
[1.093s] Level 1:colcon.colcon_core.package_identification:_identify(src/scanner_platform) by extension 'ignore'
[1.094s] Level 1:colcon.colcon_core.package_identification:_identify(src/scanner_platform) by extension 'ignore_ament_install'
[1.094s] Level 1:colcon.colcon_core.package_identification:_identify(src/scanner_platform) by extensions ['colcon_pkg']
[1.094s] Level 1:colcon.colcon_core.package_identification:_identify(src/scanner_platform) by extension 'colcon_pkg'
[1.094s] Level 1:colcon.colcon_core.package_identification:_identify(src/scanner_platform) by extensions ['colcon_meta']
[1.094s] Level 1:colcon.colcon_core.package_identification:_identify(src/scanner_platform) by extension 'colcon_meta'
[1.094s] Level 1:colcon.colcon_core.package_identification:_identify(src/scanner_platform) by extensions ['ros']
[1.094s] Level 1:colcon.colcon_core.package_identification:_identify(src/scanner_platform) by extension 'ros'
[1.095s] DEBUG:colcon.colcon_core.package_identification:Failed to parse potential ROS package manifest in'src/scanner_platform': Error(s) in package 'src/scanner_platform/package.xml':
The manifest contains invalid XML:
no element found: line 27, column 0
[1.095s] Level 1:colcon.colcon_core.package_identification:_identify(src/scanner_platform) by extensions ['cmake', 'python']
[1.095s] Level 1:colcon.colcon_core.package_identification:_identify(src/scanner_platform) by extension 'cmake'
[1.095s] Level 1:colcon.colcon_core.package_identification:_identify(src/scanner_platform) by extension 'python'
[1.095s] DEBUG:colcon.colcon_core.package_identification:Python package in 'src/scanner_platform' passes arguments to the setup() function which requires a different identification extension than 'python'
[1.095s] Level 1:colcon.colcon_core.package_identification:_identify(src/scanner_platform) by extensions ['python_setup_py']
[1.095s] Level 1:colcon.colcon_core.package_identification:_identify(src/scanner_platform) by extension 'python_setup_py'
[1.702s] DEBUG:colcon.colcon_core.package_identification:Package 'src/scanner_platform' with type 'python' and name 'scanner_platform'
[1.702s] Level 1:colcon.colcon_core.package_discovery:discover_packages(recursive) using defaults
[1.703s] Level 1:colcon.colcon_core.package_discovery:discover_packages(ignore) discover
[1.703s] Level 1:colcon.colcon_core.package_discovery:discover_packages(ignore) using defaults
[1.703s] Level 1:colcon.colcon_core.package_discovery:discover_packages(path) discover
[1.703s] Level 1:colcon.colcon_core.package_discovery:discover_packages(path) using defaults
[1.752s] INFO:colcon.colcon_core.package_selection:Skipping package 'scan_platform' in 'src/scan_platform_deprecated'
[1.752s] INFO:colcon.colcon_core.package_selection:Skipping package 'fire_tracker' in 'src/fire_tracker'
[1.753s] INFO:colcon.colcon_core.package_selection:Skipping package 'fire_platform_3' in 'src/fire_platform_3'
[1.753s] INFO:colcon.colcon_core.package_selection:Skipping package 'fire_platform' in 'src/fire_platform'
[1.753s] INFO:colcon.colcon_core.package_selection:Skipping package 'command_center' in 'src/command_center'
[1.753s] INFO:colcon.colcon_core.package_selection:Skipping package 'combat_platform' in 'src/combat_platform'
[1.753s] INFO:colcon.colcon_core.package_selection:Skipping package 'central_hub' in 'src/central_hub'
[1.753s] INFO:colcon.colcon_core.package_selection:Skipping package 'scanner_platform' in 'src/scanner_platform'
[1.753s] INFO:colcon.colcon_core.package_selection:Skipping package 'positioning' in 'src/positioning'
[1.753s] INFO:colcon.colcon_core.package_selection:Skipping package 'common_msgs' in 'src/common_msgs'
[1.753s] INFO:colcon.colcon_core.package_selection:Skipping package 'battle_interfaces' in 'src/battle_interfaces'
[1.753s] Level 1:colcon.colcon_core.package_discovery:discover_packages(prefix_path) check parameters
[1.754s] Level 1:colcon.colcon_core.package_discovery:discover_packages(prefix_path) discover
[1.755s] WARNING:colcon.colcon_ros.prefix_path.ament:The path '/home/willi/battle_ws/install/scanner_platform' in the environment variable AMENT_PREFIX_PATH doesn't exist
[1.755s] WARNING:colcon.colcon_ros.prefix_path.ament:The path '/home/willi/battle_ws/install/scan_platform' in the environment variable AMENT_PREFIX_PATH doesn't exist
[1.755s] WARNING:colcon.colcon_ros.prefix_path.ament:The path '/home/willi/battle_ws/install/positioning' in the environment variable AMENT_PREFIX_PATH doesn't exist
[1.755s] WARNING:colcon.colcon_ros.prefix_path.ament:The path '/home/willi/battle_ws/install/operator_interface' in the environment variable AMENT_PREFIX_PATH doesn't exist
[1.755s] WARNING:colcon.colcon_ros.prefix_path.ament:The path '/home/willi/battle_ws/install/fire_tracker' in the environment variable AMENT_PREFIX_PATH doesn't exist
[1.755s] WARNING:colcon.colcon_ros.prefix_path.ament:The path '/home/willi/battle_ws/install/fire_platform_3' in the environment variable AMENT_PREFIX_PATH doesn't exist
[1.755s] WARNING:colcon.colcon_ros.prefix_path.ament:The path '/home/willi/battle_ws/install/fire_platform' in the environment variable AMENT_PREFIX_PATH doesn't exist
[1.756s] WARNING:colcon.colcon_ros.prefix_path.ament:The path '/home/willi/battle_ws/install/command_center' in the environment variable AMENT_PREFIX_PATH doesn't exist
[1.756s] WARNING:colcon.colcon_ros.prefix_path.ament:The path '/home/willi/battle_ws/install/combat_platform' in the environment variable AMENT_PREFIX_PATH doesn't exist
[1.756s] WARNING:colcon.colcon_ros.prefix_path.ament:The path '/home/willi/battle_ws/install/central_hub' in the environment variable AMENT_PREFIX_PATH doesn't exist
[1.756s] WARNING:colcon.colcon_ros.prefix_path.ament:The path '/home/willi/battle_ws/install/battle_interfaces' in the environment variable AMENT_PREFIX_PATH doesn't exist
[1.756s] WARNING:colcon.colcon_ros.prefix_path.catkin:The path '/home/willi/battle_ws/install/common_msgs' in the environment variable CMAKE_PREFIX_PATH doesn't exist
[1.756s] WARNING:colcon.colcon_ros.prefix_path.catkin:The path '/home/willi/battle_ws/install/battle_interfaces' in the environment variable CMAKE_PREFIX_PATH doesn't exist
[1.757s] DEBUG:colcon.colcon_installed_package_information.package_discovery:Found 0 installed packages in /home/willi/battle_ws/install
[1.759s] DEBUG:colcon.colcon_installed_package_information.package_discovery:Found 279 installed packages in /opt/ros/humble
[1.762s] Level 1:colcon.colcon_core.package_discovery:discover_packages(prefix_path) using defaults
[1.828s] Level 5:colcon.colcon_core.verb:set package 'operator_interface' build argument 'cmake_args' from command line to 'None'
[1.828s] Level 5:colcon.colcon_core.verb:set package 'operator_interface' build argument 'cmake_target' from command line to 'None'
[1.829s] Level 5:colcon.colcon_core.verb:set package 'operator_interface' build argument 'cmake_target_skip_unavailable' from command line to 'False'
[1.829s] Level 5:colcon.colcon_core.verb:set package 'operator_interface' build argument 'cmake_clean_cache' from command line to 'False'
[1.829s] Level 5:colcon.colcon_core.verb:set package 'operator_interface' build argument 'cmake_clean_first' from command line to 'False'
[1.829s] Level 5:colcon.colcon_core.verb:set package 'operator_interface' build argument 'cmake_force_configure' from command line to 'False'
[1.829s] Level 5:colcon.colcon_core.verb:set package 'operator_interface' build argument 'ament_cmake_args' from command line to 'None'
[1.829s] Level 5:colcon.colcon_core.verb:set package 'operator_interface' build argument 'catkin_cmake_args' from command line to 'None'
[1.829s] Level 5:colcon.colcon_core.verb:set package 'operator_interface' build argument 'catkin_skip_building_tests' from command line to 'False'
[1.829s] DEBUG:colcon.colcon_core.verb:Building package 'operator_interface' with the following arguments: {'ament_cmake_args': None, 'build_base': '/home/willi/battle_ws/build/operator_interface', 'catkin_cmake_args': None, 'catkin_skip_building_tests': False, 'cmake_args': None, 'cmake_clean_cache': False, 'cmake_clean_first': False, 'cmake_force_configure': False, 'cmake_target': None, 'cmake_target_skip_unavailable': False, 'install_base': '/home/willi/battle_ws/install/operator_interface', 'merge_install': False, 'path': '/home/willi/battle_ws/src/operator_interface', 'symlink_install': False, 'test_result_base': None}
[1.829s] INFO:colcon.colcon_core.executor:Executing jobs using 'parallel' executor
[1.831s] DEBUG:colcon.colcon_parallel_executor.executor.parallel:run_until_complete
[1.831s] INFO:colcon.colcon_core.task.python.build:Building Python package in '/home/willi/battle_ws/src/operator_interface'
[1.835s] INFO:colcon.colcon_core.plugin_system:Skipping extension 'colcon_core.shell.bat': Not used on non-Windows systems
[1.835s] INFO:colcon.colcon_core.shell:Skip shell extension 'powershell' for command environment: Not usable outside of PowerShell
[1.835s] DEBUG:colcon.colcon_core.shell:Skip shell extension 'dsv' for command environment
[3.394s] DEBUG:colcon.colcon_core.event_handler.log_command:Invoking command in '/home/willi/battle_ws/src/operator_interface': PYTHONPATH=/home/willi/battle_ws/build/operator_interface/prefix_override:/usr/lib/python3/dist-packages/colcon_core/task/python/colcon_distutils_commands:/home/willi/battle_ws/install/operator_interface/lib/python3.10/site-packages:${PYTHONPATH} /usr/bin/python3 -W ignore:setup.py install is deprecated -W ignore:easy_install command is deprecated setup.py egg_info --egg-base ../../build/operator_interface build --build-base /home/willi/battle_ws/build/operator_interface/build install --record /home/willi/battle_ws/build/operator_interface/install.log --single-version-externally-managed install_data
[4.280s] DEBUG:colcon.colcon_core.event_handler.log_command:Invoked command in '/home/willi/battle_ws/src/operator_interface' returned '0': PYTHONPATH=/home/willi/battle_ws/build/operator_interface/prefix_override:/usr/lib/python3/dist-packages/colcon_core/task/python/colcon_distutils_commands:/home/willi/battle_ws/install/operator_interface/lib/python3.10/site-packages:${PYTHONPATH} /usr/bin/python3 -W ignore:setup.py install is deprecated -W ignore:easy_install command is deprecated setup.py egg_info --egg-base ../../build/operator_interface build --build-base /home/willi/battle_ws/build/operator_interface/build install --record /home/willi/battle_ws/build/operator_interface/install.log --single-version-externally-managed install_data
[4.288s] Level 1:colcon.colcon_core.environment:checking '/home/willi/battle_ws/install/operator_interface' for CMake module files
[4.289s] Level 1:colcon.colcon_core.environment:checking '/home/willi/battle_ws/install/operator_interface' for CMake config files
[4.291s] Level 1:colcon.colcon_core.environment:checking '/home/willi/battle_ws/install/operator_interface/lib'
[4.292s] Level 1:colcon.colcon_core.environment:checking '/home/willi/battle_ws/install/operator_interface/bin'
[4.292s] Level 1:colcon.colcon_core.environment:checking '/home/willi/battle_ws/install/operator_interface/lib/pkgconfig/operator_interface.pc'
[4.293s] Level 1:colcon.colcon_core.environment:checking '/home/willi/battle_ws/install/operator_interface/lib/python3.10/site-packages'
[4.293s] Level 1:colcon.colcon_core.shell:create_environment_hook('operator_interface', 'pythonpath')
[4.294s] INFO:colcon.colcon_core.shell:Creating environment hook '/home/willi/battle_ws/install/operator_interface/share/operator_interface/hook/pythonpath.ps1'
[4.296s] INFO:colcon.colcon_core.shell:Creating environment descriptor '/home/willi/battle_ws/install/operator_interface/share/operator_interface/hook/pythonpath.dsv'
[4.297s] INFO:colcon.colcon_core.shell:Creating environment hook '/home/willi/battle_ws/install/operator_interface/share/operator_interface/hook/pythonpath.sh'
[4.300s] Level 1:colcon.colcon_core.environment:checking '/home/willi/battle_ws/install/operator_interface/bin'
[4.300s] Level 1:colcon.colcon_core.environment:create_environment_scripts_only(operator_interface)
[4.301s] INFO:colcon.colcon_core.shell:Creating package script '/home/willi/battle_ws/install/operator_interface/share/operator_interface/package.ps1'
[4.303s] INFO:colcon.colcon_core.shell:Creating package descriptor '/home/willi/battle_ws/install/operator_interface/share/operator_interface/package.dsv'
[4.305s] INFO:colcon.colcon_core.shell:Creating package script '/home/willi/battle_ws/install/operator_interface/share/operator_interface/package.sh'
[4.307s] INFO:colcon.colcon_core.shell:Creating package script '/home/willi/battle_ws/install/operator_interface/share/operator_interface/package.bash'
[4.310s] INFO:colcon.colcon_core.shell:Creating package script '/home/willi/battle_ws/install/operator_interface/share/operator_interface/package.zsh'
[4.312s] Level 1:colcon.colcon_core.environment:create_file_with_runtime_dependencies(/home/willi/battle_ws/install/operator_interface/share/colcon-core/packages/operator_interface)
[4.313s] DEBUG:colcon.colcon_parallel_executor.executor.parallel:closing loop
[4.314s] DEBUG:colcon.colcon_parallel_executor.executor.parallel:loop closed
[4.314s] DEBUG:colcon.colcon_parallel_executor.executor.parallel:run_until_complete finished with '0'
[4.315s] DEBUG:colcon.colcon_core.event_reactor:joining thread
[4.330s] INFO:colcon.colcon_core.plugin_system:Skipping extension 'colcon_notification.desktop_notification.terminal_notifier': Not used on non-Darwin systems
[4.330s] INFO:colcon.colcon_core.plugin_system:Skipping extension 'colcon_notification.desktop_notification.win32': Not used on non-Windows systems
[4.331s] INFO:colcon.colcon_notification.desktop_notification:Sending desktop notification using 'notify2'
[4.364s] DEBUG:colcon.colcon_core.event_reactor:joined thread
[4.365s] INFO:colcon.colcon_core.shell:Creating prefix script '/home/willi/battle_ws/install/local_setup.ps1'
[4.368s] INFO:colcon.colcon_core.shell:Creating prefix util module '/home/willi/battle_ws/install/_local_setup_util_ps1.py'
[4.373s] INFO:colcon.colcon_core.shell:Creating prefix chain script '/home/willi/battle_ws/install/setup.ps1'
[4.376s] INFO:colcon.colcon_core.shell:Creating prefix script '/home/willi/battle_ws/install/local_setup.sh'
[4.377s] INFO:colcon.colcon_core.shell:Creating prefix util module '/home/willi/battle_ws/install/_local_setup_util_sh.py'
[4.379s] INFO:colcon.colcon_core.shell:Creating prefix chain script '/home/willi/battle_ws/install/setup.sh'
[4.383s] INFO:colcon.colcon_core.shell:Creating prefix script '/home/willi/battle_ws/install/local_setup.bash'
[4.385s] INFO:colcon.colcon_core.shell:Creating prefix chain script '/home/willi/battle_ws/install/setup.bash'
[4.388s] INFO:colcon.colcon_core.shell:Creating prefix script '/home/willi/battle_ws/install/local_setup.zsh'
[4.390s] INFO:colcon.colcon_core.shell:Creating prefix chain script '/home/willi/battle_ws/install/setup.zsh'
