running develop
running egg_info
creating scan_platform.egg-info
writing scan_platform.egg-info/PKG-INFO
writing dependency_links to scan_platform.egg-info/dependency_links.txt
writing entry points to scan_platform.egg-info/entry_points.txt
writing requirements to scan_platform.egg-info/requires.txt
writing top-level names to scan_platform.egg-info/top_level.txt
writing manifest file 'scan_platform.egg-info/SOURCES.txt'
reading manifest file 'scan_platform.egg-info/SOURCES.txt'
writing manifest file 'scan_platform.egg-info/SOURCES.txt'
running build_ext
Creating /home/willi/battle_ws/install/scan_platform/lib/python3.10/site-packages/scan-platform.egg-link (link to .)
Installing scanner_node script to /home/willi/battle_ws/install/scan_platform/lib/scan_platform

Installed /home/willi/battle_ws/build/scan_platform
running symlink_data
creating /home/willi/battle_ws/install/scan_platform/share/ament_index
creating /home/willi/battle_ws/install/scan_platform/share/ament_index/resource_index
creating /home/willi/battle_ws/install/scan_platform/share/ament_index/resource_index/packages
symbolically linking /home/willi/battle_ws/build/scan_platform/resource/scan_platform -> /home/willi/battle_ws/install/scan_platform/share/ament_index/resource_index/packages
symbolically linking /home/willi/battle_ws/build/scan_platform/package.xml -> /home/willi/battle_ws/install/scan_platform/share/scan_platform
