[0.022s] Invoking command in '/home/willi/battle_ws/build/battle_interfaces': CMAKE_PREFIX_PATH=/opt/ros/humble VIRTUAL_ENV_PROMPT=(.ci-test-env) /usr/bin/cmake /home/willi/battle_ws/src/battle_interfaces -DAMENT_CMAKE_SYMLINK_INSTALL=1 -DCMAKE_INSTALL_PREFIX=/home/willi/battle_ws/install/battle_interfaces
[0.111s] -- The C compiler identification is GNU 11.4.0
[0.247s] -- The CXX compiler identification is GNU 11.4.0
[0.266s] -- Detecting C compiler ABI info
[0.463s] -- Detecting C compiler ABI info - done
[0.490s] -- Check for working C compiler: /usr/bin/cc - skipped
[0.490s] -- Detecting C compile features
[0.490s] -- Detecting C compile features - done
[0.496s] -- Detecting CXX compiler ABI info
[0.709s] -- Detecting CXX compiler ABI info - done
[0.734s] -- Check for working CXX compiler: /usr/bin/c++ - skipped
[0.736s] -- Detecting CXX compile features
[0.739s] -- Detecting CXX compile features - done
[0.740s] -- Found ament_cmake: 1.3.11 (/opt/ros/humble/share/ament_cmake/cmake)
[1.192s] -- Found Python3: /home/willi/battle_ws/.ci-test-env/bin/python3 (found version "3.10.12") found components: Interpreter 
[1.392s] -- Override CMake install command with custom implementation using symlinks instead of copying resources
[1.456s] -- Found rosidl_default_generators: 1.2.0 (/opt/ros/humble/share/rosidl_default_generators/cmake)
[1.464s] -- Using all available rosidl_typesupport_c: rosidl_typesupport_fastrtps_c;rosidl_typesupport_introspection_c
[1.481s] -- Found rosidl_adapter: 3.1.6 (/opt/ros/humble/share/rosidl_adapter/cmake)
[1.592s] -- Using all available rosidl_typesupport_cpp: rosidl_typesupport_fastrtps_cpp;rosidl_typesupport_introspection_cpp
[1.707s] -- Found std_msgs: 4.8.0 (/opt/ros/humble/share/std_msgs/cmake)
[2.901s] -- Found ament_cmake_ros: 0.10.0 (/opt/ros/humble/share/ament_cmake_ros/cmake)
[3.344s] -- Using all available rosidl_typesupport_c: rosidl_typesupport_fastrtps_c;rosidl_typesupport_introspection_c
[3.866s] -- Using all available rosidl_typesupport_cpp: rosidl_typesupport_fastrtps_cpp;rosidl_typesupport_introspection_cpp
[3.897s] -- Found PythonInterp: /home/willi/battle_ws/.ci-test-env/bin/python3 (found suitable version "3.10.12", minimum required is "3.6") 
[3.899s] -- Found python_cmake_module: 0.10.0 (/opt/ros/humble/share/python_cmake_module/cmake)
[3.933s] -- Found PythonLibs: /usr/lib/x86_64-linux-gnu/libpython3.10.so (found suitable version "3.10.12", minimum required is "3.5") 
[3.934s] -- Using PYTHON_EXECUTABLE: /home/willi/battle_ws/.ci-test-env/bin/python3
[3.934s] -- Using PYTHON_INCLUDE_DIRS: /usr/include/python3.10
[3.934s] -- Using PYTHON_LIBRARIES: /usr/lib/x86_64-linux-gnu/libpython3.10.so
[3.961s] -- Found PythonExtra: .so  
[4.050s] -- Found ament_lint_auto: 0.12.12 (/opt/ros/humble/share/ament_lint_auto/cmake)
[4.101s] -- Added test 'copyright' to check source files copyright and LICENSE
[4.106s] -- Added test 'lint_cmake' to check CMake code style
[4.109s] -- Added test 'xmllint' to check XML markup files
[4.117s] -- Configuring done
[4.200s] -- Generating done
[4.218s] -- Build files have been written to: /home/willi/battle_ws/build/battle_interfaces
[4.228s] Invoked command in '/home/willi/battle_ws/build/battle_interfaces' returned '0': CMAKE_PREFIX_PATH=/opt/ros/humble VIRTUAL_ENV_PROMPT=(.ci-test-env) /usr/bin/cmake /home/willi/battle_ws/src/battle_interfaces -DAMENT_CMAKE_SYMLINK_INSTALL=1 -DCMAKE_INSTALL_PREFIX=/home/willi/battle_ws/install/battle_interfaces
[4.231s] Invoking command in '/home/willi/battle_ws/build/battle_interfaces': CMAKE_PREFIX_PATH=/opt/ros/humble VIRTUAL_ENV_PROMPT=(.ci-test-env) /usr/bin/cmake --build /home/willi/battle_ws/build/battle_interfaces -- -j4 -l4
[4.300s] [  1%] [34m[1mGenerating C code for ROS interfaces[0m
[4.323s] [  3%] [34m[1mGenerating C++ code for ROS interfaces[0m
[4.328s] [  3%] Built target ament_cmake_python_symlink_battle_interfaces
[4.931s] running egg_info
[4.935s] creating battle_interfaces.egg-info
[4.935s] writing battle_interfaces.egg-info/PKG-INFO
[4.935s] writing dependency_links to battle_interfaces.egg-info/dependency_links.txt
[4.936s] writing top-level names to battle_interfaces.egg-info/top_level.txt
[4.936s] writing manifest file 'battle_interfaces.egg-info/SOURCES.txt'
[4.938s] reading manifest file 'battle_interfaces.egg-info/SOURCES.txt'
[4.939s] writing manifest file 'battle_interfaces.egg-info/SOURCES.txt'
[5.004s] [  3%] Built target ament_cmake_python_build_battle_interfaces_egg
[5.480s] [  3%] Built target battle_interfaces__cpp
[5.522s] [  5%] [34m[1mGenerating C++ type support dispatch for ROS interfaces[0m
[5.532s] [  7%] [34m[1mGenerating C++ type support for eProsima Fast-RTPS[0m
[5.538s] [  9%] [34m[1mGenerating C++ introspection for ROS interfaces[0m
[6.179s] [ 10%] [32mBuilding C object CMakeFiles/battle_interfaces__rosidl_generator_c.dir/rosidl_generator_c/battle_interfaces/msg/detail/target__functions.c.o[0m
[6.350s] [ 12%] [32mBuilding C object CMakeFiles/battle_interfaces__rosidl_generator_c.dir/rosidl_generator_c/battle_interfaces/msg/detail/target_array__functions.c.o[0m
[6.513s] [ 14%] [32mBuilding C object CMakeFiles/battle_interfaces__rosidl_generator_c.dir/rosidl_generator_c/battle_interfaces/msg/detail/aim_vector__functions.c.o[0m
[6.619s] [ 16%] [32mBuilding C object CMakeFiles/battle_interfaces__rosidl_generator_c.dir/rosidl_generator_c/battle_interfaces/srv/detail/pointing__functions.c.o[0m
[6.806s] [ 18%] [32m[1mLinking C shared library libbattle_interfaces__rosidl_generator_c.so[0m
[6.962s] [ 18%] Built target battle_interfaces__rosidl_generator_c
[7.012s] [ 20%] [34m[1mGenerating C type support for eProsima Fast-RTPS[0m
[7.052s] [ 21%] [32mBuilding CXX object CMakeFiles/battle_interfaces__rosidl_typesupport_cpp.dir/rosidl_typesupport_cpp/battle_interfaces/msg/target__type_support.cpp.o[0m
[7.277s] [ 23%] [32mBuilding CXX object CMakeFiles/battle_interfaces__rosidl_typesupport_introspection_cpp.dir/rosidl_typesupport_introspection_cpp/battle_interfaces/msg/detail/target__type_support.cpp.o[0m
[7.395s] [ 25%] [32mBuilding CXX object CMakeFiles/battle_interfaces__rosidl_typesupport_fastrtps_cpp.dir/rosidl_typesupport_fastrtps_cpp/battle_interfaces/msg/detail/dds_fastrtps/target__type_support.cpp.o[0m
[8.006s] [ 27%] [32mBuilding CXX object CMakeFiles/battle_interfaces__rosidl_typesupport_cpp.dir/rosidl_typesupport_cpp/battle_interfaces/msg/target_array__type_support.cpp.o[0m
[8.839s] [ 29%] [32mBuilding CXX object CMakeFiles/battle_interfaces__rosidl_typesupport_cpp.dir/rosidl_typesupport_cpp/battle_interfaces/msg/aim_vector__type_support.cpp.o[0m
[9.140s] [ 30%] [32mBuilding CXX object CMakeFiles/battle_interfaces__rosidl_typesupport_introspection_cpp.dir/rosidl_typesupport_introspection_cpp/battle_interfaces/msg/detail/target_array__type_support.cpp.o[0m
[9.206s] [ 32%] [32mBuilding CXX object CMakeFiles/battle_interfaces__rosidl_typesupport_fastrtps_c.dir/rosidl_typesupport_fastrtps_c/battle_interfaces/msg/detail/target__type_support_c.cpp.o[0m
[9.208s] [ 34%] [32mBuilding CXX object CMakeFiles/battle_interfaces__rosidl_typesupport_fastrtps_cpp.dir/rosidl_typesupport_fastrtps_cpp/battle_interfaces/msg/detail/dds_fastrtps/target_array__type_support.cpp.o[0m
[9.877s] [ 36%] [32mBuilding CXX object CMakeFiles/battle_interfaces__rosidl_typesupport_cpp.dir/rosidl_typesupport_cpp/battle_interfaces/srv/pointing__type_support.cpp.o[0m
[10.639s] [ 38%] [32mBuilding CXX object CMakeFiles/battle_interfaces__rosidl_typesupport_fastrtps_c.dir/rosidl_typesupport_fastrtps_c/battle_interfaces/msg/detail/target_array__type_support_c.cpp.o[0m
[10.687s] [ 40%] [32mBuilding CXX object CMakeFiles/battle_interfaces__rosidl_typesupport_introspection_cpp.dir/rosidl_typesupport_introspection_cpp/battle_interfaces/msg/detail/aim_vector__type_support.cpp.o[0m
[11.251s] [ 41%] [32mBuilding CXX object CMakeFiles/battle_interfaces__rosidl_typesupport_fastrtps_cpp.dir/rosidl_typesupport_fastrtps_cpp/battle_interfaces/msg/detail/dds_fastrtps/aim_vector__type_support.cpp.o[0m
[11.311s] [ 43%] [32m[1mLinking CXX shared library libbattle_interfaces__rosidl_typesupport_cpp.so[0m
[11.422s] [ 43%] Built target battle_interfaces__rosidl_typesupport_cpp
[11.452s] [ 45%] [32mBuilding CXX object CMakeFiles/battle_interfaces__rosidl_typesupport_introspection_cpp.dir/rosidl_typesupport_introspection_cpp/battle_interfaces/srv/detail/pointing__type_support.cpp.o[0m
[12.706s] [ 47%] [32mBuilding CXX object CMakeFiles/battle_interfaces__rosidl_typesupport_fastrtps_c.dir/rosidl_typesupport_fastrtps_c/battle_interfaces/msg/detail/aim_vector__type_support_c.cpp.o[0m
[13.131s] [ 49%] [32mBuilding CXX object CMakeFiles/battle_interfaces__rosidl_typesupport_fastrtps_cpp.dir/rosidl_typesupport_fastrtps_cpp/battle_interfaces/srv/detail/dds_fastrtps/pointing__type_support.cpp.o[0m
[13.330s] [ 50%] [34m[1mGenerating C introspection for ROS interfaces[0m
[13.943s] [ 52%] [32m[1mLinking CXX shared library libbattle_interfaces__rosidl_typesupport_introspection_cpp.so[0m
[14.236s] [ 52%] Built target battle_interfaces__rosidl_typesupport_introspection_cpp
[14.290s] [ 54%] [34m[1mGenerating C type support dispatch for ROS interfaces[0m
[14.453s] [ 56%] [32mBuilding CXX object CMakeFiles/battle_interfaces__rosidl_typesupport_fastrtps_c.dir/rosidl_typesupport_fastrtps_c/battle_interfaces/srv/detail/pointing__type_support_c.cpp.o[0m
[15.225s] [ 58%] [32m[1mLinking CXX shared library libbattle_interfaces__rosidl_typesupport_fastrtps_cpp.so[0m
[15.566s] [ 58%] Built target battle_interfaces__rosidl_typesupport_fastrtps_cpp
[15.584s] [ 60%] [32mBuilding C object CMakeFiles/battle_interfaces__rosidl_typesupport_introspection_c.dir/rosidl_typesupport_introspection_c/battle_interfaces/msg/detail/target__type_support.c.o[0m
[15.628s] [ 61%] [32mBuilding C object CMakeFiles/battle_interfaces__rosidl_typesupport_introspection_c.dir/rosidl_typesupport_introspection_c/battle_interfaces/msg/detail/target_array__type_support.c.o[0m
[15.661s] [ 63%] [32mBuilding CXX object CMakeFiles/battle_interfaces__rosidl_typesupport_c.dir/rosidl_typesupport_c/battle_interfaces/msg/target__type_support.cpp.o[0m
[15.723s] [ 65%] [32mBuilding CXX object CMakeFiles/battle_interfaces__rosidl_typesupport_c.dir/rosidl_typesupport_c/battle_interfaces/msg/target_array__type_support.cpp.o[0m
[15.750s] [ 67%] [32mBuilding C object CMakeFiles/battle_interfaces__rosidl_typesupport_introspection_c.dir/rosidl_typesupport_introspection_c/battle_interfaces/msg/detail/aim_vector__type_support.c.o[0m
[15.817s] [ 69%] [32mBuilding CXX object CMakeFiles/battle_interfaces__rosidl_typesupport_c.dir/rosidl_typesupport_c/battle_interfaces/msg/aim_vector__type_support.cpp.o[0m
[15.843s] [ 70%] [32mBuilding C object CMakeFiles/battle_interfaces__rosidl_typesupport_introspection_c.dir/rosidl_typesupport_introspection_c/battle_interfaces/srv/detail/pointing__type_support.c.o[0m
[15.869s] [ 72%] [32mBuilding CXX object CMakeFiles/battle_interfaces__rosidl_typesupport_c.dir/rosidl_typesupport_c/battle_interfaces/srv/pointing__type_support.cpp.o[0m
[15.966s] [ 74%] [32m[1mLinking C shared library libbattle_interfaces__rosidl_typesupport_introspection_c.so[0m
[15.972s] [ 76%] [32m[1mLinking CXX shared library libbattle_interfaces__rosidl_typesupport_c.so[0m
[16.047s] [ 76%] Built target battle_interfaces__rosidl_typesupport_introspection_c
[16.080s] [ 76%] Built target battle_interfaces__rosidl_typesupport_c
[16.082s] [ 78%] [32m[1mLinking CXX shared library libbattle_interfaces__rosidl_typesupport_fastrtps_c.so[0m
[16.219s] [ 78%] Built target battle_interfaces__rosidl_typesupport_fastrtps_c
[16.252s] [ 78%] Built target battle_interfaces
[16.283s] [ 80%] [34m[1mGenerating Python code for ROS interfaces[0m
[17.609s] [ 80%] Built target battle_interfaces__py
[17.649s] [ 81%] [32mBuilding C object CMakeFiles/battle_interfaces__rosidl_generator_py.dir/rosidl_generator_py/battle_interfaces/msg/_target_s.c.o[0m
[17.653s] [ 83%] [32mBuilding C object CMakeFiles/battle_interfaces__rosidl_generator_py.dir/rosidl_generator_py/battle_interfaces/msg/_target_array_s.c.o[0m
[17.656s] [ 85%] [32mBuilding C object CMakeFiles/battle_interfaces__rosidl_generator_py.dir/rosidl_generator_py/battle_interfaces/msg/_aim_vector_s.c.o[0m
[17.656s] [ 87%] [32mBuilding C object CMakeFiles/battle_interfaces__rosidl_generator_py.dir/rosidl_generator_py/battle_interfaces/srv/_pointing_s.c.o[0m
[18.015s] [ 89%] [32m[1mLinking C shared library rosidl_generator_py/battle_interfaces/libbattle_interfaces__rosidl_generator_py.so[0m
[18.088s] [ 89%] Built target battle_interfaces__rosidl_generator_py
[18.139s] [ 92%] [32mBuilding C object CMakeFiles/battle_interfaces__rosidl_typesupport_introspection_c__pyext.dir/rosidl_generator_py/battle_interfaces/_battle_interfaces_s.ep.rosidl_typesupport_introspection_c.c.o[0m
[18.141s] [ 92%] [32mBuilding C object CMakeFiles/battle_interfaces__rosidl_typesupport_c__pyext.dir/rosidl_generator_py/battle_interfaces/_battle_interfaces_s.ep.rosidl_typesupport_c.c.o[0m
[18.177s] [ 94%] [32mBuilding C object CMakeFiles/battle_interfaces__rosidl_typesupport_fastrtps_c__pyext.dir/rosidl_generator_py/battle_interfaces/_battle_interfaces_s.ep.rosidl_typesupport_fastrtps_c.c.o[0m
[18.477s] [ 96%] [32m[1mLinking C shared library rosidl_generator_py/battle_interfaces/battle_interfaces_s__rosidl_typesupport_c.cpython-310-x86_64-linux-gnu.so[0m
[18.592s] [ 98%] [32m[1mLinking C shared library rosidl_generator_py/battle_interfaces/battle_interfaces_s__rosidl_typesupport_fastrtps_c.cpython-310-x86_64-linux-gnu.so[0m
[18.622s] [ 98%] Built target battle_interfaces__rosidl_typesupport_c__pyext
[18.624s] [100%] [32m[1mLinking C shared library rosidl_generator_py/battle_interfaces/battle_interfaces_s__rosidl_typesupport_introspection_c.cpython-310-x86_64-linux-gnu.so[0m
[18.709s] [100%] Built target battle_interfaces__rosidl_typesupport_fastrtps_c__pyext
[18.716s] [100%] Built target battle_interfaces__rosidl_typesupport_introspection_c__pyext
[18.736s] Invoked command in '/home/willi/battle_ws/build/battle_interfaces' returned '0': CMAKE_PREFIX_PATH=/opt/ros/humble VIRTUAL_ENV_PROMPT=(.ci-test-env) /usr/bin/cmake --build /home/willi/battle_ws/build/battle_interfaces -- -j4 -l4
[18.754s] Invoking command in '/home/willi/battle_ws/build/battle_interfaces': CMAKE_PREFIX_PATH=/opt/ros/humble VIRTUAL_ENV_PROMPT=(.ci-test-env) /usr/bin/cmake --install /home/willi/battle_ws/build/battle_interfaces
[18.765s] -- Install configuration: ""
[18.766s] -- Execute custom install script
[18.767s] -- Symlinking: /home/willi/battle_ws/install/battle_interfaces/share/ament_index/resource_index/rosidl_interfaces/battle_interfaces
[18.781s] -- Symlinking: /home/willi/battle_ws/install/battle_interfaces/include/battle_interfaces/battle_interfaces/msg/aim_vector.h
[18.793s] -- Symlinking: /home/willi/battle_ws/install/battle_interfaces/include/battle_interfaces/battle_interfaces/msg/detail/aim_vector__functions.h
[18.804s] -- Symlinking: /home/willi/battle_ws/install/battle_interfaces/include/battle_interfaces/battle_interfaces/msg/detail/aim_vector__struct.h
[18.816s] -- Symlinking: /home/willi/battle_ws/install/battle_interfaces/include/battle_interfaces/battle_interfaces/msg/detail/aim_vector__type_support.h
[18.828s] -- Symlinking: /home/willi/battle_ws/install/battle_interfaces/include/battle_interfaces/battle_interfaces/msg/detail/target__functions.h
[18.847s] -- Symlinking: /home/willi/battle_ws/install/battle_interfaces/include/battle_interfaces/battle_interfaces/msg/detail/target__struct.h
[18.866s] -- Symlinking: /home/willi/battle_ws/install/battle_interfaces/include/battle_interfaces/battle_interfaces/msg/detail/target__type_support.h
[18.879s] -- Symlinking: /home/willi/battle_ws/install/battle_interfaces/include/battle_interfaces/battle_interfaces/msg/detail/target_array__functions.h
[18.891s] -- Symlinking: /home/willi/battle_ws/install/battle_interfaces/include/battle_interfaces/battle_interfaces/msg/detail/target_array__struct.h
[18.903s] -- Symlinking: /home/willi/battle_ws/install/battle_interfaces/include/battle_interfaces/battle_interfaces/msg/detail/target_array__type_support.h
[18.914s] -- Symlinking: /home/willi/battle_ws/install/battle_interfaces/include/battle_interfaces/battle_interfaces/msg/rosidl_generator_c__visibility_control.h
[18.926s] -- Symlinking: /home/willi/battle_ws/install/battle_interfaces/include/battle_interfaces/battle_interfaces/msg/target.h
[18.941s] -- Symlinking: /home/willi/battle_ws/install/battle_interfaces/include/battle_interfaces/battle_interfaces/msg/target_array.h
[18.955s] -- Symlinking: /home/willi/battle_ws/install/battle_interfaces/include/battle_interfaces/battle_interfaces/srv/detail/pointing__functions.h
[18.968s] -- Symlinking: /home/willi/battle_ws/install/battle_interfaces/include/battle_interfaces/battle_interfaces/srv/detail/pointing__struct.h
[18.980s] -- Symlinking: /home/willi/battle_ws/install/battle_interfaces/include/battle_interfaces/battle_interfaces/srv/detail/pointing__type_support.h
[18.993s] -- Symlinking: /home/willi/battle_ws/install/battle_interfaces/include/battle_interfaces/battle_interfaces/srv/pointing.h
[19.005s] -- Symlinking: /home/willi/battle_ws/install/battle_interfaces/share/battle_interfaces/environment/library_path.sh
[19.017s] -- Symlinking: /home/willi/battle_ws/install/battle_interfaces/share/battle_interfaces/environment/library_path.dsv
[19.031s] -- Symlinking: /home/willi/battle_ws/install/battle_interfaces/include/battle_interfaces/battle_interfaces/msg/detail/aim_vector__rosidl_typesupport_fastrtps_c.h
[19.044s] -- Symlinking: /home/willi/battle_ws/install/battle_interfaces/include/battle_interfaces/battle_interfaces/msg/detail/target__rosidl_typesupport_fastrtps_c.h
[19.060s] -- Symlinking: /home/willi/battle_ws/install/battle_interfaces/include/battle_interfaces/battle_interfaces/msg/detail/target_array__rosidl_typesupport_fastrtps_c.h
[19.073s] -- Symlinking: /home/willi/battle_ws/install/battle_interfaces/include/battle_interfaces/battle_interfaces/msg/rosidl_typesupport_fastrtps_c__visibility_control.h
[19.086s] -- Symlinking: /home/willi/battle_ws/install/battle_interfaces/include/battle_interfaces/battle_interfaces/srv/detail/pointing__rosidl_typesupport_fastrtps_c.h
[19.099s] -- Symlinking: /home/willi/battle_ws/install/battle_interfaces/include/battle_interfaces/battle_interfaces/msg/detail/aim_vector__rosidl_typesupport_introspection_c.h
[19.111s] -- Symlinking: /home/willi/battle_ws/install/battle_interfaces/include/battle_interfaces/battle_interfaces/msg/detail/target__rosidl_typesupport_introspection_c.h
[19.124s] -- Symlinking: /home/willi/battle_ws/install/battle_interfaces/include/battle_interfaces/battle_interfaces/msg/detail/target_array__rosidl_typesupport_introspection_c.h
[19.139s] -- Symlinking: /home/willi/battle_ws/install/battle_interfaces/include/battle_interfaces/battle_interfaces/msg/rosidl_typesupport_introspection_c__visibility_control.h
[19.156s] -- Symlinking: /home/willi/battle_ws/install/battle_interfaces/include/battle_interfaces/battle_interfaces/srv/detail/pointing__rosidl_typesupport_introspection_c.h
[19.171s] -- Symlinking: /home/willi/battle_ws/install/battle_interfaces/include/battle_interfaces/battle_interfaces/msg/aim_vector.hpp
[19.184s] -- Symlinking: /home/willi/battle_ws/install/battle_interfaces/include/battle_interfaces/battle_interfaces/msg/detail/aim_vector__builder.hpp
[19.197s] -- Symlinking: /home/willi/battle_ws/install/battle_interfaces/include/battle_interfaces/battle_interfaces/msg/detail/aim_vector__struct.hpp
[19.210s] -- Symlinking: /home/willi/battle_ws/install/battle_interfaces/include/battle_interfaces/battle_interfaces/msg/detail/aim_vector__traits.hpp
[19.223s] -- Symlinking: /home/willi/battle_ws/install/battle_interfaces/include/battle_interfaces/battle_interfaces/msg/detail/aim_vector__type_support.hpp
[19.241s] -- Symlinking: /home/willi/battle_ws/install/battle_interfaces/include/battle_interfaces/battle_interfaces/msg/detail/target__builder.hpp
[19.283s] -- Symlinking: /home/willi/battle_ws/install/battle_interfaces/include/battle_interfaces/battle_interfaces/msg/detail/target__struct.hpp
[19.304s] -- Symlinking: /home/willi/battle_ws/install/battle_interfaces/include/battle_interfaces/battle_interfaces/msg/detail/target__traits.hpp
[19.324s] -- Symlinking: /home/willi/battle_ws/install/battle_interfaces/include/battle_interfaces/battle_interfaces/msg/detail/target__type_support.hpp
[19.351s] -- Symlinking: /home/willi/battle_ws/install/battle_interfaces/include/battle_interfaces/battle_interfaces/msg/detail/target_array__builder.hpp
[19.372s] -- Symlinking: /home/willi/battle_ws/install/battle_interfaces/include/battle_interfaces/battle_interfaces/msg/detail/target_array__struct.hpp
[19.389s] -- Symlinking: /home/willi/battle_ws/install/battle_interfaces/include/battle_interfaces/battle_interfaces/msg/detail/target_array__traits.hpp
[19.406s] -- Symlinking: /home/willi/battle_ws/install/battle_interfaces/include/battle_interfaces/battle_interfaces/msg/detail/target_array__type_support.hpp
[19.421s] -- Symlinking: /home/willi/battle_ws/install/battle_interfaces/include/battle_interfaces/battle_interfaces/msg/rosidl_generator_cpp__visibility_control.hpp
[19.447s] -- Symlinking: /home/willi/battle_ws/install/battle_interfaces/include/battle_interfaces/battle_interfaces/msg/target.hpp
[19.463s] -- Symlinking: /home/willi/battle_ws/install/battle_interfaces/include/battle_interfaces/battle_interfaces/msg/target_array.hpp
[19.475s] -- Symlinking: /home/willi/battle_ws/install/battle_interfaces/include/battle_interfaces/battle_interfaces/srv/detail/pointing__builder.hpp
[19.487s] -- Symlinking: /home/willi/battle_ws/install/battle_interfaces/include/battle_interfaces/battle_interfaces/srv/detail/pointing__struct.hpp
[19.498s] -- Symlinking: /home/willi/battle_ws/install/battle_interfaces/include/battle_interfaces/battle_interfaces/srv/detail/pointing__traits.hpp
[19.510s] -- Symlinking: /home/willi/battle_ws/install/battle_interfaces/include/battle_interfaces/battle_interfaces/srv/detail/pointing__type_support.hpp
[19.522s] -- Symlinking: /home/willi/battle_ws/install/battle_interfaces/include/battle_interfaces/battle_interfaces/srv/pointing.hpp
[19.537s] -- Symlinking: /home/willi/battle_ws/install/battle_interfaces/include/battle_interfaces/battle_interfaces/msg/detail/aim_vector__rosidl_typesupport_fastrtps_cpp.hpp
[19.552s] -- Symlinking: /home/willi/battle_ws/install/battle_interfaces/include/battle_interfaces/battle_interfaces/msg/detail/target__rosidl_typesupport_fastrtps_cpp.hpp
[19.565s] -- Symlinking: /home/willi/battle_ws/install/battle_interfaces/include/battle_interfaces/battle_interfaces/msg/detail/target_array__rosidl_typesupport_fastrtps_cpp.hpp
[19.577s] -- Symlinking: /home/willi/battle_ws/install/battle_interfaces/include/battle_interfaces/battle_interfaces/msg/rosidl_typesupport_fastrtps_cpp__visibility_control.h
[19.590s] -- Symlinking: /home/willi/battle_ws/install/battle_interfaces/include/battle_interfaces/battle_interfaces/srv/detail/pointing__rosidl_typesupport_fastrtps_cpp.hpp
[19.603s] -- Symlinking: /home/willi/battle_ws/install/battle_interfaces/include/battle_interfaces/battle_interfaces/msg/detail/aim_vector__rosidl_typesupport_introspection_cpp.hpp
[19.615s] -- Symlinking: /home/willi/battle_ws/install/battle_interfaces/include/battle_interfaces/battle_interfaces/msg/detail/target__rosidl_typesupport_introspection_cpp.hpp
[19.627s] -- Symlinking: /home/willi/battle_ws/install/battle_interfaces/include/battle_interfaces/battle_interfaces/msg/detail/target_array__rosidl_typesupport_introspection_cpp.hpp
[19.642s] -- Symlinking: /home/willi/battle_ws/install/battle_interfaces/include/battle_interfaces/battle_interfaces/srv/detail/pointing__rosidl_typesupport_introspection_cpp.hpp
[19.658s] -- Symlinking: /home/willi/battle_ws/install/battle_interfaces/share/battle_interfaces/environment/pythonpath.sh
[19.672s] -- Symlinking: /home/willi/battle_ws/install/battle_interfaces/share/battle_interfaces/environment/pythonpath.dsv
[19.686s] -- Symlinking: /home/willi/battle_ws/install/battle_interfaces/lib/python3.10/site-packages/battle_interfaces-0.0.2-py3.10.egg-info/PKG-INFO
[19.698s] -- Symlinking: /home/willi/battle_ws/install/battle_interfaces/lib/python3.10/site-packages/battle_interfaces-0.0.2-py3.10.egg-info/SOURCES.txt
[19.710s] -- Symlinking: /home/willi/battle_ws/install/battle_interfaces/lib/python3.10/site-packages/battle_interfaces-0.0.2-py3.10.egg-info/dependency_links.txt
[19.723s] -- Symlinking: /home/willi/battle_ws/install/battle_interfaces/lib/python3.10/site-packages/battle_interfaces-0.0.2-py3.10.egg-info/top_level.txt
[19.740s] -- Symlinking: /home/willi/battle_ws/install/battle_interfaces/lib/python3.10/site-packages/battle_interfaces/__init__.py
[19.754s] -- Symlinking: /home/willi/battle_ws/install/battle_interfaces/lib/python3.10/site-packages/battle_interfaces/_battle_interfaces_s.ep.rosidl_typesupport_c.c
[19.770s] -- Symlinking: /home/willi/battle_ws/install/battle_interfaces/lib/python3.10/site-packages/battle_interfaces/_battle_interfaces_s.ep.rosidl_typesupport_fastrtps_c.c
[19.781s] -- Symlinking: /home/willi/battle_ws/install/battle_interfaces/lib/python3.10/site-packages/battle_interfaces/_battle_interfaces_s.ep.rosidl_typesupport_introspection_c.c
[19.796s] -- Symlinking: /home/willi/battle_ws/install/battle_interfaces/lib/python3.10/site-packages/battle_interfaces/battle_interfaces_s__rosidl_typesupport_c.cpython-310-x86_64-linux-gnu.so
[19.809s] -- Symlinking: /home/willi/battle_ws/install/battle_interfaces/lib/python3.10/site-packages/battle_interfaces/battle_interfaces_s__rosidl_typesupport_fastrtps_c.cpython-310-x86_64-linux-gnu.so
[19.823s] -- Symlinking: /home/willi/battle_ws/install/battle_interfaces/lib/python3.10/site-packages/battle_interfaces/battle_interfaces_s__rosidl_typesupport_introspection_c.cpython-310-x86_64-linux-gnu.so
[19.836s] -- Symlinking: /home/willi/battle_ws/install/battle_interfaces/lib/python3.10/site-packages/battle_interfaces/libbattle_interfaces__rosidl_generator_py.so
[19.854s] -- Symlinking: /home/willi/battle_ws/install/battle_interfaces/lib/python3.10/site-packages/battle_interfaces/msg/__init__.py
[19.872s] -- Symlinking: /home/willi/battle_ws/install/battle_interfaces/lib/python3.10/site-packages/battle_interfaces/msg/_aim_vector.py
[19.889s] -- Symlinking: /home/willi/battle_ws/install/battle_interfaces/lib/python3.10/site-packages/battle_interfaces/msg/_aim_vector_s.c
[19.907s] -- Symlinking: /home/willi/battle_ws/install/battle_interfaces/lib/python3.10/site-packages/battle_interfaces/msg/_target.py
[19.923s] -- Symlinking: /home/willi/battle_ws/install/battle_interfaces/lib/python3.10/site-packages/battle_interfaces/msg/_target_array.py
[19.941s] -- Symlinking: /home/willi/battle_ws/install/battle_interfaces/lib/python3.10/site-packages/battle_interfaces/msg/_target_array_s.c
[19.958s] -- Symlinking: /home/willi/battle_ws/install/battle_interfaces/lib/python3.10/site-packages/battle_interfaces/msg/_target_s.c
[19.976s] -- Symlinking: /home/willi/battle_ws/install/battle_interfaces/lib/python3.10/site-packages/battle_interfaces/srv/__init__.py
[19.992s] -- Symlinking: /home/willi/battle_ws/install/battle_interfaces/lib/python3.10/site-packages/battle_interfaces/srv/_pointing.py
[20.006s] -- Symlinking: /home/willi/battle_ws/install/battle_interfaces/lib/python3.10/site-packages/battle_interfaces/srv/_pointing_s.c
[20.018s] -- Up-to-date symlink: /home/willi/battle_ws/install/battle_interfaces/lib/python3.10/site-packages/battle_interfaces/battle_interfaces_s__rosidl_typesupport_fastrtps_c.cpython-310-x86_64-linux-gnu.so
[20.018s] -- Up-to-date symlink: /home/willi/battle_ws/install/battle_interfaces/lib/python3.10/site-packages/battle_interfaces/battle_interfaces_s__rosidl_typesupport_introspection_c.cpython-310-x86_64-linux-gnu.so
[20.019s] -- Up-to-date symlink: /home/willi/battle_ws/install/battle_interfaces/lib/python3.10/site-packages/battle_interfaces/battle_interfaces_s__rosidl_typesupport_c.cpython-310-x86_64-linux-gnu.so
[20.019s] -- Symlinking: /home/willi/battle_ws/install/battle_interfaces/share/battle_interfaces/msg/Target.idl
[20.032s] -- Symlinking: /home/willi/battle_ws/install/battle_interfaces/share/battle_interfaces/msg/TargetArray.idl
[20.044s] -- Symlinking: /home/willi/battle_ws/install/battle_interfaces/share/battle_interfaces/msg/AimVector.idl
[20.058s] -- Symlinking: /home/willi/battle_ws/install/battle_interfaces/share/battle_interfaces/srv/Pointing.idl
[20.073s] -- Symlinking: /home/willi/battle_ws/install/battle_interfaces/share/battle_interfaces/msg/Target.msg
[20.088s] -- Symlinking: /home/willi/battle_ws/install/battle_interfaces/share/battle_interfaces/msg/TargetArray.msg
[20.100s] -- Symlinking: /home/willi/battle_ws/install/battle_interfaces/share/battle_interfaces/msg/AimVector.msg
[20.113s] -- Symlinking: /home/willi/battle_ws/install/battle_interfaces/share/battle_interfaces/srv/Pointing.srv
[20.126s] -- Symlinking: /home/willi/battle_ws/install/battle_interfaces/share/battle_interfaces/srv/Pointing_Request.msg
[20.141s] -- Symlinking: /home/willi/battle_ws/install/battle_interfaces/share/battle_interfaces/srv/Pointing_Response.msg
[20.156s] -- Symlinking: /home/willi/battle_ws/install/battle_interfaces/share/ament_index/resource_index/package_run_dependencies/battle_interfaces
[20.170s] -- Symlinking: /home/willi/battle_ws/install/battle_interfaces/share/ament_index/resource_index/parent_prefix_path/battle_interfaces
[20.185s] -- Symlinking: /home/willi/battle_ws/install/battle_interfaces/share/battle_interfaces/environment/ament_prefix_path.sh
[20.197s] -- Symlinking: /home/willi/battle_ws/install/battle_interfaces/share/battle_interfaces/environment/ament_prefix_path.dsv
[20.210s] -- Symlinking: /home/willi/battle_ws/install/battle_interfaces/share/battle_interfaces/environment/path.sh
[20.223s] -- Symlinking: /home/willi/battle_ws/install/battle_interfaces/share/battle_interfaces/environment/path.dsv
[20.237s] -- Symlinking: /home/willi/battle_ws/install/battle_interfaces/share/battle_interfaces/local_setup.bash
[20.252s] -- Symlinking: /home/willi/battle_ws/install/battle_interfaces/share/battle_interfaces/local_setup.sh
[20.267s] -- Symlinking: /home/willi/battle_ws/install/battle_interfaces/share/battle_interfaces/local_setup.zsh
[20.280s] -- Symlinking: /home/willi/battle_ws/install/battle_interfaces/share/battle_interfaces/local_setup.dsv
[20.292s] -- Symlinking: /home/willi/battle_ws/install/battle_interfaces/share/battle_interfaces/package.dsv
[20.306s] -- Symlinking: /home/willi/battle_ws/install/battle_interfaces/share/ament_index/resource_index/packages/battle_interfaces
[20.317s] -- Symlinking: /home/willi/battle_ws/install/battle_interfaces/share/battle_interfaces/cmake/rosidl_cmake-extras.cmake
[20.329s] -- Symlinking: /home/willi/battle_ws/install/battle_interfaces/share/battle_interfaces/cmake/ament_cmake_export_dependencies-extras.cmake
[20.343s] -- Symlinking: /home/willi/battle_ws/install/battle_interfaces/share/battle_interfaces/cmake/ament_cmake_export_include_directories-extras.cmake
[20.358s] -- Symlinking: /home/willi/battle_ws/install/battle_interfaces/share/battle_interfaces/cmake/ament_cmake_export_libraries-extras.cmake
[20.372s] -- Symlinking: /home/willi/battle_ws/install/battle_interfaces/share/battle_interfaces/cmake/ament_cmake_export_targets-extras.cmake
[20.384s] -- Symlinking: /home/willi/battle_ws/install/battle_interfaces/share/battle_interfaces/cmake/rosidl_cmake_export_typesupport_targets-extras.cmake
[20.397s] -- Symlinking: /home/willi/battle_ws/install/battle_interfaces/share/battle_interfaces/cmake/rosidl_cmake_export_typesupport_libraries-extras.cmake
[20.409s] -- Symlinking: /home/willi/battle_ws/install/battle_interfaces/share/battle_interfaces/cmake/battle_interfacesConfig.cmake
[20.423s] -- Symlinking: /home/willi/battle_ws/install/battle_interfaces/share/battle_interfaces/cmake/battle_interfacesConfig-version.cmake
[20.438s] -- Symlinking: /home/willi/battle_ws/install/battle_interfaces/share/battle_interfaces/package.xml
[20.453s] -- Installing: /home/willi/battle_ws/install/battle_interfaces/lib/libbattle_interfaces__rosidl_generator_c.so
[20.454s] -- Set runtime path of "/home/willi/battle_ws/install/battle_interfaces/lib/libbattle_interfaces__rosidl_generator_c.so" to ""
[20.454s] -- Installing: /home/willi/battle_ws/install/battle_interfaces/lib/libbattle_interfaces__rosidl_typesupport_fastrtps_c.so
[20.455s] -- Set runtime path of "/home/willi/battle_ws/install/battle_interfaces/lib/libbattle_interfaces__rosidl_typesupport_fastrtps_c.so" to ""
[20.455s] -- Installing: /home/willi/battle_ws/install/battle_interfaces/lib/libbattle_interfaces__rosidl_typesupport_introspection_c.so
[20.456s] -- Set runtime path of "/home/willi/battle_ws/install/battle_interfaces/lib/libbattle_interfaces__rosidl_typesupport_introspection_c.so" to ""
[20.456s] -- Installing: /home/willi/battle_ws/install/battle_interfaces/lib/libbattle_interfaces__rosidl_typesupport_c.so
[20.457s] -- Set runtime path of "/home/willi/battle_ws/install/battle_interfaces/lib/libbattle_interfaces__rosidl_typesupport_c.so" to ""
[20.457s] -- Installing: /home/willi/battle_ws/install/battle_interfaces/lib/libbattle_interfaces__rosidl_typesupport_fastrtps_cpp.so
[20.458s] -- Set runtime path of "/home/willi/battle_ws/install/battle_interfaces/lib/libbattle_interfaces__rosidl_typesupport_fastrtps_cpp.so" to ""
[20.458s] -- Installing: /home/willi/battle_ws/install/battle_interfaces/lib/libbattle_interfaces__rosidl_typesupport_introspection_cpp.so
[20.459s] -- Set runtime path of "/home/willi/battle_ws/install/battle_interfaces/lib/libbattle_interfaces__rosidl_typesupport_introspection_cpp.so" to ""
[20.459s] -- Installing: /home/willi/battle_ws/install/battle_interfaces/lib/libbattle_interfaces__rosidl_typesupport_cpp.so
[20.459s] -- Set runtime path of "/home/willi/battle_ws/install/battle_interfaces/lib/libbattle_interfaces__rosidl_typesupport_cpp.so" to ""
[20.517s] Listing '/home/willi/battle_ws/install/battle_interfaces/lib/python3.10/site-packages/battle_interfaces'...
[20.517s] Compiling '/home/willi/battle_ws/install/battle_interfaces/lib/python3.10/site-packages/battle_interfaces/__init__.py'...
[20.517s] Listing '/home/willi/battle_ws/install/battle_interfaces/lib/python3.10/site-packages/battle_interfaces/msg'...
[20.517s] Compiling '/home/willi/battle_ws/install/battle_interfaces/lib/python3.10/site-packages/battle_interfaces/msg/__init__.py'...
[20.517s] Compiling '/home/willi/battle_ws/install/battle_interfaces/lib/python3.10/site-packages/battle_interfaces/msg/_aim_vector.py'...
[20.517s] Compiling '/home/willi/battle_ws/install/battle_interfaces/lib/python3.10/site-packages/battle_interfaces/msg/_target.py'...
[20.517s] Compiling '/home/willi/battle_ws/install/battle_interfaces/lib/python3.10/site-packages/battle_interfaces/msg/_target_array.py'...
[20.517s] Listing '/home/willi/battle_ws/install/battle_interfaces/lib/python3.10/site-packages/battle_interfaces/srv'...
[20.518s] Compiling '/home/willi/battle_ws/install/battle_interfaces/lib/python3.10/site-packages/battle_interfaces/srv/__init__.py'...
[20.518s] Compiling '/home/willi/battle_ws/install/battle_interfaces/lib/python3.10/site-packages/battle_interfaces/srv/_pointing.py'...
[20.524s] -- Installing: /home/willi/battle_ws/install/battle_interfaces/lib/libbattle_interfaces__rosidl_generator_py.so
[20.525s] -- Set runtime path of "/home/willi/battle_ws/install/battle_interfaces/lib/libbattle_interfaces__rosidl_generator_py.so" to ""
[20.525s] -- Installing: /home/willi/battle_ws/install/battle_interfaces/share/battle_interfaces/cmake/export_battle_interfaces__rosidl_generator_cExport.cmake
[20.526s] -- Installing: /home/willi/battle_ws/install/battle_interfaces/share/battle_interfaces/cmake/export_battle_interfaces__rosidl_generator_cExport-noconfig.cmake
[20.526s] -- Installing: /home/willi/battle_ws/install/battle_interfaces/share/battle_interfaces/cmake/export_battle_interfaces__rosidl_typesupport_fastrtps_cExport.cmake
[20.526s] -- Installing: /home/willi/battle_ws/install/battle_interfaces/share/battle_interfaces/cmake/export_battle_interfaces__rosidl_typesupport_fastrtps_cExport-noconfig.cmake
[20.527s] -- Installing: /home/willi/battle_ws/install/battle_interfaces/share/battle_interfaces/cmake/battle_interfaces__rosidl_typesupport_introspection_cExport.cmake
[20.527s] -- Installing: /home/willi/battle_ws/install/battle_interfaces/share/battle_interfaces/cmake/battle_interfaces__rosidl_typesupport_introspection_cExport-noconfig.cmake
[20.527s] -- Installing: /home/willi/battle_ws/install/battle_interfaces/share/battle_interfaces/cmake/battle_interfaces__rosidl_typesupport_cExport.cmake
[20.527s] -- Installing: /home/willi/battle_ws/install/battle_interfaces/share/battle_interfaces/cmake/battle_interfaces__rosidl_typesupport_cExport-noconfig.cmake
[20.528s] -- Installing: /home/willi/battle_ws/install/battle_interfaces/share/battle_interfaces/cmake/export_battle_interfaces__rosidl_generator_cppExport.cmake
[20.528s] -- Installing: /home/willi/battle_ws/install/battle_interfaces/share/battle_interfaces/cmake/export_battle_interfaces__rosidl_typesupport_fastrtps_cppExport.cmake
[20.528s] -- Installing: /home/willi/battle_ws/install/battle_interfaces/share/battle_interfaces/cmake/export_battle_interfaces__rosidl_typesupport_fastrtps_cppExport-noconfig.cmake
[20.528s] -- Installing: /home/willi/battle_ws/install/battle_interfaces/share/battle_interfaces/cmake/battle_interfaces__rosidl_typesupport_introspection_cppExport.cmake
[20.528s] -- Installing: /home/willi/battle_ws/install/battle_interfaces/share/battle_interfaces/cmake/battle_interfaces__rosidl_typesupport_introspection_cppExport-noconfig.cmake
[20.529s] -- Installing: /home/willi/battle_ws/install/battle_interfaces/share/battle_interfaces/cmake/battle_interfaces__rosidl_typesupport_cppExport.cmake
[20.529s] -- Installing: /home/willi/battle_ws/install/battle_interfaces/share/battle_interfaces/cmake/battle_interfaces__rosidl_typesupport_cppExport-noconfig.cmake
[20.529s] -- Installing: /home/willi/battle_ws/install/battle_interfaces/share/battle_interfaces/cmake/export_battle_interfaces__rosidl_generator_pyExport.cmake
[20.529s] -- Installing: /home/willi/battle_ws/install/battle_interfaces/share/battle_interfaces/cmake/export_battle_interfaces__rosidl_generator_pyExport-noconfig.cmake
[20.534s] Invoked command in '/home/willi/battle_ws/build/battle_interfaces' returned '0': CMAKE_PREFIX_PATH=/opt/ros/humble VIRTUAL_ENV_PROMPT=(.ci-test-env) /usr/bin/cmake --install /home/willi/battle_ws/build/battle_interfaces
