running egg_info
creating ../../build/fire_platform_description/fire_platform_description.egg-info
writing ../../build/fire_platform_description/fire_platform_description.egg-info/PKG-INFO
writing dependency_links to ../../build/fire_platform_description/fire_platform_description.egg-info/dependency_links.txt
writing requirements to ../../build/fire_platform_description/fire_platform_description.egg-info/requires.txt
writing top-level names to ../../build/fire_platform_description/fire_platform_description.egg-info/top_level.txt
writing manifest file '../../build/fire_platform_description/fire_platform_description.egg-info/SOURCES.txt'
reading manifest file '../../build/fire_platform_description/fire_platform_description.egg-info/SOURCES.txt'
writing manifest file '../../build/fire_platform_description/fire_platform_description.egg-info/SOURCES.txt'
running build
running install
running install_data
creating /home/willi/battle_ws/install/fire_platform_description/share/ament_index
creating /home/willi/battle_ws/install/fire_platform_description/share/ament_index/resource_index
creating /home/willi/battle_ws/install/fire_platform_description/share/ament_index/resource_index/packages
copying resource/fire_platform_description -> /home/willi/battle_ws/install/fire_platform_description/share/ament_index/resource_index/packages
copying package.xml -> /home/willi/battle_ws/install/fire_platform_description/share/fire_platform_description
copying package.sh -> /home/willi/battle_ws/install/fire_platform_description/share/fire_platform_description
creating /home/willi/battle_ws/install/fire_platform_description/share/fire_platform_description/urdf
copying urdf/fire_platform.urdf.xacro -> /home/willi/battle_ws/install/fire_platform_description/share/fire_platform_description/urdf
running install_egg_info
Copying ../../build/fire_platform_description/fire_platform_description.egg-info to /home/willi/battle_ws/install/fire_platform_description/lib/python3.10/site-packages/fire_platform_description-0.0.1-py3.10.egg-info
running install_scripts
writing list of installed files to '/home/willi/battle_ws/build/fire_platform_description/install.log'
