[1.684s] Invoking command in '/home/willi/battle_ws/src/fire_platform_description': PYTHONPATH=/home/willi/battle_ws/build/fire_platform_description/prefix_override:/usr/lib/python3/dist-packages/colcon_core/task/python/colcon_distutils_commands:/home/willi/battle_ws/install/fire_platform_description/lib/python3.10/site-packages:${PYTHONPATH} /usr/bin/python3 -W ignore:setup.py install is deprecated -W ignore:easy_install command is deprecated setup.py egg_info --egg-base ../../build/fire_platform_description build --build-base /home/willi/battle_ws/build/fire_platform_description/build install --record /home/willi/battle_ws/build/fire_platform_description/install.log --single-version-externally-managed install_data
[2.340s] running egg_info
[2.341s] creating ../../build/fire_platform_description/fire_platform_description.egg-info
[2.366s] writing ../../build/fire_platform_description/fire_platform_description.egg-info/PKG-INFO
[2.367s] writing dependency_links to ../../build/fire_platform_description/fire_platform_description.egg-info/dependency_links.txt
[2.367s] writing requirements to ../../build/fire_platform_description/fire_platform_description.egg-info/requires.txt
[2.367s] writing top-level names to ../../build/fire_platform_description/fire_platform_description.egg-info/top_level.txt
[2.368s] writing manifest file '../../build/fire_platform_description/fire_platform_description.egg-info/SOURCES.txt'
[2.394s] reading manifest file '../../build/fire_platform_description/fire_platform_description.egg-info/SOURCES.txt'
[2.395s] writing manifest file '../../build/fire_platform_description/fire_platform_description.egg-info/SOURCES.txt'
[2.397s] running build
[2.397s] running install
[2.405s] running install_data
[2.405s] creating /home/willi/battle_ws/install/fire_platform_description/share/ament_index
[2.406s] creating /home/willi/battle_ws/install/fire_platform_description/share/ament_index/resource_index
[2.406s] creating /home/willi/battle_ws/install/fire_platform_description/share/ament_index/resource_index/packages
[2.406s] copying resource/fire_platform_description -> /home/willi/battle_ws/install/fire_platform_description/share/ament_index/resource_index/packages
[2.407s] copying package.xml -> /home/willi/battle_ws/install/fire_platform_description/share/fire_platform_description
[2.407s] copying package.sh -> /home/willi/battle_ws/install/fire_platform_description/share/fire_platform_description
[2.407s] creating /home/willi/battle_ws/install/fire_platform_description/share/fire_platform_description/urdf
[2.407s] copying urdf/fire_platform.urdf.xacro -> /home/willi/battle_ws/install/fire_platform_description/share/fire_platform_description/urdf
[2.407s] running install_egg_info
[2.475s] Copying ../../build/fire_platform_description/fire_platform_description.egg-info to /home/willi/battle_ws/install/fire_platform_description/lib/python3.10/site-packages/fire_platform_description-0.0.1-py3.10.egg-info
[2.477s] running install_scripts
[2.581s] writing list of installed files to '/home/willi/battle_ws/build/fire_platform_description/install.log'
[2.658s] Invoked command in '/home/willi/battle_ws/src/fire_platform_description' returned '0': PYTHONPATH=/home/willi/battle_ws/build/fire_platform_description/prefix_override:/usr/lib/python3/dist-packages/colcon_core/task/python/colcon_distutils_commands:/home/willi/battle_ws/install/fire_platform_description/lib/python3.10/site-packages:${PYTHONPATH} /usr/bin/python3 -W ignore:setup.py install is deprecated -W ignore:easy_install command is deprecated setup.py egg_info --egg-base ../../build/fire_platform_description build --build-base /home/willi/battle_ws/build/fire_platform_description/build install --record /home/willi/battle_ws/build/fire_platform_description/install.log --single-version-externally-managed install_data
