[0.157s] DEBUG:colcon:Command line arguments: ['/usr/bin/colcon', 'build', '--packages-select', 'fire_platform']
[0.157s] DEBUG:colcon:Parsed command line arguments: Namespace(log_base=None, log_level=None, verb_name='build', build_base='build', install_base='install', merge_install=False, symlink_install=False, test_result_base=None, continue_on_error=False, executor='parallel', parallel_workers=4, event_handlers=None, ignore_user_meta=False, metas=['./colcon.meta'], base_paths=['.'], packages_ignore=None, packages_ignore_regex=None, paths=None, packages_up_to=None, packages_up_to_regex=None, packages_above=None, packages_above_and_dependencies=None, packages_above_depth=None, packages_select_by_dep=None, packages_skip_by_dep=None, packages_skip_up_to=None, packages_select_build_failed=False, packages_skip_build_finished=False, packages_select_test_failures=False, packages_skip_test_passed=False, packages_select=['fire_platform'], packages_skip=None, packages_select_regex=None, packages_skip_regex=None, packages_start=None, packages_end=None, allow_overriding=[], cmake_args=None, cmake_target=None, cmake_target_skip_unavailable=False, cmake_clean_cache=False, cmake_clean_first=False, cmake_force_configure=False, ament_cmake_args=None, catkin_cmake_args=None, catkin_skip_building_tests=False, verb_parser=<colcon_defaults.argument_parser.defaults.DefaultArgumentsDecorator object at 0x735d3e119330>, verb_extension=<colcon_core.verb.build.BuildVerb object at 0x735d3e118e20>, main=<bound method BuildVerb.main of <colcon_core.verb.build.BuildVerb object at 0x735d3e118e20>>)
[0.536s] Level 1:colcon.colcon_core.package_discovery:discover_packages(colcon_meta) check parameters
[0.536s] Level 1:colcon.colcon_core.package_discovery:discover_packages(recursive) check parameters
[0.536s] Level 1:colcon.colcon_core.package_discovery:discover_packages(ignore) check parameters
[0.536s] Level 1:colcon.colcon_core.package_discovery:discover_packages(path) check parameters
[0.536s] Level 1:colcon.colcon_core.package_discovery:discover_packages(colcon_meta) discover
[0.536s] Level 1:colcon.colcon_core.package_discovery:discover_packages(recursive) discover
[0.536s] INFO:colcon.colcon_core.package_discovery:Crawling recursively for packages in '/home/willi/battle_ws'
[0.537s] Level 1:colcon.colcon_core.package_identification:_identify(.) by extensions ['ignore', 'ignore_ament_install']
[0.537s] Level 1:colcon.colcon_core.package_identification:_identify(.) by extension 'ignore'
[0.537s] Level 1:colcon.colcon_core.package_identification:_identify(.) by extension 'ignore_ament_install'
[0.537s] Level 1:colcon.colcon_core.package_identification:_identify(.) by extensions ['colcon_pkg']
[0.537s] Level 1:colcon.colcon_core.package_identification:_identify(.) by extension 'colcon_pkg'
[0.537s] Level 1:colcon.colcon_core.package_identification:_identify(.) by extensions ['colcon_meta']
[0.537s] Level 1:colcon.colcon_core.package_identification:_identify(.) by extension 'colcon_meta'
[0.537s] Level 1:colcon.colcon_core.package_identification:_identify(.) by extensions ['ros']
[0.537s] Level 1:colcon.colcon_core.package_identification:_identify(.) by extension 'ros'
[0.559s] Level 1:colcon.colcon_core.package_identification:_identify(.) by extensions ['cmake', 'python']
[0.559s] Level 1:colcon.colcon_core.package_identification:_identify(.) by extension 'cmake'
[0.559s] Level 1:colcon.colcon_core.package_identification:_identify(.) by extension 'python'
[0.559s] Level 1:colcon.colcon_core.package_identification:_identify(.) by extensions ['python_setup_py']
[0.560s] Level 1:colcon.colcon_core.package_identification:_identify(.) by extension 'python_setup_py'
[0.560s] Level 1:colcon.colcon_core.package_identification:_identify(build) by extensions ['ignore', 'ignore_ament_install']
[0.560s] Level 1:colcon.colcon_core.package_identification:_identify(build) by extension 'ignore'
[0.560s] Level 1:colcon.colcon_core.package_identification:_identify(build) ignored
[0.560s] Level 1:colcon.colcon_core.package_identification:_identify(docs) by extensions ['ignore', 'ignore_ament_install']
[0.560s] Level 1:colcon.colcon_core.package_identification:_identify(docs) by extension 'ignore'
[0.560s] Level 1:colcon.colcon_core.package_identification:_identify(docs) by extension 'ignore_ament_install'
[0.561s] Level 1:colcon.colcon_core.package_identification:_identify(docs) by extensions ['colcon_pkg']
[0.561s] Level 1:colcon.colcon_core.package_identification:_identify(docs) by extension 'colcon_pkg'
[0.561s] Level 1:colcon.colcon_core.package_identification:_identify(docs) by extensions ['colcon_meta']
[0.561s] Level 1:colcon.colcon_core.package_identification:_identify(docs) by extension 'colcon_meta'
[0.561s] Level 1:colcon.colcon_core.package_identification:_identify(docs) by extensions ['ros']
[0.561s] Level 1:colcon.colcon_core.package_identification:_identify(docs) by extension 'ros'
[0.561s] Level 1:colcon.colcon_core.package_identification:_identify(docs) by extensions ['cmake', 'python']
[0.561s] Level 1:colcon.colcon_core.package_identification:_identify(docs) by extension 'cmake'
[0.561s] Level 1:colcon.colcon_core.package_identification:_identify(docs) by extension 'python'
[0.561s] Level 1:colcon.colcon_core.package_identification:_identify(docs) by extensions ['python_setup_py']
[0.561s] Level 1:colcon.colcon_core.package_identification:_identify(docs) by extension 'python_setup_py'
[0.561s] Level 1:colcon.colcon_core.package_identification:_identify(install) by extensions ['ignore', 'ignore_ament_install']
[0.561s] Level 1:colcon.colcon_core.package_identification:_identify(install) by extension 'ignore'
[0.562s] Level 1:colcon.colcon_core.package_identification:_identify(install) ignored
[0.562s] Level 1:colcon.colcon_core.package_identification:_identify(log) by extensions ['ignore', 'ignore_ament_install']
[0.562s] Level 1:colcon.colcon_core.package_identification:_identify(log) by extension 'ignore'
[0.562s] Level 1:colcon.colcon_core.package_identification:_identify(log) ignored
[0.562s] Level 1:colcon.colcon_core.package_identification:_identify(src) by extensions ['ignore', 'ignore_ament_install']
[0.562s] Level 1:colcon.colcon_core.package_identification:_identify(src) by extension 'ignore'
[0.562s] Level 1:colcon.colcon_core.package_identification:_identify(src) by extension 'ignore_ament_install'
[0.562s] Level 1:colcon.colcon_core.package_identification:_identify(src) by extensions ['colcon_pkg']
[0.562s] Level 1:colcon.colcon_core.package_identification:_identify(src) by extension 'colcon_pkg'
[0.562s] Level 1:colcon.colcon_core.package_identification:_identify(src) by extensions ['colcon_meta']
[0.562s] Level 1:colcon.colcon_core.package_identification:_identify(src) by extension 'colcon_meta'
[0.563s] Level 1:colcon.colcon_core.package_identification:_identify(src) by extensions ['ros']
[0.563s] Level 1:colcon.colcon_core.package_identification:_identify(src) by extension 'ros'
[0.563s] Level 1:colcon.colcon_core.package_identification:_identify(src) by extensions ['cmake', 'python']
[0.563s] Level 1:colcon.colcon_core.package_identification:_identify(src) by extension 'cmake'
[0.563s] Level 1:colcon.colcon_core.package_identification:_identify(src) by extension 'python'
[0.563s] Level 1:colcon.colcon_core.package_identification:_identify(src) by extensions ['python_setup_py']
[0.563s] Level 1:colcon.colcon_core.package_identification:_identify(src) by extension 'python_setup_py'
[0.563s] Level 1:colcon.colcon_core.package_identification:_identify(src/battle_interfaces) by extensions ['ignore', 'ignore_ament_install']
[0.563s] Level 1:colcon.colcon_core.package_identification:_identify(src/battle_interfaces) by extension 'ignore'
[0.563s] Level 1:colcon.colcon_core.package_identification:_identify(src/battle_interfaces) by extension 'ignore_ament_install'
[0.563s] Level 1:colcon.colcon_core.package_identification:_identify(src/battle_interfaces) by extensions ['colcon_pkg']
[0.563s] Level 1:colcon.colcon_core.package_identification:_identify(src/battle_interfaces) by extension 'colcon_pkg'
[0.564s] Level 1:colcon.colcon_core.package_identification:_identify(src/battle_interfaces) by extensions ['colcon_meta']
[0.564s] Level 1:colcon.colcon_core.package_identification:_identify(src/battle_interfaces) by extension 'colcon_meta'
[0.564s] Level 1:colcon.colcon_core.package_identification:_identify(src/battle_interfaces) by extensions ['ros']
[0.564s] Level 1:colcon.colcon_core.package_identification:_identify(src/battle_interfaces) by extension 'ros'
[0.568s] DEBUG:colcon.colcon_core.package_identification:Package 'src/battle_interfaces' with type 'ros.ament_cmake' and name 'battle_interfaces'
[0.568s] Level 1:colcon.colcon_core.package_identification:_identify(src/central_hub) by extensions ['ignore', 'ignore_ament_install']
[0.569s] Level 1:colcon.colcon_core.package_identification:_identify(src/central_hub) by extension 'ignore'
[0.569s] Level 1:colcon.colcon_core.package_identification:_identify(src/central_hub) by extension 'ignore_ament_install'
[0.569s] Level 1:colcon.colcon_core.package_identification:_identify(src/central_hub) by extensions ['colcon_pkg']
[0.569s] Level 1:colcon.colcon_core.package_identification:_identify(src/central_hub) by extension 'colcon_pkg'
[0.569s] Level 1:colcon.colcon_core.package_identification:_identify(src/central_hub) by extensions ['colcon_meta']
[0.569s] Level 1:colcon.colcon_core.package_identification:_identify(src/central_hub) by extension 'colcon_meta'
[0.569s] Level 1:colcon.colcon_core.package_identification:_identify(src/central_hub) by extensions ['ros']
[0.569s] Level 1:colcon.colcon_core.package_identification:_identify(src/central_hub) by extension 'ros'
[0.570s] DEBUG:colcon.colcon_core.package_identification:Package 'src/central_hub' with type 'ros.ament_python' and name 'central_hub'
[0.570s] Level 1:colcon.colcon_core.package_identification:_identify(src/combat_platform) by extensions ['ignore', 'ignore_ament_install']
[0.571s] Level 1:colcon.colcon_core.package_identification:_identify(src/combat_platform) by extension 'ignore'
[0.571s] Level 1:colcon.colcon_core.package_identification:_identify(src/combat_platform) by extension 'ignore_ament_install'
[0.571s] Level 1:colcon.colcon_core.package_identification:_identify(src/combat_platform) by extensions ['colcon_pkg']
[0.571s] Level 1:colcon.colcon_core.package_identification:_identify(src/combat_platform) by extension 'colcon_pkg'
[0.571s] Level 1:colcon.colcon_core.package_identification:_identify(src/combat_platform) by extensions ['colcon_meta']
[0.571s] Level 1:colcon.colcon_core.package_identification:_identify(src/combat_platform) by extension 'colcon_meta'
[0.571s] Level 1:colcon.colcon_core.package_identification:_identify(src/combat_platform) by extensions ['ros']
[0.571s] Level 1:colcon.colcon_core.package_identification:_identify(src/combat_platform) by extension 'ros'
[0.572s] DEBUG:colcon.colcon_core.package_identification:Package 'src/combat_platform' with type 'ros.ament_python' and name 'combat_platform'
[0.572s] Level 1:colcon.colcon_core.package_identification:_identify(src/command_center) by extensions ['ignore', 'ignore_ament_install']
[0.572s] Level 1:colcon.colcon_core.package_identification:_identify(src/command_center) by extension 'ignore'
[0.573s] Level 1:colcon.colcon_core.package_identification:_identify(src/command_center) by extension 'ignore_ament_install'
[0.573s] Level 1:colcon.colcon_core.package_identification:_identify(src/command_center) by extensions ['colcon_pkg']
[0.573s] Level 1:colcon.colcon_core.package_identification:_identify(src/command_center) by extension 'colcon_pkg'
[0.573s] Level 1:colcon.colcon_core.package_identification:_identify(src/command_center) by extensions ['colcon_meta']
[0.573s] Level 1:colcon.colcon_core.package_identification:_identify(src/command_center) by extension 'colcon_meta'
[0.573s] Level 1:colcon.colcon_core.package_identification:_identify(src/command_center) by extensions ['ros']
[0.573s] Level 1:colcon.colcon_core.package_identification:_identify(src/command_center) by extension 'ros'
[0.574s] DEBUG:colcon.colcon_core.package_identification:Package 'src/command_center' with type 'ros.ament_python' and name 'command_center'
[0.574s] Level 1:colcon.colcon_core.package_identification:_identify(src/common_msgs) by extensions ['ignore', 'ignore_ament_install']
[0.574s] Level 1:colcon.colcon_core.package_identification:_identify(src/common_msgs) by extension 'ignore'
[0.574s] Level 1:colcon.colcon_core.package_identification:_identify(src/common_msgs) by extension 'ignore_ament_install'
[0.574s] Level 1:colcon.colcon_core.package_identification:_identify(src/common_msgs) by extensions ['colcon_pkg']
[0.574s] Level 1:colcon.colcon_core.package_identification:_identify(src/common_msgs) by extension 'colcon_pkg'
[0.575s] Level 1:colcon.colcon_core.package_identification:_identify(src/common_msgs) by extensions ['colcon_meta']
[0.575s] Level 1:colcon.colcon_core.package_identification:_identify(src/common_msgs) by extension 'colcon_meta'
[0.575s] Level 1:colcon.colcon_core.package_identification:_identify(src/common_msgs) by extensions ['ros']
[0.575s] Level 1:colcon.colcon_core.package_identification:_identify(src/common_msgs) by extension 'ros'
[0.576s] DEBUG:colcon.colcon_core.package_identification:Package 'src/common_msgs' with type 'ros.catkin' and name 'common_msgs'
[0.576s] Level 1:colcon.colcon_core.package_identification:_identify(src/fire_platform) by extensions ['ignore', 'ignore_ament_install']
[0.576s] Level 1:colcon.colcon_core.package_identification:_identify(src/fire_platform) by extension 'ignore'
[0.576s] Level 1:colcon.colcon_core.package_identification:_identify(src/fire_platform) by extension 'ignore_ament_install'
[0.576s] Level 1:colcon.colcon_core.package_identification:_identify(src/fire_platform) by extensions ['colcon_pkg']
[0.576s] Level 1:colcon.colcon_core.package_identification:_identify(src/fire_platform) by extension 'colcon_pkg'
[0.576s] Level 1:colcon.colcon_core.package_identification:_identify(src/fire_platform) by extensions ['colcon_meta']
[0.576s] Level 1:colcon.colcon_core.package_identification:_identify(src/fire_platform) by extension 'colcon_meta'
[0.576s] Level 1:colcon.colcon_core.package_identification:_identify(src/fire_platform) by extensions ['ros']
[0.576s] Level 1:colcon.colcon_core.package_identification:_identify(src/fire_platform) by extension 'ros'
[0.578s] DEBUG:colcon.colcon_core.package_identification:Package 'src/fire_platform' with type 'ros.ament_python' and name 'fire_platform'
[0.578s] Level 1:colcon.colcon_core.package_identification:_identify(src/fire_platform_3) by extensions ['ignore', 'ignore_ament_install']
[0.578s] Level 1:colcon.colcon_core.package_identification:_identify(src/fire_platform_3) by extension 'ignore'
[0.578s] Level 1:colcon.colcon_core.package_identification:_identify(src/fire_platform_3) by extension 'ignore_ament_install'
[0.578s] Level 1:colcon.colcon_core.package_identification:_identify(src/fire_platform_3) by extensions ['colcon_pkg']
[0.578s] Level 1:colcon.colcon_core.package_identification:_identify(src/fire_platform_3) by extension 'colcon_pkg'
[0.578s] Level 1:colcon.colcon_core.package_identification:_identify(src/fire_platform_3) by extensions ['colcon_meta']
[0.578s] Level 1:colcon.colcon_core.package_identification:_identify(src/fire_platform_3) by extension 'colcon_meta'
[0.578s] Level 1:colcon.colcon_core.package_identification:_identify(src/fire_platform_3) by extensions ['ros']
[0.578s] Level 1:colcon.colcon_core.package_identification:_identify(src/fire_platform_3) by extension 'ros'
[0.579s] DEBUG:colcon.colcon_core.package_identification:Package 'src/fire_platform_3' with type 'ros.ament_python' and name 'fire_platform_3'
[0.579s] Level 1:colcon.colcon_core.package_identification:_identify(src/fire_tracker) by extensions ['ignore', 'ignore_ament_install']
[0.580s] Level 1:colcon.colcon_core.package_identification:_identify(src/fire_tracker) by extension 'ignore'
[0.580s] Level 1:colcon.colcon_core.package_identification:_identify(src/fire_tracker) by extension 'ignore_ament_install'
[0.580s] Level 1:colcon.colcon_core.package_identification:_identify(src/fire_tracker) by extensions ['colcon_pkg']
[0.580s] Level 1:colcon.colcon_core.package_identification:_identify(src/fire_tracker) by extension 'colcon_pkg'
[0.580s] Level 1:colcon.colcon_core.package_identification:_identify(src/fire_tracker) by extensions ['colcon_meta']
[0.580s] Level 1:colcon.colcon_core.package_identification:_identify(src/fire_tracker) by extension 'colcon_meta'
[0.580s] Level 1:colcon.colcon_core.package_identification:_identify(src/fire_tracker) by extensions ['ros']
[0.580s] Level 1:colcon.colcon_core.package_identification:_identify(src/fire_tracker) by extension 'ros'
[0.581s] DEBUG:colcon.colcon_core.package_identification:Package 'src/fire_tracker' with type 'ros.ament_python' and name 'fire_tracker'
[0.581s] Level 1:colcon.colcon_core.package_identification:_identify(src/operator_interface) by extensions ['ignore', 'ignore_ament_install']
[0.581s] Level 1:colcon.colcon_core.package_identification:_identify(src/operator_interface) by extension 'ignore'
[0.582s] Level 1:colcon.colcon_core.package_identification:_identify(src/operator_interface) by extension 'ignore_ament_install'
[0.582s] Level 1:colcon.colcon_core.package_identification:_identify(src/operator_interface) by extensions ['colcon_pkg']
[0.582s] Level 1:colcon.colcon_core.package_identification:_identify(src/operator_interface) by extension 'colcon_pkg'
[0.582s] Level 1:colcon.colcon_core.package_identification:_identify(src/operator_interface) by extensions ['colcon_meta']
[0.582s] Level 1:colcon.colcon_core.package_identification:_identify(src/operator_interface) by extension 'colcon_meta'
[0.582s] Level 1:colcon.colcon_core.package_identification:_identify(src/operator_interface) by extensions ['ros']
[0.582s] Level 1:colcon.colcon_core.package_identification:_identify(src/operator_interface) by extension 'ros'
[0.583s] DEBUG:colcon.colcon_core.package_identification:Failed to parse potential ROS package manifest in'src/operator_interface': Error(s) in package 'src/operator_interface/package.xml':
The manifest contains invalid XML:
junk after document element: line 19, column 0
[0.583s] Level 1:colcon.colcon_core.package_identification:_identify(src/operator_interface) by extensions ['cmake', 'python']
[0.583s] Level 1:colcon.colcon_core.package_identification:_identify(src/operator_interface) by extension 'cmake'
[0.583s] Level 1:colcon.colcon_core.package_identification:_identify(src/operator_interface) by extension 'python'
[0.583s] DEBUG:colcon.colcon_core.package_identification:Python package in 'src/operator_interface' passes arguments to the setup() function which requires a different identification extension than 'python'
[0.584s] Level 1:colcon.colcon_core.package_identification:_identify(src/operator_interface) by extensions ['python_setup_py']
[0.584s] Level 1:colcon.colcon_core.package_identification:_identify(src/operator_interface) by extension 'python_setup_py'
[1.152s] DEBUG:colcon.colcon_core.package_identification:Package 'src/operator_interface' with type 'python' and name 'operator_interface'
[1.153s] Level 1:colcon.colcon_core.package_identification:_identify(src/positioning) by extensions ['ignore', 'ignore_ament_install']
[1.153s] Level 1:colcon.colcon_core.package_identification:_identify(src/positioning) by extension 'ignore'
[1.153s] Level 1:colcon.colcon_core.package_identification:_identify(src/positioning) by extension 'ignore_ament_install'
[1.153s] Level 1:colcon.colcon_core.package_identification:_identify(src/positioning) by extensions ['colcon_pkg']
[1.153s] Level 1:colcon.colcon_core.package_identification:_identify(src/positioning) by extension 'colcon_pkg'
[1.153s] Level 1:colcon.colcon_core.package_identification:_identify(src/positioning) by extensions ['colcon_meta']
[1.153s] Level 1:colcon.colcon_core.package_identification:_identify(src/positioning) by extension 'colcon_meta'
[1.153s] Level 1:colcon.colcon_core.package_identification:_identify(src/positioning) by extensions ['ros']
[1.154s] Level 1:colcon.colcon_core.package_identification:_identify(src/positioning) by extension 'ros'
[1.154s] DEBUG:colcon.colcon_core.package_identification:Package 'src/positioning' with type 'ros.ament_python' and name 'positioning'
[1.154s] Level 1:colcon.colcon_core.package_identification:_identify(src/scan_platform_deprecated) by extensions ['ignore', 'ignore_ament_install']
[1.155s] Level 1:colcon.colcon_core.package_identification:_identify(src/scan_platform_deprecated) by extension 'ignore'
[1.155s] Level 1:colcon.colcon_core.package_identification:_identify(src/scan_platform_deprecated) by extension 'ignore_ament_install'
[1.155s] Level 1:colcon.colcon_core.package_identification:_identify(src/scan_platform_deprecated) by extensions ['colcon_pkg']
[1.155s] Level 1:colcon.colcon_core.package_identification:_identify(src/scan_platform_deprecated) by extension 'colcon_pkg'
[1.155s] Level 1:colcon.colcon_core.package_identification:_identify(src/scan_platform_deprecated) by extensions ['colcon_meta']
[1.155s] Level 1:colcon.colcon_core.package_identification:_identify(src/scan_platform_deprecated) by extension 'colcon_meta'
[1.155s] Level 1:colcon.colcon_core.package_identification:_identify(src/scan_platform_deprecated) by extensions ['ros']
[1.155s] Level 1:colcon.colcon_core.package_identification:_identify(src/scan_platform_deprecated) by extension 'ros'
[1.156s] DEBUG:colcon.colcon_core.package_identification:Package 'src/scan_platform_deprecated' with type 'ros.ament_python' and name 'scan_platform'
[1.156s] Level 1:colcon.colcon_core.package_identification:_identify(src/scanner_platform) by extensions ['ignore', 'ignore_ament_install']
[1.156s] Level 1:colcon.colcon_core.package_identification:_identify(src/scanner_platform) by extension 'ignore'
[1.157s] Level 1:colcon.colcon_core.package_identification:_identify(src/scanner_platform) by extension 'ignore_ament_install'
[1.157s] Level 1:colcon.colcon_core.package_identification:_identify(src/scanner_platform) by extensions ['colcon_pkg']
[1.157s] Level 1:colcon.colcon_core.package_identification:_identify(src/scanner_platform) by extension 'colcon_pkg'
[1.157s] Level 1:colcon.colcon_core.package_identification:_identify(src/scanner_platform) by extensions ['colcon_meta']
[1.157s] Level 1:colcon.colcon_core.package_identification:_identify(src/scanner_platform) by extension 'colcon_meta'
[1.157s] Level 1:colcon.colcon_core.package_identification:_identify(src/scanner_platform) by extensions ['ros']
[1.157s] Level 1:colcon.colcon_core.package_identification:_identify(src/scanner_platform) by extension 'ros'
[1.158s] DEBUG:colcon.colcon_core.package_identification:Failed to parse potential ROS package manifest in'src/scanner_platform': Error(s) in package 'src/scanner_platform/package.xml':
The manifest contains invalid XML:
no element found: line 27, column 0
[1.158s] Level 1:colcon.colcon_core.package_identification:_identify(src/scanner_platform) by extensions ['cmake', 'python']
[1.158s] Level 1:colcon.colcon_core.package_identification:_identify(src/scanner_platform) by extension 'cmake'
[1.158s] Level 1:colcon.colcon_core.package_identification:_identify(src/scanner_platform) by extension 'python'
[1.158s] DEBUG:colcon.colcon_core.package_identification:Python package in 'src/scanner_platform' passes arguments to the setup() function which requires a different identification extension than 'python'
[1.158s] Level 1:colcon.colcon_core.package_identification:_identify(src/scanner_platform) by extensions ['python_setup_py']
[1.158s] Level 1:colcon.colcon_core.package_identification:_identify(src/scanner_platform) by extension 'python_setup_py'
[1.745s] DEBUG:colcon.colcon_core.package_identification:Package 'src/scanner_platform' with type 'python' and name 'scanner_platform'
[1.745s] Level 1:colcon.colcon_core.package_discovery:discover_packages(recursive) using defaults
[1.745s] Level 1:colcon.colcon_core.package_discovery:discover_packages(ignore) discover
[1.745s] Level 1:colcon.colcon_core.package_discovery:discover_packages(ignore) using defaults
[1.745s] Level 1:colcon.colcon_core.package_discovery:discover_packages(path) discover
[1.746s] Level 1:colcon.colcon_core.package_discovery:discover_packages(path) using defaults
[1.798s] INFO:colcon.colcon_core.package_selection:Skipping not selected package 'battle_interfaces' in 'src/battle_interfaces'
[1.798s] INFO:colcon.colcon_core.package_selection:Skipping not selected package 'common_msgs' in 'src/common_msgs'
[1.798s] INFO:colcon.colcon_core.package_selection:Skipping not selected package 'operator_interface' in 'src/operator_interface'
[1.799s] INFO:colcon.colcon_core.package_selection:Skipping not selected package 'positioning' in 'src/positioning'
[1.799s] INFO:colcon.colcon_core.package_selection:Skipping not selected package 'scanner_platform' in 'src/scanner_platform'
[1.799s] INFO:colcon.colcon_core.package_selection:Skipping not selected package 'central_hub' in 'src/central_hub'
[1.799s] INFO:colcon.colcon_core.package_selection:Skipping not selected package 'combat_platform' in 'src/combat_platform'
[1.799s] INFO:colcon.colcon_core.package_selection:Skipping not selected package 'command_center' in 'src/command_center'
[1.799s] INFO:colcon.colcon_core.package_selection:Skipping not selected package 'fire_platform_3' in 'src/fire_platform_3'
[1.799s] INFO:colcon.colcon_core.package_selection:Skipping not selected package 'fire_tracker' in 'src/fire_tracker'
[1.799s] INFO:colcon.colcon_core.package_selection:Skipping not selected package 'scan_platform' in 'src/scan_platform_deprecated'
[1.800s] Level 1:colcon.colcon_core.package_discovery:discover_packages(prefix_path) check parameters
[1.800s] Level 1:colcon.colcon_core.package_discovery:discover_packages(prefix_path) discover
[1.804s] DEBUG:colcon.colcon_installed_package_information.package_discovery:Found 1 installed packages in /home/willi/battle_ws/install
[1.806s] DEBUG:colcon.colcon_installed_package_information.package_discovery:Found 279 installed packages in /opt/ros/humble
[1.810s] Level 1:colcon.colcon_core.package_discovery:discover_packages(prefix_path) using defaults
[1.876s] Level 5:colcon.colcon_core.verb:set package 'fire_platform' build argument 'cmake_args' from command line to 'None'
[1.876s] Level 5:colcon.colcon_core.verb:set package 'fire_platform' build argument 'cmake_target' from command line to 'None'
[1.876s] Level 5:colcon.colcon_core.verb:set package 'fire_platform' build argument 'cmake_target_skip_unavailable' from command line to 'False'
[1.876s] Level 5:colcon.colcon_core.verb:set package 'fire_platform' build argument 'cmake_clean_cache' from command line to 'False'
[1.876s] Level 5:colcon.colcon_core.verb:set package 'fire_platform' build argument 'cmake_clean_first' from command line to 'False'
[1.876s] Level 5:colcon.colcon_core.verb:set package 'fire_platform' build argument 'cmake_force_configure' from command line to 'False'
[1.876s] Level 5:colcon.colcon_core.verb:set package 'fire_platform' build argument 'ament_cmake_args' from command line to 'None'
[1.876s] Level 5:colcon.colcon_core.verb:set package 'fire_platform' build argument 'catkin_cmake_args' from command line to 'None'
[1.876s] Level 5:colcon.colcon_core.verb:set package 'fire_platform' build argument 'catkin_skip_building_tests' from command line to 'False'
[1.876s] DEBUG:colcon.colcon_core.verb:Building package 'fire_platform' with the following arguments: {'ament_cmake_args': None, 'build_base': '/home/willi/battle_ws/build/fire_platform', 'catkin_cmake_args': None, 'catkin_skip_building_tests': False, 'cmake_args': None, 'cmake_clean_cache': False, 'cmake_clean_first': False, 'cmake_force_configure': False, 'cmake_target': None, 'cmake_target_skip_unavailable': False, 'install_base': '/home/willi/battle_ws/install/fire_platform', 'merge_install': False, 'path': '/home/willi/battle_ws/src/fire_platform', 'symlink_install': False, 'test_result_base': None}
[1.877s] INFO:colcon.colcon_core.executor:Executing jobs using 'parallel' executor
[1.878s] DEBUG:colcon.colcon_parallel_executor.executor.parallel:run_until_complete
[1.879s] INFO:colcon.colcon_ros.task.ament_python.build:Building ROS package in '/home/willi/battle_ws/src/fire_platform' with build type 'ament_python'
[1.879s] Level 1:colcon.colcon_core.shell:create_environment_hook('fire_platform', 'ament_prefix_path')
[1.884s] INFO:colcon.colcon_core.plugin_system:Skipping extension 'colcon_core.shell.bat': Not used on non-Windows systems
[1.884s] INFO:colcon.colcon_core.shell:Creating environment hook '/home/willi/battle_ws/install/fire_platform/share/fire_platform/hook/ament_prefix_path.ps1'
[1.886s] INFO:colcon.colcon_core.shell:Creating environment descriptor '/home/willi/battle_ws/install/fire_platform/share/fire_platform/hook/ament_prefix_path.dsv'
[1.887s] INFO:colcon.colcon_core.shell:Creating environment hook '/home/willi/battle_ws/install/fire_platform/share/fire_platform/hook/ament_prefix_path.sh'
[1.888s] INFO:colcon.colcon_core.shell:Skip shell extension 'powershell' for command environment: Not usable outside of PowerShell
[1.888s] DEBUG:colcon.colcon_core.shell:Skip shell extension 'dsv' for command environment
[2.560s] INFO:colcon.colcon_core.task.python.build:Building Python package in '/home/willi/battle_ws/src/fire_platform'
[2.561s] INFO:colcon.colcon_core.shell:Skip shell extension 'powershell' for command environment: Not usable outside of PowerShell
[2.561s] DEBUG:colcon.colcon_core.shell:Skip shell extension 'dsv' for command environment
[3.504s] DEBUG:colcon.colcon_core.event_handler.log_command:Invoking command in '/home/willi/battle_ws/src/fire_platform': PYTHONPATH=/home/willi/battle_ws/build/fire_platform/prefix_override:/usr/lib/python3/dist-packages/colcon_core/task/python/colcon_distutils_commands:/home/willi/battle_ws/install/fire_platform/lib/python3.10/site-packages:${PYTHONPATH} /usr/bin/python3 -W ignore:setup.py install is deprecated -W ignore:easy_install command is deprecated setup.py egg_info --egg-base ../../build/fire_platform build --build-base /home/willi/battle_ws/build/fire_platform/build install --record /home/willi/battle_ws/build/fire_platform/install.log --single-version-externally-managed install_data
[4.441s] DEBUG:colcon.colcon_core.event_handler.log_command:Invoked command in '/home/willi/battle_ws/src/fire_platform' returned '0': PYTHONPATH=/home/willi/battle_ws/build/fire_platform/prefix_override:/usr/lib/python3/dist-packages/colcon_core/task/python/colcon_distutils_commands:/home/willi/battle_ws/install/fire_platform/lib/python3.10/site-packages:${PYTHONPATH} /usr/bin/python3 -W ignore:setup.py install is deprecated -W ignore:easy_install command is deprecated setup.py egg_info --egg-base ../../build/fire_platform build --build-base /home/willi/battle_ws/build/fire_platform/build install --record /home/willi/battle_ws/build/fire_platform/install.log --single-version-externally-managed install_data
[4.444s] Level 1:colcon.colcon_core.environment:checking '/home/willi/battle_ws/install/fire_platform' for CMake module files
[4.445s] Level 1:colcon.colcon_core.environment:checking '/home/willi/battle_ws/install/fire_platform' for CMake config files
[4.446s] Level 1:colcon.colcon_core.environment:checking '/home/willi/battle_ws/install/fire_platform/lib'
[4.446s] Level 1:colcon.colcon_core.environment:checking '/home/willi/battle_ws/install/fire_platform/bin'
[4.446s] Level 1:colcon.colcon_core.environment:checking '/home/willi/battle_ws/install/fire_platform/lib/pkgconfig/fire_platform.pc'
[4.447s] Level 1:colcon.colcon_core.environment:checking '/home/willi/battle_ws/install/fire_platform/lib/python3.10/site-packages'
[4.447s] Level 1:colcon.colcon_core.shell:create_environment_hook('fire_platform', 'pythonpath')
[4.447s] INFO:colcon.colcon_core.shell:Creating environment hook '/home/willi/battle_ws/install/fire_platform/share/fire_platform/hook/pythonpath.ps1'
[4.448s] INFO:colcon.colcon_core.shell:Creating environment descriptor '/home/willi/battle_ws/install/fire_platform/share/fire_platform/hook/pythonpath.dsv'
[4.448s] INFO:colcon.colcon_core.shell:Creating environment hook '/home/willi/battle_ws/install/fire_platform/share/fire_platform/hook/pythonpath.sh'
[4.449s] Level 1:colcon.colcon_core.environment:checking '/home/willi/battle_ws/install/fire_platform/bin'
[4.449s] Level 1:colcon.colcon_core.environment:create_environment_scripts_only(fire_platform)
[4.450s] INFO:colcon.colcon_core.shell:Creating package script '/home/willi/battle_ws/install/fire_platform/share/fire_platform/package.ps1'
[4.451s] INFO:colcon.colcon_core.shell:Creating package descriptor '/home/willi/battle_ws/install/fire_platform/share/fire_platform/package.dsv'
[4.452s] INFO:colcon.colcon_core.shell:Creating package script '/home/willi/battle_ws/install/fire_platform/share/fire_platform/package.sh'
[4.453s] INFO:colcon.colcon_core.shell:Creating package script '/home/willi/battle_ws/install/fire_platform/share/fire_platform/package.bash'
[4.454s] INFO:colcon.colcon_core.shell:Creating package script '/home/willi/battle_ws/install/fire_platform/share/fire_platform/package.zsh'
[4.455s] Level 1:colcon.colcon_core.environment:create_file_with_runtime_dependencies(/home/willi/battle_ws/install/fire_platform/share/colcon-core/packages/fire_platform)
[4.455s] DEBUG:colcon.colcon_parallel_executor.executor.parallel:closing loop
[4.456s] DEBUG:colcon.colcon_parallel_executor.executor.parallel:loop closed
[4.456s] DEBUG:colcon.colcon_parallel_executor.executor.parallel:run_until_complete finished with '0'
[4.457s] DEBUG:colcon.colcon_core.event_reactor:joining thread
[4.467s] INFO:colcon.colcon_core.plugin_system:Skipping extension 'colcon_notification.desktop_notification.terminal_notifier': Not used on non-Darwin systems
[4.467s] INFO:colcon.colcon_core.plugin_system:Skipping extension 'colcon_notification.desktop_notification.win32': Not used on non-Windows systems
[4.467s] INFO:colcon.colcon_notification.desktop_notification:Sending desktop notification using 'notify2'
[4.498s] DEBUG:colcon.colcon_core.event_reactor:joined thread
[4.499s] INFO:colcon.colcon_core.shell:Creating prefix script '/home/willi/battle_ws/install/local_setup.ps1'
[4.502s] INFO:colcon.colcon_core.shell:Creating prefix util module '/home/willi/battle_ws/install/_local_setup_util_ps1.py'
[4.505s] INFO:colcon.colcon_core.shell:Creating prefix chain script '/home/willi/battle_ws/install/setup.ps1'
[4.506s] INFO:colcon.colcon_core.shell:Creating prefix script '/home/willi/battle_ws/install/local_setup.sh'
[4.507s] INFO:colcon.colcon_core.shell:Creating prefix util module '/home/willi/battle_ws/install/_local_setup_util_sh.py'
[4.509s] INFO:colcon.colcon_core.shell:Creating prefix chain script '/home/willi/battle_ws/install/setup.sh'
[4.511s] INFO:colcon.colcon_core.shell:Creating prefix script '/home/willi/battle_ws/install/local_setup.bash'
[4.512s] INFO:colcon.colcon_core.shell:Creating prefix chain script '/home/willi/battle_ws/install/setup.bash'
[4.513s] INFO:colcon.colcon_core.shell:Creating prefix script '/home/willi/battle_ws/install/local_setup.zsh'
[4.515s] INFO:colcon.colcon_core.shell:Creating prefix chain script '/home/willi/battle_ws/install/setup.zsh'
