[0.150s] DEBUG:colcon:Command line arguments: ['/usr/bin/colcon', 'build', '--packages-select', 'battle_interfaces', 'fire_platform_description', 'fire_platform', 'fire_platform_3']
[0.150s] DEBUG:colcon:Parsed command line arguments: Namespace(log_base=None, log_level=None, verb_name='build', build_base='build', install_base='install', merge_install=False, symlink_install=False, test_result_base=None, continue_on_error=False, executor='parallel', parallel_workers=4, event_handlers=None, ignore_user_meta=False, metas=['./colcon.meta'], base_paths=['.'], packages_ignore=None, packages_ignore_regex=None, paths=None, packages_up_to=None, packages_up_to_regex=None, packages_above=None, packages_above_and_dependencies=None, packages_above_depth=None, packages_select_by_dep=None, packages_skip_by_dep=None, packages_skip_up_to=None, packages_select_build_failed=False, packages_skip_build_finished=False, packages_select_test_failures=False, packages_skip_test_passed=False, packages_select=['battle_interfaces', 'fire_platform_description', 'fire_platform', 'fire_platform_3'], packages_skip=None, packages_select_regex=None, packages_skip_regex=None, packages_start=None, packages_end=None, allow_overriding=[], cmake_args=None, cmake_target=None, cmake_target_skip_unavailable=False, cmake_clean_cache=False, cmake_clean_first=False, cmake_force_configure=False, ament_cmake_args=None, catkin_cmake_args=None, catkin_skip_building_tests=False, verb_parser=<colcon_defaults.argument_parser.defaults.DefaultArgumentsDecorator object at 0x7b9671f59d50>, verb_extension=<colcon_core.verb.build.BuildVerb object at 0x7b9671f59840>, main=<bound method BuildVerb.main of <colcon_core.verb.build.BuildVerb object at 0x7b9671f59840>>)
[0.517s] Level 1:colcon.colcon_core.package_discovery:discover_packages(colcon_meta) check parameters
[0.518s] Level 1:colcon.colcon_core.package_discovery:discover_packages(recursive) check parameters
[0.518s] Level 1:colcon.colcon_core.package_discovery:discover_packages(ignore) check parameters
[0.518s] Level 1:colcon.colcon_core.package_discovery:discover_packages(path) check parameters
[0.518s] Level 1:colcon.colcon_core.package_discovery:discover_packages(colcon_meta) discover
[0.518s] Level 1:colcon.colcon_core.package_discovery:discover_packages(recursive) discover
[0.518s] INFO:colcon.colcon_core.package_discovery:Crawling recursively for packages in '/home/willi/battle_ws'
[0.518s] Level 1:colcon.colcon_core.package_identification:_identify(.) by extensions ['ignore', 'ignore_ament_install']
[0.518s] Level 1:colcon.colcon_core.package_identification:_identify(.) by extension 'ignore'
[0.518s] Level 1:colcon.colcon_core.package_identification:_identify(.) by extension 'ignore_ament_install'
[0.519s] Level 1:colcon.colcon_core.package_identification:_identify(.) by extensions ['colcon_pkg']
[0.519s] Level 1:colcon.colcon_core.package_identification:_identify(.) by extension 'colcon_pkg'
[0.519s] Level 1:colcon.colcon_core.package_identification:_identify(.) by extensions ['colcon_meta']
[0.519s] Level 1:colcon.colcon_core.package_identification:_identify(.) by extension 'colcon_meta'
[0.519s] Level 1:colcon.colcon_core.package_identification:_identify(.) by extensions ['ros']
[0.519s] Level 1:colcon.colcon_core.package_identification:_identify(.) by extension 'ros'
[0.540s] Level 1:colcon.colcon_core.package_identification:_identify(.) by extensions ['cmake', 'python']
[0.540s] Level 1:colcon.colcon_core.package_identification:_identify(.) by extension 'cmake'
[0.540s] Level 1:colcon.colcon_core.package_identification:_identify(.) by extension 'python'
[0.540s] Level 1:colcon.colcon_core.package_identification:_identify(.) by extensions ['python_setup_py']
[0.540s] Level 1:colcon.colcon_core.package_identification:_identify(.) by extension 'python_setup_py'
[0.540s] Level 1:colcon.colcon_core.package_identification:_identify(build) by extensions ['ignore', 'ignore_ament_install']
[0.541s] Level 1:colcon.colcon_core.package_identification:_identify(build) by extension 'ignore'
[0.541s] Level 1:colcon.colcon_core.package_identification:_identify(build) ignored
[0.541s] Level 1:colcon.colcon_core.package_identification:_identify(docs) by extensions ['ignore', 'ignore_ament_install']
[0.541s] Level 1:colcon.colcon_core.package_identification:_identify(docs) by extension 'ignore'
[0.541s] Level 1:colcon.colcon_core.package_identification:_identify(docs) by extension 'ignore_ament_install'
[0.541s] Level 1:colcon.colcon_core.package_identification:_identify(docs) by extensions ['colcon_pkg']
[0.541s] Level 1:colcon.colcon_core.package_identification:_identify(docs) by extension 'colcon_pkg'
[0.541s] Level 1:colcon.colcon_core.package_identification:_identify(docs) by extensions ['colcon_meta']
[0.541s] Level 1:colcon.colcon_core.package_identification:_identify(docs) by extension 'colcon_meta'
[0.541s] Level 1:colcon.colcon_core.package_identification:_identify(docs) by extensions ['ros']
[0.541s] Level 1:colcon.colcon_core.package_identification:_identify(docs) by extension 'ros'
[0.541s] Level 1:colcon.colcon_core.package_identification:_identify(docs) by extensions ['cmake', 'python']
[0.541s] Level 1:colcon.colcon_core.package_identification:_identify(docs) by extension 'cmake'
[0.542s] Level 1:colcon.colcon_core.package_identification:_identify(docs) by extension 'python'
[0.542s] Level 1:colcon.colcon_core.package_identification:_identify(docs) by extensions ['python_setup_py']
[0.542s] Level 1:colcon.colcon_core.package_identification:_identify(docs) by extension 'python_setup_py'
[0.542s] Level 1:colcon.colcon_core.package_identification:_identify(install) by extensions ['ignore', 'ignore_ament_install']
[0.542s] Level 1:colcon.colcon_core.package_identification:_identify(install) by extension 'ignore'
[0.542s] Level 1:colcon.colcon_core.package_identification:_identify(install) ignored
[0.542s] Level 1:colcon.colcon_core.package_identification:_identify(log) by extensions ['ignore', 'ignore_ament_install']
[0.542s] Level 1:colcon.colcon_core.package_identification:_identify(log) by extension 'ignore'
[0.542s] Level 1:colcon.colcon_core.package_identification:_identify(log) ignored
[0.542s] Level 1:colcon.colcon_core.package_identification:_identify(src) by extensions ['ignore', 'ignore_ament_install']
[0.542s] Level 1:colcon.colcon_core.package_identification:_identify(src) by extension 'ignore'
[0.542s] Level 1:colcon.colcon_core.package_identification:_identify(src) by extension 'ignore_ament_install'
[0.543s] Level 1:colcon.colcon_core.package_identification:_identify(src) by extensions ['colcon_pkg']
[0.543s] Level 1:colcon.colcon_core.package_identification:_identify(src) by extension 'colcon_pkg'
[0.543s] Level 1:colcon.colcon_core.package_identification:_identify(src) by extensions ['colcon_meta']
[0.543s] Level 1:colcon.colcon_core.package_identification:_identify(src) by extension 'colcon_meta'
[0.543s] Level 1:colcon.colcon_core.package_identification:_identify(src) by extensions ['ros']
[0.543s] Level 1:colcon.colcon_core.package_identification:_identify(src) by extension 'ros'
[0.543s] Level 1:colcon.colcon_core.package_identification:_identify(src) by extensions ['cmake', 'python']
[0.543s] Level 1:colcon.colcon_core.package_identification:_identify(src) by extension 'cmake'
[0.543s] Level 1:colcon.colcon_core.package_identification:_identify(src) by extension 'python'
[0.543s] Level 1:colcon.colcon_core.package_identification:_identify(src) by extensions ['python_setup_py']
[0.543s] Level 1:colcon.colcon_core.package_identification:_identify(src) by extension 'python_setup_py'
[0.543s] Level 1:colcon.colcon_core.package_identification:_identify(src/battle_interfaces) by extensions ['ignore', 'ignore_ament_install']
[0.543s] Level 1:colcon.colcon_core.package_identification:_identify(src/battle_interfaces) by extension 'ignore'
[0.543s] Level 1:colcon.colcon_core.package_identification:_identify(src/battle_interfaces) by extension 'ignore_ament_install'
[0.544s] Level 1:colcon.colcon_core.package_identification:_identify(src/battle_interfaces) by extensions ['colcon_pkg']
[0.544s] Level 1:colcon.colcon_core.package_identification:_identify(src/battle_interfaces) by extension 'colcon_pkg'
[0.544s] Level 1:colcon.colcon_core.package_identification:_identify(src/battle_interfaces) by extensions ['colcon_meta']
[0.544s] Level 1:colcon.colcon_core.package_identification:_identify(src/battle_interfaces) by extension 'colcon_meta'
[0.544s] Level 1:colcon.colcon_core.package_identification:_identify(src/battle_interfaces) by extensions ['ros']
[0.544s] Level 1:colcon.colcon_core.package_identification:_identify(src/battle_interfaces) by extension 'ros'
[0.547s] DEBUG:colcon.colcon_core.package_identification:Package 'src/battle_interfaces' with type 'ros.ament_cmake' and name 'battle_interfaces'
[0.547s] Level 1:colcon.colcon_core.package_identification:_identify(src/central_hub) by extensions ['ignore', 'ignore_ament_install']
[0.548s] Level 1:colcon.colcon_core.package_identification:_identify(src/central_hub) by extension 'ignore'
[0.548s] Level 1:colcon.colcon_core.package_identification:_identify(src/central_hub) by extension 'ignore_ament_install'
[0.548s] Level 1:colcon.colcon_core.package_identification:_identify(src/central_hub) by extensions ['colcon_pkg']
[0.548s] Level 1:colcon.colcon_core.package_identification:_identify(src/central_hub) by extension 'colcon_pkg'
[0.548s] Level 1:colcon.colcon_core.package_identification:_identify(src/central_hub) by extensions ['colcon_meta']
[0.548s] Level 1:colcon.colcon_core.package_identification:_identify(src/central_hub) by extension 'colcon_meta'
[0.548s] Level 1:colcon.colcon_core.package_identification:_identify(src/central_hub) by extensions ['ros']
[0.548s] Level 1:colcon.colcon_core.package_identification:_identify(src/central_hub) by extension 'ros'
[0.549s] DEBUG:colcon.colcon_core.package_identification:Package 'src/central_hub' with type 'ros.ament_python' and name 'central_hub'
[0.549s] Level 1:colcon.colcon_core.package_identification:_identify(src/combat_platform) by extensions ['ignore', 'ignore_ament_install']
[0.549s] Level 1:colcon.colcon_core.package_identification:_identify(src/combat_platform) by extension 'ignore'
[0.549s] Level 1:colcon.colcon_core.package_identification:_identify(src/combat_platform) by extension 'ignore_ament_install'
[0.549s] Level 1:colcon.colcon_core.package_identification:_identify(src/combat_platform) by extensions ['colcon_pkg']
[0.549s] Level 1:colcon.colcon_core.package_identification:_identify(src/combat_platform) by extension 'colcon_pkg'
[0.549s] Level 1:colcon.colcon_core.package_identification:_identify(src/combat_platform) by extensions ['colcon_meta']
[0.549s] Level 1:colcon.colcon_core.package_identification:_identify(src/combat_platform) by extension 'colcon_meta'
[0.550s] Level 1:colcon.colcon_core.package_identification:_identify(src/combat_platform) by extensions ['ros']
[0.550s] Level 1:colcon.colcon_core.package_identification:_identify(src/combat_platform) by extension 'ros'
[0.550s] DEBUG:colcon.colcon_core.package_identification:Package 'src/combat_platform' with type 'ros.ament_python' and name 'combat_platform'
[0.551s] Level 1:colcon.colcon_core.package_identification:_identify(src/command_center) by extensions ['ignore', 'ignore_ament_install']
[0.551s] Level 1:colcon.colcon_core.package_identification:_identify(src/command_center) by extension 'ignore'
[0.551s] Level 1:colcon.colcon_core.package_identification:_identify(src/command_center) by extension 'ignore_ament_install'
[0.551s] Level 1:colcon.colcon_core.package_identification:_identify(src/command_center) by extensions ['colcon_pkg']
[0.551s] Level 1:colcon.colcon_core.package_identification:_identify(src/command_center) by extension 'colcon_pkg'
[0.551s] Level 1:colcon.colcon_core.package_identification:_identify(src/command_center) by extensions ['colcon_meta']
[0.551s] Level 1:colcon.colcon_core.package_identification:_identify(src/command_center) by extension 'colcon_meta'
[0.551s] Level 1:colcon.colcon_core.package_identification:_identify(src/command_center) by extensions ['ros']
[0.551s] Level 1:colcon.colcon_core.package_identification:_identify(src/command_center) by extension 'ros'
[0.552s] DEBUG:colcon.colcon_core.package_identification:Package 'src/command_center' with type 'ros.ament_python' and name 'command_center'
[0.552s] Level 1:colcon.colcon_core.package_identification:_identify(src/common_msgs) by extensions ['ignore', 'ignore_ament_install']
[0.553s] Level 1:colcon.colcon_core.package_identification:_identify(src/common_msgs) by extension 'ignore'
[0.553s] Level 1:colcon.colcon_core.package_identification:_identify(src/common_msgs) by extension 'ignore_ament_install'
[0.553s] Level 1:colcon.colcon_core.package_identification:_identify(src/common_msgs) by extensions ['colcon_pkg']
[0.553s] Level 1:colcon.colcon_core.package_identification:_identify(src/common_msgs) by extension 'colcon_pkg'
[0.553s] Level 1:colcon.colcon_core.package_identification:_identify(src/common_msgs) by extensions ['colcon_meta']
[0.553s] Level 1:colcon.colcon_core.package_identification:_identify(src/common_msgs) by extension 'colcon_meta'
[0.553s] Level 1:colcon.colcon_core.package_identification:_identify(src/common_msgs) by extensions ['ros']
[0.553s] Level 1:colcon.colcon_core.package_identification:_identify(src/common_msgs) by extension 'ros'
[0.554s] DEBUG:colcon.colcon_core.package_identification:Package 'src/common_msgs' with type 'ros.catkin' and name 'common_msgs'
[0.554s] Level 1:colcon.colcon_core.package_identification:_identify(src/fire_platform) by extensions ['ignore', 'ignore_ament_install']
[0.554s] Level 1:colcon.colcon_core.package_identification:_identify(src/fire_platform) by extension 'ignore'
[0.554s] Level 1:colcon.colcon_core.package_identification:_identify(src/fire_platform) by extension 'ignore_ament_install'
[0.554s] Level 1:colcon.colcon_core.package_identification:_identify(src/fire_platform) by extensions ['colcon_pkg']
[0.554s] Level 1:colcon.colcon_core.package_identification:_identify(src/fire_platform) by extension 'colcon_pkg'
[0.554s] Level 1:colcon.colcon_core.package_identification:_identify(src/fire_platform) by extensions ['colcon_meta']
[0.554s] Level 1:colcon.colcon_core.package_identification:_identify(src/fire_platform) by extension 'colcon_meta'
[0.554s] Level 1:colcon.colcon_core.package_identification:_identify(src/fire_platform) by extensions ['ros']
[0.554s] Level 1:colcon.colcon_core.package_identification:_identify(src/fire_platform) by extension 'ros'
[0.556s] DEBUG:colcon.colcon_core.package_identification:Package 'src/fire_platform' with type 'ros.ament_python' and name 'fire_platform'
[0.556s] Level 1:colcon.colcon_core.package_identification:_identify(src/fire_platform_3) by extensions ['ignore', 'ignore_ament_install']
[0.556s] Level 1:colcon.colcon_core.package_identification:_identify(src/fire_platform_3) by extension 'ignore'
[0.556s] Level 1:colcon.colcon_core.package_identification:_identify(src/fire_platform_3) by extension 'ignore_ament_install'
[0.556s] Level 1:colcon.colcon_core.package_identification:_identify(src/fire_platform_3) by extensions ['colcon_pkg']
[0.556s] Level 1:colcon.colcon_core.package_identification:_identify(src/fire_platform_3) by extension 'colcon_pkg'
[0.556s] Level 1:colcon.colcon_core.package_identification:_identify(src/fire_platform_3) by extensions ['colcon_meta']
[0.556s] Level 1:colcon.colcon_core.package_identification:_identify(src/fire_platform_3) by extension 'colcon_meta'
[0.556s] Level 1:colcon.colcon_core.package_identification:_identify(src/fire_platform_3) by extensions ['ros']
[0.556s] Level 1:colcon.colcon_core.package_identification:_identify(src/fire_platform_3) by extension 'ros'
[0.557s] DEBUG:colcon.colcon_core.package_identification:Package 'src/fire_platform_3' with type 'ros.ament_python' and name 'fire_platform_3'
[0.557s] Level 1:colcon.colcon_core.package_identification:_identify(src/fire_platform_description) by extensions ['ignore', 'ignore_ament_install']
[0.557s] Level 1:colcon.colcon_core.package_identification:_identify(src/fire_platform_description) by extension 'ignore'
[0.557s] Level 1:colcon.colcon_core.package_identification:_identify(src/fire_platform_description) by extension 'ignore_ament_install'
[0.558s] Level 1:colcon.colcon_core.package_identification:_identify(src/fire_platform_description) by extensions ['colcon_pkg']
[0.558s] Level 1:colcon.colcon_core.package_identification:_identify(src/fire_platform_description) by extension 'colcon_pkg'
[0.558s] Level 1:colcon.colcon_core.package_identification:_identify(src/fire_platform_description) by extensions ['colcon_meta']
[0.558s] Level 1:colcon.colcon_core.package_identification:_identify(src/fire_platform_description) by extension 'colcon_meta'
[0.558s] Level 1:colcon.colcon_core.package_identification:_identify(src/fire_platform_description) by extensions ['ros']
[0.558s] Level 1:colcon.colcon_core.package_identification:_identify(src/fire_platform_description) by extension 'ros'
[0.559s] DEBUG:colcon.colcon_core.package_identification:Package 'src/fire_platform_description' with type 'ros.ament_python' and name 'fire_platform_description'
[0.559s] Level 1:colcon.colcon_core.package_identification:_identify(src/fire_tracker) by extensions ['ignore', 'ignore_ament_install']
[0.559s] Level 1:colcon.colcon_core.package_identification:_identify(src/fire_tracker) by extension 'ignore'
[0.559s] Level 1:colcon.colcon_core.package_identification:_identify(src/fire_tracker) by extension 'ignore_ament_install'
[0.559s] Level 1:colcon.colcon_core.package_identification:_identify(src/fire_tracker) by extensions ['colcon_pkg']
[0.559s] Level 1:colcon.colcon_core.package_identification:_identify(src/fire_tracker) by extension 'colcon_pkg'
[0.559s] Level 1:colcon.colcon_core.package_identification:_identify(src/fire_tracker) by extensions ['colcon_meta']
[0.559s] Level 1:colcon.colcon_core.package_identification:_identify(src/fire_tracker) by extension 'colcon_meta'
[0.559s] Level 1:colcon.colcon_core.package_identification:_identify(src/fire_tracker) by extensions ['ros']
[0.559s] Level 1:colcon.colcon_core.package_identification:_identify(src/fire_tracker) by extension 'ros'
[0.560s] DEBUG:colcon.colcon_core.package_identification:Package 'src/fire_tracker' with type 'ros.ament_python' and name 'fire_tracker'
[0.560s] Level 1:colcon.colcon_core.package_identification:_identify(src/operator_interface) by extensions ['ignore', 'ignore_ament_install']
[0.560s] Level 1:colcon.colcon_core.package_identification:_identify(src/operator_interface) by extension 'ignore'
[0.560s] Level 1:colcon.colcon_core.package_identification:_identify(src/operator_interface) by extension 'ignore_ament_install'
[0.560s] Level 1:colcon.colcon_core.package_identification:_identify(src/operator_interface) by extensions ['colcon_pkg']
[0.560s] Level 1:colcon.colcon_core.package_identification:_identify(src/operator_interface) by extension 'colcon_pkg'
[0.560s] Level 1:colcon.colcon_core.package_identification:_identify(src/operator_interface) by extensions ['colcon_meta']
[0.561s] Level 1:colcon.colcon_core.package_identification:_identify(src/operator_interface) by extension 'colcon_meta'
[0.561s] Level 1:colcon.colcon_core.package_identification:_identify(src/operator_interface) by extensions ['ros']
[0.561s] Level 1:colcon.colcon_core.package_identification:_identify(src/operator_interface) by extension 'ros'
[0.561s] DEBUG:colcon.colcon_core.package_identification:Failed to parse potential ROS package manifest in'src/operator_interface': Error(s) in package 'src/operator_interface/package.xml':
The manifest contains invalid XML:
junk after document element: line 19, column 0
[0.561s] Level 1:colcon.colcon_core.package_identification:_identify(src/operator_interface) by extensions ['cmake', 'python']
[0.561s] Level 1:colcon.colcon_core.package_identification:_identify(src/operator_interface) by extension 'cmake'
[0.562s] Level 1:colcon.colcon_core.package_identification:_identify(src/operator_interface) by extension 'python'
[0.562s] DEBUG:colcon.colcon_core.package_identification:Python package in 'src/operator_interface' passes arguments to the setup() function which requires a different identification extension than 'python'
[0.562s] Level 1:colcon.colcon_core.package_identification:_identify(src/operator_interface) by extensions ['python_setup_py']
[0.562s] Level 1:colcon.colcon_core.package_identification:_identify(src/operator_interface) by extension 'python_setup_py'
[1.122s] DEBUG:colcon.colcon_core.package_identification:Package 'src/operator_interface' with type 'python' and name 'operator_interface'
[1.122s] Level 1:colcon.colcon_core.package_identification:_identify(src/positioning) by extensions ['ignore', 'ignore_ament_install']
[1.123s] Level 1:colcon.colcon_core.package_identification:_identify(src/positioning) by extension 'ignore'
[1.123s] Level 1:colcon.colcon_core.package_identification:_identify(src/positioning) by extension 'ignore_ament_install'
[1.123s] Level 1:colcon.colcon_core.package_identification:_identify(src/positioning) by extensions ['colcon_pkg']
[1.123s] Level 1:colcon.colcon_core.package_identification:_identify(src/positioning) by extension 'colcon_pkg'
[1.123s] Level 1:colcon.colcon_core.package_identification:_identify(src/positioning) by extensions ['colcon_meta']
[1.123s] Level 1:colcon.colcon_core.package_identification:_identify(src/positioning) by extension 'colcon_meta'
[1.123s] Level 1:colcon.colcon_core.package_identification:_identify(src/positioning) by extensions ['ros']
[1.123s] Level 1:colcon.colcon_core.package_identification:_identify(src/positioning) by extension 'ros'
[1.124s] DEBUG:colcon.colcon_core.package_identification:Package 'src/positioning' with type 'ros.ament_python' and name 'positioning'
[1.124s] Level 1:colcon.colcon_core.package_identification:_identify(src/scan_platform_deprecated) by extensions ['ignore', 'ignore_ament_install']
[1.124s] Level 1:colcon.colcon_core.package_identification:_identify(src/scan_platform_deprecated) by extension 'ignore'
[1.124s] Level 1:colcon.colcon_core.package_identification:_identify(src/scan_platform_deprecated) by extension 'ignore_ament_install'
[1.124s] Level 1:colcon.colcon_core.package_identification:_identify(src/scan_platform_deprecated) by extensions ['colcon_pkg']
[1.124s] Level 1:colcon.colcon_core.package_identification:_identify(src/scan_platform_deprecated) by extension 'colcon_pkg'
[1.124s] Level 1:colcon.colcon_core.package_identification:_identify(src/scan_platform_deprecated) by extensions ['colcon_meta']
[1.124s] Level 1:colcon.colcon_core.package_identification:_identify(src/scan_platform_deprecated) by extension 'colcon_meta'
[1.125s] Level 1:colcon.colcon_core.package_identification:_identify(src/scan_platform_deprecated) by extensions ['ros']
[1.125s] Level 1:colcon.colcon_core.package_identification:_identify(src/scan_platform_deprecated) by extension 'ros'
[1.126s] DEBUG:colcon.colcon_core.package_identification:Package 'src/scan_platform_deprecated' with type 'ros.ament_python' and name 'scan_platform'
[1.126s] Level 1:colcon.colcon_core.package_identification:_identify(src/scanner_platform) by extensions ['ignore', 'ignore_ament_install']
[1.126s] Level 1:colcon.colcon_core.package_identification:_identify(src/scanner_platform) by extension 'ignore'
[1.126s] Level 1:colcon.colcon_core.package_identification:_identify(src/scanner_platform) by extension 'ignore_ament_install'
[1.126s] Level 1:colcon.colcon_core.package_identification:_identify(src/scanner_platform) by extensions ['colcon_pkg']
[1.126s] Level 1:colcon.colcon_core.package_identification:_identify(src/scanner_platform) by extension 'colcon_pkg'
[1.126s] Level 1:colcon.colcon_core.package_identification:_identify(src/scanner_platform) by extensions ['colcon_meta']
[1.126s] Level 1:colcon.colcon_core.package_identification:_identify(src/scanner_platform) by extension 'colcon_meta'
[1.126s] Level 1:colcon.colcon_core.package_identification:_identify(src/scanner_platform) by extensions ['ros']
[1.126s] Level 1:colcon.colcon_core.package_identification:_identify(src/scanner_platform) by extension 'ros'
[1.127s] DEBUG:colcon.colcon_core.package_identification:Failed to parse potential ROS package manifest in'src/scanner_platform': Error(s) in package 'src/scanner_platform/package.xml':
The manifest contains invalid XML:
no element found: line 27, column 0
[1.127s] Level 1:colcon.colcon_core.package_identification:_identify(src/scanner_platform) by extensions ['cmake', 'python']
[1.127s] Level 1:colcon.colcon_core.package_identification:_identify(src/scanner_platform) by extension 'cmake'
[1.127s] Level 1:colcon.colcon_core.package_identification:_identify(src/scanner_platform) by extension 'python'
[1.127s] DEBUG:colcon.colcon_core.package_identification:Python package in 'src/scanner_platform' passes arguments to the setup() function which requires a different identification extension than 'python'
[1.128s] Level 1:colcon.colcon_core.package_identification:_identify(src/scanner_platform) by extensions ['python_setup_py']
[1.128s] Level 1:colcon.colcon_core.package_identification:_identify(src/scanner_platform) by extension 'python_setup_py'
[1.804s] DEBUG:colcon.colcon_core.package_identification:Package 'src/scanner_platform' with type 'python' and name 'scanner_platform'
[1.804s] Level 1:colcon.colcon_core.package_discovery:discover_packages(recursive) using defaults
[1.805s] Level 1:colcon.colcon_core.package_discovery:discover_packages(ignore) discover
[1.805s] Level 1:colcon.colcon_core.package_discovery:discover_packages(ignore) using defaults
[1.805s] Level 1:colcon.colcon_core.package_discovery:discover_packages(path) discover
[1.805s] Level 1:colcon.colcon_core.package_discovery:discover_packages(path) using defaults
[1.847s] INFO:colcon.colcon_core.package_selection:Skipping not selected package 'common_msgs' in 'src/common_msgs'
[1.847s] INFO:colcon.colcon_core.package_selection:Skipping not selected package 'operator_interface' in 'src/operator_interface'
[1.847s] INFO:colcon.colcon_core.package_selection:Skipping not selected package 'positioning' in 'src/positioning'
[1.847s] INFO:colcon.colcon_core.package_selection:Skipping not selected package 'scanner_platform' in 'src/scanner_platform'
[1.847s] INFO:colcon.colcon_core.package_selection:Skipping not selected package 'central_hub' in 'src/central_hub'
[1.847s] INFO:colcon.colcon_core.package_selection:Skipping not selected package 'combat_platform' in 'src/combat_platform'
[1.848s] INFO:colcon.colcon_core.package_selection:Skipping not selected package 'command_center' in 'src/command_center'
[1.848s] INFO:colcon.colcon_core.package_selection:Skipping not selected package 'fire_tracker' in 'src/fire_tracker'
[1.848s] INFO:colcon.colcon_core.package_selection:Skipping not selected package 'scan_platform' in 'src/scan_platform_deprecated'
[1.848s] Level 1:colcon.colcon_core.package_discovery:discover_packages(prefix_path) check parameters
[1.848s] Level 1:colcon.colcon_core.package_discovery:discover_packages(prefix_path) discover
[1.850s] WARNING:colcon.colcon_ros.prefix_path.ament:The path '/home/willi/battle_ws/install/fire_platform_3' in the environment variable AMENT_PREFIX_PATH doesn't exist
[1.850s] WARNING:colcon.colcon_ros.prefix_path.ament:The path '/home/willi/battle_ws/install/fire_platform' in the environment variable AMENT_PREFIX_PATH doesn't exist
[1.850s] WARNING:colcon.colcon_ros.prefix_path.ament:The path '/home/willi/battle_ws/install/fire_platform_description' in the environment variable AMENT_PREFIX_PATH doesn't exist
[1.850s] WARNING:colcon.colcon_ros.prefix_path.ament:The path '/home/willi/battle_ws/install/battle_interfaces' in the environment variable AMENT_PREFIX_PATH doesn't exist
[1.850s] WARNING:colcon.colcon_ros.prefix_path.catkin:The path '/home/willi/battle_ws/install/battle_interfaces' in the environment variable CMAKE_PREFIX_PATH doesn't exist
[1.852s] DEBUG:colcon.colcon_installed_package_information.package_discovery:Found 0 installed packages in /home/willi/battle_ws/install
[1.854s] DEBUG:colcon.colcon_installed_package_information.package_discovery:Found 279 installed packages in /opt/ros/humble
[1.857s] Level 1:colcon.colcon_core.package_discovery:discover_packages(prefix_path) using defaults
[1.923s] Level 5:colcon.colcon_core.verb:set package 'battle_interfaces' build argument 'cmake_args' from command line to 'None'
[1.923s] Level 5:colcon.colcon_core.verb:set package 'battle_interfaces' build argument 'cmake_target' from command line to 'None'
[1.923s] Level 5:colcon.colcon_core.verb:set package 'battle_interfaces' build argument 'cmake_target_skip_unavailable' from command line to 'False'
[1.923s] Level 5:colcon.colcon_core.verb:set package 'battle_interfaces' build argument 'cmake_clean_cache' from command line to 'False'
[1.923s] Level 5:colcon.colcon_core.verb:set package 'battle_interfaces' build argument 'cmake_clean_first' from command line to 'False'
[1.923s] Level 5:colcon.colcon_core.verb:set package 'battle_interfaces' build argument 'cmake_force_configure' from command line to 'False'
[1.923s] Level 5:colcon.colcon_core.verb:set package 'battle_interfaces' build argument 'ament_cmake_args' from command line to 'None'
[1.923s] Level 5:colcon.colcon_core.verb:set package 'battle_interfaces' build argument 'catkin_cmake_args' from command line to 'None'
[1.923s] Level 5:colcon.colcon_core.verb:set package 'battle_interfaces' build argument 'catkin_skip_building_tests' from command line to 'False'
[1.923s] DEBUG:colcon.colcon_core.verb:Building package 'battle_interfaces' with the following arguments: {'ament_cmake_args': None, 'build_base': '/home/willi/battle_ws/build/battle_interfaces', 'catkin_cmake_args': None, 'catkin_skip_building_tests': False, 'cmake_args': None, 'cmake_clean_cache': False, 'cmake_clean_first': False, 'cmake_force_configure': False, 'cmake_target': None, 'cmake_target_skip_unavailable': False, 'install_base': '/home/willi/battle_ws/install/battle_interfaces', 'merge_install': False, 'path': '/home/willi/battle_ws/src/battle_interfaces', 'symlink_install': False, 'test_result_base': None}
[1.924s] Level 5:colcon.colcon_core.verb:set package 'fire_platform_description' build argument 'cmake_args' from command line to 'None'
[1.924s] Level 5:colcon.colcon_core.verb:set package 'fire_platform_description' build argument 'cmake_target' from command line to 'None'
[1.924s] Level 5:colcon.colcon_core.verb:set package 'fire_platform_description' build argument 'cmake_target_skip_unavailable' from command line to 'False'
[1.924s] Level 5:colcon.colcon_core.verb:set package 'fire_platform_description' build argument 'cmake_clean_cache' from command line to 'False'
[1.924s] Level 5:colcon.colcon_core.verb:set package 'fire_platform_description' build argument 'cmake_clean_first' from command line to 'False'
[1.924s] Level 5:colcon.colcon_core.verb:set package 'fire_platform_description' build argument 'cmake_force_configure' from command line to 'False'
[1.924s] Level 5:colcon.colcon_core.verb:set package 'fire_platform_description' build argument 'ament_cmake_args' from command line to 'None'
[1.924s] Level 5:colcon.colcon_core.verb:set package 'fire_platform_description' build argument 'catkin_cmake_args' from command line to 'None'
[1.924s] Level 5:colcon.colcon_core.verb:set package 'fire_platform_description' build argument 'catkin_skip_building_tests' from command line to 'False'
[1.924s] DEBUG:colcon.colcon_core.verb:Building package 'fire_platform_description' with the following arguments: {'ament_cmake_args': None, 'build_base': '/home/willi/battle_ws/build/fire_platform_description', 'catkin_cmake_args': None, 'catkin_skip_building_tests': False, 'cmake_args': None, 'cmake_clean_cache': False, 'cmake_clean_first': False, 'cmake_force_configure': False, 'cmake_target': None, 'cmake_target_skip_unavailable': False, 'install_base': '/home/willi/battle_ws/install/fire_platform_description', 'merge_install': False, 'path': '/home/willi/battle_ws/src/fire_platform_description', 'symlink_install': False, 'test_result_base': None}
[1.925s] Level 5:colcon.colcon_core.verb:set package 'fire_platform' build argument 'cmake_args' from command line to 'None'
[1.925s] Level 5:colcon.colcon_core.verb:set package 'fire_platform' build argument 'cmake_target' from command line to 'None'
[1.925s] Level 5:colcon.colcon_core.verb:set package 'fire_platform' build argument 'cmake_target_skip_unavailable' from command line to 'False'
[1.925s] Level 5:colcon.colcon_core.verb:set package 'fire_platform' build argument 'cmake_clean_cache' from command line to 'False'
[1.925s] Level 5:colcon.colcon_core.verb:set package 'fire_platform' build argument 'cmake_clean_first' from command line to 'False'
[1.925s] Level 5:colcon.colcon_core.verb:set package 'fire_platform' build argument 'cmake_force_configure' from command line to 'False'
[1.925s] Level 5:colcon.colcon_core.verb:set package 'fire_platform' build argument 'ament_cmake_args' from command line to 'None'
[1.925s] Level 5:colcon.colcon_core.verb:set package 'fire_platform' build argument 'catkin_cmake_args' from command line to 'None'
[1.925s] Level 5:colcon.colcon_core.verb:set package 'fire_platform' build argument 'catkin_skip_building_tests' from command line to 'False'
[1.925s] DEBUG:colcon.colcon_core.verb:Building package 'fire_platform' with the following arguments: {'ament_cmake_args': None, 'build_base': '/home/willi/battle_ws/build/fire_platform', 'catkin_cmake_args': None, 'catkin_skip_building_tests': False, 'cmake_args': None, 'cmake_clean_cache': False, 'cmake_clean_first': False, 'cmake_force_configure': False, 'cmake_target': None, 'cmake_target_skip_unavailable': False, 'install_base': '/home/willi/battle_ws/install/fire_platform', 'merge_install': False, 'path': '/home/willi/battle_ws/src/fire_platform', 'symlink_install': False, 'test_result_base': None}
[1.925s] Level 5:colcon.colcon_core.verb:set package 'fire_platform_3' build argument 'cmake_args' from command line to 'None'
[1.926s] Level 5:colcon.colcon_core.verb:set package 'fire_platform_3' build argument 'cmake_target' from command line to 'None'
[1.926s] Level 5:colcon.colcon_core.verb:set package 'fire_platform_3' build argument 'cmake_target_skip_unavailable' from command line to 'False'
[1.926s] Level 5:colcon.colcon_core.verb:set package 'fire_platform_3' build argument 'cmake_clean_cache' from command line to 'False'
[1.926s] Level 5:colcon.colcon_core.verb:set package 'fire_platform_3' build argument 'cmake_clean_first' from command line to 'False'
[1.926s] Level 5:colcon.colcon_core.verb:set package 'fire_platform_3' build argument 'cmake_force_configure' from command line to 'False'
[1.926s] Level 5:colcon.colcon_core.verb:set package 'fire_platform_3' build argument 'ament_cmake_args' from command line to 'None'
[1.926s] Level 5:colcon.colcon_core.verb:set package 'fire_platform_3' build argument 'catkin_cmake_args' from command line to 'None'
[1.926s] Level 5:colcon.colcon_core.verb:set package 'fire_platform_3' build argument 'catkin_skip_building_tests' from command line to 'False'
[1.926s] DEBUG:colcon.colcon_core.verb:Building package 'fire_platform_3' with the following arguments: {'ament_cmake_args': None, 'build_base': '/home/willi/battle_ws/build/fire_platform_3', 'catkin_cmake_args': None, 'catkin_skip_building_tests': False, 'cmake_args': None, 'cmake_clean_cache': False, 'cmake_clean_first': False, 'cmake_force_configure': False, 'cmake_target': None, 'cmake_target_skip_unavailable': False, 'install_base': '/home/willi/battle_ws/install/fire_platform_3', 'merge_install': False, 'path': '/home/willi/battle_ws/src/fire_platform_3', 'symlink_install': False, 'test_result_base': None}
[1.926s] INFO:colcon.colcon_core.executor:Executing jobs using 'parallel' executor
[1.928s] DEBUG:colcon.colcon_parallel_executor.executor.parallel:run_until_complete
[1.928s] INFO:colcon.colcon_ros.task.ament_cmake.build:Building ROS package in '/home/willi/battle_ws/src/battle_interfaces' with build type 'ament_cmake'
[1.928s] INFO:colcon.colcon_cmake.task.cmake.build:Building CMake package in '/home/willi/battle_ws/src/battle_interfaces'
[1.932s] INFO:colcon.colcon_core.plugin_system:Skipping extension 'colcon_core.shell.bat': Not used on non-Windows systems
[1.932s] INFO:colcon.colcon_core.shell:Skip shell extension 'powershell' for command environment: Not usable outside of PowerShell
[1.932s] DEBUG:colcon.colcon_core.shell:Skip shell extension 'dsv' for command environment
[1.938s] INFO:colcon.colcon_ros.task.ament_python.build:Building ROS package in '/home/willi/battle_ws/src/fire_platform_description' with build type 'ament_python'
[1.938s] Level 1:colcon.colcon_core.shell:create_environment_hook('fire_platform_description', 'ament_prefix_path')
[1.938s] INFO:colcon.colcon_core.shell:Creating environment hook '/home/willi/battle_ws/install/fire_platform_description/share/fire_platform_description/hook/ament_prefix_path.ps1'
[1.940s] INFO:colcon.colcon_core.shell:Creating environment descriptor '/home/willi/battle_ws/install/fire_platform_description/share/fire_platform_description/hook/ament_prefix_path.dsv'
[1.940s] INFO:colcon.colcon_core.shell:Creating environment hook '/home/willi/battle_ws/install/fire_platform_description/share/fire_platform_description/hook/ament_prefix_path.sh'
[1.941s] INFO:colcon.colcon_core.shell:Skip shell extension 'powershell' for command environment: Not usable outside of PowerShell
[1.941s] DEBUG:colcon.colcon_core.shell:Skip shell extension 'dsv' for command environment
[1.952s] DEBUG:colcon.colcon_core.event_handler.log_command:Invoking command in '/home/willi/battle_ws/build/battle_interfaces': CMAKE_PREFIX_PATH=${CMAKE_PREFIX_PATH}:/home/willi/battle_ws/install/fire_platform_3:/home/willi/battle_ws/install/fire_platform:/home/willi/battle_ws/install/fire_platform_description:/opt/ros/humble /usr/bin/cmake /home/willi/battle_ws/src/battle_interfaces -DCMAKE_INSTALL_PREFIX=/home/willi/battle_ws/install/battle_interfaces
[2.623s] INFO:colcon.colcon_core.task.python.build:Building Python package in '/home/willi/battle_ws/src/fire_platform_description'
[2.624s] INFO:colcon.colcon_core.shell:Skip shell extension 'powershell' for command environment: Not usable outside of PowerShell
[2.624s] DEBUG:colcon.colcon_core.shell:Skip shell extension 'dsv' for command environment
[3.622s] DEBUG:colcon.colcon_core.event_handler.log_command:Invoking command in '/home/willi/battle_ws/src/fire_platform_description': PYTHONPATH=/home/willi/battle_ws/build/fire_platform_description/prefix_override:/usr/lib/python3/dist-packages/colcon_core/task/python/colcon_distutils_commands:/home/willi/battle_ws/install/fire_platform_description/lib/python3.10/site-packages:${PYTHONPATH} /usr/bin/python3 -W ignore:setup.py install is deprecated -W ignore:easy_install command is deprecated setup.py egg_info --egg-base ../../build/fire_platform_description build --build-base /home/willi/battle_ws/build/fire_platform_description/build install --record /home/willi/battle_ws/build/fire_platform_description/install.log --single-version-externally-managed install_data
[4.597s] DEBUG:colcon.colcon_core.event_handler.log_command:Invoked command in '/home/willi/battle_ws/src/fire_platform_description' returned '0': PYTHONPATH=/home/willi/battle_ws/build/fire_platform_description/prefix_override:/usr/lib/python3/dist-packages/colcon_core/task/python/colcon_distutils_commands:/home/willi/battle_ws/install/fire_platform_description/lib/python3.10/site-packages:${PYTHONPATH} /usr/bin/python3 -W ignore:setup.py install is deprecated -W ignore:easy_install command is deprecated setup.py egg_info --egg-base ../../build/fire_platform_description build --build-base /home/willi/battle_ws/build/fire_platform_description/build install --record /home/willi/battle_ws/build/fire_platform_description/install.log --single-version-externally-managed install_data
[4.600s] Level 1:colcon.colcon_core.environment:checking '/home/willi/battle_ws/install/fire_platform_description' for CMake module files
[4.601s] Level 1:colcon.colcon_core.environment:checking '/home/willi/battle_ws/install/fire_platform_description' for CMake config files
[4.601s] Level 1:colcon.colcon_core.environment:checking '/home/willi/battle_ws/install/fire_platform_description/lib'
[4.602s] Level 1:colcon.colcon_core.environment:checking '/home/willi/battle_ws/install/fire_platform_description/bin'
[4.602s] Level 1:colcon.colcon_core.environment:checking '/home/willi/battle_ws/install/fire_platform_description/lib/pkgconfig/fire_platform_description.pc'
[4.602s] Level 1:colcon.colcon_core.environment:checking '/home/willi/battle_ws/install/fire_platform_description/lib/python3.10/site-packages'
[4.603s] Level 1:colcon.colcon_core.shell:create_environment_hook('fire_platform_description', 'pythonpath')
[4.603s] INFO:colcon.colcon_core.shell:Creating environment hook '/home/willi/battle_ws/install/fire_platform_description/share/fire_platform_description/hook/pythonpath.ps1'
[4.604s] INFO:colcon.colcon_core.shell:Creating environment descriptor '/home/willi/battle_ws/install/fire_platform_description/share/fire_platform_description/hook/pythonpath.dsv'
[4.605s] INFO:colcon.colcon_core.shell:Creating environment hook '/home/willi/battle_ws/install/fire_platform_description/share/fire_platform_description/hook/pythonpath.sh'
[4.606s] Level 1:colcon.colcon_core.environment:checking '/home/willi/battle_ws/install/fire_platform_description/bin'
[4.606s] Level 1:colcon.colcon_core.environment:create_environment_scripts_only(fire_platform_description)
[4.606s] INFO:colcon.colcon_core.shell:Creating package script '/home/willi/battle_ws/install/fire_platform_description/share/fire_platform_description/package.ps1'
[4.608s] INFO:colcon.colcon_core.shell:Creating package descriptor '/home/willi/battle_ws/install/fire_platform_description/share/fire_platform_description/package.dsv'
[4.608s] INFO:colcon.colcon_core.shell:Creating package script '/home/willi/battle_ws/install/fire_platform_description/share/fire_platform_description/package.sh'
[4.609s] INFO:colcon.colcon_core.shell:Creating package script '/home/willi/battle_ws/install/fire_platform_description/share/fire_platform_description/package.bash'
[4.611s] INFO:colcon.colcon_core.shell:Creating package script '/home/willi/battle_ws/install/fire_platform_description/share/fire_platform_description/package.zsh'
[4.612s] Level 1:colcon.colcon_core.environment:create_file_with_runtime_dependencies(/home/willi/battle_ws/install/fire_platform_description/share/colcon-core/packages/fire_platform_description)
[5.617s] DEBUG:colcon.colcon_core.event_handler.log_command:Invoked command in '/home/willi/battle_ws/build/battle_interfaces' returned '0': CMAKE_PREFIX_PATH=${CMAKE_PREFIX_PATH}:/home/willi/battle_ws/install/fire_platform_3:/home/willi/battle_ws/install/fire_platform:/home/willi/battle_ws/install/fire_platform_description:/opt/ros/humble /usr/bin/cmake /home/willi/battle_ws/src/battle_interfaces -DCMAKE_INSTALL_PREFIX=/home/willi/battle_ws/install/battle_interfaces
[5.622s] DEBUG:colcon.colcon_core.event_handler.log_command:Invoking command in '/home/willi/battle_ws/build/battle_interfaces': CMAKE_PREFIX_PATH=${CMAKE_PREFIX_PATH}:/home/willi/battle_ws/install/fire_platform_3:/home/willi/battle_ws/install/fire_platform:/home/willi/battle_ws/install/fire_platform_description:/opt/ros/humble /usr/bin/cmake --build /home/willi/battle_ws/build/battle_interfaces -- -j4 -l4
[15.270s] DEBUG:colcon.colcon_core.event_handler.log_command:Invoked command in '/home/willi/battle_ws/build/battle_interfaces' returned '0': CMAKE_PREFIX_PATH=${CMAKE_PREFIX_PATH}:/home/willi/battle_ws/install/fire_platform_3:/home/willi/battle_ws/install/fire_platform:/home/willi/battle_ws/install/fire_platform_description:/opt/ros/humble /usr/bin/cmake --build /home/willi/battle_ws/build/battle_interfaces -- -j4 -l4
[15.283s] DEBUG:colcon.colcon_core.event_handler.log_command:Invoking command in '/home/willi/battle_ws/build/battle_interfaces': CMAKE_PREFIX_PATH=${CMAKE_PREFIX_PATH}:/home/willi/battle_ws/install/fire_platform_3:/home/willi/battle_ws/install/fire_platform:/home/willi/battle_ws/install/fire_platform_description:/opt/ros/humble /usr/bin/cmake --install /home/willi/battle_ws/build/battle_interfaces
[15.405s] Level 1:colcon.colcon_core.environment:create_environment_scripts_only(battle_interfaces)
[15.406s] Level 1:colcon.colcon_core.environment:checking '/home/willi/battle_ws/install/battle_interfaces' for CMake module files
[15.407s] DEBUG:colcon.colcon_core.event_handler.log_command:Invoked command in '/home/willi/battle_ws/build/battle_interfaces' returned '0': CMAKE_PREFIX_PATH=${CMAKE_PREFIX_PATH}:/home/willi/battle_ws/install/fire_platform_3:/home/willi/battle_ws/install/fire_platform:/home/willi/battle_ws/install/fire_platform_description:/opt/ros/humble /usr/bin/cmake --install /home/willi/battle_ws/build/battle_interfaces
[15.410s] Level 1:colcon.colcon_core.environment:checking '/home/willi/battle_ws/install/battle_interfaces' for CMake config files
[15.412s] Level 1:colcon.colcon_core.shell:create_environment_hook('battle_interfaces', 'cmake_prefix_path')
[15.413s] INFO:colcon.colcon_core.shell:Creating environment hook '/home/willi/battle_ws/install/battle_interfaces/share/battle_interfaces/hook/cmake_prefix_path.ps1'
[15.415s] INFO:colcon.colcon_core.shell:Creating environment descriptor '/home/willi/battle_ws/install/battle_interfaces/share/battle_interfaces/hook/cmake_prefix_path.dsv'
[15.416s] INFO:colcon.colcon_core.shell:Creating environment hook '/home/willi/battle_ws/install/battle_interfaces/share/battle_interfaces/hook/cmake_prefix_path.sh'
[15.418s] Level 1:colcon.colcon_core.environment:checking '/home/willi/battle_ws/install/battle_interfaces/lib'
[15.418s] Level 1:colcon.colcon_core.shell:create_environment_hook('battle_interfaces', 'ld_library_path_lib')
[15.419s] INFO:colcon.colcon_core.shell:Creating environment hook '/home/willi/battle_ws/install/battle_interfaces/share/battle_interfaces/hook/ld_library_path_lib.ps1'
[15.420s] INFO:colcon.colcon_core.shell:Creating environment descriptor '/home/willi/battle_ws/install/battle_interfaces/share/battle_interfaces/hook/ld_library_path_lib.dsv'
[15.421s] INFO:colcon.colcon_core.shell:Creating environment hook '/home/willi/battle_ws/install/battle_interfaces/share/battle_interfaces/hook/ld_library_path_lib.sh'
[15.423s] Level 1:colcon.colcon_core.environment:checking '/home/willi/battle_ws/install/battle_interfaces/bin'
[15.423s] Level 1:colcon.colcon_core.environment:checking '/home/willi/battle_ws/install/battle_interfaces/lib/pkgconfig/battle_interfaces.pc'
[15.424s] Level 1:colcon.colcon_core.environment:checking '/home/willi/battle_ws/install/battle_interfaces/lib/python3.10/site-packages'
[15.424s] Level 1:colcon.colcon_core.environment:checking '/home/willi/battle_ws/install/battle_interfaces/bin'
[15.426s] INFO:colcon.colcon_core.shell:Creating package script '/home/willi/battle_ws/install/battle_interfaces/share/battle_interfaces/package.ps1'
[15.427s] INFO:colcon.colcon_core.shell:Creating package descriptor '/home/willi/battle_ws/install/battle_interfaces/share/battle_interfaces/package.dsv'
[15.429s] INFO:colcon.colcon_core.shell:Creating package script '/home/willi/battle_ws/install/battle_interfaces/share/battle_interfaces/package.sh'
[15.430s] INFO:colcon.colcon_core.shell:Creating package script '/home/willi/battle_ws/install/battle_interfaces/share/battle_interfaces/package.bash'
[15.431s] INFO:colcon.colcon_core.shell:Creating package script '/home/willi/battle_ws/install/battle_interfaces/share/battle_interfaces/package.zsh'
[15.432s] Level 1:colcon.colcon_core.environment:create_file_with_runtime_dependencies(/home/willi/battle_ws/install/battle_interfaces/share/colcon-core/packages/battle_interfaces)
[15.435s] Level 1:colcon.colcon_core.environment:create_environment_scripts_only(battle_interfaces)
[15.436s] Level 1:colcon.colcon_core.environment:checking '/home/willi/battle_ws/install/battle_interfaces' for CMake module files
[15.438s] Level 1:colcon.colcon_core.environment:checking '/home/willi/battle_ws/install/battle_interfaces' for CMake config files
[15.441s] Level 1:colcon.colcon_core.shell:create_environment_hook('battle_interfaces', 'cmake_prefix_path')
[15.442s] INFO:colcon.colcon_core.shell:Creating environment hook '/home/willi/battle_ws/install/battle_interfaces/share/battle_interfaces/hook/cmake_prefix_path.ps1'
[15.443s] INFO:colcon.colcon_core.shell:Creating environment descriptor '/home/willi/battle_ws/install/battle_interfaces/share/battle_interfaces/hook/cmake_prefix_path.dsv'
[15.444s] INFO:colcon.colcon_core.shell:Creating environment hook '/home/willi/battle_ws/install/battle_interfaces/share/battle_interfaces/hook/cmake_prefix_path.sh'
[15.446s] Level 1:colcon.colcon_core.environment:checking '/home/willi/battle_ws/install/battle_interfaces/lib'
[15.446s] Level 1:colcon.colcon_core.shell:create_environment_hook('battle_interfaces', 'ld_library_path_lib')
[15.447s] INFO:colcon.colcon_core.shell:Creating environment hook '/home/willi/battle_ws/install/battle_interfaces/share/battle_interfaces/hook/ld_library_path_lib.ps1'
[15.448s] INFO:colcon.colcon_core.shell:Creating environment descriptor '/home/willi/battle_ws/install/battle_interfaces/share/battle_interfaces/hook/ld_library_path_lib.dsv'
[15.449s] INFO:colcon.colcon_core.shell:Creating environment hook '/home/willi/battle_ws/install/battle_interfaces/share/battle_interfaces/hook/ld_library_path_lib.sh'
[15.450s] Level 1:colcon.colcon_core.environment:checking '/home/willi/battle_ws/install/battle_interfaces/bin'
[15.451s] Level 1:colcon.colcon_core.environment:checking '/home/willi/battle_ws/install/battle_interfaces/lib/pkgconfig/battle_interfaces.pc'
[15.452s] Level 1:colcon.colcon_core.environment:checking '/home/willi/battle_ws/install/battle_interfaces/lib/python3.10/site-packages'
[15.452s] Level 1:colcon.colcon_core.environment:checking '/home/willi/battle_ws/install/battle_interfaces/bin'
[15.454s] INFO:colcon.colcon_core.shell:Creating package script '/home/willi/battle_ws/install/battle_interfaces/share/battle_interfaces/package.ps1'
[15.455s] INFO:colcon.colcon_core.shell:Creating package descriptor '/home/willi/battle_ws/install/battle_interfaces/share/battle_interfaces/package.dsv'
[15.457s] INFO:colcon.colcon_core.shell:Creating package script '/home/willi/battle_ws/install/battle_interfaces/share/battle_interfaces/package.sh'
[15.458s] INFO:colcon.colcon_core.shell:Creating package script '/home/willi/battle_ws/install/battle_interfaces/share/battle_interfaces/package.bash'
[15.459s] INFO:colcon.colcon_core.shell:Creating package script '/home/willi/battle_ws/install/battle_interfaces/share/battle_interfaces/package.zsh'
[15.460s] Level 1:colcon.colcon_core.environment:create_file_with_runtime_dependencies(/home/willi/battle_ws/install/battle_interfaces/share/colcon-core/packages/battle_interfaces)
[15.461s] INFO:colcon.colcon_ros.task.ament_python.build:Building ROS package in '/home/willi/battle_ws/src/fire_platform' with build type 'ament_python'
[15.462s] Level 1:colcon.colcon_core.shell:create_environment_hook('fire_platform', 'ament_prefix_path')
[15.463s] INFO:colcon.colcon_core.shell:Creating environment hook '/home/willi/battle_ws/install/fire_platform/share/fire_platform/hook/ament_prefix_path.ps1'
[15.465s] INFO:colcon.colcon_core.shell:Creating environment descriptor '/home/willi/battle_ws/install/fire_platform/share/fire_platform/hook/ament_prefix_path.dsv'
[15.465s] INFO:colcon.colcon_core.shell:Creating environment hook '/home/willi/battle_ws/install/fire_platform/share/fire_platform/hook/ament_prefix_path.sh'
[15.467s] INFO:colcon.colcon_core.shell:Skip shell extension 'powershell' for command environment: Not usable outside of PowerShell
[15.467s] DEBUG:colcon.colcon_core.shell:Skip shell extension 'dsv' for command environment
[15.475s] INFO:colcon.colcon_ros.task.ament_python.build:Building ROS package in '/home/willi/battle_ws/src/fire_platform_3' with build type 'ament_python'
[15.475s] Level 1:colcon.colcon_core.shell:create_environment_hook('fire_platform_3', 'ament_prefix_path')
[15.475s] INFO:colcon.colcon_core.shell:Creating environment hook '/home/willi/battle_ws/install/fire_platform_3/share/fire_platform_3/hook/ament_prefix_path.ps1'
[15.477s] INFO:colcon.colcon_core.shell:Creating environment descriptor '/home/willi/battle_ws/install/fire_platform_3/share/fire_platform_3/hook/ament_prefix_path.dsv'
[15.478s] INFO:colcon.colcon_core.shell:Creating environment hook '/home/willi/battle_ws/install/fire_platform_3/share/fire_platform_3/hook/ament_prefix_path.sh'
[15.479s] INFO:colcon.colcon_core.shell:Skip shell extension 'powershell' for command environment: Not usable outside of PowerShell
[15.479s] DEBUG:colcon.colcon_core.shell:Skip shell extension 'dsv' for command environment
[16.046s] INFO:colcon.colcon_core.task.python.build:Building Python package in '/home/willi/battle_ws/src/fire_platform'
[16.047s] INFO:colcon.colcon_core.shell:Skip shell extension 'powershell' for command environment: Not usable outside of PowerShell
[16.047s] DEBUG:colcon.colcon_core.shell:Skip shell extension 'dsv' for command environment
[16.622s] INFO:colcon.colcon_core.task.python.build:Building Python package in '/home/willi/battle_ws/src/fire_platform_3'
[16.623s] INFO:colcon.colcon_core.shell:Skip shell extension 'powershell' for command environment: Not usable outside of PowerShell
[16.623s] DEBUG:colcon.colcon_core.shell:Skip shell extension 'dsv' for command environment
[17.619s] DEBUG:colcon.colcon_core.event_handler.log_command:Invoking command in '/home/willi/battle_ws/src/fire_platform_3': AMENT_PREFIX_PATH=/home/willi/battle_ws/install/fire_platform_description:/home/willi/battle_ws/install/fire_platform_3:/home/willi/battle_ws/install/fire_platform:/home/willi/battle_ws/install/battle_interfaces:/opt/ros/humble PYTHONPATH=/home/willi/battle_ws/build/fire_platform_3/prefix_override:/usr/lib/python3/dist-packages/colcon_core/task/python/colcon_distutils_commands:/home/willi/battle_ws/install/fire_platform_3/lib/python3.10/site-packages:/home/willi/battle_ws/install/fire_platform_description/lib/python3.10/site-packages:/home/willi/battle_ws/install/fire_platform_3/lib/python3.10/site-packages:/home/willi/battle_ws/install/fire_platform/lib/python3.10/site-packages:/home/willi/battle_ws/install/battle_interfaces/local/lib/python3.10/dist-packages:/home/willi/battle_ws/install/operator_interface/lib/python3.10/site-packages:/opt/ros/humble/lib/python3.10/site-packages:/opt/ros/humble/local/lib/python3.10/dist-packages /usr/bin/python3 -W ignore:setup.py install is deprecated -W ignore:easy_install command is deprecated setup.py egg_info --egg-base ../../build/fire_platform_3 build --build-base /home/willi/battle_ws/build/fire_platform_3/build install --record /home/willi/battle_ws/build/fire_platform_3/install.log --single-version-externally-managed install_data
[17.627s] DEBUG:colcon.colcon_core.event_handler.log_command:Invoking command in '/home/willi/battle_ws/src/fire_platform': AMENT_PREFIX_PATH=/home/willi/battle_ws/install/fire_platform_description:/home/willi/battle_ws/install/fire_platform_3:/home/willi/battle_ws/install/fire_platform:/home/willi/battle_ws/install/battle_interfaces:/opt/ros/humble PYTHONPATH=/home/willi/battle_ws/build/fire_platform/prefix_override:/usr/lib/python3/dist-packages/colcon_core/task/python/colcon_distutils_commands:/home/willi/battle_ws/install/fire_platform/lib/python3.10/site-packages:/home/willi/battle_ws/install/fire_platform_description/lib/python3.10/site-packages:/home/willi/battle_ws/install/fire_platform_3/lib/python3.10/site-packages:/home/willi/battle_ws/install/fire_platform/lib/python3.10/site-packages:/home/willi/battle_ws/install/battle_interfaces/local/lib/python3.10/dist-packages:/home/willi/battle_ws/install/operator_interface/lib/python3.10/site-packages:/opt/ros/humble/lib/python3.10/site-packages:/opt/ros/humble/local/lib/python3.10/dist-packages /usr/bin/python3 -W ignore:setup.py install is deprecated -W ignore:easy_install command is deprecated setup.py egg_info --egg-base ../../build/fire_platform build --build-base /home/willi/battle_ws/build/fire_platform/build install --record /home/willi/battle_ws/build/fire_platform/install.log --single-version-externally-managed install_data
[18.634s] Level 1:colcon.colcon_core.environment:checking '/home/willi/battle_ws/install/fire_platform_3' for CMake module files
[18.635s] DEBUG:colcon.colcon_core.event_handler.log_command:Invoked command in '/home/willi/battle_ws/src/fire_platform_3' returned '0': AMENT_PREFIX_PATH=/home/willi/battle_ws/install/fire_platform_description:/home/willi/battle_ws/install/fire_platform_3:/home/willi/battle_ws/install/fire_platform:/home/willi/battle_ws/install/battle_interfaces:/opt/ros/humble PYTHONPATH=/home/willi/battle_ws/build/fire_platform_3/prefix_override:/usr/lib/python3/dist-packages/colcon_core/task/python/colcon_distutils_commands:/home/willi/battle_ws/install/fire_platform_3/lib/python3.10/site-packages:/home/willi/battle_ws/install/fire_platform_description/lib/python3.10/site-packages:/home/willi/battle_ws/install/fire_platform_3/lib/python3.10/site-packages:/home/willi/battle_ws/install/fire_platform/lib/python3.10/site-packages:/home/willi/battle_ws/install/battle_interfaces/local/lib/python3.10/dist-packages:/home/willi/battle_ws/install/operator_interface/lib/python3.10/site-packages:/opt/ros/humble/lib/python3.10/site-packages:/opt/ros/humble/local/lib/python3.10/dist-packages /usr/bin/python3 -W ignore:setup.py install is deprecated -W ignore:easy_install command is deprecated setup.py egg_info --egg-base ../../build/fire_platform_3 build --build-base /home/willi/battle_ws/build/fire_platform_3/build install --record /home/willi/battle_ws/build/fire_platform_3/install.log --single-version-externally-managed install_data
[18.635s] Level 1:colcon.colcon_core.environment:checking '/home/willi/battle_ws/install/fire_platform_3' for CMake config files
[18.636s] Level 1:colcon.colcon_core.environment:checking '/home/willi/battle_ws/install/fire_platform_3/lib'
[18.636s] Level 1:colcon.colcon_core.environment:checking '/home/willi/battle_ws/install/fire_platform_3/bin'
[18.636s] Level 1:colcon.colcon_core.environment:checking '/home/willi/battle_ws/install/fire_platform_3/lib/pkgconfig/fire_platform_3.pc'
[18.637s] Level 1:colcon.colcon_core.environment:checking '/home/willi/battle_ws/install/fire_platform_3/lib/python3.10/site-packages'
[18.637s] Level 1:colcon.colcon_core.shell:create_environment_hook('fire_platform_3', 'pythonpath')
[18.637s] INFO:colcon.colcon_core.shell:Creating environment hook '/home/willi/battle_ws/install/fire_platform_3/share/fire_platform_3/hook/pythonpath.ps1'
[18.638s] INFO:colcon.colcon_core.shell:Creating environment descriptor '/home/willi/battle_ws/install/fire_platform_3/share/fire_platform_3/hook/pythonpath.dsv'
[18.638s] INFO:colcon.colcon_core.shell:Creating environment hook '/home/willi/battle_ws/install/fire_platform_3/share/fire_platform_3/hook/pythonpath.sh'
[18.639s] Level 1:colcon.colcon_core.environment:checking '/home/willi/battle_ws/install/fire_platform_3/bin'
[18.639s] Level 1:colcon.colcon_core.environment:create_environment_scripts_only(fire_platform_3)
[18.640s] INFO:colcon.colcon_core.shell:Creating package script '/home/willi/battle_ws/install/fire_platform_3/share/fire_platform_3/package.ps1'
[18.641s] INFO:colcon.colcon_core.shell:Creating package descriptor '/home/willi/battle_ws/install/fire_platform_3/share/fire_platform_3/package.dsv'
[18.641s] INFO:colcon.colcon_core.shell:Creating package script '/home/willi/battle_ws/install/fire_platform_3/share/fire_platform_3/package.sh'
[18.642s] INFO:colcon.colcon_core.shell:Creating package script '/home/willi/battle_ws/install/fire_platform_3/share/fire_platform_3/package.bash'
[18.643s] INFO:colcon.colcon_core.shell:Creating package script '/home/willi/battle_ws/install/fire_platform_3/share/fire_platform_3/package.zsh'
[18.643s] Level 1:colcon.colcon_core.environment:create_file_with_runtime_dependencies(/home/willi/battle_ws/install/fire_platform_3/share/colcon-core/packages/fire_platform_3)
[18.678s] Level 1:colcon.colcon_core.environment:checking '/home/willi/battle_ws/install/fire_platform' for CMake module files
[18.680s] DEBUG:colcon.colcon_core.event_handler.log_command:Invoked command in '/home/willi/battle_ws/src/fire_platform' returned '0': AMENT_PREFIX_PATH=/home/willi/battle_ws/install/fire_platform_description:/home/willi/battle_ws/install/fire_platform_3:/home/willi/battle_ws/install/fire_platform:/home/willi/battle_ws/install/battle_interfaces:/opt/ros/humble PYTHONPATH=/home/willi/battle_ws/build/fire_platform/prefix_override:/usr/lib/python3/dist-packages/colcon_core/task/python/colcon_distutils_commands:/home/willi/battle_ws/install/fire_platform/lib/python3.10/site-packages:/home/willi/battle_ws/install/fire_platform_description/lib/python3.10/site-packages:/home/willi/battle_ws/install/fire_platform_3/lib/python3.10/site-packages:/home/willi/battle_ws/install/fire_platform/lib/python3.10/site-packages:/home/willi/battle_ws/install/battle_interfaces/local/lib/python3.10/dist-packages:/home/willi/battle_ws/install/operator_interface/lib/python3.10/site-packages:/opt/ros/humble/lib/python3.10/site-packages:/opt/ros/humble/local/lib/python3.10/dist-packages /usr/bin/python3 -W ignore:setup.py install is deprecated -W ignore:easy_install command is deprecated setup.py egg_info --egg-base ../../build/fire_platform build --build-base /home/willi/battle_ws/build/fire_platform/build install --record /home/willi/battle_ws/build/fire_platform/install.log --single-version-externally-managed install_data
[18.681s] Level 1:colcon.colcon_core.environment:checking '/home/willi/battle_ws/install/fire_platform' for CMake config files
[18.683s] Level 1:colcon.colcon_core.environment:checking '/home/willi/battle_ws/install/fire_platform/lib'
[18.684s] Level 1:colcon.colcon_core.environment:checking '/home/willi/battle_ws/install/fire_platform/bin'
[18.684s] Level 1:colcon.colcon_core.environment:checking '/home/willi/battle_ws/install/fire_platform/lib/pkgconfig/fire_platform.pc'
[18.685s] Level 1:colcon.colcon_core.environment:checking '/home/willi/battle_ws/install/fire_platform/lib/python3.10/site-packages'
[18.685s] Level 1:colcon.colcon_core.shell:create_environment_hook('fire_platform', 'pythonpath')
[18.686s] INFO:colcon.colcon_core.shell:Creating environment hook '/home/willi/battle_ws/install/fire_platform/share/fire_platform/hook/pythonpath.ps1'
[18.687s] INFO:colcon.colcon_core.shell:Creating environment descriptor '/home/willi/battle_ws/install/fire_platform/share/fire_platform/hook/pythonpath.dsv'
[18.688s] INFO:colcon.colcon_core.shell:Creating environment hook '/home/willi/battle_ws/install/fire_platform/share/fire_platform/hook/pythonpath.sh'
[18.690s] Level 1:colcon.colcon_core.environment:checking '/home/willi/battle_ws/install/fire_platform/bin'
[18.691s] Level 1:colcon.colcon_core.environment:create_environment_scripts_only(fire_platform)
[18.692s] INFO:colcon.colcon_core.shell:Creating package script '/home/willi/battle_ws/install/fire_platform/share/fire_platform/package.ps1'
[18.693s] INFO:colcon.colcon_core.shell:Creating package descriptor '/home/willi/battle_ws/install/fire_platform/share/fire_platform/package.dsv'
[18.695s] INFO:colcon.colcon_core.shell:Creating package script '/home/willi/battle_ws/install/fire_platform/share/fire_platform/package.sh'
[18.696s] INFO:colcon.colcon_core.shell:Creating package script '/home/willi/battle_ws/install/fire_platform/share/fire_platform/package.bash'
[18.697s] INFO:colcon.colcon_core.shell:Creating package script '/home/willi/battle_ws/install/fire_platform/share/fire_platform/package.zsh'
[18.698s] Level 1:colcon.colcon_core.environment:create_file_with_runtime_dependencies(/home/willi/battle_ws/install/fire_platform/share/colcon-core/packages/fire_platform)
[18.699s] DEBUG:colcon.colcon_parallel_executor.executor.parallel:closing loop
[18.701s] DEBUG:colcon.colcon_parallel_executor.executor.parallel:loop closed
[18.702s] DEBUG:colcon.colcon_parallel_executor.executor.parallel:run_until_complete finished with '0'
[18.702s] DEBUG:colcon.colcon_core.event_reactor:joining thread
[18.720s] INFO:colcon.colcon_core.plugin_system:Skipping extension 'colcon_notification.desktop_notification.terminal_notifier': Not used on non-Darwin systems
[18.721s] INFO:colcon.colcon_core.plugin_system:Skipping extension 'colcon_notification.desktop_notification.win32': Not used on non-Windows systems
[18.721s] INFO:colcon.colcon_notification.desktop_notification:Sending desktop notification using 'notify2'
[18.754s] DEBUG:colcon.colcon_core.event_reactor:joined thread
[18.755s] INFO:colcon.colcon_core.shell:Creating prefix script '/home/willi/battle_ws/install/local_setup.ps1'
[18.759s] INFO:colcon.colcon_core.shell:Creating prefix util module '/home/willi/battle_ws/install/_local_setup_util_ps1.py'
[18.763s] INFO:colcon.colcon_core.shell:Creating prefix chain script '/home/willi/battle_ws/install/setup.ps1'
[18.767s] INFO:colcon.colcon_core.shell:Creating prefix script '/home/willi/battle_ws/install/local_setup.sh'
[18.770s] INFO:colcon.colcon_core.shell:Creating prefix util module '/home/willi/battle_ws/install/_local_setup_util_sh.py'
[18.773s] INFO:colcon.colcon_core.shell:Creating prefix chain script '/home/willi/battle_ws/install/setup.sh'
[18.777s] INFO:colcon.colcon_core.shell:Creating prefix script '/home/willi/battle_ws/install/local_setup.bash'
[18.778s] INFO:colcon.colcon_core.shell:Creating prefix chain script '/home/willi/battle_ws/install/setup.bash'
[18.782s] INFO:colcon.colcon_core.shell:Creating prefix script '/home/willi/battle_ws/install/local_setup.zsh'
[18.783s] INFO:colcon.colcon_core.shell:Creating prefix chain script '/home/willi/battle_ws/install/setup.zsh'
