[0.235s] DEBUG:colcon:Command line arguments: ['/home/willi/battle_ws/.ci-test-env/bin/colcon', 'build', '--symlink-install']
[0.236s] DEBUG:colcon:Parsed command line arguments: Namespace(log_base=None, log_level=None, verb_name='build', build_base='build', install_base='install', merge_install=False, symlink_install=True, test_result_base=None, continue_on_error=False, executor='parallel', parallel_workers=4, event_handlers=None, ignore_user_meta=False, metas=['./colcon.meta'], base_paths=['.'], packages_ignore=None, packages_ignore_regex=None, paths=None, packages_up_to=None, packages_up_to_regex=None, packages_above=None, packages_above_and_dependencies=None, packages_above_depth=None, packages_select_by_dep=None, packages_skip_by_dep=None, packages_skip_up_to=None, packages_select_build_failed=False, packages_skip_build_finished=False, packages_select_test_failures=False, packages_skip_test_passed=False, packages_select=None, packages_skip=None, packages_select_regex=None, packages_skip_regex=None, packages_start=None, packages_end=None, cmake_args=None, cmake_target=None, cmake_target_skip_unavailable=False, cmake_clean_cache=False, cmake_clean_first=False, cmake_force_configure=False, ament_cmake_args=None, catkin_cmake_args=None, catkin_skip_building_tests=False, verb_parser=<colcon_defaults.argument_parser.defaults.DefaultArgumentsDecorator object at 0x78149fa15870>, verb_extension=<colcon_core.verb.build.BuildVerb object at 0x78149fa15360>, main=<bound method BuildVerb.main of <colcon_core.verb.build.BuildVerb object at 0x78149fa15360>>)
[0.413s] Level 1:colcon.colcon_core.package_discovery:discover_packages(colcon_meta) check parameters
[0.413s] Level 1:colcon.colcon_core.package_discovery:discover_packages(recursive) check parameters
[0.413s] Level 1:colcon.colcon_core.package_discovery:discover_packages(ignore) check parameters
[0.413s] Level 1:colcon.colcon_core.package_discovery:discover_packages(path) check parameters
[0.413s] Level 1:colcon.colcon_core.package_discovery:discover_packages(colcon_meta) discover
[0.413s] Level 1:colcon.colcon_core.package_discovery:discover_packages(recursive) discover
[0.413s] INFO:colcon.colcon_core.package_discovery:Crawling recursively for packages in '/home/willi/battle_ws'
[0.413s] Level 1:colcon.colcon_core.package_identification:_identify(.) by extensions ['ignore', 'ignore_ament_install']
[0.413s] Level 1:colcon.colcon_core.package_identification:_identify(.) by extension 'ignore'
[0.413s] Level 1:colcon.colcon_core.package_identification:_identify(.) by extension 'ignore_ament_install'
[0.414s] Level 1:colcon.colcon_core.package_identification:_identify(.) by extensions ['colcon_pkg']
[0.414s] Level 1:colcon.colcon_core.package_identification:_identify(.) by extension 'colcon_pkg'
[0.414s] Level 1:colcon.colcon_core.package_identification:_identify(.) by extensions ['colcon_meta']
[0.414s] Level 1:colcon.colcon_core.package_identification:_identify(.) by extension 'colcon_meta'
[0.414s] Level 1:colcon.colcon_core.package_identification:_identify(.) by extensions ['ros']
[0.414s] Level 1:colcon.colcon_core.package_identification:_identify(.) by extension 'ros'
[0.451s] Level 1:colcon.colcon_core.package_identification:_identify(.) by extensions ['cmake', 'python']
[0.451s] Level 1:colcon.colcon_core.package_identification:_identify(.) by extension 'cmake'
[0.451s] Level 1:colcon.colcon_core.package_identification:_identify(.) by extension 'python'
[0.451s] Level 1:colcon.colcon_core.package_identification:_identify(.) by extensions ['python_setup_py']
[0.451s] Level 1:colcon.colcon_core.package_identification:_identify(.) by extension 'python_setup_py'
[0.451s] Level 1:colcon.colcon_core.package_identification:_identify(build) by extensions ['ignore', 'ignore_ament_install']
[0.452s] Level 1:colcon.colcon_core.package_identification:_identify(build) by extension 'ignore'
[0.452s] Level 1:colcon.colcon_core.package_identification:_identify(build) ignored
[0.452s] Level 1:colcon.colcon_core.package_identification:_identify(install) by extensions ['ignore', 'ignore_ament_install']
[0.452s] Level 1:colcon.colcon_core.package_identification:_identify(install) by extension 'ignore'
[0.452s] Level 1:colcon.colcon_core.package_identification:_identify(install) ignored
[0.452s] Level 1:colcon.colcon_core.package_identification:_identify(log) by extensions ['ignore', 'ignore_ament_install']
[0.452s] Level 1:colcon.colcon_core.package_identification:_identify(log) by extension 'ignore'
[0.452s] Level 1:colcon.colcon_core.package_identification:_identify(log) ignored
[0.452s] Level 1:colcon.colcon_core.package_identification:_identify(src) by extensions ['ignore', 'ignore_ament_install']
[0.452s] Level 1:colcon.colcon_core.package_identification:_identify(src) by extension 'ignore'
[0.453s] Level 1:colcon.colcon_core.package_identification:_identify(src) by extension 'ignore_ament_install'
[0.453s] Level 1:colcon.colcon_core.package_identification:_identify(src) by extensions ['colcon_pkg']
[0.453s] Level 1:colcon.colcon_core.package_identification:_identify(src) by extension 'colcon_pkg'
[0.453s] Level 1:colcon.colcon_core.package_identification:_identify(src) by extensions ['colcon_meta']
[0.453s] Level 1:colcon.colcon_core.package_identification:_identify(src) by extension 'colcon_meta'
[0.453s] Level 1:colcon.colcon_core.package_identification:_identify(src) by extensions ['ros']
[0.453s] Level 1:colcon.colcon_core.package_identification:_identify(src) by extension 'ros'
[0.453s] Level 1:colcon.colcon_core.package_identification:_identify(src) by extensions ['cmake', 'python']
[0.453s] Level 1:colcon.colcon_core.package_identification:_identify(src) by extension 'cmake'
[0.453s] Level 1:colcon.colcon_core.package_identification:_identify(src) by extension 'python'
[0.453s] Level 1:colcon.colcon_core.package_identification:_identify(src) by extensions ['python_setup_py']
[0.453s] Level 1:colcon.colcon_core.package_identification:_identify(src) by extension 'python_setup_py'
[0.453s] Level 1:colcon.colcon_core.package_identification:_identify(src/battle_interfaces) by extensions ['ignore', 'ignore_ament_install']
[0.454s] Level 1:colcon.colcon_core.package_identification:_identify(src/battle_interfaces) by extension 'ignore'
[0.454s] Level 1:colcon.colcon_core.package_identification:_identify(src/battle_interfaces) by extension 'ignore_ament_install'
[0.454s] Level 1:colcon.colcon_core.package_identification:_identify(src/battle_interfaces) by extensions ['colcon_pkg']
[0.454s] Level 1:colcon.colcon_core.package_identification:_identify(src/battle_interfaces) by extension 'colcon_pkg'
[0.454s] Level 1:colcon.colcon_core.package_identification:_identify(src/battle_interfaces) by extensions ['colcon_meta']
[0.454s] Level 1:colcon.colcon_core.package_identification:_identify(src/battle_interfaces) by extension 'colcon_meta'
[0.454s] Level 1:colcon.colcon_core.package_identification:_identify(src/battle_interfaces) by extensions ['ros']
[0.454s] Level 1:colcon.colcon_core.package_identification:_identify(src/battle_interfaces) by extension 'ros'
[0.458s] DEBUG:colcon.colcon_core.package_identification:Package 'src/battle_interfaces' with type 'ros.ament_cmake' and name 'battle_interfaces'
[0.458s] Level 1:colcon.colcon_core.package_identification:_identify(src/command_center) by extensions ['ignore', 'ignore_ament_install']
[0.458s] Level 1:colcon.colcon_core.package_identification:_identify(src/command_center) by extension 'ignore'
[0.458s] Level 1:colcon.colcon_core.package_identification:_identify(src/command_center) by extension 'ignore_ament_install'
[0.459s] Level 1:colcon.colcon_core.package_identification:_identify(src/command_center) by extensions ['colcon_pkg']
[0.459s] Level 1:colcon.colcon_core.package_identification:_identify(src/command_center) by extension 'colcon_pkg'
[0.459s] Level 1:colcon.colcon_core.package_identification:_identify(src/command_center) by extensions ['colcon_meta']
[0.459s] Level 1:colcon.colcon_core.package_identification:_identify(src/command_center) by extension 'colcon_meta'
[0.459s] Level 1:colcon.colcon_core.package_identification:_identify(src/command_center) by extensions ['ros']
[0.459s] Level 1:colcon.colcon_core.package_identification:_identify(src/command_center) by extension 'ros'
[0.460s] DEBUG:colcon.colcon_core.package_identification:Package 'src/command_center' with type 'ros.ament_python' and name 'command_center'
[0.460s] Level 1:colcon.colcon_core.package_identification:_identify(src/fire_platform) by extensions ['ignore', 'ignore_ament_install']
[0.460s] Level 1:colcon.colcon_core.package_identification:_identify(src/fire_platform) by extension 'ignore'
[0.460s] Level 1:colcon.colcon_core.package_identification:_identify(src/fire_platform) by extension 'ignore_ament_install'
[0.460s] Level 1:colcon.colcon_core.package_identification:_identify(src/fire_platform) by extensions ['colcon_pkg']
[0.460s] Level 1:colcon.colcon_core.package_identification:_identify(src/fire_platform) by extension 'colcon_pkg'
[0.460s] Level 1:colcon.colcon_core.package_identification:_identify(src/fire_platform) by extensions ['colcon_meta']
[0.460s] Level 1:colcon.colcon_core.package_identification:_identify(src/fire_platform) by extension 'colcon_meta'
[0.460s] Level 1:colcon.colcon_core.package_identification:_identify(src/fire_platform) by extensions ['ros']
[0.461s] Level 1:colcon.colcon_core.package_identification:_identify(src/fire_platform) by extension 'ros'
[0.461s] DEBUG:colcon.colcon_core.package_identification:Package 'src/fire_platform' with type 'ros.ament_python' and name 'fire_platform'
[0.462s] Level 1:colcon.colcon_core.package_identification:_identify(src/fire_platform_3) by extensions ['ignore', 'ignore_ament_install']
[0.462s] Level 1:colcon.colcon_core.package_identification:_identify(src/fire_platform_3) by extension 'ignore'
[0.462s] Level 1:colcon.colcon_core.package_identification:_identify(src/fire_platform_3) by extension 'ignore_ament_install'
[0.462s] Level 1:colcon.colcon_core.package_identification:_identify(src/fire_platform_3) by extensions ['colcon_pkg']
[0.462s] Level 1:colcon.colcon_core.package_identification:_identify(src/fire_platform_3) by extension 'colcon_pkg'
[0.462s] Level 1:colcon.colcon_core.package_identification:_identify(src/fire_platform_3) by extensions ['colcon_meta']
[0.462s] Level 1:colcon.colcon_core.package_identification:_identify(src/fire_platform_3) by extension 'colcon_meta'
[0.462s] Level 1:colcon.colcon_core.package_identification:_identify(src/fire_platform_3) by extensions ['ros']
[0.462s] Level 1:colcon.colcon_core.package_identification:_identify(src/fire_platform_3) by extension 'ros'
[0.463s] DEBUG:colcon.colcon_core.package_identification:Package 'src/fire_platform_3' with type 'ros.ament_python' and name 'fire_platform_3'
[0.464s] Level 1:colcon.colcon_core.package_identification:_identify(src/fire_tracker) by extensions ['ignore', 'ignore_ament_install']
[0.464s] Level 1:colcon.colcon_core.package_identification:_identify(src/fire_tracker) by extension 'ignore'
[0.464s] Level 1:colcon.colcon_core.package_identification:_identify(src/fire_tracker) by extension 'ignore_ament_install'
[0.464s] Level 1:colcon.colcon_core.package_identification:_identify(src/fire_tracker) by extensions ['colcon_pkg']
[0.464s] Level 1:colcon.colcon_core.package_identification:_identify(src/fire_tracker) by extension 'colcon_pkg'
[0.464s] Level 1:colcon.colcon_core.package_identification:_identify(src/fire_tracker) by extensions ['colcon_meta']
[0.464s] Level 1:colcon.colcon_core.package_identification:_identify(src/fire_tracker) by extension 'colcon_meta'
[0.464s] Level 1:colcon.colcon_core.package_identification:_identify(src/fire_tracker) by extensions ['ros']
[0.464s] Level 1:colcon.colcon_core.package_identification:_identify(src/fire_tracker) by extension 'ros'
[0.465s] DEBUG:colcon.colcon_core.package_identification:Package 'src/fire_tracker' with type 'ros.ament_python' and name 'fire_tracker'
[0.466s] Level 1:colcon.colcon_core.package_identification:_identify(src/scan_platform) by extensions ['ignore', 'ignore_ament_install']
[0.466s] Level 1:colcon.colcon_core.package_identification:_identify(src/scan_platform) by extension 'ignore'
[0.466s] Level 1:colcon.colcon_core.package_identification:_identify(src/scan_platform) by extension 'ignore_ament_install'
[0.466s] Level 1:colcon.colcon_core.package_identification:_identify(src/scan_platform) by extensions ['colcon_pkg']
[0.466s] Level 1:colcon.colcon_core.package_identification:_identify(src/scan_platform) by extension 'colcon_pkg'
[0.466s] Level 1:colcon.colcon_core.package_identification:_identify(src/scan_platform) by extensions ['colcon_meta']
[0.466s] Level 1:colcon.colcon_core.package_identification:_identify(src/scan_platform) by extension 'colcon_meta'
[0.466s] Level 1:colcon.colcon_core.package_identification:_identify(src/scan_platform) by extensions ['ros']
[0.466s] Level 1:colcon.colcon_core.package_identification:_identify(src/scan_platform) by extension 'ros'
[0.468s] DEBUG:colcon.colcon_core.package_identification:Package 'src/scan_platform' with type 'ros.ament_python' and name 'scan_platform'
[0.468s] Level 1:colcon.colcon_core.package_discovery:discover_packages(recursive) using defaults
[0.468s] Level 1:colcon.colcon_core.package_discovery:discover_packages(ignore) discover
[0.468s] Level 1:colcon.colcon_core.package_discovery:discover_packages(ignore) using defaults
[0.468s] Level 1:colcon.colcon_core.package_discovery:discover_packages(path) discover
[0.468s] Level 1:colcon.colcon_core.package_discovery:discover_packages(path) using defaults
[0.500s] Level 5:colcon.colcon_core.verb:set package 'battle_interfaces' build argument 'cmake_args' from command line to 'None'
[0.500s] Level 5:colcon.colcon_core.verb:set package 'battle_interfaces' build argument 'cmake_target' from command line to 'None'
[0.500s] Level 5:colcon.colcon_core.verb:set package 'battle_interfaces' build argument 'cmake_target_skip_unavailable' from command line to 'False'
[0.500s] Level 5:colcon.colcon_core.verb:set package 'battle_interfaces' build argument 'cmake_clean_cache' from command line to 'False'
[0.500s] Level 5:colcon.colcon_core.verb:set package 'battle_interfaces' build argument 'cmake_clean_first' from command line to 'False'
[0.500s] Level 5:colcon.colcon_core.verb:set package 'battle_interfaces' build argument 'cmake_force_configure' from command line to 'False'
[0.500s] Level 5:colcon.colcon_core.verb:set package 'battle_interfaces' build argument 'ament_cmake_args' from command line to 'None'
[0.500s] Level 5:colcon.colcon_core.verb:set package 'battle_interfaces' build argument 'catkin_cmake_args' from command line to 'None'
[0.500s] Level 5:colcon.colcon_core.verb:set package 'battle_interfaces' build argument 'catkin_skip_building_tests' from command line to 'False'
[0.500s] DEBUG:colcon.colcon_core.verb:Building package 'battle_interfaces' with the following arguments: {'ament_cmake_args': None, 'build_base': '/home/willi/battle_ws/build/battle_interfaces', 'catkin_cmake_args': None, 'catkin_skip_building_tests': False, 'cmake_args': None, 'cmake_clean_cache': False, 'cmake_clean_first': False, 'cmake_force_configure': False, 'cmake_target': None, 'cmake_target_skip_unavailable': False, 'install_base': '/home/willi/battle_ws/install/battle_interfaces', 'merge_install': False, 'path': '/home/willi/battle_ws/src/battle_interfaces', 'symlink_install': True, 'test_result_base': None}
[0.501s] Level 5:colcon.colcon_core.verb:set package 'command_center' build argument 'cmake_args' from command line to 'None'
[0.501s] Level 5:colcon.colcon_core.verb:set package 'command_center' build argument 'cmake_target' from command line to 'None'
[0.501s] Level 5:colcon.colcon_core.verb:set package 'command_center' build argument 'cmake_target_skip_unavailable' from command line to 'False'
[0.501s] Level 5:colcon.colcon_core.verb:set package 'command_center' build argument 'cmake_clean_cache' from command line to 'False'
[0.501s] Level 5:colcon.colcon_core.verb:set package 'command_center' build argument 'cmake_clean_first' from command line to 'False'
[0.501s] Level 5:colcon.colcon_core.verb:set package 'command_center' build argument 'cmake_force_configure' from command line to 'False'
[0.501s] Level 5:colcon.colcon_core.verb:set package 'command_center' build argument 'ament_cmake_args' from command line to 'None'
[0.501s] Level 5:colcon.colcon_core.verb:set package 'command_center' build argument 'catkin_cmake_args' from command line to 'None'
[0.501s] Level 5:colcon.colcon_core.verb:set package 'command_center' build argument 'catkin_skip_building_tests' from command line to 'False'
[0.501s] DEBUG:colcon.colcon_core.verb:Building package 'command_center' with the following arguments: {'ament_cmake_args': None, 'build_base': '/home/willi/battle_ws/build/command_center', 'catkin_cmake_args': None, 'catkin_skip_building_tests': False, 'cmake_args': None, 'cmake_clean_cache': False, 'cmake_clean_first': False, 'cmake_force_configure': False, 'cmake_target': None, 'cmake_target_skip_unavailable': False, 'install_base': '/home/willi/battle_ws/install/command_center', 'merge_install': False, 'path': '/home/willi/battle_ws/src/command_center', 'symlink_install': True, 'test_result_base': None}
[0.502s] Level 5:colcon.colcon_core.verb:set package 'fire_platform' build argument 'cmake_args' from command line to 'None'
[0.502s] Level 5:colcon.colcon_core.verb:set package 'fire_platform' build argument 'cmake_target' from command line to 'None'
[0.502s] Level 5:colcon.colcon_core.verb:set package 'fire_platform' build argument 'cmake_target_skip_unavailable' from command line to 'False'
[0.502s] Level 5:colcon.colcon_core.verb:set package 'fire_platform' build argument 'cmake_clean_cache' from command line to 'False'
[0.502s] Level 5:colcon.colcon_core.verb:set package 'fire_platform' build argument 'cmake_clean_first' from command line to 'False'
[0.502s] Level 5:colcon.colcon_core.verb:set package 'fire_platform' build argument 'cmake_force_configure' from command line to 'False'
[0.502s] Level 5:colcon.colcon_core.verb:set package 'fire_platform' build argument 'ament_cmake_args' from command line to 'None'
[0.502s] Level 5:colcon.colcon_core.verb:set package 'fire_platform' build argument 'catkin_cmake_args' from command line to 'None'
[0.502s] Level 5:colcon.colcon_core.verb:set package 'fire_platform' build argument 'catkin_skip_building_tests' from command line to 'False'
[0.502s] DEBUG:colcon.colcon_core.verb:Building package 'fire_platform' with the following arguments: {'ament_cmake_args': None, 'build_base': '/home/willi/battle_ws/build/fire_platform', 'catkin_cmake_args': None, 'catkin_skip_building_tests': False, 'cmake_args': None, 'cmake_clean_cache': False, 'cmake_clean_first': False, 'cmake_force_configure': False, 'cmake_target': None, 'cmake_target_skip_unavailable': False, 'install_base': '/home/willi/battle_ws/install/fire_platform', 'merge_install': False, 'path': '/home/willi/battle_ws/src/fire_platform', 'symlink_install': True, 'test_result_base': None}
[0.503s] Level 5:colcon.colcon_core.verb:set package 'fire_platform_3' build argument 'cmake_args' from command line to 'None'
[0.503s] Level 5:colcon.colcon_core.verb:set package 'fire_platform_3' build argument 'cmake_target' from command line to 'None'
[0.503s] Level 5:colcon.colcon_core.verb:set package 'fire_platform_3' build argument 'cmake_target_skip_unavailable' from command line to 'False'
[0.503s] Level 5:colcon.colcon_core.verb:set package 'fire_platform_3' build argument 'cmake_clean_cache' from command line to 'False'
[0.503s] Level 5:colcon.colcon_core.verb:set package 'fire_platform_3' build argument 'cmake_clean_first' from command line to 'False'
[0.503s] Level 5:colcon.colcon_core.verb:set package 'fire_platform_3' build argument 'cmake_force_configure' from command line to 'False'
[0.503s] Level 5:colcon.colcon_core.verb:set package 'fire_platform_3' build argument 'ament_cmake_args' from command line to 'None'
[0.503s] Level 5:colcon.colcon_core.verb:set package 'fire_platform_3' build argument 'catkin_cmake_args' from command line to 'None'
[0.503s] Level 5:colcon.colcon_core.verb:set package 'fire_platform_3' build argument 'catkin_skip_building_tests' from command line to 'False'
[0.503s] DEBUG:colcon.colcon_core.verb:Building package 'fire_platform_3' with the following arguments: {'ament_cmake_args': None, 'build_base': '/home/willi/battle_ws/build/fire_platform_3', 'catkin_cmake_args': None, 'catkin_skip_building_tests': False, 'cmake_args': None, 'cmake_clean_cache': False, 'cmake_clean_first': False, 'cmake_force_configure': False, 'cmake_target': None, 'cmake_target_skip_unavailable': False, 'install_base': '/home/willi/battle_ws/install/fire_platform_3', 'merge_install': False, 'path': '/home/willi/battle_ws/src/fire_platform_3', 'symlink_install': True, 'test_result_base': None}
[0.503s] Level 5:colcon.colcon_core.verb:set package 'fire_tracker' build argument 'cmake_args' from command line to 'None'
[0.504s] Level 5:colcon.colcon_core.verb:set package 'fire_tracker' build argument 'cmake_target' from command line to 'None'
[0.504s] Level 5:colcon.colcon_core.verb:set package 'fire_tracker' build argument 'cmake_target_skip_unavailable' from command line to 'False'
[0.504s] Level 5:colcon.colcon_core.verb:set package 'fire_tracker' build argument 'cmake_clean_cache' from command line to 'False'
[0.504s] Level 5:colcon.colcon_core.verb:set package 'fire_tracker' build argument 'cmake_clean_first' from command line to 'False'
[0.504s] Level 5:colcon.colcon_core.verb:set package 'fire_tracker' build argument 'cmake_force_configure' from command line to 'False'
[0.504s] Level 5:colcon.colcon_core.verb:set package 'fire_tracker' build argument 'ament_cmake_args' from command line to 'None'
[0.504s] Level 5:colcon.colcon_core.verb:set package 'fire_tracker' build argument 'catkin_cmake_args' from command line to 'None'
[0.504s] Level 5:colcon.colcon_core.verb:set package 'fire_tracker' build argument 'catkin_skip_building_tests' from command line to 'False'
[0.504s] DEBUG:colcon.colcon_core.verb:Building package 'fire_tracker' with the following arguments: {'ament_cmake_args': None, 'build_base': '/home/willi/battle_ws/build/fire_tracker', 'catkin_cmake_args': None, 'catkin_skip_building_tests': False, 'cmake_args': None, 'cmake_clean_cache': False, 'cmake_clean_first': False, 'cmake_force_configure': False, 'cmake_target': None, 'cmake_target_skip_unavailable': False, 'install_base': '/home/willi/battle_ws/install/fire_tracker', 'merge_install': False, 'path': '/home/willi/battle_ws/src/fire_tracker', 'symlink_install': True, 'test_result_base': None}
[0.504s] Level 5:colcon.colcon_core.verb:set package 'scan_platform' build argument 'cmake_args' from command line to 'None'
[0.504s] Level 5:colcon.colcon_core.verb:set package 'scan_platform' build argument 'cmake_target' from command line to 'None'
[0.504s] Level 5:colcon.colcon_core.verb:set package 'scan_platform' build argument 'cmake_target_skip_unavailable' from command line to 'False'
[0.504s] Level 5:colcon.colcon_core.verb:set package 'scan_platform' build argument 'cmake_clean_cache' from command line to 'False'
[0.505s] Level 5:colcon.colcon_core.verb:set package 'scan_platform' build argument 'cmake_clean_first' from command line to 'False'
[0.505s] Level 5:colcon.colcon_core.verb:set package 'scan_platform' build argument 'cmake_force_configure' from command line to 'False'
[0.505s] Level 5:colcon.colcon_core.verb:set package 'scan_platform' build argument 'ament_cmake_args' from command line to 'None'
[0.505s] Level 5:colcon.colcon_core.verb:set package 'scan_platform' build argument 'catkin_cmake_args' from command line to 'None'
[0.505s] Level 5:colcon.colcon_core.verb:set package 'scan_platform' build argument 'catkin_skip_building_tests' from command line to 'False'
[0.505s] DEBUG:colcon.colcon_core.verb:Building package 'scan_platform' with the following arguments: {'ament_cmake_args': None, 'build_base': '/home/willi/battle_ws/build/scan_platform', 'catkin_cmake_args': None, 'catkin_skip_building_tests': False, 'cmake_args': None, 'cmake_clean_cache': False, 'cmake_clean_first': False, 'cmake_force_configure': False, 'cmake_target': None, 'cmake_target_skip_unavailable': False, 'install_base': '/home/willi/battle_ws/install/scan_platform', 'merge_install': False, 'path': '/home/willi/battle_ws/src/scan_platform', 'symlink_install': True, 'test_result_base': None}
[0.505s] INFO:colcon.colcon_core.executor:Executing jobs using 'parallel' executor
[0.507s] DEBUG:colcon.colcon_parallel_executor.executor.parallel:run_until_complete
[0.507s] INFO:colcon.colcon_ros.task.ament_cmake.build:Building ROS package in '/home/willi/battle_ws/src/battle_interfaces' with build type 'ament_cmake'
[0.508s] INFO:colcon.colcon_cmake.task.cmake.build:Building CMake package in '/home/willi/battle_ws/src/battle_interfaces'
[0.511s] INFO:colcon.colcon_core.plugin_system:Skipping extension 'colcon_core.shell.bat': Not used on non-Windows systems
[0.512s] INFO:colcon.colcon_core.shell:Skip shell extension 'powershell' for command environment: Not usable outside of PowerShell
[0.512s] DEBUG:colcon.colcon_core.shell:Skip shell extension 'dsv' for command environment
[0.531s] DEBUG:colcon.colcon_core.event_handler.log_command:Invoking command in '/home/willi/battle_ws/build/battle_interfaces': CMAKE_PREFIX_PATH=/opt/ros/humble VIRTUAL_ENV_PROMPT=(.ci-test-env) /usr/bin/cmake /home/willi/battle_ws/src/battle_interfaces -DAMENT_CMAKE_SYMLINK_INSTALL=1 -DCMAKE_INSTALL_PREFIX=/home/willi/battle_ws/install/battle_interfaces
[4.737s] DEBUG:colcon.colcon_core.event_handler.log_command:Invoked command in '/home/willi/battle_ws/build/battle_interfaces' returned '0': CMAKE_PREFIX_PATH=/opt/ros/humble VIRTUAL_ENV_PROMPT=(.ci-test-env) /usr/bin/cmake /home/willi/battle_ws/src/battle_interfaces -DAMENT_CMAKE_SYMLINK_INSTALL=1 -DCMAKE_INSTALL_PREFIX=/home/willi/battle_ws/install/battle_interfaces
[4.740s] DEBUG:colcon.colcon_core.event_handler.log_command:Invoking command in '/home/willi/battle_ws/build/battle_interfaces': CMAKE_PREFIX_PATH=/opt/ros/humble VIRTUAL_ENV_PROMPT=(.ci-test-env) /usr/bin/cmake --build /home/willi/battle_ws/build/battle_interfaces -- -j4 -l4
[19.245s] DEBUG:colcon.colcon_core.event_handler.log_command:Invoked command in '/home/willi/battle_ws/build/battle_interfaces' returned '0': CMAKE_PREFIX_PATH=/opt/ros/humble VIRTUAL_ENV_PROMPT=(.ci-test-env) /usr/bin/cmake --build /home/willi/battle_ws/build/battle_interfaces -- -j4 -l4
[19.264s] DEBUG:colcon.colcon_core.event_handler.log_command:Invoking command in '/home/willi/battle_ws/build/battle_interfaces': CMAKE_PREFIX_PATH=/opt/ros/humble VIRTUAL_ENV_PROMPT=(.ci-test-env) /usr/bin/cmake --install /home/willi/battle_ws/build/battle_interfaces
[21.041s] Level 1:colcon.colcon_core.environment:create_environment_scripts_only(battle_interfaces)
[21.043s] DEBUG:colcon.colcon_core.event_handler.log_command:Invoked command in '/home/willi/battle_ws/build/battle_interfaces' returned '0': CMAKE_PREFIX_PATH=/opt/ros/humble VIRTUAL_ENV_PROMPT=(.ci-test-env) /usr/bin/cmake --install /home/willi/battle_ws/build/battle_interfaces
[21.050s] Level 1:colcon.colcon_core.environment:checking '/home/willi/battle_ws/install/battle_interfaces' for CMake module files
[21.052s] Level 1:colcon.colcon_core.environment:checking '/home/willi/battle_ws/install/battle_interfaces' for CMake config files
[21.055s] Level 1:colcon.colcon_core.shell:create_environment_hook('battle_interfaces', 'cmake_prefix_path')
[21.057s] INFO:colcon.colcon_core.shell:Creating environment hook '/home/willi/battle_ws/install/battle_interfaces/share/battle_interfaces/hook/cmake_prefix_path.ps1'
[21.059s] INFO:colcon.colcon_core.shell:Creating environment descriptor '/home/willi/battle_ws/install/battle_interfaces/share/battle_interfaces/hook/cmake_prefix_path.dsv'
[21.060s] INFO:colcon.colcon_core.shell:Creating environment hook '/home/willi/battle_ws/install/battle_interfaces/share/battle_interfaces/hook/cmake_prefix_path.sh'
[21.061s] Level 1:colcon.colcon_core.environment:checking '/home/willi/battle_ws/install/battle_interfaces/lib'
[21.062s] Level 1:colcon.colcon_core.shell:create_environment_hook('battle_interfaces', 'ld_library_path_lib')
[21.062s] INFO:colcon.colcon_core.shell:Creating environment hook '/home/willi/battle_ws/install/battle_interfaces/share/battle_interfaces/hook/ld_library_path_lib.ps1'
[21.063s] INFO:colcon.colcon_core.shell:Creating environment descriptor '/home/willi/battle_ws/install/battle_interfaces/share/battle_interfaces/hook/ld_library_path_lib.dsv'
[21.064s] INFO:colcon.colcon_core.shell:Creating environment hook '/home/willi/battle_ws/install/battle_interfaces/share/battle_interfaces/hook/ld_library_path_lib.sh'
[21.065s] Level 1:colcon.colcon_core.environment:checking '/home/willi/battle_ws/install/battle_interfaces/bin'
[21.065s] Level 1:colcon.colcon_core.environment:checking '/home/willi/battle_ws/install/battle_interfaces/lib/pkgconfig/battle_interfaces.pc'
[21.067s] Level 1:colcon.colcon_core.environment:checking '/home/willi/battle_ws/install/battle_interfaces/lib/python3.10/site-packages'
[21.067s] Level 1:colcon.colcon_core.shell:create_environment_hook('battle_interfaces', 'pythonpath')
[21.068s] INFO:colcon.colcon_core.shell:Creating environment hook '/home/willi/battle_ws/install/battle_interfaces/share/battle_interfaces/hook/pythonpath.ps1'
[21.069s] INFO:colcon.colcon_core.shell:Creating environment descriptor '/home/willi/battle_ws/install/battle_interfaces/share/battle_interfaces/hook/pythonpath.dsv'
[21.069s] INFO:colcon.colcon_core.shell:Creating environment hook '/home/willi/battle_ws/install/battle_interfaces/share/battle_interfaces/hook/pythonpath.sh'
[21.070s] Level 1:colcon.colcon_core.environment:checking '/home/willi/battle_ws/install/battle_interfaces/bin'
[21.071s] INFO:colcon.colcon_core.shell:Creating package script '/home/willi/battle_ws/install/battle_interfaces/share/battle_interfaces/package.ps1'
[21.074s] INFO:colcon.colcon_core.shell:Creating package descriptor '/home/willi/battle_ws/install/battle_interfaces/share/battle_interfaces/package.dsv'
[21.075s] INFO:colcon.colcon_core.shell:Creating package script '/home/willi/battle_ws/install/battle_interfaces/share/battle_interfaces/package.sh'
[21.078s] INFO:colcon.colcon_core.shell:Creating package script '/home/willi/battle_ws/install/battle_interfaces/share/battle_interfaces/package.bash'
[21.079s] INFO:colcon.colcon_core.shell:Creating package script '/home/willi/battle_ws/install/battle_interfaces/share/battle_interfaces/package.zsh'
[21.080s] Level 1:colcon.colcon_core.environment:create_file_with_runtime_dependencies(/home/willi/battle_ws/install/battle_interfaces/share/colcon-core/packages/battle_interfaces)
[21.081s] Level 1:colcon.colcon_core.environment:create_environment_scripts_only(battle_interfaces)
[21.081s] Level 1:colcon.colcon_core.environment:checking '/home/willi/battle_ws/install/battle_interfaces' for CMake module files
[21.082s] Level 1:colcon.colcon_core.environment:checking '/home/willi/battle_ws/install/battle_interfaces' for CMake config files
[21.084s] Level 1:colcon.colcon_core.shell:create_environment_hook('battle_interfaces', 'cmake_prefix_path')
[21.084s] INFO:colcon.colcon_core.shell:Creating environment hook '/home/willi/battle_ws/install/battle_interfaces/share/battle_interfaces/hook/cmake_prefix_path.ps1'
[21.085s] INFO:colcon.colcon_core.shell:Creating environment descriptor '/home/willi/battle_ws/install/battle_interfaces/share/battle_interfaces/hook/cmake_prefix_path.dsv'
[21.086s] INFO:colcon.colcon_core.shell:Creating environment hook '/home/willi/battle_ws/install/battle_interfaces/share/battle_interfaces/hook/cmake_prefix_path.sh'
[21.087s] Level 1:colcon.colcon_core.environment:checking '/home/willi/battle_ws/install/battle_interfaces/lib'
[21.087s] Level 1:colcon.colcon_core.shell:create_environment_hook('battle_interfaces', 'ld_library_path_lib')
[21.087s] INFO:colcon.colcon_core.shell:Creating environment hook '/home/willi/battle_ws/install/battle_interfaces/share/battle_interfaces/hook/ld_library_path_lib.ps1'
[21.088s] INFO:colcon.colcon_core.shell:Creating environment descriptor '/home/willi/battle_ws/install/battle_interfaces/share/battle_interfaces/hook/ld_library_path_lib.dsv'
[21.088s] INFO:colcon.colcon_core.shell:Creating environment hook '/home/willi/battle_ws/install/battle_interfaces/share/battle_interfaces/hook/ld_library_path_lib.sh'
[21.089s] Level 1:colcon.colcon_core.environment:checking '/home/willi/battle_ws/install/battle_interfaces/bin'
[21.089s] Level 1:colcon.colcon_core.environment:checking '/home/willi/battle_ws/install/battle_interfaces/lib/pkgconfig/battle_interfaces.pc'
[21.089s] Level 1:colcon.colcon_core.environment:checking '/home/willi/battle_ws/install/battle_interfaces/lib/python3.10/site-packages'
[21.089s] Level 1:colcon.colcon_core.shell:create_environment_hook('battle_interfaces', 'pythonpath')
[21.090s] INFO:colcon.colcon_core.shell:Creating environment hook '/home/willi/battle_ws/install/battle_interfaces/share/battle_interfaces/hook/pythonpath.ps1'
[21.091s] INFO:colcon.colcon_core.shell:Creating environment descriptor '/home/willi/battle_ws/install/battle_interfaces/share/battle_interfaces/hook/pythonpath.dsv'
[21.092s] INFO:colcon.colcon_core.shell:Creating environment hook '/home/willi/battle_ws/install/battle_interfaces/share/battle_interfaces/hook/pythonpath.sh'
[21.092s] Level 1:colcon.colcon_core.environment:checking '/home/willi/battle_ws/install/battle_interfaces/bin'
[21.093s] INFO:colcon.colcon_core.shell:Creating package script '/home/willi/battle_ws/install/battle_interfaces/share/battle_interfaces/package.ps1'
[21.094s] INFO:colcon.colcon_core.shell:Creating package descriptor '/home/willi/battle_ws/install/battle_interfaces/share/battle_interfaces/package.dsv'
[21.095s] INFO:colcon.colcon_core.shell:Creating package script '/home/willi/battle_ws/install/battle_interfaces/share/battle_interfaces/package.sh'
[21.095s] INFO:colcon.colcon_core.shell:Creating package script '/home/willi/battle_ws/install/battle_interfaces/share/battle_interfaces/package.bash'
[21.096s] INFO:colcon.colcon_core.shell:Creating package script '/home/willi/battle_ws/install/battle_interfaces/share/battle_interfaces/package.zsh'
[21.097s] Level 1:colcon.colcon_core.environment:create_file_with_runtime_dependencies(/home/willi/battle_ws/install/battle_interfaces/share/colcon-core/packages/battle_interfaces)
[21.097s] INFO:colcon.colcon_ros.task.ament_python.build:Building ROS package in '/home/willi/battle_ws/src/command_center' with build type 'ament_python'
[21.097s] Level 1:colcon.colcon_core.shell:create_environment_hook('command_center', 'ament_prefix_path')
[21.098s] INFO:colcon.colcon_core.shell:Creating environment hook '/home/willi/battle_ws/install/command_center/share/command_center/hook/ament_prefix_path.ps1'
[21.100s] INFO:colcon.colcon_core.shell:Creating environment descriptor '/home/willi/battle_ws/install/command_center/share/command_center/hook/ament_prefix_path.dsv'
[21.102s] INFO:colcon.colcon_core.shell:Creating environment hook '/home/willi/battle_ws/install/command_center/share/command_center/hook/ament_prefix_path.sh'
[21.103s] INFO:colcon.colcon_core.shell:Skip shell extension 'powershell' for command environment: Not usable outside of PowerShell
[21.103s] DEBUG:colcon.colcon_core.shell:Skip shell extension 'dsv' for command environment
[21.110s] INFO:colcon.colcon_ros.task.ament_python.build:Building ROS package in '/home/willi/battle_ws/src/fire_platform' with build type 'ament_python'
[21.110s] Level 1:colcon.colcon_core.shell:create_environment_hook('fire_platform', 'ament_prefix_path')
[21.111s] INFO:colcon.colcon_core.shell:Creating environment hook '/home/willi/battle_ws/install/fire_platform/share/fire_platform/hook/ament_prefix_path.ps1'
[21.112s] INFO:colcon.colcon_core.shell:Creating environment descriptor '/home/willi/battle_ws/install/fire_platform/share/fire_platform/hook/ament_prefix_path.dsv'
[21.113s] INFO:colcon.colcon_core.shell:Creating environment hook '/home/willi/battle_ws/install/fire_platform/share/fire_platform/hook/ament_prefix_path.sh'
[21.113s] INFO:colcon.colcon_core.shell:Skip shell extension 'powershell' for command environment: Not usable outside of PowerShell
[21.114s] DEBUG:colcon.colcon_core.shell:Skip shell extension 'dsv' for command environment
[21.120s] INFO:colcon.colcon_ros.task.ament_python.build:Building ROS package in '/home/willi/battle_ws/src/fire_platform_3' with build type 'ament_python'
[21.120s] Level 1:colcon.colcon_core.shell:create_environment_hook('fire_platform_3', 'ament_prefix_path')
[21.121s] INFO:colcon.colcon_core.shell:Creating environment hook '/home/willi/battle_ws/install/fire_platform_3/share/fire_platform_3/hook/ament_prefix_path.ps1'
[21.122s] INFO:colcon.colcon_core.shell:Creating environment descriptor '/home/willi/battle_ws/install/fire_platform_3/share/fire_platform_3/hook/ament_prefix_path.dsv'
[21.124s] INFO:colcon.colcon_core.shell:Creating environment hook '/home/willi/battle_ws/install/fire_platform_3/share/fire_platform_3/hook/ament_prefix_path.sh'
[21.125s] INFO:colcon.colcon_core.shell:Skip shell extension 'powershell' for command environment: Not usable outside of PowerShell
[21.125s] DEBUG:colcon.colcon_core.shell:Skip shell extension 'dsv' for command environment
[21.153s] INFO:colcon.colcon_ros.task.ament_python.build:Building ROS package in '/home/willi/battle_ws/src/fire_tracker' with build type 'ament_python'
[21.155s] Level 1:colcon.colcon_core.shell:create_environment_hook('fire_tracker', 'ament_prefix_path')
[21.156s] INFO:colcon.colcon_core.shell:Creating environment hook '/home/willi/battle_ws/install/fire_tracker/share/fire_tracker/hook/ament_prefix_path.ps1'
[21.158s] INFO:colcon.colcon_core.shell:Creating environment descriptor '/home/willi/battle_ws/install/fire_tracker/share/fire_tracker/hook/ament_prefix_path.dsv'
[21.159s] INFO:colcon.colcon_core.shell:Creating environment hook '/home/willi/battle_ws/install/fire_tracker/share/fire_tracker/hook/ament_prefix_path.sh'
[21.161s] INFO:colcon.colcon_core.shell:Skip shell extension 'powershell' for command environment: Not usable outside of PowerShell
[21.161s] DEBUG:colcon.colcon_core.shell:Skip shell extension 'dsv' for command environment
[21.601s] INFO:colcon.colcon_core.task.python.build:Building Python package in '/home/willi/battle_ws/src/command_center'
[21.601s] INFO:colcon.colcon_core.shell:Skip shell extension 'powershell' for command environment: Not usable outside of PowerShell
[21.601s] DEBUG:colcon.colcon_core.shell:Skip shell extension 'dsv' for command environment
[22.089s] INFO:colcon.colcon_core.task.python.build:Building Python package in '/home/willi/battle_ws/src/fire_platform'
[22.090s] INFO:colcon.colcon_core.shell:Skip shell extension 'powershell' for command environment: Not usable outside of PowerShell
[22.090s] DEBUG:colcon.colcon_core.shell:Skip shell extension 'dsv' for command environment
[22.513s] INFO:colcon.colcon_core.task.python.build:Building Python package in '/home/willi/battle_ws/src/fire_platform_3'
[22.514s] INFO:colcon.colcon_core.shell:Skip shell extension 'powershell' for command environment: Not usable outside of PowerShell
[22.514s] DEBUG:colcon.colcon_core.shell:Skip shell extension 'dsv' for command environment
[22.928s] INFO:colcon.colcon_core.task.python.build:Building Python package in '/home/willi/battle_ws/src/fire_tracker'
[22.929s] INFO:colcon.colcon_core.shell:Skip shell extension 'powershell' for command environment: Not usable outside of PowerShell
[22.929s] DEBUG:colcon.colcon_core.shell:Skip shell extension 'dsv' for command environment
[23.932s] DEBUG:colcon.colcon_core.event_handler.log_command:Invoking command in '/home/willi/battle_ws/build/command_center': AMENT_PREFIX_PATH=/home/willi/battle_ws/install/battle_interfaces:${AMENT_PREFIX_PATH} CMAKE_PREFIX_PATH=/home/willi/battle_ws/install/battle_interfaces LD_LIBRARY_PATH=/home/willi/battle_ws/install/battle_interfaces/lib:${LD_LIBRARY_PATH} PYTHONPATH=/home/willi/battle_ws/build/command_center/prefix_override:/home/willi/battle_ws/.ci-test-env/lib/python3.10/site-packages/colcon_core/task/python/colcon_distutils_commands:/home/willi/battle_ws/install/command_center/lib/python3.10/site-packages:/home/willi/battle_ws/install/battle_interfaces/lib/python3.10/site-packages:${PYTHONPATH} VIRTUAL_ENV_PROMPT=(.ci-test-env) /home/willi/battle_ws/.ci-test-env/bin/python3 -W ignore:setup.py install is deprecated -W ignore:easy_install command is deprecated setup.py develop --editable --build-directory /home/willi/battle_ws/build/command_center/build --no-deps symlink_data
[23.955s] DEBUG:colcon.colcon_core.event_handler.log_command:Invoking command in '/home/willi/battle_ws/build/fire_platform': AMENT_PREFIX_PATH=/home/willi/battle_ws/install/battle_interfaces:${AMENT_PREFIX_PATH} CMAKE_PREFIX_PATH=/home/willi/battle_ws/install/battle_interfaces LD_LIBRARY_PATH=/home/willi/battle_ws/install/battle_interfaces/lib:${LD_LIBRARY_PATH} PYTHONPATH=/home/willi/battle_ws/build/fire_platform/prefix_override:/home/willi/battle_ws/.ci-test-env/lib/python3.10/site-packages/colcon_core/task/python/colcon_distutils_commands:/home/willi/battle_ws/install/fire_platform/lib/python3.10/site-packages:/home/willi/battle_ws/install/battle_interfaces/lib/python3.10/site-packages:${PYTHONPATH} VIRTUAL_ENV_PROMPT=(.ci-test-env) /home/willi/battle_ws/.ci-test-env/bin/python3 -W ignore:setup.py install is deprecated -W ignore:easy_install command is deprecated setup.py develop --editable --build-directory /home/willi/battle_ws/build/fire_platform/build --no-deps symlink_data
[24.112s] DEBUG:colcon.colcon_core.event_handler.log_command:Invoking command in '/home/willi/battle_ws/build/fire_tracker': AMENT_PREFIX_PATH=/home/willi/battle_ws/install/battle_interfaces:${AMENT_PREFIX_PATH} CMAKE_PREFIX_PATH=/home/willi/battle_ws/install/battle_interfaces LD_LIBRARY_PATH=/home/willi/battle_ws/install/battle_interfaces/lib:${LD_LIBRARY_PATH} PYTHONPATH=/home/willi/battle_ws/build/fire_tracker/prefix_override:/home/willi/battle_ws/.ci-test-env/lib/python3.10/site-packages/colcon_core/task/python/colcon_distutils_commands:/home/willi/battle_ws/install/fire_tracker/lib/python3.10/site-packages:/home/willi/battle_ws/install/battle_interfaces/lib/python3.10/site-packages:${PYTHONPATH} VIRTUAL_ENV_PROMPT=(.ci-test-env) /home/willi/battle_ws/.ci-test-env/bin/python3 -W ignore:setup.py install is deprecated -W ignore:easy_install command is deprecated setup.py develop --editable --build-directory /home/willi/battle_ws/build/fire_tracker/build --no-deps symlink_data
[24.289s] DEBUG:colcon.colcon_core.event_handler.log_command:Invoking command in '/home/willi/battle_ws/build/fire_platform_3': AMENT_PREFIX_PATH=/home/willi/battle_ws/install/battle_interfaces:${AMENT_PREFIX_PATH} CMAKE_PREFIX_PATH=/home/willi/battle_ws/install/battle_interfaces LD_LIBRARY_PATH=/home/willi/battle_ws/install/battle_interfaces/lib:${LD_LIBRARY_PATH} PYTHONPATH=/home/willi/battle_ws/build/fire_platform_3/prefix_override:/home/willi/battle_ws/.ci-test-env/lib/python3.10/site-packages/colcon_core/task/python/colcon_distutils_commands:/home/willi/battle_ws/install/fire_platform_3/lib/python3.10/site-packages:/home/willi/battle_ws/install/battle_interfaces/lib/python3.10/site-packages:${PYTHONPATH} VIRTUAL_ENV_PROMPT=(.ci-test-env) /home/willi/battle_ws/.ci-test-env/bin/python3 -W ignore:setup.py install is deprecated -W ignore:easy_install command is deprecated setup.py develop --editable --build-directory /home/willi/battle_ws/build/fire_platform_3/build --no-deps symlink_data
[25.282s] Level 1:colcon.colcon_core.shell:create_environment_hook('fire_tracker', 'pythonpath_develop')
[25.283s] INFO:colcon.colcon_core.shell:Creating environment hook '/home/willi/battle_ws/build/fire_tracker/share/fire_tracker/hook/pythonpath_develop.ps1'
[25.286s] DEBUG:colcon.colcon_core.event_handler.log_command:Invoked command in '/home/willi/battle_ws/build/fire_tracker' returned '0': AMENT_PREFIX_PATH=/home/willi/battle_ws/install/battle_interfaces:${AMENT_PREFIX_PATH} CMAKE_PREFIX_PATH=/home/willi/battle_ws/install/battle_interfaces LD_LIBRARY_PATH=/home/willi/battle_ws/install/battle_interfaces/lib:${LD_LIBRARY_PATH} PYTHONPATH=/home/willi/battle_ws/build/fire_tracker/prefix_override:/home/willi/battle_ws/.ci-test-env/lib/python3.10/site-packages/colcon_core/task/python/colcon_distutils_commands:/home/willi/battle_ws/install/fire_tracker/lib/python3.10/site-packages:/home/willi/battle_ws/install/battle_interfaces/lib/python3.10/site-packages:${PYTHONPATH} VIRTUAL_ENV_PROMPT=(.ci-test-env) /home/willi/battle_ws/.ci-test-env/bin/python3 -W ignore:setup.py install is deprecated -W ignore:easy_install command is deprecated setup.py develop --editable --build-directory /home/willi/battle_ws/build/fire_tracker/build --no-deps symlink_data
[25.287s] INFO:colcon.colcon_core.shell:Creating environment descriptor '/home/willi/battle_ws/build/fire_tracker/share/fire_tracker/hook/pythonpath_develop.dsv'
[25.290s] INFO:colcon.colcon_core.shell:Creating environment hook '/home/willi/battle_ws/build/fire_tracker/share/fire_tracker/hook/pythonpath_develop.sh'
[25.292s] Level 1:colcon.colcon_core.environment:checking '/home/willi/battle_ws/install/fire_tracker' for CMake module files
[25.298s] Level 1:colcon.colcon_core.environment:checking '/home/willi/battle_ws/install/fire_tracker' for CMake config files
[25.302s] Level 1:colcon.colcon_core.environment:checking '/home/willi/battle_ws/install/fire_tracker/lib'
[25.302s] Level 1:colcon.colcon_core.environment:checking '/home/willi/battle_ws/install/fire_tracker/bin'
[25.302s] Level 1:colcon.colcon_core.environment:checking '/home/willi/battle_ws/install/fire_tracker/lib/pkgconfig/fire_tracker.pc'
[25.303s] Level 1:colcon.colcon_core.environment:checking '/home/willi/battle_ws/install/fire_tracker/lib/python3.10/site-packages'
[25.303s] Level 1:colcon.colcon_core.shell:create_environment_hook('fire_tracker', 'pythonpath')
[25.304s] INFO:colcon.colcon_core.shell:Creating environment hook '/home/willi/battle_ws/install/fire_tracker/share/fire_tracker/hook/pythonpath.ps1'
[25.310s] INFO:colcon.colcon_core.shell:Creating environment descriptor '/home/willi/battle_ws/install/fire_tracker/share/fire_tracker/hook/pythonpath.dsv'
[25.314s] INFO:colcon.colcon_core.shell:Creating environment hook '/home/willi/battle_ws/install/fire_tracker/share/fire_tracker/hook/pythonpath.sh'
[25.321s] Level 1:colcon.colcon_core.environment:checking '/home/willi/battle_ws/install/fire_tracker/bin'
[25.321s] Level 1:colcon.colcon_core.environment:create_environment_scripts_only(fire_tracker)
[25.323s] INFO:colcon.colcon_core.shell:Creating package script '/home/willi/battle_ws/install/fire_tracker/share/fire_tracker/package.ps1'
[25.327s] INFO:colcon.colcon_core.shell:Creating package descriptor '/home/willi/battle_ws/install/fire_tracker/share/fire_tracker/package.dsv'
[25.331s] INFO:colcon.colcon_core.shell:Creating package script '/home/willi/battle_ws/install/fire_tracker/share/fire_tracker/package.sh'
[25.334s] INFO:colcon.colcon_core.shell:Creating package script '/home/willi/battle_ws/install/fire_tracker/share/fire_tracker/package.bash'
[25.335s] INFO:colcon.colcon_core.shell:Creating package script '/home/willi/battle_ws/install/fire_tracker/share/fire_tracker/package.zsh'
[25.339s] Level 1:colcon.colcon_core.environment:create_file_with_runtime_dependencies(/home/willi/battle_ws/install/fire_tracker/share/colcon-core/packages/fire_tracker)
[25.342s] INFO:colcon.colcon_ros.task.ament_python.build:Building ROS package in '/home/willi/battle_ws/src/scan_platform' with build type 'ament_python'
[25.343s] Level 1:colcon.colcon_core.shell:create_environment_hook('scan_platform', 'ament_prefix_path')
[25.343s] INFO:colcon.colcon_core.shell:Creating environment hook '/home/willi/battle_ws/install/scan_platform/share/scan_platform/hook/ament_prefix_path.ps1'
[25.345s] INFO:colcon.colcon_core.shell:Creating environment descriptor '/home/willi/battle_ws/install/scan_platform/share/scan_platform/hook/ament_prefix_path.dsv'
[25.349s] INFO:colcon.colcon_core.shell:Creating environment hook '/home/willi/battle_ws/install/scan_platform/share/scan_platform/hook/ament_prefix_path.sh'
[25.351s] INFO:colcon.colcon_core.shell:Skip shell extension 'powershell' for command environment: Not usable outside of PowerShell
[25.352s] DEBUG:colcon.colcon_core.shell:Skip shell extension 'dsv' for command environment
[26.261s] INFO:colcon.colcon_core.task.python.build:Building Python package in '/home/willi/battle_ws/src/scan_platform'
[26.263s] INFO:colcon.colcon_core.shell:Skip shell extension 'powershell' for command environment: Not usable outside of PowerShell
[26.264s] DEBUG:colcon.colcon_core.shell:Skip shell extension 'dsv' for command environment
[26.281s] Level 1:colcon.colcon_core.shell:create_environment_hook('command_center', 'pythonpath_develop')
[26.282s] INFO:colcon.colcon_core.shell:Creating environment hook '/home/willi/battle_ws/build/command_center/share/command_center/hook/pythonpath_develop.ps1'
[26.286s] DEBUG:colcon.colcon_core.event_handler.log_command:Invoked command in '/home/willi/battle_ws/build/command_center' returned '0': AMENT_PREFIX_PATH=/home/willi/battle_ws/install/battle_interfaces:${AMENT_PREFIX_PATH} CMAKE_PREFIX_PATH=/home/willi/battle_ws/install/battle_interfaces LD_LIBRARY_PATH=/home/willi/battle_ws/install/battle_interfaces/lib:${LD_LIBRARY_PATH} PYTHONPATH=/home/willi/battle_ws/build/command_center/prefix_override:/home/willi/battle_ws/.ci-test-env/lib/python3.10/site-packages/colcon_core/task/python/colcon_distutils_commands:/home/willi/battle_ws/install/command_center/lib/python3.10/site-packages:/home/willi/battle_ws/install/battle_interfaces/lib/python3.10/site-packages:${PYTHONPATH} VIRTUAL_ENV_PROMPT=(.ci-test-env) /home/willi/battle_ws/.ci-test-env/bin/python3 -W ignore:setup.py install is deprecated -W ignore:easy_install command is deprecated setup.py develop --editable --build-directory /home/willi/battle_ws/build/command_center/build --no-deps symlink_data
[26.289s] INFO:colcon.colcon_core.shell:Creating environment descriptor '/home/willi/battle_ws/build/command_center/share/command_center/hook/pythonpath_develop.dsv'
[26.293s] INFO:colcon.colcon_core.shell:Creating environment hook '/home/willi/battle_ws/build/command_center/share/command_center/hook/pythonpath_develop.sh'
[26.297s] Level 1:colcon.colcon_core.environment:checking '/home/willi/battle_ws/install/command_center' for CMake module files
[26.298s] Level 1:colcon.colcon_core.environment:checking '/home/willi/battle_ws/install/command_center' for CMake config files
[26.305s] Level 1:colcon.colcon_core.environment:checking '/home/willi/battle_ws/install/command_center/lib'
[26.308s] Level 1:colcon.colcon_core.environment:checking '/home/willi/battle_ws/install/command_center/bin'
[26.308s] Level 1:colcon.colcon_core.environment:checking '/home/willi/battle_ws/install/command_center/lib/pkgconfig/command_center.pc'
[26.309s] Level 1:colcon.colcon_core.environment:checking '/home/willi/battle_ws/install/command_center/lib/python3.10/site-packages'
[26.310s] Level 1:colcon.colcon_core.shell:create_environment_hook('command_center', 'pythonpath')
[26.310s] INFO:colcon.colcon_core.shell:Creating environment hook '/home/willi/battle_ws/install/command_center/share/command_center/hook/pythonpath.ps1'
[26.313s] INFO:colcon.colcon_core.shell:Creating environment descriptor '/home/willi/battle_ws/install/command_center/share/command_center/hook/pythonpath.dsv'
[26.314s] INFO:colcon.colcon_core.shell:Creating environment hook '/home/willi/battle_ws/install/command_center/share/command_center/hook/pythonpath.sh'
[26.320s] Level 1:colcon.colcon_core.environment:checking '/home/willi/battle_ws/install/command_center/bin'
[26.320s] Level 1:colcon.colcon_core.environment:create_environment_scripts_only(command_center)
[26.322s] INFO:colcon.colcon_core.shell:Creating package script '/home/willi/battle_ws/install/command_center/share/command_center/package.ps1'
[26.323s] INFO:colcon.colcon_core.shell:Creating package descriptor '/home/willi/battle_ws/install/command_center/share/command_center/package.dsv'
[26.327s] INFO:colcon.colcon_core.shell:Creating package script '/home/willi/battle_ws/install/command_center/share/command_center/package.sh'
[26.329s] INFO:colcon.colcon_core.shell:Creating package script '/home/willi/battle_ws/install/command_center/share/command_center/package.bash'
[26.333s] INFO:colcon.colcon_core.shell:Creating package script '/home/willi/battle_ws/install/command_center/share/command_center/package.zsh'
[26.334s] Level 1:colcon.colcon_core.environment:create_file_with_runtime_dependencies(/home/willi/battle_ws/install/command_center/share/colcon-core/packages/command_center)
[26.335s] Level 1:colcon.colcon_core.shell:create_environment_hook('fire_platform', 'pythonpath_develop')
[26.335s] INFO:colcon.colcon_core.shell:Creating environment hook '/home/willi/battle_ws/build/fire_platform/share/fire_platform/hook/pythonpath_develop.ps1'
[26.340s] INFO:colcon.colcon_core.shell:Creating environment descriptor '/home/willi/battle_ws/build/fire_platform/share/fire_platform/hook/pythonpath_develop.dsv'
[26.341s] INFO:colcon.colcon_core.shell:Creating environment hook '/home/willi/battle_ws/build/fire_platform/share/fire_platform/hook/pythonpath_develop.sh'
[26.345s] DEBUG:colcon.colcon_core.event_handler.log_command:Invoked command in '/home/willi/battle_ws/build/fire_platform' returned '0': AMENT_PREFIX_PATH=/home/willi/battle_ws/install/battle_interfaces:${AMENT_PREFIX_PATH} CMAKE_PREFIX_PATH=/home/willi/battle_ws/install/battle_interfaces LD_LIBRARY_PATH=/home/willi/battle_ws/install/battle_interfaces/lib:${LD_LIBRARY_PATH} PYTHONPATH=/home/willi/battle_ws/build/fire_platform/prefix_override:/home/willi/battle_ws/.ci-test-env/lib/python3.10/site-packages/colcon_core/task/python/colcon_distutils_commands:/home/willi/battle_ws/install/fire_platform/lib/python3.10/site-packages:/home/willi/battle_ws/install/battle_interfaces/lib/python3.10/site-packages:${PYTHONPATH} VIRTUAL_ENV_PROMPT=(.ci-test-env) /home/willi/battle_ws/.ci-test-env/bin/python3 -W ignore:setup.py install is deprecated -W ignore:easy_install command is deprecated setup.py develop --editable --build-directory /home/willi/battle_ws/build/fire_platform/build --no-deps symlink_data
[26.346s] Level 1:colcon.colcon_core.environment:checking '/home/willi/battle_ws/install/fire_platform' for CMake module files
[26.347s] Level 1:colcon.colcon_core.environment:checking '/home/willi/battle_ws/install/fire_platform' for CMake config files
[26.348s] Level 1:colcon.colcon_core.environment:checking '/home/willi/battle_ws/install/fire_platform/lib'
[26.349s] Level 1:colcon.colcon_core.environment:checking '/home/willi/battle_ws/install/fire_platform/bin'
[26.349s] Level 1:colcon.colcon_core.environment:checking '/home/willi/battle_ws/install/fire_platform/lib/pkgconfig/fire_platform.pc'
[26.350s] Level 1:colcon.colcon_core.environment:checking '/home/willi/battle_ws/install/fire_platform/lib/python3.10/site-packages'
[26.350s] Level 1:colcon.colcon_core.shell:create_environment_hook('fire_platform', 'pythonpath')
[26.351s] INFO:colcon.colcon_core.shell:Creating environment hook '/home/willi/battle_ws/install/fire_platform/share/fire_platform/hook/pythonpath.ps1'
[26.354s] INFO:colcon.colcon_core.shell:Creating environment descriptor '/home/willi/battle_ws/install/fire_platform/share/fire_platform/hook/pythonpath.dsv'
[26.355s] INFO:colcon.colcon_core.shell:Creating environment hook '/home/willi/battle_ws/install/fire_platform/share/fire_platform/hook/pythonpath.sh'
[26.357s] Level 1:colcon.colcon_core.environment:checking '/home/willi/battle_ws/install/fire_platform/bin'
[26.357s] Level 1:colcon.colcon_core.environment:create_environment_scripts_only(fire_platform)
[26.358s] INFO:colcon.colcon_core.shell:Creating package script '/home/willi/battle_ws/install/fire_platform/share/fire_platform/package.ps1'
[26.362s] INFO:colcon.colcon_core.shell:Creating package descriptor '/home/willi/battle_ws/install/fire_platform/share/fire_platform/package.dsv'
[26.368s] INFO:colcon.colcon_core.shell:Creating package script '/home/willi/battle_ws/install/fire_platform/share/fire_platform/package.sh'
[26.370s] INFO:colcon.colcon_core.shell:Creating package script '/home/willi/battle_ws/install/fire_platform/share/fire_platform/package.bash'
[26.371s] INFO:colcon.colcon_core.shell:Creating package script '/home/willi/battle_ws/install/fire_platform/share/fire_platform/package.zsh'
[26.373s] Level 1:colcon.colcon_core.environment:create_file_with_runtime_dependencies(/home/willi/battle_ws/install/fire_platform/share/colcon-core/packages/fire_platform)
[26.518s] Level 1:colcon.colcon_core.shell:create_environment_hook('fire_platform_3', 'pythonpath_develop')
[26.518s] INFO:colcon.colcon_core.shell:Creating environment hook '/home/willi/battle_ws/build/fire_platform_3/share/fire_platform_3/hook/pythonpath_develop.ps1'
[26.522s] DEBUG:colcon.colcon_core.event_handler.log_command:Invoked command in '/home/willi/battle_ws/build/fire_platform_3' returned '0': AMENT_PREFIX_PATH=/home/willi/battle_ws/install/battle_interfaces:${AMENT_PREFIX_PATH} CMAKE_PREFIX_PATH=/home/willi/battle_ws/install/battle_interfaces LD_LIBRARY_PATH=/home/willi/battle_ws/install/battle_interfaces/lib:${LD_LIBRARY_PATH} PYTHONPATH=/home/willi/battle_ws/build/fire_platform_3/prefix_override:/home/willi/battle_ws/.ci-test-env/lib/python3.10/site-packages/colcon_core/task/python/colcon_distutils_commands:/home/willi/battle_ws/install/fire_platform_3/lib/python3.10/site-packages:/home/willi/battle_ws/install/battle_interfaces/lib/python3.10/site-packages:${PYTHONPATH} VIRTUAL_ENV_PROMPT=(.ci-test-env) /home/willi/battle_ws/.ci-test-env/bin/python3 -W ignore:setup.py install is deprecated -W ignore:easy_install command is deprecated setup.py develop --editable --build-directory /home/willi/battle_ws/build/fire_platform_3/build --no-deps symlink_data
[26.525s] INFO:colcon.colcon_core.shell:Creating environment descriptor '/home/willi/battle_ws/build/fire_platform_3/share/fire_platform_3/hook/pythonpath_develop.dsv'
[26.527s] INFO:colcon.colcon_core.shell:Creating environment hook '/home/willi/battle_ws/build/fire_platform_3/share/fire_platform_3/hook/pythonpath_develop.sh'
[26.531s] Level 1:colcon.colcon_core.environment:checking '/home/willi/battle_ws/install/fire_platform_3' for CMake module files
[26.533s] Level 1:colcon.colcon_core.environment:checking '/home/willi/battle_ws/install/fire_platform_3' for CMake config files
[26.535s] Level 1:colcon.colcon_core.environment:checking '/home/willi/battle_ws/install/fire_platform_3/lib'
[26.535s] Level 1:colcon.colcon_core.environment:checking '/home/willi/battle_ws/install/fire_platform_3/bin'
[26.535s] Level 1:colcon.colcon_core.environment:checking '/home/willi/battle_ws/install/fire_platform_3/lib/pkgconfig/fire_platform_3.pc'
[26.538s] Level 1:colcon.colcon_core.environment:checking '/home/willi/battle_ws/install/fire_platform_3/lib/python3.10/site-packages'
[26.538s] Level 1:colcon.colcon_core.shell:create_environment_hook('fire_platform_3', 'pythonpath')
[26.539s] INFO:colcon.colcon_core.shell:Creating environment hook '/home/willi/battle_ws/install/fire_platform_3/share/fire_platform_3/hook/pythonpath.ps1'
[26.541s] INFO:colcon.colcon_core.shell:Creating environment descriptor '/home/willi/battle_ws/install/fire_platform_3/share/fire_platform_3/hook/pythonpath.dsv'
[26.541s] INFO:colcon.colcon_core.shell:Creating environment hook '/home/willi/battle_ws/install/fire_platform_3/share/fire_platform_3/hook/pythonpath.sh'
[26.543s] Level 1:colcon.colcon_core.environment:checking '/home/willi/battle_ws/install/fire_platform_3/bin'
[26.543s] Level 1:colcon.colcon_core.environment:create_environment_scripts_only(fire_platform_3)
[26.544s] INFO:colcon.colcon_core.shell:Creating package script '/home/willi/battle_ws/install/fire_platform_3/share/fire_platform_3/package.ps1'
[26.546s] INFO:colcon.colcon_core.shell:Creating package descriptor '/home/willi/battle_ws/install/fire_platform_3/share/fire_platform_3/package.dsv'
[26.548s] INFO:colcon.colcon_core.shell:Creating package script '/home/willi/battle_ws/install/fire_platform_3/share/fire_platform_3/package.sh'
[26.549s] INFO:colcon.colcon_core.shell:Creating package script '/home/willi/battle_ws/install/fire_platform_3/share/fire_platform_3/package.bash'
[26.550s] INFO:colcon.colcon_core.shell:Creating package script '/home/willi/battle_ws/install/fire_platform_3/share/fire_platform_3/package.zsh'
[26.551s] Level 1:colcon.colcon_core.environment:create_file_with_runtime_dependencies(/home/willi/battle_ws/install/fire_platform_3/share/colcon-core/packages/fire_platform_3)
[27.469s] DEBUG:colcon.colcon_core.event_handler.log_command:Invoking command in '/home/willi/battle_ws/build/scan_platform': AMENT_PREFIX_PATH=/home/willi/battle_ws/install/battle_interfaces:${AMENT_PREFIX_PATH} CMAKE_PREFIX_PATH=/home/willi/battle_ws/install/battle_interfaces LD_LIBRARY_PATH=/home/willi/battle_ws/install/battle_interfaces/lib:${LD_LIBRARY_PATH} PYTHONPATH=/home/willi/battle_ws/build/scan_platform/prefix_override:/home/willi/battle_ws/.ci-test-env/lib/python3.10/site-packages/colcon_core/task/python/colcon_distutils_commands:/home/willi/battle_ws/install/scan_platform/lib/python3.10/site-packages:/home/willi/battle_ws/install/battle_interfaces/lib/python3.10/site-packages:${PYTHONPATH} VIRTUAL_ENV_PROMPT=(.ci-test-env) /home/willi/battle_ws/.ci-test-env/bin/python3 -W ignore:setup.py install is deprecated -W ignore:easy_install command is deprecated setup.py develop --editable --build-directory /home/willi/battle_ws/build/scan_platform/build --no-deps symlink_data
[28.570s] Level 1:colcon.colcon_core.shell:create_environment_hook('scan_platform', 'pythonpath_develop')
[28.570s] INFO:colcon.colcon_core.shell:Creating environment hook '/home/willi/battle_ws/build/scan_platform/share/scan_platform/hook/pythonpath_develop.ps1'
[28.573s] INFO:colcon.colcon_core.shell:Creating environment descriptor '/home/willi/battle_ws/build/scan_platform/share/scan_platform/hook/pythonpath_develop.dsv'
[28.576s] DEBUG:colcon.colcon_core.event_handler.log_command:Invoked command in '/home/willi/battle_ws/build/scan_platform' returned '0': AMENT_PREFIX_PATH=/home/willi/battle_ws/install/battle_interfaces:${AMENT_PREFIX_PATH} CMAKE_PREFIX_PATH=/home/willi/battle_ws/install/battle_interfaces LD_LIBRARY_PATH=/home/willi/battle_ws/install/battle_interfaces/lib:${LD_LIBRARY_PATH} PYTHONPATH=/home/willi/battle_ws/build/scan_platform/prefix_override:/home/willi/battle_ws/.ci-test-env/lib/python3.10/site-packages/colcon_core/task/python/colcon_distutils_commands:/home/willi/battle_ws/install/scan_platform/lib/python3.10/site-packages:/home/willi/battle_ws/install/battle_interfaces/lib/python3.10/site-packages:${PYTHONPATH} VIRTUAL_ENV_PROMPT=(.ci-test-env) /home/willi/battle_ws/.ci-test-env/bin/python3 -W ignore:setup.py install is deprecated -W ignore:easy_install command is deprecated setup.py develop --editable --build-directory /home/willi/battle_ws/build/scan_platform/build --no-deps symlink_data
[28.578s] INFO:colcon.colcon_core.shell:Creating environment hook '/home/willi/battle_ws/build/scan_platform/share/scan_platform/hook/pythonpath_develop.sh'
[28.580s] Level 1:colcon.colcon_core.environment:checking '/home/willi/battle_ws/install/scan_platform' for CMake module files
[28.581s] Level 1:colcon.colcon_core.environment:checking '/home/willi/battle_ws/install/scan_platform' for CMake config files
[28.582s] Level 1:colcon.colcon_core.environment:checking '/home/willi/battle_ws/install/scan_platform/lib'
[28.582s] Level 1:colcon.colcon_core.environment:checking '/home/willi/battle_ws/install/scan_platform/bin'
[28.582s] Level 1:colcon.colcon_core.environment:checking '/home/willi/battle_ws/install/scan_platform/lib/pkgconfig/scan_platform.pc'
[28.582s] Level 1:colcon.colcon_core.environment:checking '/home/willi/battle_ws/install/scan_platform/lib/python3.10/site-packages'
[28.582s] Level 1:colcon.colcon_core.shell:create_environment_hook('scan_platform', 'pythonpath')
[28.583s] INFO:colcon.colcon_core.shell:Creating environment hook '/home/willi/battle_ws/install/scan_platform/share/scan_platform/hook/pythonpath.ps1'
[28.584s] INFO:colcon.colcon_core.shell:Creating environment descriptor '/home/willi/battle_ws/install/scan_platform/share/scan_platform/hook/pythonpath.dsv'
[28.584s] INFO:colcon.colcon_core.shell:Creating environment hook '/home/willi/battle_ws/install/scan_platform/share/scan_platform/hook/pythonpath.sh'
[28.585s] Level 1:colcon.colcon_core.environment:checking '/home/willi/battle_ws/install/scan_platform/bin'
[28.585s] Level 1:colcon.colcon_core.environment:create_environment_scripts_only(scan_platform)
[28.586s] INFO:colcon.colcon_core.shell:Creating package script '/home/willi/battle_ws/install/scan_platform/share/scan_platform/package.ps1'
[28.587s] INFO:colcon.colcon_core.shell:Creating package descriptor '/home/willi/battle_ws/install/scan_platform/share/scan_platform/package.dsv'
[28.589s] INFO:colcon.colcon_core.shell:Creating package script '/home/willi/battle_ws/install/scan_platform/share/scan_platform/package.sh'
[28.590s] INFO:colcon.colcon_core.shell:Creating package script '/home/willi/battle_ws/install/scan_platform/share/scan_platform/package.bash'
[28.592s] INFO:colcon.colcon_core.shell:Creating package script '/home/willi/battle_ws/install/scan_platform/share/scan_platform/package.zsh'
[28.593s] Level 1:colcon.colcon_core.environment:create_file_with_runtime_dependencies(/home/willi/battle_ws/install/scan_platform/share/colcon-core/packages/scan_platform)
[28.594s] DEBUG:colcon.colcon_parallel_executor.executor.parallel:closing loop
[28.594s] DEBUG:colcon.colcon_parallel_executor.executor.parallel:loop closed
[28.595s] DEBUG:colcon.colcon_parallel_executor.executor.parallel:run_until_complete finished with '0'
[28.595s] DEBUG:colcon.colcon_core.event_reactor:joining thread
[28.600s] INFO:colcon.colcon_core.plugin_system:Skipping extension 'colcon_notification.desktop_notification.notify2': 'notify2' not found
[28.601s] INFO:colcon.colcon_core.plugin_system:Skipping extension 'colcon_notification.desktop_notification.terminal_notifier': Not used on non-Darwin systems
[28.601s] INFO:colcon.colcon_core.plugin_system:Skipping extension 'colcon_notification.desktop_notification.win32': Not used on non-Windows systems
[28.601s] INFO:colcon.colcon_notification.desktop_notification:Sending desktop notification using 'notify_send'
[28.693s] DEBUG:colcon.colcon_core.event_reactor:joined thread
[28.694s] INFO:colcon.colcon_core.shell:Creating prefix script '/home/willi/battle_ws/install/local_setup.ps1'
[28.699s] INFO:colcon.colcon_core.shell:Creating prefix util module '/home/willi/battle_ws/install/_local_setup_util_ps1.py'
[28.709s] INFO:colcon.colcon_core.shell:Creating prefix chain script '/home/willi/battle_ws/install/setup.ps1'
[28.713s] INFO:colcon.colcon_core.shell:Creating prefix script '/home/willi/battle_ws/install/local_setup.sh'
[28.717s] INFO:colcon.colcon_core.shell:Creating prefix util module '/home/willi/battle_ws/install/_local_setup_util_sh.py'
[28.724s] INFO:colcon.colcon_core.shell:Creating prefix chain script '/home/willi/battle_ws/install/setup.sh'
[28.728s] INFO:colcon.colcon_core.shell:Creating prefix script '/home/willi/battle_ws/install/local_setup.bash'
[28.730s] INFO:colcon.colcon_core.shell:Creating prefix chain script '/home/willi/battle_ws/install/setup.bash'
[28.734s] INFO:colcon.colcon_core.shell:Creating prefix script '/home/willi/battle_ws/install/local_setup.zsh'
[28.735s] INFO:colcon.colcon_core.shell:Creating prefix chain script '/home/willi/battle_ws/install/setup.zsh'
