[2.832s] Invoking command in '/home/willi/battle_ws/build/command_center': AMENT_PREFIX_PATH=/home/willi/battle_ws/install/battle_interfaces:${AMENT_PREFIX_PATH} CMAKE_PREFIX_PATH=/home/willi/battle_ws/install/battle_interfaces LD_LIBRARY_PATH=/home/willi/battle_ws/install/battle_interfaces/lib:${LD_LIBRARY_PATH} PYTHONPATH=/home/willi/battle_ws/build/command_center/prefix_override:/home/willi/battle_ws/.ci-test-env/lib/python3.10/site-packages/colcon_core/task/python/colcon_distutils_commands:/home/willi/battle_ws/install/command_center/lib/python3.10/site-packages:/home/willi/battle_ws/install/battle_interfaces/lib/python3.10/site-packages:${PYTHONPATH} VIRTUAL_ENV_PROMPT=(.ci-test-env) /home/willi/battle_ws/.ci-test-env/bin/python3 -W ignore:setup.py install is deprecated -W ignore:easy_install command is deprecated setup.py develop --editable --build-directory /home/willi/battle_ws/build/command_center/build --no-deps symlink_data
[3.766s] running develop
[4.476s] running egg_info
[4.477s] creating command_center.egg-info
[4.477s] writing command_center.egg-info/PKG-INFO
[4.477s] writing dependency_links to command_center.egg-info/dependency_links.txt
[4.478s] writing entry points to command_center.egg-info/entry_points.txt
[4.478s] writing requirements to command_center.egg-info/requires.txt
[4.479s] writing top-level names to command_center.egg-info/top_level.txt
[4.479s] writing manifest file 'command_center.egg-info/SOURCES.txt'
[4.483s] reading manifest file 'command_center.egg-info/SOURCES.txt'
[4.484s] writing manifest file 'command_center.egg-info/SOURCES.txt'
[4.488s] running build_ext
[4.489s] Creating /home/willi/battle_ws/install/command_center/lib/python3.10/site-packages/command-center.egg-link (link to .)
[4.491s] Installing commander_node script to /home/willi/battle_ws/install/command_center/lib/command_center
[4.492s] 
[4.492s] Installed /home/willi/battle_ws/build/command_center
[4.492s] running symlink_data
[4.493s] creating /home/willi/battle_ws/install/command_center/share/ament_index
[4.493s] creating /home/willi/battle_ws/install/command_center/share/ament_index/resource_index
[4.493s] creating /home/willi/battle_ws/install/command_center/share/ament_index/resource_index/packages
[4.496s] symbolically linking /home/willi/battle_ws/build/command_center/resource/command_center -> /home/willi/battle_ws/install/command_center/share/ament_index/resource_index/packages
[4.497s] symbolically linking /home/willi/battle_ws/build/command_center/package.xml -> /home/willi/battle_ws/install/command_center/share/command_center
[5.186s] Invoked command in '/home/willi/battle_ws/build/command_center' returned '0': AMENT_PREFIX_PATH=/home/willi/battle_ws/install/battle_interfaces:${AMENT_PREFIX_PATH} CMAKE_PREFIX_PATH=/home/willi/battle_ws/install/battle_interfaces LD_LIBRARY_PATH=/home/willi/battle_ws/install/battle_interfaces/lib:${LD_LIBRARY_PATH} PYTHONPATH=/home/willi/battle_ws/build/command_center/prefix_override:/home/willi/battle_ws/.ci-test-env/lib/python3.10/site-packages/colcon_core/task/python/colcon_distutils_commands:/home/willi/battle_ws/install/command_center/lib/python3.10/site-packages:/home/willi/battle_ws/install/battle_interfaces/lib/python3.10/site-packages:${PYTHONPATH} VIRTUAL_ENV_PROMPT=(.ci-test-env) /home/willi/battle_ws/.ci-test-env/bin/python3 -W ignore:setup.py install is deprecated -W ignore:easy_install command is deprecated setup.py develop --editable --build-directory /home/willi/battle_ws/build/command_center/build --no-deps symlink_data
