[0.161s] DEBUG:colcon:Command line arguments: ['/usr/bin/colcon', 'build', '--symlink-install']
[0.161s] DEBUG:colcon:Parsed command line arguments: Namespace(log_base=None, log_level=None, verb_name='build', build_base='build', install_base='install', merge_install=False, symlink_install=True, test_result_base=None, continue_on_error=False, executor='parallel', parallel_workers=4, event_handlers=None, ignore_user_meta=False, metas=['./colcon.meta'], base_paths=['.'], packages_ignore=None, packages_ignore_regex=None, paths=None, packages_up_to=None, packages_up_to_regex=None, packages_above=None, packages_above_and_dependencies=None, packages_above_depth=None, packages_select_by_dep=None, packages_skip_by_dep=None, packages_skip_up_to=None, packages_select_build_failed=False, packages_skip_build_finished=False, packages_select_test_failures=False, packages_skip_test_passed=False, packages_select=None, packages_skip=None, packages_select_regex=None, packages_skip_regex=None, packages_start=None, packages_end=None, allow_overriding=[], cmake_args=None, cmake_target=None, cmake_target_skip_unavailable=False, cmake_clean_cache=False, cmake_clean_first=False, cmake_force_configure=False, ament_cmake_args=None, catkin_cmake_args=None, catkin_skip_building_tests=False, verb_parser=<colcon_defaults.argument_parser.defaults.DefaultArgumentsDecorator object at 0x7bff7be4d1e0>, verb_extension=<colcon_core.verb.build.BuildVerb object at 0x7bff7be4ccd0>, main=<bound method BuildVerb.main of <colcon_core.verb.build.BuildVerb object at 0x7bff7be4ccd0>>)
[0.546s] Level 1:colcon.colcon_core.package_discovery:discover_packages(colcon_meta) check parameters
[0.546s] Level 1:colcon.colcon_core.package_discovery:discover_packages(recursive) check parameters
[0.546s] Level 1:colcon.colcon_core.package_discovery:discover_packages(ignore) check parameters
[0.546s] Level 1:colcon.colcon_core.package_discovery:discover_packages(path) check parameters
[0.546s] Level 1:colcon.colcon_core.package_discovery:discover_packages(colcon_meta) discover
[0.546s] Level 1:colcon.colcon_core.package_discovery:discover_packages(recursive) discover
[0.546s] INFO:colcon.colcon_core.package_discovery:Crawling recursively for packages in '/home/willi/battle_ws'
[0.547s] Level 1:colcon.colcon_core.package_identification:_identify(.) by extensions ['ignore', 'ignore_ament_install']
[0.547s] Level 1:colcon.colcon_core.package_identification:_identify(.) by extension 'ignore'
[0.547s] Level 1:colcon.colcon_core.package_identification:_identify(.) by extension 'ignore_ament_install'
[0.547s] Level 1:colcon.colcon_core.package_identification:_identify(.) by extensions ['colcon_pkg']
[0.547s] Level 1:colcon.colcon_core.package_identification:_identify(.) by extension 'colcon_pkg'
[0.548s] Level 1:colcon.colcon_core.package_identification:_identify(.) by extensions ['colcon_meta']
[0.548s] Level 1:colcon.colcon_core.package_identification:_identify(.) by extension 'colcon_meta'
[0.548s] Level 1:colcon.colcon_core.package_identification:_identify(.) by extensions ['ros']
[0.548s] Level 1:colcon.colcon_core.package_identification:_identify(.) by extension 'ros'
[0.585s] Level 1:colcon.colcon_core.package_identification:_identify(.) by extensions ['cmake', 'python']
[0.585s] Level 1:colcon.colcon_core.package_identification:_identify(.) by extension 'cmake'
[0.585s] Level 1:colcon.colcon_core.package_identification:_identify(.) by extension 'python'
[0.586s] Level 1:colcon.colcon_core.package_identification:_identify(.) by extensions ['python_setup_py']
[0.586s] Level 1:colcon.colcon_core.package_identification:_identify(.) by extension 'python_setup_py'
[0.586s] Level 1:colcon.colcon_core.package_identification:_identify(build) by extensions ['ignore', 'ignore_ament_install']
[0.586s] Level 1:colcon.colcon_core.package_identification:_identify(build) by extension 'ignore'
[0.586s] Level 1:colcon.colcon_core.package_identification:_identify(build) ignored
[0.587s] Level 1:colcon.colcon_core.package_identification:_identify(install) by extensions ['ignore', 'ignore_ament_install']
[0.587s] Level 1:colcon.colcon_core.package_identification:_identify(install) by extension 'ignore'
[0.587s] Level 1:colcon.colcon_core.package_identification:_identify(install) ignored
[0.587s] Level 1:colcon.colcon_core.package_identification:_identify(log) by extensions ['ignore', 'ignore_ament_install']
[0.587s] Level 1:colcon.colcon_core.package_identification:_identify(log) by extension 'ignore'
[0.587s] Level 1:colcon.colcon_core.package_identification:_identify(log) ignored
[0.588s] Level 1:colcon.colcon_core.package_identification:_identify(src) by extensions ['ignore', 'ignore_ament_install']
[0.588s] Level 1:colcon.colcon_core.package_identification:_identify(src) by extension 'ignore'
[0.588s] Level 1:colcon.colcon_core.package_identification:_identify(src) by extension 'ignore_ament_install'
[0.588s] Level 1:colcon.colcon_core.package_identification:_identify(src) by extensions ['colcon_pkg']
[0.588s] Level 1:colcon.colcon_core.package_identification:_identify(src) by extension 'colcon_pkg'
[0.589s] Level 1:colcon.colcon_core.package_identification:_identify(src) by extensions ['colcon_meta']
[0.589s] Level 1:colcon.colcon_core.package_identification:_identify(src) by extension 'colcon_meta'
[0.589s] Level 1:colcon.colcon_core.package_identification:_identify(src) by extensions ['ros']
[0.589s] Level 1:colcon.colcon_core.package_identification:_identify(src) by extension 'ros'
[0.589s] Level 1:colcon.colcon_core.package_identification:_identify(src) by extensions ['cmake', 'python']
[0.589s] Level 1:colcon.colcon_core.package_identification:_identify(src) by extension 'cmake'
[0.589s] Level 1:colcon.colcon_core.package_identification:_identify(src) by extension 'python'
[0.589s] Level 1:colcon.colcon_core.package_identification:_identify(src) by extensions ['python_setup_py']
[0.589s] Level 1:colcon.colcon_core.package_identification:_identify(src) by extension 'python_setup_py'
[0.590s] Level 1:colcon.colcon_core.package_identification:_identify(src/battle_interfaces) by extensions ['ignore', 'ignore_ament_install']
[0.590s] Level 1:colcon.colcon_core.package_identification:_identify(src/battle_interfaces) by extension 'ignore'
[0.590s] Level 1:colcon.colcon_core.package_identification:_identify(src/battle_interfaces) by extension 'ignore_ament_install'
[0.590s] Level 1:colcon.colcon_core.package_identification:_identify(src/battle_interfaces) by extensions ['colcon_pkg']
[0.590s] Level 1:colcon.colcon_core.package_identification:_identify(src/battle_interfaces) by extension 'colcon_pkg'
[0.591s] Level 1:colcon.colcon_core.package_identification:_identify(src/battle_interfaces) by extensions ['colcon_meta']
[0.591s] Level 1:colcon.colcon_core.package_identification:_identify(src/battle_interfaces) by extension 'colcon_meta'
[0.591s] Level 1:colcon.colcon_core.package_identification:_identify(src/battle_interfaces) by extensions ['ros']
[0.591s] Level 1:colcon.colcon_core.package_identification:_identify(src/battle_interfaces) by extension 'ros'
[0.599s] DEBUG:colcon.colcon_core.package_identification:Package 'src/battle_interfaces' with type 'ros.ament_cmake' and name 'battle_interfaces'
[0.600s] Level 1:colcon.colcon_core.package_identification:_identify(src/command_center) by extensions ['ignore', 'ignore_ament_install']
[0.600s] Level 1:colcon.colcon_core.package_identification:_identify(src/command_center) by extension 'ignore'
[0.600s] Level 1:colcon.colcon_core.package_identification:_identify(src/command_center) by extension 'ignore_ament_install'
[0.601s] Level 1:colcon.colcon_core.package_identification:_identify(src/command_center) by extensions ['colcon_pkg']
[0.601s] Level 1:colcon.colcon_core.package_identification:_identify(src/command_center) by extension 'colcon_pkg'
[0.601s] Level 1:colcon.colcon_core.package_identification:_identify(src/command_center) by extensions ['colcon_meta']
[0.601s] Level 1:colcon.colcon_core.package_identification:_identify(src/command_center) by extension 'colcon_meta'
[0.601s] Level 1:colcon.colcon_core.package_identification:_identify(src/command_center) by extensions ['ros']
[0.601s] Level 1:colcon.colcon_core.package_identification:_identify(src/command_center) by extension 'ros'
[0.603s] DEBUG:colcon.colcon_core.package_identification:Package 'src/command_center' with type 'ros.ament_python' and name 'command_center'
[0.604s] Level 1:colcon.colcon_core.package_identification:_identify(src/fire_platform) by extensions ['ignore', 'ignore_ament_install']
[0.604s] Level 1:colcon.colcon_core.package_identification:_identify(src/fire_platform) by extension 'ignore'
[0.604s] Level 1:colcon.colcon_core.package_identification:_identify(src/fire_platform) by extension 'ignore_ament_install'
[0.604s] Level 1:colcon.colcon_core.package_identification:_identify(src/fire_platform) by extensions ['colcon_pkg']
[0.604s] Level 1:colcon.colcon_core.package_identification:_identify(src/fire_platform) by extension 'colcon_pkg'
[0.604s] Level 1:colcon.colcon_core.package_identification:_identify(src/fire_platform) by extensions ['colcon_meta']
[0.605s] Level 1:colcon.colcon_core.package_identification:_identify(src/fire_platform) by extension 'colcon_meta'
[0.605s] Level 1:colcon.colcon_core.package_identification:_identify(src/fire_platform) by extensions ['ros']
[0.605s] Level 1:colcon.colcon_core.package_identification:_identify(src/fire_platform) by extension 'ros'
[0.606s] DEBUG:colcon.colcon_core.package_identification:Package 'src/fire_platform' with type 'ros.ament_python' and name 'fire_platform'
[0.606s] Level 1:colcon.colcon_core.package_identification:_identify(src/fire_platform_3) by extensions ['ignore', 'ignore_ament_install']
[0.607s] Level 1:colcon.colcon_core.package_identification:_identify(src/fire_platform_3) by extension 'ignore'
[0.607s] Level 1:colcon.colcon_core.package_identification:_identify(src/fire_platform_3) by extension 'ignore_ament_install'
[0.607s] Level 1:colcon.colcon_core.package_identification:_identify(src/fire_platform_3) by extensions ['colcon_pkg']
[0.607s] Level 1:colcon.colcon_core.package_identification:_identify(src/fire_platform_3) by extension 'colcon_pkg'
[0.607s] Level 1:colcon.colcon_core.package_identification:_identify(src/fire_platform_3) by extensions ['colcon_meta']
[0.607s] Level 1:colcon.colcon_core.package_identification:_identify(src/fire_platform_3) by extension 'colcon_meta'
[0.607s] Level 1:colcon.colcon_core.package_identification:_identify(src/fire_platform_3) by extensions ['ros']
[0.607s] Level 1:colcon.colcon_core.package_identification:_identify(src/fire_platform_3) by extension 'ros'
[0.608s] DEBUG:colcon.colcon_core.package_identification:Package 'src/fire_platform_3' with type 'ros.ament_python' and name 'fire_platform_3'
[0.608s] Level 1:colcon.colcon_core.package_identification:_identify(src/fire_tracker) by extensions ['ignore', 'ignore_ament_install']
[0.609s] Level 1:colcon.colcon_core.package_identification:_identify(src/fire_tracker) by extension 'ignore'
[0.609s] Level 1:colcon.colcon_core.package_identification:_identify(src/fire_tracker) by extension 'ignore_ament_install'
[0.609s] Level 1:colcon.colcon_core.package_identification:_identify(src/fire_tracker) by extensions ['colcon_pkg']
[0.609s] Level 1:colcon.colcon_core.package_identification:_identify(src/fire_tracker) by extension 'colcon_pkg'
[0.609s] Level 1:colcon.colcon_core.package_identification:_identify(src/fire_tracker) by extensions ['colcon_meta']
[0.609s] Level 1:colcon.colcon_core.package_identification:_identify(src/fire_tracker) by extension 'colcon_meta'
[0.609s] Level 1:colcon.colcon_core.package_identification:_identify(src/fire_tracker) by extensions ['ros']
[0.609s] Level 1:colcon.colcon_core.package_identification:_identify(src/fire_tracker) by extension 'ros'
[0.610s] DEBUG:colcon.colcon_core.package_identification:Package 'src/fire_tracker' with type 'ros.ament_python' and name 'fire_tracker'
[0.610s] Level 1:colcon.colcon_core.package_identification:_identify(src/scan_platform) by extensions ['ignore', 'ignore_ament_install']
[0.610s] Level 1:colcon.colcon_core.package_identification:_identify(src/scan_platform) by extension 'ignore'
[0.611s] Level 1:colcon.colcon_core.package_identification:_identify(src/scan_platform) by extension 'ignore_ament_install'
[0.611s] Level 1:colcon.colcon_core.package_identification:_identify(src/scan_platform) by extensions ['colcon_pkg']
[0.611s] Level 1:colcon.colcon_core.package_identification:_identify(src/scan_platform) by extension 'colcon_pkg'
[0.611s] Level 1:colcon.colcon_core.package_identification:_identify(src/scan_platform) by extensions ['colcon_meta']
[0.611s] Level 1:colcon.colcon_core.package_identification:_identify(src/scan_platform) by extension 'colcon_meta'
[0.611s] Level 1:colcon.colcon_core.package_identification:_identify(src/scan_platform) by extensions ['ros']
[0.611s] Level 1:colcon.colcon_core.package_identification:_identify(src/scan_platform) by extension 'ros'
[0.613s] DEBUG:colcon.colcon_core.package_identification:Package 'src/scan_platform' with type 'ros.ament_python' and name 'scan_platform'
[0.613s] Level 1:colcon.colcon_core.package_discovery:discover_packages(recursive) using defaults
[0.614s] Level 1:colcon.colcon_core.package_discovery:discover_packages(ignore) discover
[0.614s] Level 1:colcon.colcon_core.package_discovery:discover_packages(ignore) using defaults
[0.614s] Level 1:colcon.colcon_core.package_discovery:discover_packages(path) discover
[0.614s] Level 1:colcon.colcon_core.package_discovery:discover_packages(path) using defaults
[0.667s] Level 1:colcon.colcon_core.package_discovery:discover_packages(prefix_path) check parameters
[0.667s] Level 1:colcon.colcon_core.package_discovery:discover_packages(prefix_path) discover
[0.669s] WARNING:colcon.colcon_ros.prefix_path.ament:The path '/home/willi/battle_ws/install/fire_tracker' in the environment variable AMENT_PREFIX_PATH doesn't exist
[0.670s] WARNING:colcon.colcon_ros.prefix_path.ament:The path '/home/willi/battle_ws/install/battle_interfaces' in the environment variable AMENT_PREFIX_PATH doesn't exist
[0.670s] WARNING:colcon.colcon_ros.prefix_path.catkin:The path '/home/willi/battle_ws/install/battle_interfaces' in the environment variable CMAKE_PREFIX_PATH doesn't exist
[0.671s] DEBUG:colcon.colcon_installed_package_information.package_discovery:Found 0 installed packages in /home/willi/battle_ws/install
[0.674s] DEBUG:colcon.colcon_installed_package_information.package_discovery:Found 278 installed packages in /opt/ros/humble
[0.677s] Level 1:colcon.colcon_core.package_discovery:discover_packages(prefix_path) using defaults
[0.789s] Level 5:colcon.colcon_core.verb:set package 'battle_interfaces' build argument 'cmake_args' from command line to 'None'
[0.789s] Level 5:colcon.colcon_core.verb:set package 'battle_interfaces' build argument 'cmake_target' from command line to 'None'
[0.789s] Level 5:colcon.colcon_core.verb:set package 'battle_interfaces' build argument 'cmake_target_skip_unavailable' from command line to 'False'
[0.790s] Level 5:colcon.colcon_core.verb:set package 'battle_interfaces' build argument 'cmake_clean_cache' from command line to 'False'
[0.790s] Level 5:colcon.colcon_core.verb:set package 'battle_interfaces' build argument 'cmake_clean_first' from command line to 'False'
[0.790s] Level 5:colcon.colcon_core.verb:set package 'battle_interfaces' build argument 'cmake_force_configure' from command line to 'False'
[0.790s] Level 5:colcon.colcon_core.verb:set package 'battle_interfaces' build argument 'ament_cmake_args' from command line to 'None'
[0.790s] Level 5:colcon.colcon_core.verb:set package 'battle_interfaces' build argument 'catkin_cmake_args' from command line to 'None'
[0.790s] Level 5:colcon.colcon_core.verb:set package 'battle_interfaces' build argument 'catkin_skip_building_tests' from command line to 'False'
[0.790s] DEBUG:colcon.colcon_core.verb:Building package 'battle_interfaces' with the following arguments: {'ament_cmake_args': None, 'build_base': '/home/willi/battle_ws/build/battle_interfaces', 'catkin_cmake_args': None, 'catkin_skip_building_tests': False, 'cmake_args': None, 'cmake_clean_cache': False, 'cmake_clean_first': False, 'cmake_force_configure': False, 'cmake_target': None, 'cmake_target_skip_unavailable': False, 'install_base': '/home/willi/battle_ws/install/battle_interfaces', 'merge_install': False, 'path': '/home/willi/battle_ws/src/battle_interfaces', 'symlink_install': True, 'test_result_base': None}
[0.791s] Level 5:colcon.colcon_core.verb:set package 'command_center' build argument 'cmake_args' from command line to 'None'
[0.791s] Level 5:colcon.colcon_core.verb:set package 'command_center' build argument 'cmake_target' from command line to 'None'
[0.791s] Level 5:colcon.colcon_core.verb:set package 'command_center' build argument 'cmake_target_skip_unavailable' from command line to 'False'
[0.791s] Level 5:colcon.colcon_core.verb:set package 'command_center' build argument 'cmake_clean_cache' from command line to 'False'
[0.791s] Level 5:colcon.colcon_core.verb:set package 'command_center' build argument 'cmake_clean_first' from command line to 'False'
[0.791s] Level 5:colcon.colcon_core.verb:set package 'command_center' build argument 'cmake_force_configure' from command line to 'False'
[0.792s] Level 5:colcon.colcon_core.verb:set package 'command_center' build argument 'ament_cmake_args' from command line to 'None'
[0.792s] Level 5:colcon.colcon_core.verb:set package 'command_center' build argument 'catkin_cmake_args' from command line to 'None'
[0.792s] Level 5:colcon.colcon_core.verb:set package 'command_center' build argument 'catkin_skip_building_tests' from command line to 'False'
[0.792s] DEBUG:colcon.colcon_core.verb:Building package 'command_center' with the following arguments: {'ament_cmake_args': None, 'build_base': '/home/willi/battle_ws/build/command_center', 'catkin_cmake_args': None, 'catkin_skip_building_tests': False, 'cmake_args': None, 'cmake_clean_cache': False, 'cmake_clean_first': False, 'cmake_force_configure': False, 'cmake_target': None, 'cmake_target_skip_unavailable': False, 'install_base': '/home/willi/battle_ws/install/command_center', 'merge_install': False, 'path': '/home/willi/battle_ws/src/command_center', 'symlink_install': True, 'test_result_base': None}
[0.793s] Level 5:colcon.colcon_core.verb:set package 'fire_platform' build argument 'cmake_args' from command line to 'None'
[0.793s] Level 5:colcon.colcon_core.verb:set package 'fire_platform' build argument 'cmake_target' from command line to 'None'
[0.793s] Level 5:colcon.colcon_core.verb:set package 'fire_platform' build argument 'cmake_target_skip_unavailable' from command line to 'False'
[0.793s] Level 5:colcon.colcon_core.verb:set package 'fire_platform' build argument 'cmake_clean_cache' from command line to 'False'
[0.793s] Level 5:colcon.colcon_core.verb:set package 'fire_platform' build argument 'cmake_clean_first' from command line to 'False'
[0.793s] Level 5:colcon.colcon_core.verb:set package 'fire_platform' build argument 'cmake_force_configure' from command line to 'False'
[0.793s] Level 5:colcon.colcon_core.verb:set package 'fire_platform' build argument 'ament_cmake_args' from command line to 'None'
[0.793s] Level 5:colcon.colcon_core.verb:set package 'fire_platform' build argument 'catkin_cmake_args' from command line to 'None'
[0.793s] Level 5:colcon.colcon_core.verb:set package 'fire_platform' build argument 'catkin_skip_building_tests' from command line to 'False'
[0.794s] DEBUG:colcon.colcon_core.verb:Building package 'fire_platform' with the following arguments: {'ament_cmake_args': None, 'build_base': '/home/willi/battle_ws/build/fire_platform', 'catkin_cmake_args': None, 'catkin_skip_building_tests': False, 'cmake_args': None, 'cmake_clean_cache': False, 'cmake_clean_first': False, 'cmake_force_configure': False, 'cmake_target': None, 'cmake_target_skip_unavailable': False, 'install_base': '/home/willi/battle_ws/install/fire_platform', 'merge_install': False, 'path': '/home/willi/battle_ws/src/fire_platform', 'symlink_install': True, 'test_result_base': None}
[0.795s] Level 5:colcon.colcon_core.verb:set package 'fire_platform_3' build argument 'cmake_args' from command line to 'None'
[0.795s] Level 5:colcon.colcon_core.verb:set package 'fire_platform_3' build argument 'cmake_target' from command line to 'None'
[0.795s] Level 5:colcon.colcon_core.verb:set package 'fire_platform_3' build argument 'cmake_target_skip_unavailable' from command line to 'False'
[0.795s] Level 5:colcon.colcon_core.verb:set package 'fire_platform_3' build argument 'cmake_clean_cache' from command line to 'False'
[0.795s] Level 5:colcon.colcon_core.verb:set package 'fire_platform_3' build argument 'cmake_clean_first' from command line to 'False'
[0.795s] Level 5:colcon.colcon_core.verb:set package 'fire_platform_3' build argument 'cmake_force_configure' from command line to 'False'
[0.795s] Level 5:colcon.colcon_core.verb:set package 'fire_platform_3' build argument 'ament_cmake_args' from command line to 'None'
[0.795s] Level 5:colcon.colcon_core.verb:set package 'fire_platform_3' build argument 'catkin_cmake_args' from command line to 'None'
[0.795s] Level 5:colcon.colcon_core.verb:set package 'fire_platform_3' build argument 'catkin_skip_building_tests' from command line to 'False'
[0.795s] DEBUG:colcon.colcon_core.verb:Building package 'fire_platform_3' with the following arguments: {'ament_cmake_args': None, 'build_base': '/home/willi/battle_ws/build/fire_platform_3', 'catkin_cmake_args': None, 'catkin_skip_building_tests': False, 'cmake_args': None, 'cmake_clean_cache': False, 'cmake_clean_first': False, 'cmake_force_configure': False, 'cmake_target': None, 'cmake_target_skip_unavailable': False, 'install_base': '/home/willi/battle_ws/install/fire_platform_3', 'merge_install': False, 'path': '/home/willi/battle_ws/src/fire_platform_3', 'symlink_install': True, 'test_result_base': None}
[0.796s] Level 5:colcon.colcon_core.verb:set package 'fire_tracker' build argument 'cmake_args' from command line to 'None'
[0.797s] Level 5:colcon.colcon_core.verb:set package 'fire_tracker' build argument 'cmake_target' from command line to 'None'
[0.797s] Level 5:colcon.colcon_core.verb:set package 'fire_tracker' build argument 'cmake_target_skip_unavailable' from command line to 'False'
[0.797s] Level 5:colcon.colcon_core.verb:set package 'fire_tracker' build argument 'cmake_clean_cache' from command line to 'False'
[0.797s] Level 5:colcon.colcon_core.verb:set package 'fire_tracker' build argument 'cmake_clean_first' from command line to 'False'
[0.797s] Level 5:colcon.colcon_core.verb:set package 'fire_tracker' build argument 'cmake_force_configure' from command line to 'False'
[0.797s] Level 5:colcon.colcon_core.verb:set package 'fire_tracker' build argument 'ament_cmake_args' from command line to 'None'
[0.797s] Level 5:colcon.colcon_core.verb:set package 'fire_tracker' build argument 'catkin_cmake_args' from command line to 'None'
[0.797s] Level 5:colcon.colcon_core.verb:set package 'fire_tracker' build argument 'catkin_skip_building_tests' from command line to 'False'
[0.797s] DEBUG:colcon.colcon_core.verb:Building package 'fire_tracker' with the following arguments: {'ament_cmake_args': None, 'build_base': '/home/willi/battle_ws/build/fire_tracker', 'catkin_cmake_args': None, 'catkin_skip_building_tests': False, 'cmake_args': None, 'cmake_clean_cache': False, 'cmake_clean_first': False, 'cmake_force_configure': False, 'cmake_target': None, 'cmake_target_skip_unavailable': False, 'install_base': '/home/willi/battle_ws/install/fire_tracker', 'merge_install': False, 'path': '/home/willi/battle_ws/src/fire_tracker', 'symlink_install': True, 'test_result_base': None}
[0.798s] Level 5:colcon.colcon_core.verb:set package 'scan_platform' build argument 'cmake_args' from command line to 'None'
[0.798s] Level 5:colcon.colcon_core.verb:set package 'scan_platform' build argument 'cmake_target' from command line to 'None'
[0.798s] Level 5:colcon.colcon_core.verb:set package 'scan_platform' build argument 'cmake_target_skip_unavailable' from command line to 'False'
[0.798s] Level 5:colcon.colcon_core.verb:set package 'scan_platform' build argument 'cmake_clean_cache' from command line to 'False'
[0.799s] Level 5:colcon.colcon_core.verb:set package 'scan_platform' build argument 'cmake_clean_first' from command line to 'False'
[0.799s] Level 5:colcon.colcon_core.verb:set package 'scan_platform' build argument 'cmake_force_configure' from command line to 'False'
[0.799s] Level 5:colcon.colcon_core.verb:set package 'scan_platform' build argument 'ament_cmake_args' from command line to 'None'
[0.799s] Level 5:colcon.colcon_core.verb:set package 'scan_platform' build argument 'catkin_cmake_args' from command line to 'None'
[0.799s] Level 5:colcon.colcon_core.verb:set package 'scan_platform' build argument 'catkin_skip_building_tests' from command line to 'False'
[0.799s] DEBUG:colcon.colcon_core.verb:Building package 'scan_platform' with the following arguments: {'ament_cmake_args': None, 'build_base': '/home/willi/battle_ws/build/scan_platform', 'catkin_cmake_args': None, 'catkin_skip_building_tests': False, 'cmake_args': None, 'cmake_clean_cache': False, 'cmake_clean_first': False, 'cmake_force_configure': False, 'cmake_target': None, 'cmake_target_skip_unavailable': False, 'install_base': '/home/willi/battle_ws/install/scan_platform', 'merge_install': False, 'path': '/home/willi/battle_ws/src/scan_platform', 'symlink_install': True, 'test_result_base': None}
[0.799s] INFO:colcon.colcon_core.executor:Executing jobs using 'parallel' executor
[0.802s] DEBUG:colcon.colcon_parallel_executor.executor.parallel:run_until_complete
[0.802s] INFO:colcon.colcon_ros.task.ament_cmake.build:Building ROS package in '/home/willi/battle_ws/src/battle_interfaces' with build type 'ament_cmake'
[0.802s] INFO:colcon.colcon_cmake.task.cmake.build:Building CMake package in '/home/willi/battle_ws/src/battle_interfaces'
[0.807s] INFO:colcon.colcon_core.plugin_system:Skipping extension 'colcon_core.shell.bat': Not used on non-Windows systems
[0.807s] INFO:colcon.colcon_core.shell:Skip shell extension 'powershell' for command environment: Not usable outside of PowerShell
[0.807s] DEBUG:colcon.colcon_core.shell:Skip shell extension 'dsv' for command environment
[0.827s] DEBUG:colcon.colcon_core.event_handler.log_command:Invoking command in '/home/willi/battle_ws/build/battle_interfaces': CMAKE_PREFIX_PATH=${CMAKE_PREFIX_PATH}:/home/willi/battle_ws/install/fire_tracker:/opt/ros/humble /usr/bin/cmake /home/willi/battle_ws/src/battle_interfaces -DAMENT_CMAKE_SYMLINK_INSTALL=1 -DCMAKE_INSTALL_PREFIX=/home/willi/battle_ws/install/battle_interfaces
[5.306s] DEBUG:colcon.colcon_core.event_handler.log_command:Invoked command in '/home/willi/battle_ws/build/battle_interfaces' returned '0': CMAKE_PREFIX_PATH=${CMAKE_PREFIX_PATH}:/home/willi/battle_ws/install/fire_tracker:/opt/ros/humble /usr/bin/cmake /home/willi/battle_ws/src/battle_interfaces -DAMENT_CMAKE_SYMLINK_INSTALL=1 -DCMAKE_INSTALL_PREFIX=/home/willi/battle_ws/install/battle_interfaces
[5.309s] DEBUG:colcon.colcon_core.event_handler.log_command:Invoking command in '/home/willi/battle_ws/build/battle_interfaces': CMAKE_PREFIX_PATH=${CMAKE_PREFIX_PATH}:/home/willi/battle_ws/install/fire_tracker:/opt/ros/humble /usr/bin/cmake --build /home/willi/battle_ws/build/battle_interfaces -- -j4 -l4
[18.052s] DEBUG:colcon.colcon_core.event_handler.log_command:Invoked command in '/home/willi/battle_ws/build/battle_interfaces' returned '0': CMAKE_PREFIX_PATH=${CMAKE_PREFIX_PATH}:/home/willi/battle_ws/install/fire_tracker:/opt/ros/humble /usr/bin/cmake --build /home/willi/battle_ws/build/battle_interfaces -- -j4 -l4
[18.066s] DEBUG:colcon.colcon_core.event_handler.log_command:Invoking command in '/home/willi/battle_ws/build/battle_interfaces': CMAKE_PREFIX_PATH=${CMAKE_PREFIX_PATH}:/home/willi/battle_ws/install/fire_tracker:/opt/ros/humble /usr/bin/cmake --install /home/willi/battle_ws/build/battle_interfaces
[20.139s] Level 1:colcon.colcon_core.environment:create_environment_scripts_only(battle_interfaces)
[20.141s] DEBUG:colcon.colcon_core.event_handler.log_command:Invoked command in '/home/willi/battle_ws/build/battle_interfaces' returned '0': CMAKE_PREFIX_PATH=${CMAKE_PREFIX_PATH}:/home/willi/battle_ws/install/fire_tracker:/opt/ros/humble /usr/bin/cmake --install /home/willi/battle_ws/build/battle_interfaces
[20.152s] Level 1:colcon.colcon_core.environment:checking '/home/willi/battle_ws/install/battle_interfaces' for CMake module files
[20.154s] Level 1:colcon.colcon_core.environment:checking '/home/willi/battle_ws/install/battle_interfaces' for CMake config files
[20.157s] Level 1:colcon.colcon_core.shell:create_environment_hook('battle_interfaces', 'cmake_prefix_path')
[20.158s] INFO:colcon.colcon_core.shell:Creating environment hook '/home/willi/battle_ws/install/battle_interfaces/share/battle_interfaces/hook/cmake_prefix_path.ps1'
[20.159s] INFO:colcon.colcon_core.shell:Creating environment descriptor '/home/willi/battle_ws/install/battle_interfaces/share/battle_interfaces/hook/cmake_prefix_path.dsv'
[20.160s] INFO:colcon.colcon_core.shell:Creating environment hook '/home/willi/battle_ws/install/battle_interfaces/share/battle_interfaces/hook/cmake_prefix_path.sh'
[20.163s] Level 1:colcon.colcon_core.environment:checking '/home/willi/battle_ws/install/battle_interfaces/lib'
[20.164s] Level 1:colcon.colcon_core.shell:create_environment_hook('battle_interfaces', 'ld_library_path_lib')
[20.165s] INFO:colcon.colcon_core.shell:Creating environment hook '/home/willi/battle_ws/install/battle_interfaces/share/battle_interfaces/hook/ld_library_path_lib.ps1'
[20.166s] INFO:colcon.colcon_core.shell:Creating environment descriptor '/home/willi/battle_ws/install/battle_interfaces/share/battle_interfaces/hook/ld_library_path_lib.dsv'
[20.168s] INFO:colcon.colcon_core.shell:Creating environment hook '/home/willi/battle_ws/install/battle_interfaces/share/battle_interfaces/hook/ld_library_path_lib.sh'
[20.169s] Level 1:colcon.colcon_core.environment:checking '/home/willi/battle_ws/install/battle_interfaces/bin'
[20.169s] Level 1:colcon.colcon_core.environment:checking '/home/willi/battle_ws/install/battle_interfaces/lib/pkgconfig/battle_interfaces.pc'
[20.171s] Level 1:colcon.colcon_core.environment:checking '/home/willi/battle_ws/install/battle_interfaces/lib/python3.10/site-packages'
[20.172s] Level 1:colcon.colcon_core.environment:checking '/home/willi/battle_ws/install/battle_interfaces/bin'
[20.173s] INFO:colcon.colcon_core.shell:Creating package script '/home/willi/battle_ws/install/battle_interfaces/share/battle_interfaces/package.ps1'
[20.175s] INFO:colcon.colcon_core.shell:Creating package descriptor '/home/willi/battle_ws/install/battle_interfaces/share/battle_interfaces/package.dsv'
[20.177s] INFO:colcon.colcon_core.shell:Creating package script '/home/willi/battle_ws/install/battle_interfaces/share/battle_interfaces/package.sh'
[20.179s] INFO:colcon.colcon_core.shell:Creating package script '/home/willi/battle_ws/install/battle_interfaces/share/battle_interfaces/package.bash'
[20.182s] INFO:colcon.colcon_core.shell:Creating package script '/home/willi/battle_ws/install/battle_interfaces/share/battle_interfaces/package.zsh'
[20.187s] Level 1:colcon.colcon_core.environment:create_file_with_runtime_dependencies(/home/willi/battle_ws/install/battle_interfaces/share/colcon-core/packages/battle_interfaces)
[20.190s] Level 1:colcon.colcon_core.environment:create_environment_scripts_only(battle_interfaces)
[20.191s] Level 1:colcon.colcon_core.environment:checking '/home/willi/battle_ws/install/battle_interfaces' for CMake module files
[20.197s] Level 1:colcon.colcon_core.environment:checking '/home/willi/battle_ws/install/battle_interfaces' for CMake config files
[20.204s] Level 1:colcon.colcon_core.shell:create_environment_hook('battle_interfaces', 'cmake_prefix_path')
[20.204s] INFO:colcon.colcon_core.shell:Creating environment hook '/home/willi/battle_ws/install/battle_interfaces/share/battle_interfaces/hook/cmake_prefix_path.ps1'
[20.206s] INFO:colcon.colcon_core.shell:Creating environment descriptor '/home/willi/battle_ws/install/battle_interfaces/share/battle_interfaces/hook/cmake_prefix_path.dsv'
[20.207s] INFO:colcon.colcon_core.shell:Creating environment hook '/home/willi/battle_ws/install/battle_interfaces/share/battle_interfaces/hook/cmake_prefix_path.sh'
[20.210s] Level 1:colcon.colcon_core.environment:checking '/home/willi/battle_ws/install/battle_interfaces/lib'
[20.210s] Level 1:colcon.colcon_core.shell:create_environment_hook('battle_interfaces', 'ld_library_path_lib')
[20.211s] INFO:colcon.colcon_core.shell:Creating environment hook '/home/willi/battle_ws/install/battle_interfaces/share/battle_interfaces/hook/ld_library_path_lib.ps1'
[20.213s] INFO:colcon.colcon_core.shell:Creating environment descriptor '/home/willi/battle_ws/install/battle_interfaces/share/battle_interfaces/hook/ld_library_path_lib.dsv'
[20.214s] INFO:colcon.colcon_core.shell:Creating environment hook '/home/willi/battle_ws/install/battle_interfaces/share/battle_interfaces/hook/ld_library_path_lib.sh'
[20.217s] Level 1:colcon.colcon_core.environment:checking '/home/willi/battle_ws/install/battle_interfaces/bin'
[20.217s] Level 1:colcon.colcon_core.environment:checking '/home/willi/battle_ws/install/battle_interfaces/lib/pkgconfig/battle_interfaces.pc'
[20.218s] Level 1:colcon.colcon_core.environment:checking '/home/willi/battle_ws/install/battle_interfaces/lib/python3.10/site-packages'
[20.218s] Level 1:colcon.colcon_core.environment:checking '/home/willi/battle_ws/install/battle_interfaces/bin'
[20.221s] INFO:colcon.colcon_core.shell:Creating package script '/home/willi/battle_ws/install/battle_interfaces/share/battle_interfaces/package.ps1'
[20.223s] INFO:colcon.colcon_core.shell:Creating package descriptor '/home/willi/battle_ws/install/battle_interfaces/share/battle_interfaces/package.dsv'
[20.225s] INFO:colcon.colcon_core.shell:Creating package script '/home/willi/battle_ws/install/battle_interfaces/share/battle_interfaces/package.sh'
[20.226s] INFO:colcon.colcon_core.shell:Creating package script '/home/willi/battle_ws/install/battle_interfaces/share/battle_interfaces/package.bash'
[20.227s] INFO:colcon.colcon_core.shell:Creating package script '/home/willi/battle_ws/install/battle_interfaces/share/battle_interfaces/package.zsh'
[20.230s] Level 1:colcon.colcon_core.environment:create_file_with_runtime_dependencies(/home/willi/battle_ws/install/battle_interfaces/share/colcon-core/packages/battle_interfaces)
[20.230s] INFO:colcon.colcon_ros.task.ament_python.build:Building ROS package in '/home/willi/battle_ws/src/command_center' with build type 'ament_python'
[20.231s] Level 1:colcon.colcon_core.shell:create_environment_hook('command_center', 'ament_prefix_path')
[20.231s] INFO:colcon.colcon_core.shell:Creating environment hook '/home/willi/battle_ws/install/command_center/share/command_center/hook/ament_prefix_path.ps1'
[20.238s] INFO:colcon.colcon_core.shell:Creating environment descriptor '/home/willi/battle_ws/install/command_center/share/command_center/hook/ament_prefix_path.dsv'
[20.238s] INFO:colcon.colcon_core.shell:Creating environment hook '/home/willi/battle_ws/install/command_center/share/command_center/hook/ament_prefix_path.sh'
[20.242s] INFO:colcon.colcon_core.shell:Skip shell extension 'powershell' for command environment: Not usable outside of PowerShell
[20.242s] DEBUG:colcon.colcon_core.shell:Skip shell extension 'dsv' for command environment
[20.258s] INFO:colcon.colcon_ros.task.ament_python.build:Building ROS package in '/home/willi/battle_ws/src/fire_platform' with build type 'ament_python'
[20.259s] Level 1:colcon.colcon_core.shell:create_environment_hook('fire_platform', 'ament_prefix_path')
[20.261s] INFO:colcon.colcon_core.shell:Creating environment hook '/home/willi/battle_ws/install/fire_platform/share/fire_platform/hook/ament_prefix_path.ps1'
[20.268s] INFO:colcon.colcon_core.shell:Creating environment descriptor '/home/willi/battle_ws/install/fire_platform/share/fire_platform/hook/ament_prefix_path.dsv'
[20.270s] INFO:colcon.colcon_core.shell:Creating environment hook '/home/willi/battle_ws/install/fire_platform/share/fire_platform/hook/ament_prefix_path.sh'
[20.272s] INFO:colcon.colcon_core.shell:Skip shell extension 'powershell' for command environment: Not usable outside of PowerShell
[20.273s] DEBUG:colcon.colcon_core.shell:Skip shell extension 'dsv' for command environment
[20.287s] INFO:colcon.colcon_ros.task.ament_python.build:Building ROS package in '/home/willi/battle_ws/src/fire_platform_3' with build type 'ament_python'
[20.289s] Level 1:colcon.colcon_core.shell:create_environment_hook('fire_platform_3', 'ament_prefix_path')
[20.290s] INFO:colcon.colcon_core.shell:Creating environment hook '/home/willi/battle_ws/install/fire_platform_3/share/fire_platform_3/hook/ament_prefix_path.ps1'
[20.295s] INFO:colcon.colcon_core.shell:Creating environment descriptor '/home/willi/battle_ws/install/fire_platform_3/share/fire_platform_3/hook/ament_prefix_path.dsv'
[20.296s] INFO:colcon.colcon_core.shell:Creating environment hook '/home/willi/battle_ws/install/fire_platform_3/share/fire_platform_3/hook/ament_prefix_path.sh'
[20.299s] INFO:colcon.colcon_core.shell:Skip shell extension 'powershell' for command environment: Not usable outside of PowerShell
[20.299s] DEBUG:colcon.colcon_core.shell:Skip shell extension 'dsv' for command environment
[20.317s] INFO:colcon.colcon_ros.task.ament_python.build:Building ROS package in '/home/willi/battle_ws/src/fire_tracker' with build type 'ament_python'
[20.318s] Level 1:colcon.colcon_core.shell:create_environment_hook('fire_tracker', 'ament_prefix_path')
[20.319s] INFO:colcon.colcon_core.shell:Creating environment hook '/home/willi/battle_ws/install/fire_tracker/share/fire_tracker/hook/ament_prefix_path.ps1'
[20.323s] INFO:colcon.colcon_core.shell:Creating environment descriptor '/home/willi/battle_ws/install/fire_tracker/share/fire_tracker/hook/ament_prefix_path.dsv'
[20.325s] INFO:colcon.colcon_core.shell:Creating environment hook '/home/willi/battle_ws/install/fire_tracker/share/fire_tracker/hook/ament_prefix_path.sh'
[20.330s] INFO:colcon.colcon_core.shell:Skip shell extension 'powershell' for command environment: Not usable outside of PowerShell
[20.330s] DEBUG:colcon.colcon_core.shell:Skip shell extension 'dsv' for command environment
[22.088s] INFO:colcon.colcon_core.task.python.build:Building Python package in '/home/willi/battle_ws/src/command_center'
[22.089s] INFO:colcon.colcon_core.shell:Skip shell extension 'powershell' for command environment: Not usable outside of PowerShell
[22.089s] DEBUG:colcon.colcon_core.shell:Skip shell extension 'dsv' for command environment
[22.945s] INFO:colcon.colcon_core.task.python.build:Building Python package in '/home/willi/battle_ws/src/fire_platform'
[22.946s] INFO:colcon.colcon_core.shell:Skip shell extension 'powershell' for command environment: Not usable outside of PowerShell
[22.947s] DEBUG:colcon.colcon_core.shell:Skip shell extension 'dsv' for command environment
[23.585s] INFO:colcon.colcon_core.task.python.build:Building Python package in '/home/willi/battle_ws/src/fire_platform_3'
[23.586s] INFO:colcon.colcon_core.shell:Skip shell extension 'powershell' for command environment: Not usable outside of PowerShell
[23.586s] DEBUG:colcon.colcon_core.shell:Skip shell extension 'dsv' for command environment
[24.227s] INFO:colcon.colcon_core.task.python.build:Building Python package in '/home/willi/battle_ws/src/fire_tracker'
[24.228s] INFO:colcon.colcon_core.shell:Skip shell extension 'powershell' for command environment: Not usable outside of PowerShell
[24.228s] DEBUG:colcon.colcon_core.shell:Skip shell extension 'dsv' for command environment
[26.339s] DEBUG:colcon.colcon_core.event_handler.log_command:Invoking command in '/home/willi/battle_ws/build/fire_platform_3': PYTHONPATH=/home/willi/battle_ws/build/fire_platform_3/prefix_override:/usr/lib/python3/dist-packages/colcon_core/task/python/colcon_distutils_commands:/home/willi/battle_ws/install/fire_platform_3/lib/python3.10/site-packages:${PYTHONPATH} /usr/bin/python3 -W ignore:setup.py install is deprecated -W ignore:easy_install command is deprecated setup.py develop --editable --build-directory /home/willi/battle_ws/build/fire_platform_3/build --no-deps symlink_data
[27.388s] DEBUG:colcon.colcon_core.event_handler.log_command:Invoking command in '/home/willi/battle_ws/build/command_center': PYTHONPATH=/home/willi/battle_ws/build/command_center/prefix_override:/usr/lib/python3/dist-packages/colcon_core/task/python/colcon_distutils_commands:/home/willi/battle_ws/install/command_center/lib/python3.10/site-packages:${PYTHONPATH} /usr/bin/python3 -W ignore:setup.py install is deprecated -W ignore:easy_install command is deprecated setup.py develop --editable --build-directory /home/willi/battle_ws/build/command_center/build --no-deps symlink_data
[27.768s] DEBUG:colcon.colcon_core.event_handler.log_command:Invoking command in '/home/willi/battle_ws/build/fire_platform': PYTHONPATH=/home/willi/battle_ws/build/fire_platform/prefix_override:/usr/lib/python3/dist-packages/colcon_core/task/python/colcon_distutils_commands:/home/willi/battle_ws/install/fire_platform/lib/python3.10/site-packages:${PYTHONPATH} /usr/bin/python3 -W ignore:setup.py install is deprecated -W ignore:easy_install command is deprecated setup.py develop --editable --build-directory /home/willi/battle_ws/build/fire_platform/build --no-deps symlink_data
[29.748s] DEBUG:colcon.colcon_core.event_handler.log_command:Invoking command in '/home/willi/battle_ws/build/fire_tracker': PYTHONPATH=/home/willi/battle_ws/build/fire_tracker/prefix_override:/usr/lib/python3/dist-packages/colcon_core/task/python/colcon_distutils_commands:/home/willi/battle_ws/install/fire_tracker/lib/python3.10/site-packages:${PYTHONPATH} /usr/bin/python3 -W ignore:setup.py install is deprecated -W ignore:easy_install command is deprecated setup.py develop --editable --build-directory /home/willi/battle_ws/build/fire_tracker/build --no-deps symlink_data
[31.389s] Level 1:colcon.colcon_core.shell:create_environment_hook('fire_platform', 'pythonpath_develop')
[31.390s] INFO:colcon.colcon_core.shell:Creating environment hook '/home/willi/battle_ws/build/fire_platform/share/fire_platform/hook/pythonpath_develop.ps1'
[31.396s] DEBUG:colcon.colcon_core.event_handler.log_command:Invoked command in '/home/willi/battle_ws/build/fire_platform' returned '0': PYTHONPATH=/home/willi/battle_ws/build/fire_platform/prefix_override:/usr/lib/python3/dist-packages/colcon_core/task/python/colcon_distutils_commands:/home/willi/battle_ws/install/fire_platform/lib/python3.10/site-packages:${PYTHONPATH} /usr/bin/python3 -W ignore:setup.py install is deprecated -W ignore:easy_install command is deprecated setup.py develop --editable --build-directory /home/willi/battle_ws/build/fire_platform/build --no-deps symlink_data
[31.400s] INFO:colcon.colcon_core.shell:Creating environment descriptor '/home/willi/battle_ws/build/fire_platform/share/fire_platform/hook/pythonpath_develop.dsv'
[31.402s] INFO:colcon.colcon_core.shell:Creating environment hook '/home/willi/battle_ws/build/fire_platform/share/fire_platform/hook/pythonpath_develop.sh'
[31.409s] Level 1:colcon.colcon_core.environment:checking '/home/willi/battle_ws/install/fire_platform' for CMake module files
[31.419s] Level 1:colcon.colcon_core.environment:checking '/home/willi/battle_ws/install/fire_platform' for CMake config files
[31.424s] Level 1:colcon.colcon_core.environment:checking '/home/willi/battle_ws/install/fire_platform/lib'
[31.424s] Level 1:colcon.colcon_core.environment:checking '/home/willi/battle_ws/install/fire_platform/bin'
[31.424s] Level 1:colcon.colcon_core.environment:checking '/home/willi/battle_ws/install/fire_platform/lib/pkgconfig/fire_platform.pc'
[31.425s] Level 1:colcon.colcon_core.environment:checking '/home/willi/battle_ws/install/fire_platform/lib/python3.10/site-packages'
[31.425s] Level 1:colcon.colcon_core.shell:create_environment_hook('fire_platform', 'pythonpath')
[31.430s] INFO:colcon.colcon_core.shell:Creating environment hook '/home/willi/battle_ws/install/fire_platform/share/fire_platform/hook/pythonpath.ps1'
[31.438s] INFO:colcon.colcon_core.shell:Creating environment descriptor '/home/willi/battle_ws/install/fire_platform/share/fire_platform/hook/pythonpath.dsv'
[31.439s] INFO:colcon.colcon_core.shell:Creating environment hook '/home/willi/battle_ws/install/fire_platform/share/fire_platform/hook/pythonpath.sh'
[31.444s] Level 1:colcon.colcon_core.environment:checking '/home/willi/battle_ws/install/fire_platform/bin'
[31.445s] Level 1:colcon.colcon_core.environment:create_environment_scripts_only(fire_platform)
[31.449s] INFO:colcon.colcon_core.shell:Creating package script '/home/willi/battle_ws/install/fire_platform/share/fire_platform/package.ps1'
[31.454s] INFO:colcon.colcon_core.shell:Creating package descriptor '/home/willi/battle_ws/install/fire_platform/share/fire_platform/package.dsv'
[31.456s] INFO:colcon.colcon_core.shell:Creating package script '/home/willi/battle_ws/install/fire_platform/share/fire_platform/package.sh'
[31.472s] INFO:colcon.colcon_core.shell:Creating package script '/home/willi/battle_ws/install/fire_platform/share/fire_platform/package.bash'
[31.473s] INFO:colcon.colcon_core.shell:Creating package script '/home/willi/battle_ws/install/fire_platform/share/fire_platform/package.zsh'
[31.476s] Level 1:colcon.colcon_core.environment:create_file_with_runtime_dependencies(/home/willi/battle_ws/install/fire_platform/share/colcon-core/packages/fire_platform)
[31.484s] INFO:colcon.colcon_ros.task.ament_python.build:Building ROS package in '/home/willi/battle_ws/src/scan_platform' with build type 'ament_python'
[31.484s] Level 1:colcon.colcon_core.shell:create_environment_hook('scan_platform', 'ament_prefix_path')
[31.486s] INFO:colcon.colcon_core.shell:Creating environment hook '/home/willi/battle_ws/install/scan_platform/share/scan_platform/hook/ament_prefix_path.ps1'
[31.489s] INFO:colcon.colcon_core.shell:Creating environment descriptor '/home/willi/battle_ws/install/scan_platform/share/scan_platform/hook/ament_prefix_path.dsv'
[31.490s] INFO:colcon.colcon_core.shell:Creating environment hook '/home/willi/battle_ws/install/scan_platform/share/scan_platform/hook/ament_prefix_path.sh'
[31.497s] INFO:colcon.colcon_core.shell:Skip shell extension 'powershell' for command environment: Not usable outside of PowerShell
[31.497s] DEBUG:colcon.colcon_core.shell:Skip shell extension 'dsv' for command environment
[33.132s] INFO:colcon.colcon_core.task.python.build:Building Python package in '/home/willi/battle_ws/src/scan_platform'
[33.133s] INFO:colcon.colcon_core.shell:Skip shell extension 'powershell' for command environment: Not usable outside of PowerShell
[33.133s] DEBUG:colcon.colcon_core.shell:Skip shell extension 'dsv' for command environment
[33.150s] Level 1:colcon.colcon_core.shell:create_environment_hook('command_center', 'pythonpath_develop')
[33.151s] INFO:colcon.colcon_core.shell:Creating environment hook '/home/willi/battle_ws/build/command_center/share/command_center/hook/pythonpath_develop.ps1'
[33.153s] INFO:colcon.colcon_core.shell:Creating environment descriptor '/home/willi/battle_ws/build/command_center/share/command_center/hook/pythonpath_develop.dsv'
[33.152s] DEBUG:colcon.colcon_core.event_handler.log_command:Invoked command in '/home/willi/battle_ws/build/command_center' returned '0': PYTHONPATH=/home/willi/battle_ws/build/command_center/prefix_override:/usr/lib/python3/dist-packages/colcon_core/task/python/colcon_distutils_commands:/home/willi/battle_ws/install/command_center/lib/python3.10/site-packages:${PYTHONPATH} /usr/bin/python3 -W ignore:setup.py install is deprecated -W ignore:easy_install command is deprecated setup.py develop --editable --build-directory /home/willi/battle_ws/build/command_center/build --no-deps symlink_data
[33.154s] INFO:colcon.colcon_core.shell:Creating environment hook '/home/willi/battle_ws/build/command_center/share/command_center/hook/pythonpath_develop.sh'
[33.155s] Level 1:colcon.colcon_core.environment:checking '/home/willi/battle_ws/install/command_center' for CMake module files
[33.156s] Level 1:colcon.colcon_core.environment:checking '/home/willi/battle_ws/install/command_center' for CMake config files
[33.157s] Level 1:colcon.colcon_core.environment:checking '/home/willi/battle_ws/install/command_center/lib'
[33.157s] Level 1:colcon.colcon_core.environment:checking '/home/willi/battle_ws/install/command_center/bin'
[33.157s] Level 1:colcon.colcon_core.environment:checking '/home/willi/battle_ws/install/command_center/lib/pkgconfig/command_center.pc'
[33.158s] Level 1:colcon.colcon_core.environment:checking '/home/willi/battle_ws/install/command_center/lib/python3.10/site-packages'
[33.158s] Level 1:colcon.colcon_core.shell:create_environment_hook('command_center', 'pythonpath')
[33.158s] INFO:colcon.colcon_core.shell:Creating environment hook '/home/willi/battle_ws/install/command_center/share/command_center/hook/pythonpath.ps1'
[33.159s] INFO:colcon.colcon_core.shell:Creating environment descriptor '/home/willi/battle_ws/install/command_center/share/command_center/hook/pythonpath.dsv'
[33.159s] INFO:colcon.colcon_core.shell:Creating environment hook '/home/willi/battle_ws/install/command_center/share/command_center/hook/pythonpath.sh'
[33.162s] Level 1:colcon.colcon_core.environment:checking '/home/willi/battle_ws/install/command_center/bin'
[33.162s] Level 1:colcon.colcon_core.environment:create_environment_scripts_only(command_center)
[33.164s] INFO:colcon.colcon_core.shell:Creating package script '/home/willi/battle_ws/install/command_center/share/command_center/package.ps1'
[33.165s] INFO:colcon.colcon_core.shell:Creating package descriptor '/home/willi/battle_ws/install/command_center/share/command_center/package.dsv'
[33.167s] INFO:colcon.colcon_core.shell:Creating package script '/home/willi/battle_ws/install/command_center/share/command_center/package.sh'
[33.168s] INFO:colcon.colcon_core.shell:Creating package script '/home/willi/battle_ws/install/command_center/share/command_center/package.bash'
[33.169s] INFO:colcon.colcon_core.shell:Creating package script '/home/willi/battle_ws/install/command_center/share/command_center/package.zsh'
[33.170s] Level 1:colcon.colcon_core.environment:create_file_with_runtime_dependencies(/home/willi/battle_ws/install/command_center/share/colcon-core/packages/command_center)
[33.173s] Level 1:colcon.colcon_core.shell:create_environment_hook('fire_platform_3', 'pythonpath_develop')
[33.174s] INFO:colcon.colcon_core.shell:Creating environment hook '/home/willi/battle_ws/build/fire_platform_3/share/fire_platform_3/hook/pythonpath_develop.ps1'
[33.175s] INFO:colcon.colcon_core.shell:Creating environment descriptor '/home/willi/battle_ws/build/fire_platform_3/share/fire_platform_3/hook/pythonpath_develop.dsv'
[33.178s] DEBUG:colcon.colcon_core.event_handler.log_command:Invoked command in '/home/willi/battle_ws/build/fire_platform_3' returned '0': PYTHONPATH=/home/willi/battle_ws/build/fire_platform_3/prefix_override:/usr/lib/python3/dist-packages/colcon_core/task/python/colcon_distutils_commands:/home/willi/battle_ws/install/fire_platform_3/lib/python3.10/site-packages:${PYTHONPATH} /usr/bin/python3 -W ignore:setup.py install is deprecated -W ignore:easy_install command is deprecated setup.py develop --editable --build-directory /home/willi/battle_ws/build/fire_platform_3/build --no-deps symlink_data
[33.180s] INFO:colcon.colcon_core.shell:Creating environment hook '/home/willi/battle_ws/build/fire_platform_3/share/fire_platform_3/hook/pythonpath_develop.sh'
[33.184s] Level 1:colcon.colcon_core.environment:checking '/home/willi/battle_ws/install/fire_platform_3' for CMake module files
[33.190s] Level 1:colcon.colcon_core.environment:checking '/home/willi/battle_ws/install/fire_platform_3' for CMake config files
[33.191s] Level 1:colcon.colcon_core.environment:checking '/home/willi/battle_ws/install/fire_platform_3/lib'
[33.191s] Level 1:colcon.colcon_core.environment:checking '/home/willi/battle_ws/install/fire_platform_3/bin'
[33.191s] Level 1:colcon.colcon_core.environment:checking '/home/willi/battle_ws/install/fire_platform_3/lib/pkgconfig/fire_platform_3.pc'
[33.192s] Level 1:colcon.colcon_core.environment:checking '/home/willi/battle_ws/install/fire_platform_3/lib/python3.10/site-packages'
[33.192s] Level 1:colcon.colcon_core.shell:create_environment_hook('fire_platform_3', 'pythonpath')
[33.194s] INFO:colcon.colcon_core.shell:Creating environment hook '/home/willi/battle_ws/install/fire_platform_3/share/fire_platform_3/hook/pythonpath.ps1'
[33.198s] INFO:colcon.colcon_core.shell:Creating environment descriptor '/home/willi/battle_ws/install/fire_platform_3/share/fire_platform_3/hook/pythonpath.dsv'
[33.199s] INFO:colcon.colcon_core.shell:Creating environment hook '/home/willi/battle_ws/install/fire_platform_3/share/fire_platform_3/hook/pythonpath.sh'
[33.202s] Level 1:colcon.colcon_core.environment:checking '/home/willi/battle_ws/install/fire_platform_3/bin'
[33.203s] Level 1:colcon.colcon_core.environment:create_environment_scripts_only(fire_platform_3)
[33.205s] INFO:colcon.colcon_core.shell:Creating package script '/home/willi/battle_ws/install/fire_platform_3/share/fire_platform_3/package.ps1'
[33.206s] INFO:colcon.colcon_core.shell:Creating package descriptor '/home/willi/battle_ws/install/fire_platform_3/share/fire_platform_3/package.dsv'
[33.208s] INFO:colcon.colcon_core.shell:Creating package script '/home/willi/battle_ws/install/fire_platform_3/share/fire_platform_3/package.sh'
[33.210s] INFO:colcon.colcon_core.shell:Creating package script '/home/willi/battle_ws/install/fire_platform_3/share/fire_platform_3/package.bash'
[33.211s] INFO:colcon.colcon_core.shell:Creating package script '/home/willi/battle_ws/install/fire_platform_3/share/fire_platform_3/package.zsh'
[33.213s] Level 1:colcon.colcon_core.environment:create_file_with_runtime_dependencies(/home/willi/battle_ws/install/fire_platform_3/share/colcon-core/packages/fire_platform_3)
[33.506s] Level 1:colcon.colcon_core.shell:create_environment_hook('fire_tracker', 'pythonpath_develop')
[33.507s] DEBUG:colcon.colcon_core.event_handler.log_command:Invoked command in '/home/willi/battle_ws/build/fire_tracker' returned '0': PYTHONPATH=/home/willi/battle_ws/build/fire_tracker/prefix_override:/usr/lib/python3/dist-packages/colcon_core/task/python/colcon_distutils_commands:/home/willi/battle_ws/install/fire_tracker/lib/python3.10/site-packages:${PYTHONPATH} /usr/bin/python3 -W ignore:setup.py install is deprecated -W ignore:easy_install command is deprecated setup.py develop --editable --build-directory /home/willi/battle_ws/build/fire_tracker/build --no-deps symlink_data
[33.508s] INFO:colcon.colcon_core.shell:Creating environment hook '/home/willi/battle_ws/build/fire_tracker/share/fire_tracker/hook/pythonpath_develop.ps1'
[33.510s] INFO:colcon.colcon_core.shell:Creating environment descriptor '/home/willi/battle_ws/build/fire_tracker/share/fire_tracker/hook/pythonpath_develop.dsv'
[33.512s] INFO:colcon.colcon_core.shell:Creating environment hook '/home/willi/battle_ws/build/fire_tracker/share/fire_tracker/hook/pythonpath_develop.sh'
[33.514s] Level 1:colcon.colcon_core.environment:checking '/home/willi/battle_ws/install/fire_tracker' for CMake module files
[33.516s] Level 1:colcon.colcon_core.environment:checking '/home/willi/battle_ws/install/fire_tracker' for CMake config files
[33.517s] Level 1:colcon.colcon_core.environment:checking '/home/willi/battle_ws/install/fire_tracker/lib'
[33.518s] Level 1:colcon.colcon_core.environment:checking '/home/willi/battle_ws/install/fire_tracker/bin'
[33.518s] Level 1:colcon.colcon_core.environment:checking '/home/willi/battle_ws/install/fire_tracker/lib/pkgconfig/fire_tracker.pc'
[33.519s] Level 1:colcon.colcon_core.environment:checking '/home/willi/battle_ws/install/fire_tracker/lib/python3.10/site-packages'
[33.519s] Level 1:colcon.colcon_core.shell:create_environment_hook('fire_tracker', 'pythonpath')
[33.520s] INFO:colcon.colcon_core.shell:Creating environment hook '/home/willi/battle_ws/install/fire_tracker/share/fire_tracker/hook/pythonpath.ps1'
[33.521s] INFO:colcon.colcon_core.shell:Creating environment descriptor '/home/willi/battle_ws/install/fire_tracker/share/fire_tracker/hook/pythonpath.dsv'
[33.525s] INFO:colcon.colcon_core.shell:Creating environment hook '/home/willi/battle_ws/install/fire_tracker/share/fire_tracker/hook/pythonpath.sh'
[33.527s] Level 1:colcon.colcon_core.environment:checking '/home/willi/battle_ws/install/fire_tracker/bin'
[33.527s] Level 1:colcon.colcon_core.environment:create_environment_scripts_only(fire_tracker)
[33.528s] INFO:colcon.colcon_core.shell:Creating package script '/home/willi/battle_ws/install/fire_tracker/share/fire_tracker/package.ps1'
[33.531s] INFO:colcon.colcon_core.shell:Creating package descriptor '/home/willi/battle_ws/install/fire_tracker/share/fire_tracker/package.dsv'
[33.533s] INFO:colcon.colcon_core.shell:Creating package script '/home/willi/battle_ws/install/fire_tracker/share/fire_tracker/package.sh'
[33.534s] INFO:colcon.colcon_core.shell:Creating package script '/home/willi/battle_ws/install/fire_tracker/share/fire_tracker/package.bash'
[33.535s] INFO:colcon.colcon_core.shell:Creating package script '/home/willi/battle_ws/install/fire_tracker/share/fire_tracker/package.zsh'
[33.536s] Level 1:colcon.colcon_core.environment:create_file_with_runtime_dependencies(/home/willi/battle_ws/install/fire_tracker/share/colcon-core/packages/fire_tracker)
[34.941s] DEBUG:colcon.colcon_core.event_handler.log_command:Invoking command in '/home/willi/battle_ws/build/scan_platform': PYTHONPATH=/home/willi/battle_ws/build/scan_platform/prefix_override:/usr/lib/python3/dist-packages/colcon_core/task/python/colcon_distutils_commands:/home/willi/battle_ws/install/scan_platform/lib/python3.10/site-packages:${PYTHONPATH} /usr/bin/python3 -W ignore:setup.py install is deprecated -W ignore:easy_install command is deprecated setup.py develop --editable --build-directory /home/willi/battle_ws/build/scan_platform/build --no-deps symlink_data
[37.137s] Level 1:colcon.colcon_core.shell:create_environment_hook('scan_platform', 'pythonpath_develop')
[37.138s] INFO:colcon.colcon_core.shell:Creating environment hook '/home/willi/battle_ws/build/scan_platform/share/scan_platform/hook/pythonpath_develop.ps1'
[37.140s] DEBUG:colcon.colcon_core.event_handler.log_command:Invoked command in '/home/willi/battle_ws/build/scan_platform' returned '0': PYTHONPATH=/home/willi/battle_ws/build/scan_platform/prefix_override:/usr/lib/python3/dist-packages/colcon_core/task/python/colcon_distutils_commands:/home/willi/battle_ws/install/scan_platform/lib/python3.10/site-packages:${PYTHONPATH} /usr/bin/python3 -W ignore:setup.py install is deprecated -W ignore:easy_install command is deprecated setup.py develop --editable --build-directory /home/willi/battle_ws/build/scan_platform/build --no-deps symlink_data
[37.142s] INFO:colcon.colcon_core.shell:Creating environment descriptor '/home/willi/battle_ws/build/scan_platform/share/scan_platform/hook/pythonpath_develop.dsv'
[37.143s] INFO:colcon.colcon_core.shell:Creating environment hook '/home/willi/battle_ws/build/scan_platform/share/scan_platform/hook/pythonpath_develop.sh'
[37.148s] Level 1:colcon.colcon_core.environment:checking '/home/willi/battle_ws/install/scan_platform' for CMake module files
[37.149s] Level 1:colcon.colcon_core.environment:checking '/home/willi/battle_ws/install/scan_platform' for CMake config files
[37.152s] Level 1:colcon.colcon_core.environment:checking '/home/willi/battle_ws/install/scan_platform/lib'
[37.152s] Level 1:colcon.colcon_core.environment:checking '/home/willi/battle_ws/install/scan_platform/bin'
[37.152s] Level 1:colcon.colcon_core.environment:checking '/home/willi/battle_ws/install/scan_platform/lib/pkgconfig/scan_platform.pc'
[37.153s] Level 1:colcon.colcon_core.environment:checking '/home/willi/battle_ws/install/scan_platform/lib/python3.10/site-packages'
[37.153s] Level 1:colcon.colcon_core.shell:create_environment_hook('scan_platform', 'pythonpath')
[37.154s] INFO:colcon.colcon_core.shell:Creating environment hook '/home/willi/battle_ws/install/scan_platform/share/scan_platform/hook/pythonpath.ps1'
[37.155s] INFO:colcon.colcon_core.shell:Creating environment descriptor '/home/willi/battle_ws/install/scan_platform/share/scan_platform/hook/pythonpath.dsv'
[37.156s] INFO:colcon.colcon_core.shell:Creating environment hook '/home/willi/battle_ws/install/scan_platform/share/scan_platform/hook/pythonpath.sh'
[37.161s] Level 1:colcon.colcon_core.environment:checking '/home/willi/battle_ws/install/scan_platform/bin'
[37.161s] Level 1:colcon.colcon_core.environment:create_environment_scripts_only(scan_platform)
[37.163s] INFO:colcon.colcon_core.shell:Creating package script '/home/willi/battle_ws/install/scan_platform/share/scan_platform/package.ps1'
[37.166s] INFO:colcon.colcon_core.shell:Creating package descriptor '/home/willi/battle_ws/install/scan_platform/share/scan_platform/package.dsv'
[37.168s] INFO:colcon.colcon_core.shell:Creating package script '/home/willi/battle_ws/install/scan_platform/share/scan_platform/package.sh'
[37.172s] INFO:colcon.colcon_core.shell:Creating package script '/home/willi/battle_ws/install/scan_platform/share/scan_platform/package.bash'
[37.174s] INFO:colcon.colcon_core.shell:Creating package script '/home/willi/battle_ws/install/scan_platform/share/scan_platform/package.zsh'
[37.175s] Level 1:colcon.colcon_core.environment:create_file_with_runtime_dependencies(/home/willi/battle_ws/install/scan_platform/share/colcon-core/packages/scan_platform)
[37.177s] DEBUG:colcon.colcon_parallel_executor.executor.parallel:closing loop
[37.178s] DEBUG:colcon.colcon_parallel_executor.executor.parallel:loop closed
[37.178s] DEBUG:colcon.colcon_parallel_executor.executor.parallel:run_until_complete finished with '0'
[37.179s] DEBUG:colcon.colcon_core.event_reactor:joining thread
[37.199s] INFO:colcon.colcon_core.plugin_system:Skipping extension 'colcon_notification.desktop_notification.terminal_notifier': Not used on non-Darwin systems
[37.199s] INFO:colcon.colcon_core.plugin_system:Skipping extension 'colcon_notification.desktop_notification.win32': Not used on non-Windows systems
[37.199s] INFO:colcon.colcon_notification.desktop_notification:Sending desktop notification using 'notify2'
[37.337s] DEBUG:colcon.colcon_core.event_reactor:joined thread
[37.337s] INFO:colcon.colcon_core.shell:Creating prefix script '/home/willi/battle_ws/install/local_setup.ps1'
[37.342s] INFO:colcon.colcon_core.shell:Creating prefix util module '/home/willi/battle_ws/install/_local_setup_util_ps1.py'
[37.350s] INFO:colcon.colcon_core.shell:Creating prefix chain script '/home/willi/battle_ws/install/setup.ps1'
[37.355s] INFO:colcon.colcon_core.shell:Creating prefix script '/home/willi/battle_ws/install/local_setup.sh'
[37.357s] INFO:colcon.colcon_core.shell:Creating prefix util module '/home/willi/battle_ws/install/_local_setup_util_sh.py'
[37.359s] INFO:colcon.colcon_core.shell:Creating prefix chain script '/home/willi/battle_ws/install/setup.sh'
[37.364s] INFO:colcon.colcon_core.shell:Creating prefix script '/home/willi/battle_ws/install/local_setup.bash'
[37.368s] INFO:colcon.colcon_core.shell:Creating prefix chain script '/home/willi/battle_ws/install/setup.bash'
[37.371s] INFO:colcon.colcon_core.shell:Creating prefix script '/home/willi/battle_ws/install/local_setup.zsh'
[37.375s] INFO:colcon.colcon_core.shell:Creating prefix chain script '/home/willi/battle_ws/install/setup.zsh'
