running develop
running egg_info
creating fire_platform_3.egg-info
writing fire_platform_3.egg-info/PKG-INFO
writing dependency_links to fire_platform_3.egg-info/dependency_links.txt
writing entry points to fire_platform_3.egg-info/entry_points.txt
writing requirements to fire_platform_3.egg-info/requires.txt
writing top-level names to fire_platform_3.egg-info/top_level.txt
writing manifest file 'fire_platform_3.egg-info/SOURCES.txt'
reading manifest file 'fire_platform_3.egg-info/SOURCES.txt'
writing manifest file 'fire_platform_3.egg-info/SOURCES.txt'
running build_ext
Creating /home/willi/battle_ws/install/fire_platform_3/lib/python3.10/site-packages/fire-platform-3.egg-link (link to .)
Installing fire_node_3 script to /home/willi/battle_ws/install/fire_platform_3/lib/fire_platform_3

Installed /home/willi/battle_ws/build/fire_platform_3
running symlink_data
creating /home/willi/battle_ws/install/fire_platform_3/share/ament_index
creating /home/willi/battle_ws/install/fire_platform_3/share/ament_index/resource_index
creating /home/willi/battle_ws/install/fire_platform_3/share/ament_index/resource_index/packages
symbolically linking /home/willi/battle_ws/build/fire_platform_3/resource/fire_platform_3 -> /home/willi/battle_ws/install/fire_platform_3/share/ament_index/resource_index/packages
symbolically linking /home/willi/battle_ws/build/fire_platform_3/package.xml -> /home/willi/battle_ws/install/fire_platform_3/share/fire_platform_3
