[6.050s] Invoking command in '/home/willi/battle_ws/build/fire_platform_3': PYTHONPATH=/home/willi/battle_ws/build/fire_platform_3/prefix_override:/usr/lib/python3/dist-packages/colcon_core/task/python/colcon_distutils_commands:/home/willi/battle_ws/install/fire_platform_3/lib/python3.10/site-packages:${PYTHONPATH} /usr/bin/python3 -W ignore:setup.py install is deprecated -W ignore:easy_install command is deprecated setup.py develop --editable --build-directory /home/willi/battle_ws/build/fire_platform_3/build --no-deps symlink_data
[9.440s] running develop
[11.452s] running egg_info
[11.453s] creating fire_platform_3.egg-info
[11.610s] writing fire_platform_3.egg-info/PKG-INFO
[11.614s] writing dependency_links to fire_platform_3.egg-info/dependency_links.txt
[11.614s] writing entry points to fire_platform_3.egg-info/entry_points.txt
[11.617s] writing requirements to fire_platform_3.egg-info/requires.txt
[11.618s] writing top-level names to fire_platform_3.egg-info/top_level.txt
[11.618s] writing manifest file 'fire_platform_3.egg-info/SOURCES.txt'
[11.988s] reading manifest file 'fire_platform_3.egg-info/SOURCES.txt'
[11.992s] writing manifest file 'fire_platform_3.egg-info/SOURCES.txt'
[12.201s] running build_ext
[12.206s] Creating /home/willi/battle_ws/install/fire_platform_3/lib/python3.10/site-packages/fire-platform-3.egg-link (link to .)
[12.209s] Installing fire_node_3 script to /home/willi/battle_ws/install/fire_platform_3/lib/fire_platform_3
[12.217s] 
[12.217s] Installed /home/willi/battle_ws/build/fire_platform_3
[12.218s] running symlink_data
[12.224s] creating /home/willi/battle_ws/install/fire_platform_3/share/ament_index
[12.225s] creating /home/willi/battle_ws/install/fire_platform_3/share/ament_index/resource_index
[12.225s] creating /home/willi/battle_ws/install/fire_platform_3/share/ament_index/resource_index/packages
[12.228s] symbolically linking /home/willi/battle_ws/build/fire_platform_3/resource/fire_platform_3 -> /home/willi/battle_ws/install/fire_platform_3/share/ament_index/resource_index/packages
[12.236s] symbolically linking /home/willi/battle_ws/build/fire_platform_3/package.xml -> /home/willi/battle_ws/install/fire_platform_3/share/fire_platform_3
[12.889s] Invoked command in '/home/willi/battle_ws/build/fire_platform_3' returned '0': PYTHONPATH=/home/willi/battle_ws/build/fire_platform_3/prefix_override:/usr/lib/python3/dist-packages/colcon_core/task/python/colcon_distutils_commands:/home/willi/battle_ws/install/fire_platform_3/lib/python3.10/site-packages:${PYTHONPATH} /usr/bin/python3 -W ignore:setup.py install is deprecated -W ignore:easy_install command is deprecated setup.py develop --editable --build-directory /home/willi/battle_ws/build/fire_platform_3/build --no-deps symlink_data
