[2.126s] Invoking command in '/home/willi/battle_ws/build/scan_platform': AMENT_PREFIX_PATH=/home/willi/battle_ws/install/battle_interfaces:${AMENT_PREFIX_PATH} CMAKE_PREFIX_PATH=/home/willi/battle_ws/install/battle_interfaces LD_LIBRARY_PATH=/home/willi/battle_ws/install/battle_interfaces/lib:${LD_LIBRARY_PATH} PYTHONPATH=/home/willi/battle_ws/build/scan_platform/prefix_override:/home/willi/battle_ws/.ci-test-env/lib/python3.10/site-packages/colcon_core/task/python/colcon_distutils_commands:/home/willi/battle_ws/install/scan_platform/lib/python3.10/site-packages:/home/willi/battle_ws/install/battle_interfaces/lib/python3.10/site-packages:${PYTHONPATH} VIRTUAL_ENV_PROMPT=(.ci-test-env) /home/willi/battle_ws/.ci-test-env/bin/python3 -W ignore:setup.py install is deprecated -W ignore:easy_install command is deprecated setup.py develop --editable --build-directory /home/willi/battle_ws/build/scan_platform/build --no-deps symlink_data
[2.853s] running develop
[3.126s] running egg_info
[3.127s] creating scan_platform.egg-info
[3.127s] writing scan_platform.egg-info/PKG-INFO
[3.129s] writing dependency_links to scan_platform.egg-info/dependency_links.txt
[3.130s] writing entry points to scan_platform.egg-info/entry_points.txt
[3.130s] writing requirements to scan_platform.egg-info/requires.txt
[3.130s] writing top-level names to scan_platform.egg-info/top_level.txt
[3.134s] writing manifest file 'scan_platform.egg-info/SOURCES.txt'
[3.134s] reading manifest file 'scan_platform.egg-info/SOURCES.txt'
[3.135s] writing manifest file 'scan_platform.egg-info/SOURCES.txt'
[3.141s] running build_ext
[3.141s] Creating /home/willi/battle_ws/install/scan_platform/lib/python3.10/site-packages/scan-platform.egg-link (link to .)
[3.143s] Installing scanner_node script to /home/willi/battle_ws/install/scan_platform/lib/scan_platform
[3.143s] 
[3.144s] Installed /home/willi/battle_ws/build/scan_platform
[3.144s] running symlink_data
[3.148s] creating /home/willi/battle_ws/install/scan_platform/share/ament_index
[3.148s] creating /home/willi/battle_ws/install/scan_platform/share/ament_index/resource_index
[3.148s] creating /home/willi/battle_ws/install/scan_platform/share/ament_index/resource_index/packages
[3.148s] symbolically linking /home/willi/battle_ws/build/scan_platform/resource/scan_platform -> /home/willi/battle_ws/install/scan_platform/share/ament_index/resource_index/packages
[3.148s] symbolically linking /home/willi/battle_ws/build/scan_platform/package.xml -> /home/willi/battle_ws/install/scan_platform/share/scan_platform
[3.232s] Invoked command in '/home/willi/battle_ws/build/scan_platform' returned '0': AMENT_PREFIX_PATH=/home/willi/battle_ws/install/battle_interfaces:${AMENT_PREFIX_PATH} CMAKE_PREFIX_PATH=/home/willi/battle_ws/install/battle_interfaces LD_LIBRARY_PATH=/home/willi/battle_ws/install/battle_interfaces/lib:${LD_LIBRARY_PATH} PYTHONPATH=/home/willi/battle_ws/build/scan_platform/prefix_override:/home/willi/battle_ws/.ci-test-env/lib/python3.10/site-packages/colcon_core/task/python/colcon_distutils_commands:/home/willi/battle_ws/install/scan_platform/lib/python3.10/site-packages:/home/willi/battle_ws/install/battle_interfaces/lib/python3.10/site-packages:${PYTHONPATH} VIRTUAL_ENV_PROMPT=(.ci-test-env) /home/willi/battle_ws/.ci-test-env/bin/python3 -W ignore:setup.py install is deprecated -W ignore:easy_install command is deprecated setup.py develop --editable --build-directory /home/willi/battle_ws/build/scan_platform/build --no-deps symlink_data
