running develop
running egg_info
creating fire_platform.egg-info
writing fire_platform.egg-info/PKG-INFO
writing dependency_links to fire_platform.egg-info/dependency_links.txt
writing entry points to fire_platform.egg-info/entry_points.txt
writing requirements to fire_platform.egg-info/requires.txt
writing top-level names to fire_platform.egg-info/top_level.txt
writing manifest file 'fire_platform.egg-info/SOURCES.txt'
reading manifest file 'fire_platform.egg-info/SOURCES.txt'
writing manifest file 'fire_platform.egg-info/SOURCES.txt'
running build_ext
Creating /home/willi/battle_ws/install/fire_platform/lib/python3.10/site-packages/fire-platform.egg-link (link to .)
Installing fire_node script to /home/willi/battle_ws/install/fire_platform/lib/fire_platform

Installed /home/willi/battle_ws/build/fire_platform
running symlink_data
creating /home/willi/battle_ws/install/fire_platform/share/ament_index
creating /home/willi/battle_ws/install/fire_platform/share/ament_index/resource_index
creating /home/willi/battle_ws/install/fire_platform/share/ament_index/resource_index/packages
symbolically linking /home/willi/battle_ws/build/fire_platform/resource/fire_platform -> /home/willi/battle_ws/install/fire_platform/share/ament_index/resource_index/packages
symbolically linking /home/willi/battle_ws/build/fire_platform/package.xml -> /home/willi/battle_ws/install/fire_platform/share/fire_platform
