[7.508s] Invoking command in '/home/willi/battle_ws/build/fire_platform': PYTHONPATH=/home/willi/battle_ws/build/fire_platform/prefix_override:/usr/lib/python3/dist-packages/colcon_core/task/python/colcon_distutils_commands:/home/willi/battle_ws/install/fire_platform/lib/python3.10/site-packages:${PYTHONPATH} /usr/bin/python3 -W ignore:setup.py install is deprecated -W ignore:easy_install command is deprecated setup.py develop --editable --build-directory /home/willi/battle_ws/build/fire_platform/build --no-deps symlink_data
[9.022s] running develop
[10.689s] running egg_info
[10.690s] creating fire_platform.egg-info
[10.745s] writing fire_platform.egg-info/PKG-INFO
[10.746s] writing dependency_links to fire_platform.egg-info/dependency_links.txt
[10.748s] writing entry points to fire_platform.egg-info/entry_points.txt
[10.748s] writing requirements to fire_platform.egg-info/requires.txt
[10.749s] writing top-level names to fire_platform.egg-info/top_level.txt
[10.749s] writing manifest file 'fire_platform.egg-info/SOURCES.txt'
[10.863s] reading manifest file 'fire_platform.egg-info/SOURCES.txt'
[10.865s] writing manifest file 'fire_platform.egg-info/SOURCES.txt'
[10.932s] running build_ext
[10.933s] Creating /home/willi/battle_ws/install/fire_platform/lib/python3.10/site-packages/fire-platform.egg-link (link to .)
[10.942s] Installing fire_node script to /home/willi/battle_ws/install/fire_platform/lib/fire_platform
[10.942s] 
[10.943s] Installed /home/willi/battle_ws/build/fire_platform
[10.943s] running symlink_data
[10.943s] creating /home/willi/battle_ws/install/fire_platform/share/ament_index
[10.943s] creating /home/willi/battle_ws/install/fire_platform/share/ament_index/resource_index
[10.944s] creating /home/willi/battle_ws/install/fire_platform/share/ament_index/resource_index/packages
[10.944s] symbolically linking /home/willi/battle_ws/build/fire_platform/resource/fire_platform -> /home/willi/battle_ws/install/fire_platform/share/ament_index/resource_index/packages
[10.944s] symbolically linking /home/willi/battle_ws/build/fire_platform/package.xml -> /home/willi/battle_ws/install/fire_platform/share/fire_platform
[11.135s] Invoked command in '/home/willi/battle_ws/build/fire_platform' returned '0': PYTHONPATH=/home/willi/battle_ws/build/fire_platform/prefix_override:/usr/lib/python3/dist-packages/colcon_core/task/python/colcon_distutils_commands:/home/willi/battle_ws/install/fire_platform/lib/python3.10/site-packages:${PYTHONPATH} /usr/bin/python3 -W ignore:setup.py install is deprecated -W ignore:easy_install command is deprecated setup.py develop --editable --build-directory /home/willi/battle_ws/build/fire_platform/build --no-deps symlink_data
