/home/willi/battle_ws/install/fire_platform/lib/python3.10/site-packages/fire_platform/__init__.py
/home/willi/battle_ws/install/fire_platform/lib/python3.10/site-packages/fire_platform/fire_node.py
/home/willi/battle_ws/install/fire_platform/lib/python3.10/site-packages/test/__init__.py
/home/willi/battle_ws/install/fire_platform/lib/python3.10/site-packages/test/test_tf_target.py
/home/willi/battle_ws/install/fire_platform/lib/python3.10/site-packages/fire_platform/__pycache__/__init__.cpython-310.pyc
/home/willi/battle_ws/install/fire_platform/lib/python3.10/site-packages/fire_platform/__pycache__/fire_node.cpython-310.pyc
/home/willi/battle_ws/install/fire_platform/lib/python3.10/site-packages/test/__pycache__/__init__.cpython-310.pyc
/home/willi/battle_ws/install/fire_platform/lib/python3.10/site-packages/test/__pycache__/test_tf_target.cpython-310.pyc
/home/willi/battle_ws/install/fire_platform/share/ament_index/resource_index/packages/fire_platform
/home/willi/battle_ws/install/fire_platform/share/fire_platform/package.xml
/home/willi/battle_ws/install/fire_platform/share/fire_platform/launch/platform_tf.launch.py
/home/willi/battle_ws/install/fire_platform/share/fire_platform/urdf/fire_platform.urdf.xacro
/home/willi/battle_ws/install/fire_platform/lib/python3.10/site-packages/fire_platform-0.0.0-py3.10.egg-info/entry_points.txt
/home/willi/battle_ws/install/fire_platform/lib/python3.10/site-packages/fire_platform-0.0.0-py3.10.egg-info/SOURCES.txt
/home/willi/battle_ws/install/fire_platform/lib/python3.10/site-packages/fire_platform-0.0.0-py3.10.egg-info/top_level.txt
/home/willi/battle_ws/install/fire_platform/lib/python3.10/site-packages/fire_platform-0.0.0-py3.10.egg-info/requires.txt
/home/willi/battle_ws/install/fire_platform/lib/python3.10/site-packages/fire_platform-0.0.0-py3.10.egg-info/dependency_links.txt
/home/willi/battle_ws/install/fire_platform/lib/python3.10/site-packages/fire_platform-0.0.0-py3.10.egg-info/zip-safe
/home/willi/battle_ws/install/fire_platform/lib/python3.10/site-packages/fire_platform-0.0.0-py3.10.egg-info/PKG-INFO
/home/willi/battle_ws/install/fire_platform/lib/fire_platform/fire_node
/home/willi/battle_ws/install/fire_platform/lib/fire_platform/test_tf_target
